=== Attempting Kerberos authentication ===
Password for souval_g@WMGDS.WMG.WARWICK.AC.UK: 
kinit exit status: 0
Ticket cache: FILE:/tmp/krb5cc_1922617598
Default principal: souval_g@WMGDS.WMG.WARWICK.AC.UK

Valid starting     Expires            Service principal
05/29/26 21:39:29  05/30/26 07:39:29  krbtgt/WMGDS.WMG.WARWICK.AC.UK@WMGDS.WMG.WARWICK.AC.UK
	renew until 06/05/26 21:39:29
=== Starting Kerberos renewal loop ===
Kerberos renewal loop started (PID: 664731)
=== Triggering CIFS mount ===
=== Starting exp17 ===
Training command is /networkhome/WMGDS/souval_g/anaconda3/envs/mmdet12/bin/python3.10 /networkhome/WMGDS/souval_g/neuRAWns_mmdet/mmdetection/mmdet/.mim/tools/train.py configs/experiments/exp17_convpower.py --launcher none --work-dir /networkhome/WMGDS/souval_g/neuRAWns_mmdet/work_dirs/exp17 --cfg-options train_dataloader.dataset.data_root=/networkhome/WMGDS/souval_g/data/ROD/yolo/ val_dataloader.dataset.data_root=/networkhome/WMGDS/souval_g/data/ROD/yolo/ test_dataloader.dataset.data_root=/networkhome/WMGDS/souval_g/data/ROD/yolo/ val_evaluator.ann_file=/networkhome/WMGDS/souval_g/data/ROD/yolo/raw/json_raw_coco_mapped/val.json test_evaluator.ann_file=/networkhome/WMGDS/souval_g/data/ROD/yolo/raw/json_raw_coco_mapped/test.json load_from=/networkhome/WMGDS/souval_g/checkpoints_mmdet/rtmdet_s_8xb32-300e_coco_20220905_161602-387a891e.pth. 
Gina running this. =============================
05/29 21:39:43 - mmengine - INFO - 
------------------------------------------------------------
System environment:
    sys.platform: linux
    Python: 3.10.18 (main, Jun  5 2025, 13:14:17) [GCC 11.2.0]
    CUDA available: True
    MUSA available: False
    numpy_random_seed: 1583140560
    GPU 0: NVIDIA RTX PRO 6000 Blackwell Server Edition
    CUDA_HOME: /usr/local/cuda
    NVCC: Cuda compilation tools, release 13.1, V13.1.115
    GCC: gcc (Ubuntu 13.3.0-6ubuntu2~24.04.1) 13.3.0
    PyTorch: 2.11.0+cu128
    PyTorch compiling details: PyTorch built with:
  - GCC 13.3
  - C++ Version: 201703
  - Intel(R) oneAPI Math Kernel Library Version 2025.0-Product Build 20241009 for Intel(R) 64 architecture applications
  - Intel(R) MKL-DNN v3.10.2 (Git Hash f1d471933dc852f956fd05389f9313c7148783d5)
  - OpenMP 201511 (a.k.a. OpenMP 4.5)
  - LAPACK is enabled (usually provided by MKL)
  - NNPACK is enabled
  - CPU capability usage: AVX512
  - CUDA Runtime 12.8
  - NVCC architecture flags: -gencode;arch=compute_75,code=sm_75;-gencode;arch=compute_80,code=sm_80;-gencode;arch=compute_86,code=sm_86;-gencode;arch=compute_90,code=sm_90;-gencode;arch=compute_100,code=sm_100;-gencode;arch=compute_120,code=sm_120
  - CuDNN 91.9  (built against CUDA 12.9)
  - Magma 2.6.1
  - Build settings: BLAS_INFO=mkl, BUILD_TYPE=Release, COMMIT_SHA=70d99e998b4955e0049d13a98d77ae1b14db1f45, CUDA_VERSION=12.8, CUDNN_VERSION=9.19.0, CXX_COMPILER=/opt/rh/gcc-toolset-13/root/usr/bin/c++, CXX_FLAGS= -fvisibility-inlines-hidden -DUSE_PTHREADPOOL -DNDEBUG -DUSE_KINETO -DLIBKINETO_NOROCTRACER -DLIBKINETO_NOXPUPTI=ON -DUSE_FBGEMM -DUSE_MSLK -DUSE_PYTORCH_QNNPACK -DUSE_XNNPACK -DSYMBOLICATE_MOBILE_DEBUG_HANDLE -O2 -fPIC -DC10_NODEPRECATED -Wall -Wextra -Werror=return-type -Werror=non-virtual-dtor -Werror=range-loop-construct -Werror=bool-operation -Wnarrowing -Wno-missing-field-initializers -Wno-unknown-pragmas -Wno-unused-parameter -Wno-strict-overflow -Wno-strict-aliasing -Wno-stringop-overflow -Wsuggest-override -Wno-psabi -Wno-error=old-style-cast -faligned-new -Wno-maybe-uninitialized -fno-math-errno -fno-trapping-math -Werror=format -Wno-dangling-reference -Wno-error=dangling-reference -Wno-stringop-overflow, LAPACK_INFO=mkl, PERF_WITH_AVX=1, PERF_WITH_AVX2=1, TORCH_VERSION=2.11.0, USE_CUDA=ON, USE_CUDNN=ON, USE_CUSPARSELT=1, USE_GFLAGS=OFF, USE_GLOG=OFF, USE_GLOO=ON, USE_MKL=ON, USE_MKLDNN=ON, USE_MPI=OFF, USE_NCCL=1, USE_NNPACK=ON, USE_OPENMP=ON, USE_ROCM=OFF, USE_ROCM_KERNEL_ASSERT=OFF, USE_XCCL=OFF, USE_XPU=OFF, 

    TorchVision: 0.26.0+cu128
    OpenCV: 4.11.0
    MMEngine: 0.10.7

Runtime environment:
    cudnn_benchmark: False
    mp_cfg: {'mp_start_method': 'fork', 'opencv_num_threads': 0}
    dist_cfg: {'backend': 'nccl'}
    seed: 1583140560
    Distributed launcher: none
    Distributed training: False
    GPU number: 1
------------------------------------------------------------

05/29 21:39:44 - mmengine - INFO - Config:
auto_scale_lr = dict(base_batch_size=64, enable=True)
custom_hooks = [
    dict(
        check_updates=False,
        debug_mode=False,
        priority='VERY_HIGH',
        type='FreezeDetectorHook'),
    dict(
        min_delta=0.001,
        monitor='coco/bbox_mAP',
        patience=10,
        rule='greater',
        type='EarlyStoppingHook'),
    dict(
        experiment_name='exp17',
        save_dir='sample_images',
        save_preprocessed=True,
        save_raw=True,
        type='SaveBatchImagesHook'),
    dict(log_every_n_steps=50, type='PreprocessorMonitorHook'),
]
custom_imports = dict(
    allow_failed_imports=False,
    imports=[
        'modules.raw_preprocessors',
        'modules.wrappers',
        'modules.hooks',
        'datasets.pipelines',
    ])
data_root = '/home/souval_g_WMGDS.WMG.WARWICK.AC.UK/data/ROD/yolo/'
dataset_type = 'CocoDataset'
default_hooks = dict(
    checkpoint=dict(
        interval=1,
        max_keep_ckpts=2,
        rule='greater',
        save_best='coco/bbox_mAP',
        type='CheckpointHook'),
    logger=dict(interval=50, type='LoggerHook'),
    param_scheduler=dict(type='ParamSchedulerHook'),
    sampler_seed=dict(type='DistSamplerSeedHook'),
    timer=dict(type='IterTimerHook'),
    visualization=dict(type='DetVisualizationHook'))
default_scope = 'mmdet'
env_cfg = dict(
    cudnn_benchmark=False,
    dist_cfg=dict(backend='nccl'),
    mp_cfg=dict(mp_start_method='fork', opencv_num_threads=0))
exp_name = 'exp17'
launcher = 'none'
load_from = '/networkhome/WMGDS/souval_g/checkpoints_mmdet/rtmdet_s_8xb32-300e_coco_20220905_161602-387a891e.pth'
log_level = 'INFO'
log_processor = dict(by_epoch=True, type='LogProcessor', window_size=50)
model = dict(
    backbone=dict(
        act_cfg=dict(inplace=True, type='SiLU'),
        arch='P5',
        channel_attention=True,
        deepen_factor=0.33,
        expand_ratio=0.5,
        norm_cfg=dict(type='BN'),
        type='CSPNeXt',
        widen_factor=0.5),
    bbox_head=dict(
        act_cfg=dict(inplace=True, type='SiLU'),
        anchor_generator=dict(
            offset=0, strides=[
                8,
                16,
                32,
            ], type='MlvlPointGenerator'),
        bbox_coder=dict(type='DistancePointBBoxCoder'),
        exp_on_reg=False,
        feat_channels=128,
        in_channels=128,
        loss_bbox=dict(loss_weight=2.0, type='GIoULoss'),
        loss_cls=dict(
            beta=2.0,
            loss_weight=1.0,
            type='QualityFocalLoss',
            use_sigmoid=True),
        norm_cfg=dict(type='BN'),
        num_classes=80,
        pred_kernel_size=1,
        share_conv=True,
        stacked_convs=2,
        type='RTMDetSepBNHead',
        with_objectness=False),
    data_preprocessor=dict(
        batch_augments=None,
        bgr_to_rgb=True,
        mean=[
            103.53,
            116.28,
            123.675,
        ],
        pad_size_divisor=32,
        preprocessor_cfg=dict(
            in_channels=3, kernel_size=3, out_channels=3, type='ConvPower'),
        std=[
            57.375,
            57.12,
            58.395,
        ],
        type='RAWDetDataPreprocessor'),
    neck=dict(
        act_cfg=dict(inplace=True, type='SiLU'),
        expand_ratio=0.5,
        in_channels=[
            128,
            256,
            512,
        ],
        norm_cfg=dict(type='BN'),
        num_csp_blocks=1,
        out_channels=128,
        type='CSPNeXtPAFPN'),
    test_cfg=dict(
        max_per_img=300,
        min_bbox_size=0,
        nms=dict(iou_threshold=0.65, type='nms'),
        nms_pre=30000,
        score_thr=0.001),
    train_cfg=dict(
        allowed_border=-1,
        assigner=dict(topk=13, type='DynamicSoftLabelAssigner'),
        debug=False,
        pos_weight=-1),
    type='RTMDet')
optim_wrapper = dict(
    optimizer=dict(lr=0.001, type='AdamW', weight_decay=0.01),
    type='OptimWrapper')
param_scheduler = [
    dict(begin=0, by_epoch=False, end=500, start_factor=0.1, type='LinearLR'),
    dict(begin=0, by_epoch=True, end=100, type='CosineAnnealingLR'),
]
resume = False
test_cfg = dict(type='TestLoop')
test_dataloader = dict(
    batch_size=1,
    dataset=dict(
        ann_file='raw/json_raw_coco_mapped/test.json',
        data_prefix=dict(img='raw/images/test/'),
        data_root='/networkhome/WMGDS/souval_g/data/ROD/yolo/',
        pipeline=[
            dict(type='LoadRAWImageFromFile'),
            dict(type='NormaliseP99'),
            dict(out_channels=3, type='PackBayer'),
            dict(keep_ratio=True, scale=(
                1333,
                800,
            ), type='Resize'),
            dict(type='PackDetInputs'),
        ],
        type='CocoDataset'),
    drop_last=False,
    num_workers=2,
    persistent_workers=True,
    sampler=dict(shuffle=False, type='DefaultSampler'))
test_evaluator = dict(
    ann_file=
    '/networkhome/WMGDS/souval_g/data/ROD/yolo/raw/json_raw_coco_mapped/test.json',
    classwise=True,
    format_only=False,
    label_to_catid=dict({
        0: 1,
        1: 2,
        2: 3,
        6: 7,
        7: 8
    }),
    metric='bbox',
    type='CocoMetric')
test_pipeline = [
    dict(type='LoadRAWImageFromFile'),
    dict(type='NormaliseP99'),
    dict(out_channels=3, type='PackBayer'),
    dict(keep_ratio=True, scale=(
        1333,
        800,
    ), type='Resize'),
    dict(type='PackDetInputs'),
]
train_cfg = dict(max_epochs=100, type='EpochBasedTrainLoop', val_interval=1)
train_dataloader = dict(
    batch_size=4,
    dataset=dict(
        ann_file='raw/json_raw_coco_mapped/train.json',
        data_prefix=dict(img='raw/images/train/'),
        data_root='/networkhome/WMGDS/souval_g/data/ROD/yolo/',
        filter_cfg=dict(filter_empty_gt=True, min_size=32),
        pipeline=[
            dict(type='LoadRAWImageFromFile'),
            dict(type='NormaliseP99'),
            dict(out_channels=3, type='PackBayer'),
            dict(type='LoadAnnotations', with_bbox=True),
            dict(keep_ratio=True, scale=(
                1333,
                800,
            ), type='Resize'),
            dict(prob=0.5, type='RandomFlip'),
            dict(type='PackDetInputs'),
        ],
        type='CocoDataset'),
    num_workers=4,
    persistent_workers=True,
    sampler=dict(shuffle=True, type='DefaultSampler'))
train_pipeline = [
    dict(type='LoadRAWImageFromFile'),
    dict(type='NormaliseP99'),
    dict(out_channels=3, type='PackBayer'),
    dict(type='LoadAnnotations', with_bbox=True),
    dict(keep_ratio=True, scale=(
        1333,
        800,
    ), type='Resize'),
    dict(prob=0.5, type='RandomFlip'),
    dict(type='PackDetInputs'),
]
val_cfg = dict(type='ValLoop')
val_dataloader = dict(
    batch_size=1,
    dataset=dict(
        ann_file='raw/json_raw_coco_mapped/val.json',
        data_prefix=dict(img='raw/images/val/'),
        data_root='/networkhome/WMGDS/souval_g/data/ROD/yolo/',
        pipeline=[
            dict(type='LoadRAWImageFromFile'),
            dict(type='NormaliseP99'),
            dict(out_channels=3, type='PackBayer'),
            dict(keep_ratio=True, scale=(
                1333,
                800,
            ), type='Resize'),
            dict(type='PackDetInputs'),
        ],
        type='CocoDataset'),
    drop_last=False,
    num_workers=2,
    persistent_workers=True,
    sampler=dict(shuffle=False, type='DefaultSampler'))
val_evaluator = dict(
    ann_file=
    '/networkhome/WMGDS/souval_g/data/ROD/yolo/raw/json_raw_coco_mapped/val.json',
    classwise=True,
    format_only=False,
    label_to_catid=dict({
        0: 1,
        1: 2,
        2: 3,
        6: 7,
        7: 8
    }),
    metric='bbox',
    type='CocoMetric')
vis_backends = [
    dict(type='LocalVisBackend'),
    dict(
        init_kwargs=dict(
            config=dict(
                detector='RTMDet-S',
                detector_frozen=True,
                gamma_clamp='[0.13, 7.4]',
                gamma_init=2.2,
                gamma_learnable=True,
                in_channels=3,
                input='packed_3ch',
                kernel_size=3,
                preprocessor='ConvPower',
                tone_curve='x^(1/gamma)'),
            name='exp17',
            project='neuRAWns-mmdet-ROD-v2'),
        type='WandbVisBackend'),
]
visualizer = dict(
    name='visualizer',
    type='DetLocalVisualizer',
    vis_backends=[
        dict(type='LocalVisBackend'),
        dict(
            init_kwargs=dict(
                config=dict(
                    detector='RTMDet-S',
                    detector_frozen=True,
                    gamma_clamp='[0.13, 7.4]',
                    gamma_init=2.2,
                    gamma_learnable=True,
                    in_channels=3,
                    input='packed_3ch',
                    kernel_size=3,
                    preprocessor='ConvPower',
                    tone_curve='x^(1/gamma)'),
                name='exp17',
                project='neuRAWns-mmdet-ROD-v2'),
            type='WandbVisBackend'),
    ])
work_dir = '/networkhome/WMGDS/souval_g/neuRAWns_mmdet/work_dirs/exp17'

05/29 21:39:55 - mmengine - INFO - Distributed training is not used, all SyncBatchNorm (SyncBN) layers in the model will be automatically reverted to BatchNormXd layers if they are used.
05/29 21:39:55 - mmengine - INFO - Hooks will be executed in the following order:
before_run:
(VERY_HIGH   ) RuntimeInfoHook                    
(BELOW_NORMAL) LoggerHook                         
(LOWEST      ) EarlyStoppingHook                  
 -------------------- 
before_train:
(VERY_HIGH   ) RuntimeInfoHook                    
(VERY_HIGH   ) FreezeDetectorHook                 
(NORMAL      ) IterTimerHook                      
(VERY_LOW    ) CheckpointHook                     
 -------------------- 
before_train_epoch:
(VERY_HIGH   ) RuntimeInfoHook                    
(NORMAL      ) IterTimerHook                      
(NORMAL      ) DistSamplerSeedHook                
(NORMAL      ) SaveBatchImagesHook                
 -------------------- 
before_train_iter:
(VERY_HIGH   ) RuntimeInfoHook                    
(NORMAL      ) IterTimerHook                      
 -------------------- 
after_train_iter:
(VERY_HIGH   ) RuntimeInfoHook                    
(NORMAL      ) IterTimerHook                      
(NORMAL      ) SaveBatchImagesHook                
(NORMAL      ) PreprocessorMonitorHook            
(BELOW_NORMAL) LoggerHook                         
(LOW         ) ParamSchedulerHook                 
(VERY_LOW    ) CheckpointHook                     
 -------------------- 
after_train_epoch:
(VERY_HIGH   ) FreezeDetectorHook                 
(NORMAL      ) IterTimerHook                      
(LOW         ) ParamSchedulerHook                 
(VERY_LOW    ) CheckpointHook                     
 -------------------- 
before_val:
(VERY_HIGH   ) RuntimeInfoHook                    
 -------------------- 
before_val_epoch:
(NORMAL      ) IterTimerHook                      
 -------------------- 
before_val_iter:
(NORMAL      ) IterTimerHook                      
 -------------------- 
after_val_iter:
(NORMAL      ) IterTimerHook                      
(NORMAL      ) DetVisualizationHook               
(BELOW_NORMAL) LoggerHook                         
 -------------------- 
after_val_epoch:
(VERY_HIGH   ) RuntimeInfoHook                    
(NORMAL      ) IterTimerHook                      
(BELOW_NORMAL) LoggerHook                         
(LOW         ) ParamSchedulerHook                 
(VERY_LOW    ) CheckpointHook                     
(LOWEST      ) EarlyStoppingHook                  
 -------------------- 
after_val:
(VERY_HIGH   ) RuntimeInfoHook                    
 -------------------- 
after_train:
(VERY_HIGH   ) RuntimeInfoHook                    
(VERY_LOW    ) CheckpointHook                     
 -------------------- 
before_test:
(VERY_HIGH   ) RuntimeInfoHook                    
 -------------------- 
before_test_epoch:
(NORMAL      ) IterTimerHook                      
 -------------------- 
before_test_iter:
(NORMAL      ) IterTimerHook                      
 -------------------- 
after_test_iter:
(NORMAL      ) IterTimerHook                      
(NORMAL      ) DetVisualizationHook               
(BELOW_NORMAL) LoggerHook                         
 -------------------- 
after_test_epoch:
(VERY_HIGH   ) RuntimeInfoHook                    
(NORMAL      ) IterTimerHook                      
(BELOW_NORMAL) LoggerHook                         
 -------------------- 
after_test:
(VERY_HIGH   ) RuntimeInfoHook                    
 -------------------- 
after_run:
(BELOW_NORMAL) LoggerHook                         
 -------------------- 
loading annotations into memory...
Done (t=1.23s)
creating index...
index created!
AFTER load_data_list: 14061 items
AFTER filter_data: 14015 items
BEFORE serialize: 14015 items
05/29 21:39:58 - mmengine - INFO - LR is set based on batch size of 64 and the current batch size is 4. Scaling the original LR by 0.0625.
loading annotations into memory...
Done (t=0.09s)
creating index...
index created!
AFTER load_data_list: 4017 items
AFTER filter_data: 4017 items
BEFORE serialize: 4017 items
loading annotations into memory...
Done (t=0.09s)
creating index...
index created!
Loads checkpoint by local backend from path: /networkhome/WMGDS/souval_g/checkpoints_mmdet/rtmdet_s_8xb32-300e_coco_20220905_161602-387a891e.pth
The model and loaded state dict do not match exactly

unexpected key in source state_dict: data_preprocessor.mean, data_preprocessor.std

missing keys in source state_dict: data_preprocessor.raw_preprocessor.log_pow, data_preprocessor.raw_preprocessor.conv.weight, data_preprocessor.raw_preprocessor.conv.bias

05/29 21:39:59 - mmengine - INFO - Load checkpoint from /networkhome/WMGDS/souval_g/checkpoints_mmdet/rtmdet_s_8xb32-300e_coco_20220905_161602-387a891e.pth
05/29 21:39:59 - mmengine - INFO - 
============================================================
DETECTOR FREEZING COMPLETE
============================================================
Total:         8,887,011
Trainable:            87  (0.0010%)
Frozen:        8,886,924
============================================================

05/29 21:39:59 - mmengine - WARNING - "FileClient" will be deprecated in future. Please use io functions in https://mmengine.readthedocs.io/en/latest/api/fileio.html#file-io
05/29 21:39:59 - mmengine - WARNING - "HardDiskBackend" is the alias of "LocalBackend" and the former will be deprecated in future.
05/29 21:39:59 - mmengine - INFO - Checkpoints will be saved to /networkhome/WMGDS/souval_g/neuRAWns_mmdet/work_dirs/exp17.
05/29 21:40:06 - mmengine - INFO - Saved 4 images from epoch 1 to sample_images/exp17/epoch_1
05/29 21:40:26 - mmengine - INFO - Epoch(train)   [1][  50/3504]  lr: 1.1774e-05  eta: 2 days, 4:17:34  time: 0.5373  data_time: 0.1790  memory: 4719  loss: 10.5375  loss_cls: 9.4731  loss_bbox: 1.0643
05/29 21:40:47 - mmengine - INFO - Epoch(train)   [1][ 100/3504]  lr: 1.7410e-05  eta: 1 day, 22:20:44  time: 0.4152  data_time: 0.0990  memory: 4933  loss: 15.2836  loss_cls: 14.2676  loss_bbox: 1.0160
05/29 21:41:08 - mmengine - INFO - Epoch(train)   [1][ 150/3504]  lr: 2.3046e-05  eta: 1 day, 20:23:01  time: 0.4160  data_time: 0.1083  memory: 4821  loss: 15.4269  loss_cls: 14.4038  loss_bbox: 1.0231
05/29 21:41:29 - mmengine - INFO - Epoch(train)   [1][ 200/3504]  lr: 2.8682e-05  eta: 1 day, 19:31:51  time: 0.4214  data_time: 0.1015  memory: 4837  loss: 13.3763  loss_cls: 12.3357  loss_bbox: 1.0406
05/29 21:41:50 - mmengine - INFO - Epoch(train)   [1][ 250/3504]  lr: 3.4319e-05  eta: 1 day, 18:51:12  time: 0.4130  data_time: 0.1048  memory: 4713  loss: 15.3581  loss_cls: 14.3288  loss_bbox: 1.0292
05/29 21:42:10 - mmengine - INFO - Epoch(train)   [1][ 300/3504]  lr: 3.9955e-05  eta: 1 day, 18:25:50  time: 0.4149  data_time: 0.0994  memory: 4830  loss: 12.7772  loss_cls: 11.7506  loss_bbox: 1.0266
05/29 21:42:31 - mmengine - INFO - Epoch(train)   [1][ 350/3504]  lr: 4.5591e-05  eta: 1 day, 18:10:53  time: 0.4188  data_time: 0.0990  memory: 4660  loss: 10.2871  loss_cls: 9.2280  loss_bbox: 1.0591
05/29 21:42:52 - mmengine - INFO - Epoch(train)   [1][ 400/3504]  lr: 5.1227e-05  eta: 1 day, 17:52:26  time: 0.4090  data_time: 0.0982  memory: 4732  loss: 25.2822  loss_cls: 24.2974  loss_bbox: 0.9848
05/29 21:43:13 - mmengine - INFO - Epoch(train)   [1][ 450/3504]  lr: 5.6864e-05  eta: 1 day, 17:43:22  time: 0.4173  data_time: 0.1006  memory: 4673  loss: 13.1961  loss_cls: 12.1612  loss_bbox: 1.0349
05/29 21:43:33 - mmengine - INFO - Epoch(train)   [1][ 500/3504]  lr: 6.2500e-05  eta: 1 day, 17:35:09  time: 0.4158  data_time: 0.1064  memory: 5100  loss: 17.2668  loss_cls: 16.1777  loss_bbox: 1.0891
05/29 21:43:54 - mmengine - INFO - Epoch(train)   [1][ 550/3504]  lr: 6.2500e-05  eta: 1 day, 17:27:46  time: 0.4146  data_time: 0.1032  memory: 4739  loss: 15.3495  loss_cls: 14.2844  loss_bbox: 1.0651
05/29 21:44:15 - mmengine - INFO - Epoch(train)   [1][ 600/3504]  lr: 6.2500e-05  eta: 1 day, 17:20:24  time: 0.4122  data_time: 0.0989  memory: 4769  loss: 11.4042  loss_cls: 10.3242  loss_bbox: 1.0800
05/29 21:44:36 - mmengine - INFO - Epoch(train)   [1][ 650/3504]  lr: 6.2500e-05  eta: 1 day, 17:17:21  time: 0.4194  data_time: 0.1057  memory: 4691  loss: 11.9081  loss_cls: 10.8584  loss_bbox: 1.0497
05/29 21:44:56 - mmengine - INFO - Epoch(train)   [1][ 700/3504]  lr: 6.2500e-05  eta: 1 day, 17:13:04  time: 0.4156  data_time: 0.1005  memory: 5146  loss: 15.2556  loss_cls: 14.2185  loss_bbox: 1.0371
05/29 21:45:18 - mmengine - INFO - Epoch(train)   [1][ 750/3504]  lr: 6.2500e-05  eta: 1 day, 17:12:07  time: 0.4228  data_time: 0.1023  memory: 4812  loss: 14.6836  loss_cls: 13.6437  loss_bbox: 1.0399
05/29 21:45:38 - mmengine - INFO - Epoch(train)   [1][ 800/3504]  lr: 6.2500e-05  eta: 1 day, 17:06:47  time: 0.4105  data_time: 0.0965  memory: 4875  loss: 11.2789  loss_cls: 10.2409  loss_bbox: 1.0379
05/29 21:45:59 - mmengine - INFO - Epoch(train)   [1][ 850/3504]  lr: 6.2500e-05  eta: 1 day, 17:04:02  time: 0.4164  data_time: 0.1004  memory: 4991  loss: 14.5249  loss_cls: 13.4376  loss_bbox: 1.0874
05/29 21:46:20 - mmengine - INFO - Epoch(train)   [1][ 900/3504]  lr: 6.2500e-05  eta: 1 day, 17:00:54  time: 0.4144  data_time: 0.0978  memory: 4852  loss: 12.9029  loss_cls: 11.8588  loss_bbox: 1.0442
05/29 21:46:41 - mmengine - INFO - Epoch(train)   [1][ 950/3504]  lr: 6.2500e-05  eta: 1 day, 16:59:25  time: 0.4188  data_time: 0.1065  memory: 4672  loss: 13.0875  loss_cls: 11.9839  loss_bbox: 1.1036
05/29 21:47:01 - mmengine - INFO - Exp name: exp17_convpower_20260529_213943
05/29 21:47:01 - mmengine - INFO - Epoch(train)   [1][1000/3504]  lr: 6.2500e-05  eta: 1 day, 16:57:02  time: 0.4153  data_time: 0.0996  memory: 4698  loss: 12.8635  loss_cls: 11.8536  loss_bbox: 1.0099
05/29 21:47:22 - mmengine - INFO - Epoch(train)   [1][1050/3504]  lr: 6.2500e-05  eta: 1 day, 16:54:51  time: 0.4153  data_time: 0.0989  memory: 4806  loss: 13.2837  loss_cls: 12.2299  loss_bbox: 1.0538
05/29 21:47:43 - mmengine - INFO - Epoch(train)   [1][1100/3504]  lr: 6.2500e-05  eta: 1 day, 16:52:44  time: 0.4149  data_time: 0.0989  memory: 4745  loss: 15.9492  loss_cls: 14.9277  loss_bbox: 1.0215
05/29 21:48:03 - mmengine - INFO - Epoch(train)   [1][1150/3504]  lr: 6.2500e-05  eta: 1 day, 16:49:59  time: 0.4119  data_time: 0.1105  memory: 4902  loss: 10.1967  loss_cls: 9.1323  loss_bbox: 1.0644
05/29 21:48:23 - mmengine - INFO - Epoch(train)   [1][1200/3504]  lr: 6.2500e-05  eta: 1 day, 16:41:47  time: 0.3885  data_time: 0.0968  memory: 4718  loss: 16.7032  loss_cls: 15.6532  loss_bbox: 1.0500
05/29 21:48:43 - mmengine - INFO - Epoch(train)   [1][1250/3504]  lr: 6.2500e-05  eta: 1 day, 16:36:29  time: 0.3982  data_time: 0.0980  memory: 4691  loss: 12.6575  loss_cls: 11.6296  loss_bbox: 1.0279
05/29 21:49:03 - mmengine - INFO - Epoch(train)   [1][1300/3504]  lr: 6.2500e-05  eta: 1 day, 16:31:09  time: 0.3965  data_time: 0.0897  memory: 4837  loss: 13.4471  loss_cls: 12.3872  loss_bbox: 1.0598
05/29 21:49:22 - mmengine - INFO - Epoch(train)   [1][1350/3504]  lr: 6.2500e-05  eta: 1 day, 16:24:41  time: 0.3894  data_time: 0.0995  memory: 4784  loss: 15.7685  loss_cls: 14.7549  loss_bbox: 1.0137
05/29 21:49:41 - mmengine - INFO - Epoch(train)   [1][1400/3504]  lr: 6.2500e-05  eta: 1 day, 16:18:01  time: 0.3863  data_time: 0.1118  memory: 4746  loss: 15.0901  loss_cls: 14.0451  loss_bbox: 1.0450
05/29 21:50:01 - mmengine - INFO - Epoch(train)   [1][1450/3504]  lr: 6.2500e-05  eta: 1 day, 16:12:29  time: 0.3899  data_time: 0.1037  memory: 5014  loss: 14.5245  loss_cls: 13.4611  loss_bbox: 1.0634
05/29 21:50:20 - mmengine - INFO - Epoch(train)   [1][1500/3504]  lr: 6.2500e-05  eta: 1 day, 16:06:58  time: 0.3881  data_time: 0.1095  memory: 4728  loss: 13.6410  loss_cls: 12.5620  loss_bbox: 1.0789
05/29 21:50:40 - mmengine - INFO - Epoch(train)   [1][1550/3504]  lr: 6.2500e-05  eta: 1 day, 16:00:53  time: 0.3833  data_time: 0.0898  memory: 5144  loss: 11.5951  loss_cls: 10.5378  loss_bbox: 1.0574
05/29 21:50:59 - mmengine - INFO - Epoch(train)   [1][1600/3504]  lr: 6.2500e-05  eta: 1 day, 15:56:53  time: 0.3929  data_time: 0.1064  memory: 4704  loss: 13.0275  loss_cls: 11.9601  loss_bbox: 1.0674
05/29 21:51:19 - mmengine - INFO - Epoch(train)   [1][1650/3504]  lr: 6.2500e-05  eta: 1 day, 15:53:07  time: 0.3929  data_time: 0.1010  memory: 4895  loss: 9.8122  loss_cls: 8.7531  loss_bbox: 1.0591
05/29 21:51:38 - mmengine - INFO - Epoch(train)   [1][1700/3504]  lr: 6.2500e-05  eta: 1 day, 15:49:30  time: 0.3925  data_time: 0.0962  memory: 4710  loss: 9.0247  loss_cls: 7.9873  loss_bbox: 1.0374
05/29 21:51:58 - mmengine - INFO - Epoch(train)   [1][1750/3504]  lr: 6.2500e-05  eta: 1 day, 15:46:04  time: 0.3925  data_time: 0.0972  memory: 4685  loss: 11.8579  loss_cls: 10.7843  loss_bbox: 1.0736
05/29 21:52:17 - mmengine - INFO - Epoch(train)   [1][1800/3504]  lr: 6.2500e-05  eta: 1 day, 15:42:15  time: 0.3891  data_time: 0.0905  memory: 4840  loss: 12.6885  loss_cls: 11.6401  loss_bbox: 1.0484
05/29 21:52:37 - mmengine - INFO - Epoch(train)   [1][1850/3504]  lr: 6.2500e-05  eta: 1 day, 15:38:35  time: 0.3889  data_time: 0.1044  memory: 4748  loss: 10.3336  loss_cls: 9.2661  loss_bbox: 1.0674
05/29 21:52:56 - mmengine - INFO - Epoch(train)   [1][1900/3504]  lr: 6.2500e-05  eta: 1 day, 15:34:29  time: 0.3849  data_time: 0.1060  memory: 4878  loss: 17.0475  loss_cls: 16.0086  loss_bbox: 1.0389
05/29 21:53:16 - mmengine - INFO - Epoch(train)   [1][1950/3504]  lr: 6.2500e-05  eta: 1 day, 15:31:47  time: 0.3929  data_time: 0.1122  memory: 4840  loss: 12.8544  loss_cls: 11.7752  loss_bbox: 1.0792
05/29 21:53:35 - mmengine - INFO - Exp name: exp17_convpower_20260529_213943
05/29 21:53:35 - mmengine - INFO - Epoch(train)   [1][2000/3504]  lr: 6.2500e-05  eta: 1 day, 15:28:23  time: 0.3874  data_time: 0.0972  memory: 4738  loss: 10.9544  loss_cls: 9.8864  loss_bbox: 1.0680
05/29 21:53:55 - mmengine - INFO - Epoch(train)   [1][2050/3504]  lr: 6.2500e-05  eta: 1 day, 15:25:31  time: 0.3900  data_time: 0.1087  memory: 4889  loss: 15.6462  loss_cls: 14.5780  loss_bbox: 1.0682
05/29 21:54:14 - mmengine - INFO - Epoch(train)   [1][2100/3504]  lr: 6.2500e-05  eta: 1 day, 15:22:19  time: 0.3867  data_time: 0.1155  memory: 4835  loss: 10.6377  loss_cls: 9.5936  loss_bbox: 1.0441
05/29 21:54:34 - mmengine - INFO - Epoch(train)   [1][2150/3504]  lr: 6.2500e-05  eta: 1 day, 15:21:01  time: 0.3998  data_time: 0.0863  memory: 4742  loss: 14.2692  loss_cls: 13.1974  loss_bbox: 1.0718
05/29 21:54:53 - mmengine - INFO - Epoch(train)   [1][2200/3504]  lr: 6.2500e-05  eta: 1 day, 15:17:30  time: 0.3827  data_time: 0.0876  memory: 4772  loss: 10.0665  loss_cls: 9.0121  loss_bbox: 1.0544
05/29 21:55:13 - mmengine - INFO - Epoch(train)   [1][2250/3504]  lr: 6.2500e-05  eta: 1 day, 15:16:11  time: 0.3987  data_time: 0.1003  memory: 4885  loss: 13.5485  loss_cls: 12.4758  loss_bbox: 1.0727
05/29 21:55:33 - mmengine - INFO - Epoch(train)   [1][2300/3504]  lr: 6.2500e-05  eta: 1 day, 15:13:38  time: 0.3886  data_time: 0.0930  memory: 4784  loss: 9.6997  loss_cls: 8.6323  loss_bbox: 1.0673
05/29 21:55:52 - mmengine - INFO - Epoch(train)   [1][2350/3504]  lr: 6.2500e-05  eta: 1 day, 15:10:43  time: 0.3847  data_time: 0.1091  memory: 4750  loss: 11.2713  loss_cls: 10.2463  loss_bbox: 1.0249
05/29 21:56:11 - mmengine - INFO - Epoch(train)   [1][2400/3504]  lr: 6.2500e-05  eta: 1 day, 15:07:28  time: 0.3811  data_time: 0.1086  memory: 4991  loss: 9.2837  loss_cls: 8.2285  loss_bbox: 1.0552
05/29 21:56:30 - mmengine - INFO - Epoch(train)   [1][2450/3504]  lr: 6.2500e-05  eta: 1 day, 15:04:41  time: 0.3841  data_time: 0.1028  memory: 4763  loss: 15.5030  loss_cls: 14.4893  loss_bbox: 1.0137
05/29 21:56:49 - mmengine - INFO - Epoch(train)   [1][2500/3504]  lr: 6.2500e-05  eta: 1 day, 15:01:28  time: 0.3795  data_time: 0.1078  memory: 4713  loss: 14.6019  loss_cls: 13.5469  loss_bbox: 1.0551
05/29 21:57:08 - mmengine - INFO - Epoch(train)   [1][2550/3504]  lr: 6.2500e-05  eta: 1 day, 14:58:52  time: 0.3839  data_time: 0.1054  memory: 4707  loss: 10.6637  loss_cls: 9.6069  loss_bbox: 1.0569
05/29 21:57:27 - mmengine - INFO - Epoch(train)   [1][2600/3504]  lr: 6.2500e-05  eta: 1 day, 14:55:24  time: 0.3753  data_time: 0.1022  memory: 4723  loss: 17.2703  loss_cls: 16.2279  loss_bbox: 1.0424
05/29 21:57:46 - mmengine - INFO - Epoch(train)   [1][2650/3504]  lr: 6.2500e-05  eta: 1 day, 14:52:43  time: 0.3815  data_time: 0.1185  memory: 4789  loss: 20.0558  loss_cls: 19.0151  loss_bbox: 1.0407
05/29 21:58:05 - mmengine - INFO - Epoch(train)   [1][2700/3504]  lr: 6.2500e-05  eta: 1 day, 14:49:29  time: 0.3755  data_time: 0.0994  memory: 4790  loss: 17.7425  loss_cls: 16.6986  loss_bbox: 1.0439
05/29 21:58:24 - mmengine - INFO - Epoch(train)   [1][2750/3504]  lr: 6.2500e-05  eta: 1 day, 14:46:57  time: 0.3811  data_time: 0.1105  memory: 4694  loss: 19.5161  loss_cls: 18.4966  loss_bbox: 1.0195
05/29 21:58:43 - mmengine - INFO - Epoch(train)   [1][2800/3504]  lr: 6.2500e-05  eta: 1 day, 14:44:17  time: 0.3791  data_time: 0.1063  memory: 4850  loss: 13.3612  loss_cls: 12.3156  loss_bbox: 1.0455
05/29 21:59:02 - mmengine - INFO - Epoch(train)   [1][2850/3504]  lr: 6.2500e-05  eta: 1 day, 14:41:57  time: 0.3815  data_time: 0.1044  memory: 4909  loss: 17.7576  loss_cls: 16.7288  loss_bbox: 1.0288
05/29 21:59:21 - mmengine - INFO - Epoch(train)   [1][2900/3504]  lr: 6.2500e-05  eta: 1 day, 14:39:35  time: 0.3806  data_time: 0.0941  memory: 4854  loss: 10.6247  loss_cls: 9.5538  loss_bbox: 1.0709
05/29 21:59:40 - mmengine - INFO - Epoch(train)   [1][2950/3504]  lr: 6.2500e-05  eta: 1 day, 14:37:29  time: 0.3825  data_time: 0.0952  memory: 4880  loss: 15.2202  loss_cls: 14.1763  loss_bbox: 1.0438
05/29 21:59:59 - mmengine - INFO - Exp name: exp17_convpower_20260529_213943
05/29 21:59:59 - mmengine - INFO - Epoch(train)   [1][3000/3504]  lr: 6.2500e-05  eta: 1 day, 14:35:11  time: 0.3798  data_time: 0.0880  memory: 4791  loss: 8.1989  loss_cls: 7.1508  loss_bbox: 1.0481
05/29 22:00:18 - mmengine - INFO - Epoch(train)   [1][3050/3504]  lr: 6.2500e-05  eta: 1 day, 14:32:49  time: 0.3784  data_time: 0.0939  memory: 4706  loss: 17.0157  loss_cls: 15.9891  loss_bbox: 1.0266
05/29 22:00:37 - mmengine - INFO - Epoch(train)   [1][3100/3504]  lr: 6.2500e-05  eta: 1 day, 14:30:42  time: 0.3804  data_time: 0.0893  memory: 4818  loss: 13.9965  loss_cls: 13.0123  loss_bbox: 0.9842
05/29 22:00:56 - mmengine - INFO - Epoch(train)   [1][3150/3504]  lr: 6.2500e-05  eta: 1 day, 14:28:53  time: 0.3829  data_time: 0.1071  memory: 4793  loss: 11.2649  loss_cls: 10.1859  loss_bbox: 1.0791
05/29 22:01:15 - mmengine - INFO - Epoch(train)   [1][3200/3504]  lr: 6.2500e-05  eta: 1 day, 14:26:57  time: 0.3814  data_time: 0.0979  memory: 5012  loss: 13.9470  loss_cls: 12.8592  loss_bbox: 1.0878
05/29 22:01:34 - mmengine - INFO - Epoch(train)   [1][3250/3504]  lr: 6.2500e-05  eta: 1 day, 14:25:03  time: 0.3810  data_time: 0.1085  memory: 4878  loss: 12.8802  loss_cls: 11.8539  loss_bbox: 1.0263
05/29 22:01:53 - mmengine - INFO - Epoch(train)   [1][3300/3504]  lr: 6.2500e-05  eta: 1 day, 14:23:07  time: 0.3802  data_time: 0.0987  memory: 4839  loss: 12.8064  loss_cls: 11.7186  loss_bbox: 1.0878
05/29 22:02:12 - mmengine - INFO - Epoch(train)   [1][3350/3504]  lr: 6.2500e-05  eta: 1 day, 14:21:25  time: 0.3823  data_time: 0.0946  memory: 4751  loss: 15.4597  loss_cls: 14.4281  loss_bbox: 1.0316
05/29 22:02:31 - mmengine - INFO - Epoch(train)   [1][3400/3504]  lr: 6.2500e-05  eta: 1 day, 14:19:22  time: 0.3776  data_time: 0.0926  memory: 5006  loss: 9.8797  loss_cls: 8.8409  loss_bbox: 1.0389
05/29 22:02:50 - mmengine - INFO - Epoch(train)   [1][3450/3504]  lr: 6.2500e-05  eta: 1 day, 14:17:39  time: 0.3810  data_time: 0.0956  memory: 4766  loss: 11.9698  loss_cls: 10.9381  loss_bbox: 1.0317
05/29 22:03:09 - mmengine - INFO - Epoch(train)   [1][3500/3504]  lr: 6.2500e-05  eta: 1 day, 14:14:35  time: 0.3643  data_time: 0.0910  memory: 4755  loss: 12.4459  loss_cls: 11.3940  loss_bbox: 1.0519
05/29 22:03:09 - mmengine - INFO - Exp name: exp17_convpower_20260529_213943
05/29 22:03:09 - mmengine - INFO - Saving checkpoint at 1 epochs
[1;34mwandb[0m: 
[1;34mwandb[0m: 🚀 View run [33mexp17[0m at: [34m[0m
[1;34mwandb[0m: Find logs at: [1;35mwork_dirs/exp17/20260529_213943/vis_data/wandb/run-20260529_213945-rxov4u21/logs[0m
=== exp17 finished ===
