=== Attempting Kerberos authentication ===
Password for souval_g@WMGDS.WMG.WARWICK.AC.UK: 
kinit exit status: 0
Ticket cache: FILE:/tmp/krb5cc_1922617598
Default principal: souval_g@WMGDS.WMG.WARWICK.AC.UK

Valid starting     Expires            Service principal
05/29/26 21:22:59  05/30/26 07:22:59  krbtgt/WMGDS.WMG.WARWICK.AC.UK@WMGDS.WMG.WARWICK.AC.UK
	renew until 06/05/26 21:22:59
=== Starting Kerberos renewal loop ===
Kerberos renewal loop started (PID: 663772)
=== Triggering CIFS mount ===
=== Starting exp14 ===
Training command is /networkhome/WMGDS/souval_g/anaconda3/envs/mmdet12/bin/python3.10 /networkhome/WMGDS/souval_g/neuRAWns_mmdet/mmdetection/mmdet/.mim/tools/train.py configs/experiments/exp14_convgamma_k1.py --launcher none --work-dir /networkhome/WMGDS/souval_g/neuRAWns_mmdet/work_dirs/exp14 --cfg-options train_dataloader.dataset.data_root=/networkhome/WMGDS/souval_g/data/ROD/yolo/ val_dataloader.dataset.data_root=/networkhome/WMGDS/souval_g/data/ROD/yolo/ test_dataloader.dataset.data_root=/networkhome/WMGDS/souval_g/data/ROD/yolo/ val_evaluator.ann_file=/networkhome/WMGDS/souval_g/data/ROD/yolo/raw/json_raw_coco_mapped/val.json test_evaluator.ann_file=/networkhome/WMGDS/souval_g/data/ROD/yolo/raw/json_raw_coco_mapped/test.json load_from=/networkhome/WMGDS/souval_g/checkpoints_mmdet/rtmdet_s_8xb32-300e_coco_20220905_161602-387a891e.pth. 
Gina running this. =============================
05/29 21:23:17 - mmengine - INFO - 
------------------------------------------------------------
System environment:
    sys.platform: linux
    Python: 3.10.18 (main, Jun  5 2025, 13:14:17) [GCC 11.2.0]
    CUDA available: True
    MUSA available: False
    numpy_random_seed: 1880033990
    GPU 0: NVIDIA RTX PRO 6000 Blackwell Server Edition
    CUDA_HOME: /usr/local/cuda
    NVCC: Cuda compilation tools, release 13.1, V13.1.115
    GCC: gcc (Ubuntu 13.3.0-6ubuntu2~24.04.1) 13.3.0
    PyTorch: 2.11.0+cu128
    PyTorch compiling details: PyTorch built with:
  - GCC 13.3
  - C++ Version: 201703
  - Intel(R) oneAPI Math Kernel Library Version 2025.0-Product Build 20241009 for Intel(R) 64 architecture applications
  - Intel(R) MKL-DNN v3.10.2 (Git Hash f1d471933dc852f956fd05389f9313c7148783d5)
  - OpenMP 201511 (a.k.a. OpenMP 4.5)
  - LAPACK is enabled (usually provided by MKL)
  - NNPACK is enabled
  - CPU capability usage: AVX512
  - CUDA Runtime 12.8
  - NVCC architecture flags: -gencode;arch=compute_75,code=sm_75;-gencode;arch=compute_80,code=sm_80;-gencode;arch=compute_86,code=sm_86;-gencode;arch=compute_90,code=sm_90;-gencode;arch=compute_100,code=sm_100;-gencode;arch=compute_120,code=sm_120
  - CuDNN 91.9  (built against CUDA 12.9)
  - Magma 2.6.1
  - Build settings: BLAS_INFO=mkl, BUILD_TYPE=Release, COMMIT_SHA=70d99e998b4955e0049d13a98d77ae1b14db1f45, CUDA_VERSION=12.8, CUDNN_VERSION=9.19.0, CXX_COMPILER=/opt/rh/gcc-toolset-13/root/usr/bin/c++, CXX_FLAGS= -fvisibility-inlines-hidden -DUSE_PTHREADPOOL -DNDEBUG -DUSE_KINETO -DLIBKINETO_NOROCTRACER -DLIBKINETO_NOXPUPTI=ON -DUSE_FBGEMM -DUSE_MSLK -DUSE_PYTORCH_QNNPACK -DUSE_XNNPACK -DSYMBOLICATE_MOBILE_DEBUG_HANDLE -O2 -fPIC -DC10_NODEPRECATED -Wall -Wextra -Werror=return-type -Werror=non-virtual-dtor -Werror=range-loop-construct -Werror=bool-operation -Wnarrowing -Wno-missing-field-initializers -Wno-unknown-pragmas -Wno-unused-parameter -Wno-strict-overflow -Wno-strict-aliasing -Wno-stringop-overflow -Wsuggest-override -Wno-psabi -Wno-error=old-style-cast -faligned-new -Wno-maybe-uninitialized -fno-math-errno -fno-trapping-math -Werror=format -Wno-dangling-reference -Wno-error=dangling-reference -Wno-stringop-overflow, LAPACK_INFO=mkl, PERF_WITH_AVX=1, PERF_WITH_AVX2=1, TORCH_VERSION=2.11.0, USE_CUDA=ON, USE_CUDNN=ON, USE_CUSPARSELT=1, USE_GFLAGS=OFF, USE_GLOG=OFF, USE_GLOO=ON, USE_MKL=ON, USE_MKLDNN=ON, USE_MPI=OFF, USE_NCCL=1, USE_NNPACK=ON, USE_OPENMP=ON, USE_ROCM=OFF, USE_ROCM_KERNEL_ASSERT=OFF, USE_XCCL=OFF, USE_XPU=OFF, 

    TorchVision: 0.26.0+cu128
    OpenCV: 4.11.0
    MMEngine: 0.10.7

Runtime environment:
    cudnn_benchmark: False
    mp_cfg: {'mp_start_method': 'fork', 'opencv_num_threads': 0}
    dist_cfg: {'backend': 'nccl'}
    seed: 1880033990
    Distributed launcher: none
    Distributed training: False
    GPU number: 1
------------------------------------------------------------

05/29 21:23:17 - mmengine - INFO - Config:
auto_scale_lr = dict(base_batch_size=64, enable=True)
custom_hooks = [
    dict(
        check_updates=False,
        debug_mode=False,
        priority='VERY_HIGH',
        type='FreezeDetectorHook'),
    dict(
        min_delta=0.001,
        monitor='coco/bbox_mAP',
        patience=10,
        rule='greater',
        type='EarlyStoppingHook'),
    dict(
        experiment_name='exp14',
        save_dir='sample_images',
        save_preprocessed=True,
        save_raw=True,
        type='SaveBatchImagesHook'),
    dict(log_every_n_steps=50, type='PreprocessorMonitorHook'),
]
custom_imports = dict(
    allow_failed_imports=False,
    imports=[
        'modules.raw_preprocessors',
        'modules.wrappers',
        'modules.hooks',
        'datasets.pipelines',
    ])
data_root = '/home/souval_g_WMGDS.WMG.WARWICK.AC.UK/data/ROD/yolo/'
dataset_type = 'CocoDataset'
default_hooks = dict(
    checkpoint=dict(
        interval=1,
        max_keep_ckpts=2,
        rule='greater',
        save_best='coco/bbox_mAP',
        type='CheckpointHook'),
    logger=dict(interval=50, type='LoggerHook'),
    param_scheduler=dict(type='ParamSchedulerHook'),
    sampler_seed=dict(type='DistSamplerSeedHook'),
    timer=dict(type='IterTimerHook'),
    visualization=dict(type='DetVisualizationHook'))
default_scope = 'mmdet'
env_cfg = dict(
    cudnn_benchmark=False,
    dist_cfg=dict(backend='nccl'),
    mp_cfg=dict(mp_start_method='fork', opencv_num_threads=0))
exp_name = 'exp14'
launcher = 'none'
load_from = '/networkhome/WMGDS/souval_g/checkpoints_mmdet/rtmdet_s_8xb32-300e_coco_20220905_161602-387a891e.pth'
log_level = 'INFO'
log_processor = dict(by_epoch=True, type='LogProcessor', window_size=50)
model = dict(
    backbone=dict(
        act_cfg=dict(inplace=True, type='SiLU'),
        arch='P5',
        channel_attention=True,
        deepen_factor=0.33,
        expand_ratio=0.5,
        norm_cfg=dict(type='BN'),
        type='CSPNeXt',
        widen_factor=0.5),
    bbox_head=dict(
        act_cfg=dict(inplace=True, type='SiLU'),
        anchor_generator=dict(
            offset=0, strides=[
                8,
                16,
                32,
            ], type='MlvlPointGenerator'),
        bbox_coder=dict(type='DistancePointBBoxCoder'),
        exp_on_reg=False,
        feat_channels=128,
        in_channels=128,
        loss_bbox=dict(loss_weight=2.0, type='GIoULoss'),
        loss_cls=dict(
            beta=2.0,
            loss_weight=1.0,
            type='QualityFocalLoss',
            use_sigmoid=True),
        norm_cfg=dict(type='BN'),
        num_classes=80,
        pred_kernel_size=1,
        share_conv=True,
        stacked_convs=2,
        type='RTMDetSepBNHead',
        with_objectness=False),
    data_preprocessor=dict(
        batch_augments=None,
        bgr_to_rgb=True,
        mean=[
            103.53,
            116.28,
            123.675,
        ],
        pad_size_divisor=32,
        preprocessor_cfg=dict(
            in_channels=3, kernel_size=1, out_channels=3, type='ConvGamma'),
        std=[
            57.375,
            57.12,
            58.395,
        ],
        type='RAWDetDataPreprocessor'),
    neck=dict(
        act_cfg=dict(inplace=True, type='SiLU'),
        expand_ratio=0.5,
        in_channels=[
            128,
            256,
            512,
        ],
        norm_cfg=dict(type='BN'),
        num_csp_blocks=1,
        out_channels=128,
        type='CSPNeXtPAFPN'),
    test_cfg=dict(
        max_per_img=300,
        min_bbox_size=0,
        nms=dict(iou_threshold=0.65, type='nms'),
        nms_pre=30000,
        score_thr=0.001),
    train_cfg=dict(
        allowed_border=-1,
        assigner=dict(topk=13, type='DynamicSoftLabelAssigner'),
        debug=False,
        pos_weight=-1),
    type='RTMDet')
optim_wrapper = dict(
    optimizer=dict(lr=0.001, type='AdamW', weight_decay=0.01),
    type='OptimWrapper')
param_scheduler = [
    dict(begin=0, by_epoch=False, end=500, start_factor=0.1, type='LinearLR'),
    dict(begin=0, by_epoch=True, end=100, type='CosineAnnealingLR'),
]
resume = False
test_cfg = dict(type='TestLoop')
test_dataloader = dict(
    batch_size=1,
    dataset=dict(
        ann_file='raw/json_raw_coco_mapped/test.json',
        data_prefix=dict(img='raw/images/test/'),
        data_root='/networkhome/WMGDS/souval_g/data/ROD/yolo/',
        pipeline=[
            dict(type='LoadRAWImageFromFile'),
            dict(type='NormaliseP99'),
            dict(out_channels=3, type='PackBayer'),
            dict(keep_ratio=True, scale=(
                1333,
                800,
            ), type='Resize'),
            dict(type='PackDetInputs'),
        ],
        type='CocoDataset'),
    drop_last=False,
    num_workers=2,
    persistent_workers=True,
    sampler=dict(shuffle=False, type='DefaultSampler'))
test_evaluator = dict(
    ann_file=
    '/networkhome/WMGDS/souval_g/data/ROD/yolo/raw/json_raw_coco_mapped/test.json',
    classwise=True,
    format_only=False,
    label_to_catid=dict({
        0: 1,
        1: 2,
        2: 3,
        6: 7,
        7: 8
    }),
    metric='bbox',
    type='CocoMetric')
test_pipeline = [
    dict(type='LoadRAWImageFromFile'),
    dict(type='NormaliseP99'),
    dict(out_channels=3, type='PackBayer'),
    dict(keep_ratio=True, scale=(
        1333,
        800,
    ), type='Resize'),
    dict(type='PackDetInputs'),
]
train_cfg = dict(max_epochs=100, type='EpochBasedTrainLoop', val_interval=1)
train_dataloader = dict(
    batch_size=4,
    dataset=dict(
        ann_file='raw/json_raw_coco_mapped/train.json',
        data_prefix=dict(img='raw/images/train/'),
        data_root='/networkhome/WMGDS/souval_g/data/ROD/yolo/',
        filter_cfg=dict(filter_empty_gt=True, min_size=32),
        pipeline=[
            dict(type='LoadRAWImageFromFile'),
            dict(type='NormaliseP99'),
            dict(out_channels=3, type='PackBayer'),
            dict(type='LoadAnnotations', with_bbox=True),
            dict(keep_ratio=True, scale=(
                1333,
                800,
            ), type='Resize'),
            dict(prob=0.5, type='RandomFlip'),
            dict(type='PackDetInputs'),
        ],
        type='CocoDataset'),
    num_workers=4,
    persistent_workers=True,
    sampler=dict(shuffle=True, type='DefaultSampler'))
train_pipeline = [
    dict(type='LoadRAWImageFromFile'),
    dict(type='NormaliseP99'),
    dict(out_channels=3, type='PackBayer'),
    dict(type='LoadAnnotations', with_bbox=True),
    dict(keep_ratio=True, scale=(
        1333,
        800,
    ), type='Resize'),
    dict(prob=0.5, type='RandomFlip'),
    dict(type='PackDetInputs'),
]
val_cfg = dict(type='ValLoop')
val_dataloader = dict(
    batch_size=1,
    dataset=dict(
        ann_file='raw/json_raw_coco_mapped/val.json',
        data_prefix=dict(img='raw/images/val/'),
        data_root='/networkhome/WMGDS/souval_g/data/ROD/yolo/',
        pipeline=[
            dict(type='LoadRAWImageFromFile'),
            dict(type='NormaliseP99'),
            dict(out_channels=3, type='PackBayer'),
            dict(keep_ratio=True, scale=(
                1333,
                800,
            ), type='Resize'),
            dict(type='PackDetInputs'),
        ],
        type='CocoDataset'),
    drop_last=False,
    num_workers=2,
    persistent_workers=True,
    sampler=dict(shuffle=False, type='DefaultSampler'))
val_evaluator = dict(
    ann_file=
    '/networkhome/WMGDS/souval_g/data/ROD/yolo/raw/json_raw_coco_mapped/val.json',
    classwise=True,
    format_only=False,
    label_to_catid=dict({
        0: 1,
        1: 2,
        2: 3,
        6: 7,
        7: 8
    }),
    metric='bbox',
    type='CocoMetric')
vis_backends = [
    dict(type='LocalVisBackend'),
    dict(
        init_kwargs=dict(
            config=dict(
                detector='RTMDet-S',
                detector_frozen=True,
                gain=False,
                gamma=0.45454545454545453,
                in_channels=3,
                input='packed_3ch',
                kernel_size=1,
                preprocessor='ConvGamma'),
            name='exp14',
            project='neuRAWns-mmdet-ROD-v2'),
        type='WandbVisBackend'),
]
visualizer = dict(
    name='visualizer',
    type='DetLocalVisualizer',
    vis_backends=[
        dict(type='LocalVisBackend'),
        dict(
            init_kwargs=dict(
                config=dict(
                    detector='RTMDet-S',
                    detector_frozen=True,
                    gain=False,
                    gamma=0.45454545454545453,
                    in_channels=3,
                    input='packed_3ch',
                    kernel_size=1,
                    preprocessor='ConvGamma'),
                name='exp14',
                project='neuRAWns-mmdet-ROD-v2'),
            type='WandbVisBackend'),
    ])
work_dir = '/networkhome/WMGDS/souval_g/neuRAWns_mmdet/work_dirs/exp14'

05/29 21:23:40 - mmengine - INFO - Distributed training is not used, all SyncBatchNorm (SyncBN) layers in the model will be automatically reverted to BatchNormXd layers if they are used.
05/29 21:23:40 - mmengine - INFO - Hooks will be executed in the following order:
before_run:
(VERY_HIGH   ) RuntimeInfoHook                    
(BELOW_NORMAL) LoggerHook                         
(LOWEST      ) EarlyStoppingHook                  
 -------------------- 
before_train:
(VERY_HIGH   ) RuntimeInfoHook                    
(VERY_HIGH   ) FreezeDetectorHook                 
(NORMAL      ) IterTimerHook                      
(VERY_LOW    ) CheckpointHook                     
 -------------------- 
before_train_epoch:
(VERY_HIGH   ) RuntimeInfoHook                    
(NORMAL      ) IterTimerHook                      
(NORMAL      ) DistSamplerSeedHook                
(NORMAL      ) SaveBatchImagesHook                
 -------------------- 
before_train_iter:
(VERY_HIGH   ) RuntimeInfoHook                    
(NORMAL      ) IterTimerHook                      
 -------------------- 
after_train_iter:
(VERY_HIGH   ) RuntimeInfoHook                    
(NORMAL      ) IterTimerHook                      
(NORMAL      ) SaveBatchImagesHook                
(NORMAL      ) PreprocessorMonitorHook            
(BELOW_NORMAL) LoggerHook                         
(LOW         ) ParamSchedulerHook                 
(VERY_LOW    ) CheckpointHook                     
 -------------------- 
after_train_epoch:
(VERY_HIGH   ) FreezeDetectorHook                 
(NORMAL      ) IterTimerHook                      
(LOW         ) ParamSchedulerHook                 
(VERY_LOW    ) CheckpointHook                     
 -------------------- 
before_val:
(VERY_HIGH   ) RuntimeInfoHook                    
 -------------------- 
before_val_epoch:
(NORMAL      ) IterTimerHook                      
 -------------------- 
before_val_iter:
(NORMAL      ) IterTimerHook                      
 -------------------- 
after_val_iter:
(NORMAL      ) IterTimerHook                      
(NORMAL      ) DetVisualizationHook               
(BELOW_NORMAL) LoggerHook                         
 -------------------- 
after_val_epoch:
(VERY_HIGH   ) RuntimeInfoHook                    
(NORMAL      ) IterTimerHook                      
(BELOW_NORMAL) LoggerHook                         
(LOW         ) ParamSchedulerHook                 
(VERY_LOW    ) CheckpointHook                     
(LOWEST      ) EarlyStoppingHook                  
 -------------------- 
after_val:
(VERY_HIGH   ) RuntimeInfoHook                    
 -------------------- 
after_train:
(VERY_HIGH   ) RuntimeInfoHook                    
(VERY_LOW    ) CheckpointHook                     
 -------------------- 
before_test:
(VERY_HIGH   ) RuntimeInfoHook                    
 -------------------- 
before_test_epoch:
(NORMAL      ) IterTimerHook                      
 -------------------- 
before_test_iter:
(NORMAL      ) IterTimerHook                      
 -------------------- 
after_test_iter:
(NORMAL      ) IterTimerHook                      
(NORMAL      ) DetVisualizationHook               
(BELOW_NORMAL) LoggerHook                         
 -------------------- 
after_test_epoch:
(VERY_HIGH   ) RuntimeInfoHook                    
(NORMAL      ) IterTimerHook                      
(BELOW_NORMAL) LoggerHook                         
 -------------------- 
after_test:
(VERY_HIGH   ) RuntimeInfoHook                    
 -------------------- 
after_run:
(BELOW_NORMAL) LoggerHook                         
 -------------------- 
loading annotations into memory...
Done (t=0.75s)
creating index...
index created!
AFTER load_data_list: 14061 items
AFTER filter_data: 14015 items
BEFORE serialize: 14015 items
05/29 21:23:43 - mmengine - INFO - LR is set based on batch size of 64 and the current batch size is 4. Scaling the original LR by 0.0625.
loading annotations into memory...
Done (t=0.09s)
creating index...
index created!
AFTER load_data_list: 4017 items
AFTER filter_data: 4017 items
BEFORE serialize: 4017 items
loading annotations into memory...
Done (t=0.09s)
creating index...
index created!
Loads checkpoint by local backend from path: /networkhome/WMGDS/souval_g/checkpoints_mmdet/rtmdet_s_8xb32-300e_coco_20220905_161602-387a891e.pth
The model and loaded state dict do not match exactly

unexpected key in source state_dict: data_preprocessor.mean, data_preprocessor.std

missing keys in source state_dict: data_preprocessor.raw_preprocessor.conv.weight, data_preprocessor.raw_preprocessor.conv.bias

05/29 21:23:45 - mmengine - INFO - Load checkpoint from /networkhome/WMGDS/souval_g/checkpoints_mmdet/rtmdet_s_8xb32-300e_coco_20220905_161602-387a891e.pth
05/29 21:23:45 - mmengine - INFO - 
============================================================
DETECTOR FREEZING COMPLETE
============================================================
Total:         8,886,936
Trainable:            12  (0.0001%)
Frozen:        8,886,924
============================================================

05/29 21:23:45 - mmengine - WARNING - "FileClient" will be deprecated in future. Please use io functions in https://mmengine.readthedocs.io/en/latest/api/fileio.html#file-io
05/29 21:23:45 - mmengine - WARNING - "HardDiskBackend" is the alias of "LocalBackend" and the former will be deprecated in future.
05/29 21:23:45 - mmengine - INFO - Checkpoints will be saved to /networkhome/WMGDS/souval_g/neuRAWns_mmdet/work_dirs/exp14.
05/29 21:23:52 - mmengine - INFO - Saved 4 images from epoch 1 to sample_images/exp14/epoch_1
05/29 21:24:12 - mmengine - INFO - Epoch(train)   [1][  50/3504]  lr: 1.1774e-05  eta: 2 days, 5:42:46  time: 0.5519  data_time: 0.2202  memory: 4745  loss: 14.6773  loss_cls: 13.6099  loss_bbox: 1.0675
05/29 21:24:34 - mmengine - INFO - Epoch(train)   [1][ 100/3504]  lr: 1.7410e-05  eta: 2 days, 0:05:22  time: 0.4365  data_time: 0.1499  memory: 4687  loss: 14.8487  loss_cls: 13.7642  loss_bbox: 1.0845
05/29 21:24:56 - mmengine - INFO - Epoch(train)   [1][ 150/3504]  lr: 2.3046e-05  eta: 1 day, 22:16:15  time: 0.4383  data_time: 0.1758  memory: 4674  loss: 13.4495  loss_cls: 12.4072  loss_bbox: 1.0423
05/29 21:25:18 - mmengine - INFO - Epoch(train)   [1][ 200/3504]  lr: 2.8682e-05  eta: 1 day, 21:21:12  time: 0.4381  data_time: 0.1502  memory: 4743  loss: 9.8551  loss_cls: 8.7827  loss_bbox: 1.0724
05/29 21:25:39 - mmengine - INFO - Epoch(train)   [1][ 250/3504]  lr: 3.4319e-05  eta: 1 day, 20:34:11  time: 0.4263  data_time: 0.1229  memory: 4808  loss: 10.2016  loss_cls: 9.1212  loss_bbox: 1.0804
05/29 21:26:00 - mmengine - INFO - Epoch(train)   [1][ 300/3504]  lr: 3.9955e-05  eta: 1 day, 19:55:59  time: 0.4194  data_time: 0.1400  memory: 4836  loss: 12.1944  loss_cls: 11.1594  loss_bbox: 1.0350
05/29 21:26:21 - mmengine - INFO - Epoch(train)   [1][ 350/3504]  lr: 4.5591e-05  eta: 1 day, 19:31:49  time: 0.4232  data_time: 0.1158  memory: 4829  loss: 14.8959  loss_cls: 13.8460  loss_bbox: 1.0500
05/29 21:26:43 - mmengine - INFO - Epoch(train)   [1][ 400/3504]  lr: 5.1227e-05  eta: 1 day, 19:25:54  time: 0.4401  data_time: 0.1171  memory: 4971  loss: 14.7226  loss_cls: 13.6621  loss_bbox: 1.0606
05/29 21:27:04 - mmengine - INFO - Epoch(train)   [1][ 450/3504]  lr: 5.6864e-05  eta: 1 day, 19:07:24  time: 0.4188  data_time: 0.1315  memory: 4793  loss: 16.4261  loss_cls: 15.3219  loss_bbox: 1.1042
05/29 21:27:25 - mmengine - INFO - Epoch(train)   [1][ 500/3504]  lr: 6.2500e-05  eta: 1 day, 18:56:10  time: 0.4250  data_time: 0.1043  memory: 4701  loss: 17.1817  loss_cls: 16.1525  loss_bbox: 1.0292
05/29 21:27:47 - mmengine - INFO - Epoch(train)   [1][ 550/3504]  lr: 6.2500e-05  eta: 1 day, 18:47:30  time: 0.4261  data_time: 0.1138  memory: 4673  loss: 17.3991  loss_cls: 16.3455  loss_bbox: 1.0535
05/29 21:28:08 - mmengine - INFO - Epoch(train)   [1][ 600/3504]  lr: 6.2500e-05  eta: 1 day, 18:39:36  time: 0.4248  data_time: 0.1198  memory: 4946  loss: 11.7232  loss_cls: 10.6367  loss_bbox: 1.0865
05/29 21:28:29 - mmengine - INFO - Epoch(train)   [1][ 650/3504]  lr: 6.2500e-05  eta: 1 day, 18:28:58  time: 0.4161  data_time: 0.1187  memory: 5055  loss: 15.4827  loss_cls: 14.4050  loss_bbox: 1.0777
05/29 21:28:50 - mmengine - INFO - Epoch(train)   [1][ 700/3504]  lr: 6.2500e-05  eta: 1 day, 18:25:30  time: 0.4298  data_time: 0.1037  memory: 4668  loss: 15.5624  loss_cls: 14.4799  loss_bbox: 1.0824
05/29 21:29:12 - mmengine - INFO - Epoch(train)   [1][ 750/3504]  lr: 6.2500e-05  eta: 1 day, 18:21:26  time: 0.4272  data_time: 0.1003  memory: 4663  loss: 9.8814  loss_cls: 8.8406  loss_bbox: 1.0407
05/29 21:29:33 - mmengine - INFO - Epoch(train)   [1][ 800/3504]  lr: 6.2500e-05  eta: 1 day, 18:15:51  time: 0.4218  data_time: 0.1006  memory: 4876  loss: 17.6893  loss_cls: 16.5982  loss_bbox: 1.0911
05/29 21:29:54 - mmengine - INFO - Epoch(train)   [1][ 850/3504]  lr: 6.2500e-05  eta: 1 day, 18:12:08  time: 0.4254  data_time: 0.1029  memory: 5105  loss: 14.5201  loss_cls: 13.4624  loss_bbox: 1.0577
05/29 21:30:15 - mmengine - INFO - Epoch(train)   [1][ 900/3504]  lr: 6.2500e-05  eta: 1 day, 18:09:04  time: 0.4263  data_time: 0.1231  memory: 4633  loss: 12.9299  loss_cls: 11.8558  loss_bbox: 1.0741
05/29 21:30:36 - mmengine - INFO - Epoch(train)   [1][ 950/3504]  lr: 6.2500e-05  eta: 1 day, 18:04:45  time: 0.4213  data_time: 0.0990  memory: 4691  loss: 12.7600  loss_cls: 11.6953  loss_bbox: 1.0647
05/29 21:30:58 - mmengine - INFO - Exp name: exp14_convgamma_k1_20260529_212317
05/29 21:30:58 - mmengine - INFO - Epoch(train)   [1][1000/3504]  lr: 6.2500e-05  eta: 1 day, 18:02:28  time: 0.4269  data_time: 0.1050  memory: 4790  loss: 11.0615  loss_cls: 9.9969  loss_bbox: 1.0646
05/29 21:31:19 - mmengine - INFO - Epoch(train)   [1][1050/3504]  lr: 6.2500e-05  eta: 1 day, 17:59:21  time: 0.4232  data_time: 0.1099  memory: 4652  loss: 11.7097  loss_cls: 10.6483  loss_bbox: 1.0614
05/29 21:31:40 - mmengine - INFO - Epoch(train)   [1][1100/3504]  lr: 6.2500e-05  eta: 1 day, 17:56:14  time: 0.4223  data_time: 0.1011  memory: 4845  loss: 14.1845  loss_cls: 13.1213  loss_bbox: 1.0633
05/29 21:32:01 - mmengine - INFO - Epoch(train)   [1][1150/3504]  lr: 6.2500e-05  eta: 1 day, 17:52:08  time: 0.4175  data_time: 0.0966  memory: 4884  loss: 12.7699  loss_cls: 11.7105  loss_bbox: 1.0593
05/29 21:32:22 - mmengine - INFO - Epoch(train)   [1][1200/3504]  lr: 6.2500e-05  eta: 1 day, 17:49:31  time: 0.4223  data_time: 0.1025  memory: 4794  loss: 10.8054  loss_cls: 9.7420  loss_bbox: 1.0634
05/29 21:32:43 - mmengine - INFO - Epoch(train)   [1][1250/3504]  lr: 6.2500e-05  eta: 1 day, 17:45:52  time: 0.4170  data_time: 0.0939  memory: 4622  loss: 14.4923  loss_cls: 13.4808  loss_bbox: 1.0115
05/29 21:33:04 - mmengine - INFO - Epoch(train)   [1][1300/3504]  lr: 6.2500e-05  eta: 1 day, 17:43:22  time: 0.4210  data_time: 0.0987  memory: 4670  loss: 12.4444  loss_cls: 11.3976  loss_bbox: 1.0468
05/29 21:33:25 - mmengine - INFO - Epoch(train)   [1][1350/3504]  lr: 6.2500e-05  eta: 1 day, 17:40:18  time: 0.4177  data_time: 0.0999  memory: 4779  loss: 12.3276  loss_cls: 11.2599  loss_bbox: 1.0677
05/29 21:33:46 - mmengine - INFO - Epoch(train)   [1][1400/3504]  lr: 6.2500e-05  eta: 1 day, 17:37:59  time: 0.4203  data_time: 0.0992  memory: 4698  loss: 12.3744  loss_cls: 11.3096  loss_bbox: 1.0648
05/29 21:34:07 - mmengine - INFO - Epoch(train)   [1][1450/3504]  lr: 6.2500e-05  eta: 1 day, 17:36:50  time: 0.4255  data_time: 0.1038  memory: 4611  loss: 12.3917  loss_cls: 11.3319  loss_bbox: 1.0598
05/29 21:34:29 - mmengine - INFO - Epoch(train)   [1][1500/3504]  lr: 6.2500e-05  eta: 1 day, 17:37:27  time: 0.4343  data_time: 0.1121  memory: 4683  loss: 12.9831  loss_cls: 11.9433  loss_bbox: 1.0398
05/29 21:34:51 - mmengine - INFO - Epoch(train)   [1][1550/3504]  lr: 6.2500e-05  eta: 1 day, 17:38:35  time: 0.4374  data_time: 0.1157  memory: 4609  loss: 11.4953  loss_cls: 10.4615  loss_bbox: 1.0338
05/29 21:35:12 - mmengine - INFO - Epoch(train)   [1][1600/3504]  lr: 6.2500e-05  eta: 1 day, 17:37:19  time: 0.4248  data_time: 0.1074  memory: 4838  loss: 13.5632  loss_cls: 12.5312  loss_bbox: 1.0320
05/29 21:35:33 - mmengine - INFO - Epoch(train)   [1][1650/3504]  lr: 6.2500e-05  eta: 1 day, 17:35:00  time: 0.4185  data_time: 0.1095  memory: 4755  loss: 12.6800  loss_cls: 11.5866  loss_bbox: 1.0934
05/29 21:35:54 - mmengine - INFO - Epoch(train)   [1][1700/3504]  lr: 6.2500e-05  eta: 1 day, 17:33:13  time: 0.4208  data_time: 0.1129  memory: 4798  loss: 8.9058  loss_cls: 7.8467  loss_bbox: 1.0591
05/29 21:36:15 - mmengine - INFO - Epoch(train)   [1][1750/3504]  lr: 6.2500e-05  eta: 1 day, 17:31:11  time: 0.4189  data_time: 0.1110  memory: 4768  loss: 10.3780  loss_cls: 9.3035  loss_bbox: 1.0745
05/29 21:36:36 - mmengine - INFO - Epoch(train)   [1][1800/3504]  lr: 6.2500e-05  eta: 1 day, 17:30:33  time: 0.4270  data_time: 0.1137  memory: 4664  loss: 11.7247  loss_cls: 10.6657  loss_bbox: 1.0590
05/29 21:36:57 - mmengine - INFO - Epoch(train)   [1][1850/3504]  lr: 6.2500e-05  eta: 1 day, 17:29:39  time: 0.4253  data_time: 0.1157  memory: 4853  loss: 15.7132  loss_cls: 14.7091  loss_bbox: 1.0041
05/29 21:37:19 - mmengine - INFO - Epoch(train)   [1][1900/3504]  lr: 6.2500e-05  eta: 1 day, 17:28:11  time: 0.4212  data_time: 0.1158  memory: 4663  loss: 13.4306  loss_cls: 12.3569  loss_bbox: 1.0737
05/29 21:37:40 - mmengine - INFO - Epoch(train)   [1][1950/3504]  lr: 6.2500e-05  eta: 1 day, 17:27:06  time: 0.4235  data_time: 0.1107  memory: 4750  loss: 14.3870  loss_cls: 13.3223  loss_bbox: 1.0647
05/29 21:38:01 - mmengine - INFO - Exp name: exp14_convgamma_k1_20260529_212317
05/29 21:38:01 - mmengine - INFO - Epoch(train)   [1][2000/3504]  lr: 6.2500e-05  eta: 1 day, 17:26:25  time: 0.4260  data_time: 0.1148  memory: 4618  loss: 11.6314  loss_cls: 10.5530  loss_bbox: 1.0783
05/29 21:38:22 - mmengine - INFO - Epoch(train)   [1][2050/3504]  lr: 6.2500e-05  eta: 1 day, 17:25:00  time: 0.4207  data_time: 0.1165  memory: 4717  loss: 11.6114  loss_cls: 10.5591  loss_bbox: 1.0523
05/29 21:38:43 - mmengine - INFO - Epoch(train)   [1][2100/3504]  lr: 6.2500e-05  eta: 1 day, 17:23:47  time: 0.4218  data_time: 0.1179  memory: 4801  loss: 16.5596  loss_cls: 15.5499  loss_bbox: 1.0097
05/29 21:39:04 - mmengine - INFO - Epoch(train)   [1][2150/3504]  lr: 6.2500e-05  eta: 1 day, 17:22:37  time: 0.4220  data_time: 0.1149  memory: 4721  loss: 9.7349  loss_cls: 8.6816  loss_bbox: 1.0533
05/29 21:39:25 - mmengine - INFO - Epoch(train)   [1][2200/3504]  lr: 6.2500e-05  eta: 1 day, 17:21:36  time: 0.4227  data_time: 0.1135  memory: 4753  loss: 10.0794  loss_cls: 9.0179  loss_bbox: 1.0616
05/29 21:39:45 - mmengine - INFO - Epoch(train)   [1][2250/3504]  lr: 6.2500e-05  eta: 1 day, 17:15:50  time: 0.3856  data_time: 0.0890  memory: 4707  loss: 11.2579  loss_cls: 10.1989  loss_bbox: 1.0589
05/29 21:40:04 - mmengine - INFO - Epoch(train)   [1][2300/3504]  lr: 6.2500e-05  eta: 1 day, 17:10:32  time: 0.3876  data_time: 0.0869  memory: 4707  loss: 10.4556  loss_cls: 9.3815  loss_bbox: 1.0741
05/29 21:40:24 - mmengine - INFO - Epoch(train)   [1][2350/3504]  lr: 6.2500e-05  eta: 1 day, 17:06:20  time: 0.3946  data_time: 0.0916  memory: 4707  loss: 10.5011  loss_cls: 9.4590  loss_bbox: 1.0421
05/29 21:40:43 - mmengine - INFO - Epoch(train)   [1][2400/3504]  lr: 6.2500e-05  eta: 1 day, 17:01:00  time: 0.3840  data_time: 0.0961  memory: 4810  loss: 10.9402  loss_cls: 9.8921  loss_bbox: 1.0480
05/29 21:41:03 - mmengine - INFO - Epoch(train)   [1][2450/3504]  lr: 6.2500e-05  eta: 1 day, 16:57:04  time: 0.3940  data_time: 0.1000  memory: 4709  loss: 12.8794  loss_cls: 11.8264  loss_bbox: 1.0530
05/29 21:41:22 - mmengine - INFO - Epoch(train)   [1][2500/3504]  lr: 6.2500e-05  eta: 1 day, 16:52:42  time: 0.3892  data_time: 0.1105  memory: 4653  loss: 10.8877  loss_cls: 9.8507  loss_bbox: 1.0370
05/29 21:41:41 - mmengine - INFO - Epoch(train)   [1][2550/3504]  lr: 6.2500e-05  eta: 1 day, 16:47:58  time: 0.3844  data_time: 0.0996  memory: 4633  loss: 10.7313  loss_cls: 9.6850  loss_bbox: 1.0463
05/29 21:42:01 - mmengine - INFO - Epoch(train)   [1][2600/3504]  lr: 6.2500e-05  eta: 1 day, 16:44:28  time: 0.3940  data_time: 0.0868  memory: 4809  loss: 12.8541  loss_cls: 11.7558  loss_bbox: 1.0983
05/29 21:42:20 - mmengine - INFO - Epoch(train)   [1][2650/3504]  lr: 6.2500e-05  eta: 1 day, 16:39:05  time: 0.3757  data_time: 0.0878  memory: 4718  loss: 17.1326  loss_cls: 16.0641  loss_bbox: 1.0685
05/29 21:42:39 - mmengine - INFO - Epoch(train)   [1][2700/3504]  lr: 6.2500e-05  eta: 1 day, 16:35:04  time: 0.3866  data_time: 0.0891  memory: 4926  loss: 17.6059  loss_cls: 16.6247  loss_bbox: 0.9811
05/29 21:42:59 - mmengine - INFO - Epoch(train)   [1][2750/3504]  lr: 6.2500e-05  eta: 1 day, 16:31:28  time: 0.3894  data_time: 0.0976  memory: 4723  loss: 10.8378  loss_cls: 9.8020  loss_bbox: 1.0358
05/29 21:43:18 - mmengine - INFO - Epoch(train)   [1][2800/3504]  lr: 6.2500e-05  eta: 1 day, 16:27:26  time: 0.3840  data_time: 0.0883  memory: 4895  loss: 12.7197  loss_cls: 11.6796  loss_bbox: 1.0401
05/29 21:43:37 - mmengine - INFO - Epoch(train)   [1][2850/3504]  lr: 6.2500e-05  eta: 1 day, 16:23:56  time: 0.3881  data_time: 0.1042  memory: 4719  loss: 11.3972  loss_cls: 10.3291  loss_bbox: 1.0681
05/29 21:43:56 - mmengine - INFO - Epoch(train)   [1][2900/3504]  lr: 6.2500e-05  eta: 1 day, 16:20:12  time: 0.3846  data_time: 0.0987  memory: 4794  loss: 15.8280  loss_cls: 14.8141  loss_bbox: 1.0138
05/29 21:44:16 - mmengine - INFO - Epoch(train)   [1][2950/3504]  lr: 6.2500e-05  eta: 1 day, 16:16:29  time: 0.3835  data_time: 0.0919  memory: 4963  loss: 11.8243  loss_cls: 10.7476  loss_bbox: 1.0766
05/29 21:44:35 - mmengine - INFO - Exp name: exp14_convgamma_k1_20260529_212317
05/29 21:44:35 - mmengine - INFO - Epoch(train)   [1][3000/3504]  lr: 6.2500e-05  eta: 1 day, 16:13:12  time: 0.3868  data_time: 0.1075  memory: 4888  loss: 11.3378  loss_cls: 10.2865  loss_bbox: 1.0512
05/29 21:44:54 - mmengine - INFO - Epoch(train)   [1][3050/3504]  lr: 6.2500e-05  eta: 1 day, 16:09:07  time: 0.3774  data_time: 0.0942  memory: 4730  loss: 13.8875  loss_cls: 12.8502  loss_bbox: 1.0374
05/29 21:45:13 - mmengine - INFO - Epoch(train)   [1][3100/3504]  lr: 6.2500e-05  eta: 1 day, 16:05:54  time: 0.3855  data_time: 0.1094  memory: 4650  loss: 10.1043  loss_cls: 9.0483  loss_bbox: 1.0560
05/29 21:45:32 - mmengine - INFO - Epoch(train)   [1][3150/3504]  lr: 6.2500e-05  eta: 1 day, 16:02:21  time: 0.3807  data_time: 0.1126  memory: 5105  loss: 11.1471  loss_cls: 10.0955  loss_bbox: 1.0516
05/29 21:45:51 - mmengine - INFO - Epoch(train)   [1][3200/3504]  lr: 6.2500e-05  eta: 1 day, 15:58:55  time: 0.3809  data_time: 0.1180  memory: 4708  loss: 9.3597  loss_cls: 8.2932  loss_bbox: 1.0665
05/29 21:46:10 - mmengine - INFO - Epoch(train)   [1][3250/3504]  lr: 6.2500e-05  eta: 1 day, 15:55:02  time: 0.3748  data_time: 0.1099  memory: 4698  loss: 10.3122  loss_cls: 9.2663  loss_bbox: 1.0459
05/29 21:46:29 - mmengine - INFO - Epoch(train)   [1][3300/3504]  lr: 6.2500e-05  eta: 1 day, 15:51:31  time: 0.3779  data_time: 0.1080  memory: 4837  loss: 12.7518  loss_cls: 11.7000  loss_bbox: 1.0518
05/29 21:46:48 - mmengine - INFO - Epoch(train)   [1][3350/3504]  lr: 6.2500e-05  eta: 1 day, 15:48:00  time: 0.3766  data_time: 0.1019  memory: 4748  loss: 15.1722  loss_cls: 14.1244  loss_bbox: 1.0478
05/29 21:47:07 - mmengine - INFO - Epoch(train)   [1][3400/3504]  lr: 6.2500e-05  eta: 1 day, 15:44:44  time: 0.3785  data_time: 0.1034  memory: 4763  loss: 15.6516  loss_cls: 14.5983  loss_bbox: 1.0532
05/29 21:47:26 - mmengine - INFO - Epoch(train)   [1][3450/3504]  lr: 6.2500e-05  eta: 1 day, 15:41:28  time: 0.3774  data_time: 0.0882  memory: 4689  loss: 12.3088  loss_cls: 11.2336  loss_bbox: 1.0752
05/29 21:47:44 - mmengine - INFO - Epoch(train)   [1][3500/3504]  lr: 6.2500e-05  eta: 1 day, 15:37:17  time: 0.3653  data_time: 0.0870  memory: 4644  loss: 12.4828  loss_cls: 11.4606  loss_bbox: 1.0223
05/29 21:47:44 - mmengine - INFO - Exp name: exp14_convgamma_k1_20260529_212317
05/29 21:47:44 - mmengine - INFO - Saving checkpoint at 1 epochs
[1;34mwandb[0m: 
[1;34mwandb[0m: 🚀 View run [33mexp14[0m at: [34m[0m
[1;34mwandb[0m: Find logs at: [1;35mwork_dirs/exp14/20260529_212317/vis_data/wandb/run-20260529_212319-gr9fo8hz/logs[0m
=== exp14 finished ===
