=== Attempting Kerberos authentication ===
Password for souval_g@WMGDS.WMG.WARWICK.AC.UK: 
kinit exit status: 0
Ticket cache: FILE:/tmp/krb5cc_1922617598
Default principal: souval_g@WMGDS.WMG.WARWICK.AC.UK

Valid starting     Expires            Service principal
05/29/26 21:22:54  05/30/26 07:22:54  krbtgt/WMGDS.WMG.WARWICK.AC.UK@WMGDS.WMG.WARWICK.AC.UK
	renew until 06/05/26 21:22:54
=== Starting Kerberos renewal loop ===
Kerberos renewal loop started (PID: 663733)
=== Triggering CIFS mount ===
=== Starting exp13 ===
Training command is /networkhome/WMGDS/souval_g/anaconda3/envs/mmdet12/bin/python3.10 /networkhome/WMGDS/souval_g/neuRAWns_mmdet/mmdetection/mmdet/.mim/tools/train.py configs/experiments/exp13_convgammagain.py --launcher none --work-dir /networkhome/WMGDS/souval_g/neuRAWns_mmdet/work_dirs/exp13 --cfg-options train_dataloader.dataset.data_root=/networkhome/WMGDS/souval_g/data/ROD/yolo/ val_dataloader.dataset.data_root=/networkhome/WMGDS/souval_g/data/ROD/yolo/ test_dataloader.dataset.data_root=/networkhome/WMGDS/souval_g/data/ROD/yolo/ val_evaluator.ann_file=/networkhome/WMGDS/souval_g/data/ROD/yolo/raw/json_raw_coco_mapped/val.json test_evaluator.ann_file=/networkhome/WMGDS/souval_g/data/ROD/yolo/raw/json_raw_coco_mapped/test.json load_from=/networkhome/WMGDS/souval_g/checkpoints_mmdet/rtmdet_s_8xb32-300e_coco_20220905_161602-387a891e.pth. 
Gina running this. =============================
05/29 21:23:09 - mmengine - INFO - 
------------------------------------------------------------
System environment:
    sys.platform: linux
    Python: 3.10.18 (main, Jun  5 2025, 13:14:17) [GCC 11.2.0]
    CUDA available: True
    MUSA available: False
    numpy_random_seed: 14174167
    GPU 0: NVIDIA RTX PRO 6000 Blackwell Server Edition
    CUDA_HOME: /usr/local/cuda
    NVCC: Cuda compilation tools, release 13.1, V13.1.115
    GCC: gcc (Ubuntu 13.3.0-6ubuntu2~24.04.1) 13.3.0
    PyTorch: 2.11.0+cu128
    PyTorch compiling details: PyTorch built with:
  - GCC 13.3
  - C++ Version: 201703
  - Intel(R) oneAPI Math Kernel Library Version 2025.0-Product Build 20241009 for Intel(R) 64 architecture applications
  - Intel(R) MKL-DNN v3.10.2 (Git Hash f1d471933dc852f956fd05389f9313c7148783d5)
  - OpenMP 201511 (a.k.a. OpenMP 4.5)
  - LAPACK is enabled (usually provided by MKL)
  - NNPACK is enabled
  - CPU capability usage: AVX512
  - CUDA Runtime 12.8
  - NVCC architecture flags: -gencode;arch=compute_75,code=sm_75;-gencode;arch=compute_80,code=sm_80;-gencode;arch=compute_86,code=sm_86;-gencode;arch=compute_90,code=sm_90;-gencode;arch=compute_100,code=sm_100;-gencode;arch=compute_120,code=sm_120
  - CuDNN 91.9  (built against CUDA 12.9)
  - Magma 2.6.1
  - Build settings: BLAS_INFO=mkl, BUILD_TYPE=Release, COMMIT_SHA=70d99e998b4955e0049d13a98d77ae1b14db1f45, CUDA_VERSION=12.8, CUDNN_VERSION=9.19.0, CXX_COMPILER=/opt/rh/gcc-toolset-13/root/usr/bin/c++, CXX_FLAGS= -fvisibility-inlines-hidden -DUSE_PTHREADPOOL -DNDEBUG -DUSE_KINETO -DLIBKINETO_NOROCTRACER -DLIBKINETO_NOXPUPTI=ON -DUSE_FBGEMM -DUSE_MSLK -DUSE_PYTORCH_QNNPACK -DUSE_XNNPACK -DSYMBOLICATE_MOBILE_DEBUG_HANDLE -O2 -fPIC -DC10_NODEPRECATED -Wall -Wextra -Werror=return-type -Werror=non-virtual-dtor -Werror=range-loop-construct -Werror=bool-operation -Wnarrowing -Wno-missing-field-initializers -Wno-unknown-pragmas -Wno-unused-parameter -Wno-strict-overflow -Wno-strict-aliasing -Wno-stringop-overflow -Wsuggest-override -Wno-psabi -Wno-error=old-style-cast -faligned-new -Wno-maybe-uninitialized -fno-math-errno -fno-trapping-math -Werror=format -Wno-dangling-reference -Wno-error=dangling-reference -Wno-stringop-overflow, LAPACK_INFO=mkl, PERF_WITH_AVX=1, PERF_WITH_AVX2=1, TORCH_VERSION=2.11.0, USE_CUDA=ON, USE_CUDNN=ON, USE_CUSPARSELT=1, USE_GFLAGS=OFF, USE_GLOG=OFF, USE_GLOO=ON, USE_MKL=ON, USE_MKLDNN=ON, USE_MPI=OFF, USE_NCCL=1, USE_NNPACK=ON, USE_OPENMP=ON, USE_ROCM=OFF, USE_ROCM_KERNEL_ASSERT=OFF, USE_XCCL=OFF, USE_XPU=OFF, 

    TorchVision: 0.26.0+cu128
    OpenCV: 4.11.0
    MMEngine: 0.10.7

Runtime environment:
    cudnn_benchmark: False
    mp_cfg: {'mp_start_method': 'fork', 'opencv_num_threads': 0}
    dist_cfg: {'backend': 'nccl'}
    seed: 14174167
    Distributed launcher: none
    Distributed training: False
    GPU number: 1
------------------------------------------------------------

05/29 21:23:09 - mmengine - INFO - Config:
auto_scale_lr = dict(base_batch_size=64, enable=True)
custom_hooks = [
    dict(
        check_updates=False,
        debug_mode=False,
        priority='VERY_HIGH',
        type='FreezeDetectorHook'),
    dict(
        min_delta=0.001,
        monitor='coco/bbox_mAP',
        patience=10,
        rule='greater',
        type='EarlyStoppingHook'),
    dict(
        experiment_name='exp13',
        save_dir='sample_images',
        save_preprocessed=True,
        save_raw=True,
        type='SaveBatchImagesHook'),
    dict(log_every_n_steps=50, type='PreprocessorMonitorHook'),
]
custom_imports = dict(
    allow_failed_imports=False,
    imports=[
        'modules.raw_preprocessors',
        'modules.wrappers',
        'modules.hooks',
        'datasets.pipelines',
    ])
data_root = '/home/souval_g_WMGDS.WMG.WARWICK.AC.UK/data/ROD/yolo/'
dataset_type = 'CocoDataset'
default_hooks = dict(
    checkpoint=dict(
        interval=1,
        max_keep_ckpts=2,
        rule='greater',
        save_best='coco/bbox_mAP',
        type='CheckpointHook'),
    logger=dict(interval=50, type='LoggerHook'),
    param_scheduler=dict(type='ParamSchedulerHook'),
    sampler_seed=dict(type='DistSamplerSeedHook'),
    timer=dict(type='IterTimerHook'),
    visualization=dict(type='DetVisualizationHook'))
default_scope = 'mmdet'
env_cfg = dict(
    cudnn_benchmark=False,
    dist_cfg=dict(backend='nccl'),
    mp_cfg=dict(mp_start_method='fork', opencv_num_threads=0))
exp_name = 'exp13'
launcher = 'none'
load_from = '/networkhome/WMGDS/souval_g/checkpoints_mmdet/rtmdet_s_8xb32-300e_coco_20220905_161602-387a891e.pth'
log_level = 'INFO'
log_processor = dict(by_epoch=True, type='LogProcessor', window_size=50)
model = dict(
    backbone=dict(
        act_cfg=dict(inplace=True, type='SiLU'),
        arch='P5',
        channel_attention=True,
        deepen_factor=0.33,
        expand_ratio=0.5,
        norm_cfg=dict(type='BN'),
        type='CSPNeXt',
        widen_factor=0.5),
    bbox_head=dict(
        act_cfg=dict(inplace=True, type='SiLU'),
        anchor_generator=dict(
            offset=0, strides=[
                8,
                16,
                32,
            ], type='MlvlPointGenerator'),
        bbox_coder=dict(type='DistancePointBBoxCoder'),
        exp_on_reg=False,
        feat_channels=128,
        in_channels=128,
        loss_bbox=dict(loss_weight=2.0, type='GIoULoss'),
        loss_cls=dict(
            beta=2.0,
            loss_weight=1.0,
            type='QualityFocalLoss',
            use_sigmoid=True),
        norm_cfg=dict(type='BN'),
        num_classes=80,
        pred_kernel_size=1,
        share_conv=True,
        stacked_convs=2,
        type='RTMDetSepBNHead',
        with_objectness=False),
    data_preprocessor=dict(
        batch_augments=None,
        bgr_to_rgb=True,
        mean=[
            103.53,
            116.28,
            123.675,
        ],
        pad_size_divisor=32,
        preprocessor_cfg=dict(
            in_channels=3, kernel_size=3, out_channels=3,
            type='ConvGammaGain'),
        std=[
            57.375,
            57.12,
            58.395,
        ],
        type='RAWDetDataPreprocessor'),
    neck=dict(
        act_cfg=dict(inplace=True, type='SiLU'),
        expand_ratio=0.5,
        in_channels=[
            128,
            256,
            512,
        ],
        norm_cfg=dict(type='BN'),
        num_csp_blocks=1,
        out_channels=128,
        type='CSPNeXtPAFPN'),
    test_cfg=dict(
        max_per_img=300,
        min_bbox_size=0,
        nms=dict(iou_threshold=0.65, type='nms'),
        nms_pre=30000,
        score_thr=0.001),
    train_cfg=dict(
        allowed_border=-1,
        assigner=dict(topk=13, type='DynamicSoftLabelAssigner'),
        debug=False,
        pos_weight=-1),
    type='RTMDet')
optim_wrapper = dict(
    optimizer=dict(lr=0.001, type='AdamW', weight_decay=0.01),
    type='OptimWrapper')
param_scheduler = [
    dict(begin=0, by_epoch=False, end=500, start_factor=0.1, type='LinearLR'),
    dict(begin=0, by_epoch=True, end=100, type='CosineAnnealingLR'),
]
resume = False
test_cfg = dict(type='TestLoop')
test_dataloader = dict(
    batch_size=1,
    dataset=dict(
        ann_file='raw/json_raw_coco_mapped/test.json',
        data_prefix=dict(img='raw/images/test/'),
        data_root='/networkhome/WMGDS/souval_g/data/ROD/yolo/',
        pipeline=[
            dict(type='LoadRAWImageFromFile'),
            dict(type='NormaliseP99'),
            dict(out_channels=3, type='PackBayer'),
            dict(keep_ratio=True, scale=(
                1333,
                800,
            ), type='Resize'),
            dict(type='PackDetInputs'),
        ],
        type='CocoDataset'),
    drop_last=False,
    num_workers=2,
    persistent_workers=True,
    sampler=dict(shuffle=False, type='DefaultSampler'))
test_evaluator = dict(
    ann_file=
    '/networkhome/WMGDS/souval_g/data/ROD/yolo/raw/json_raw_coco_mapped/test.json',
    classwise=True,
    format_only=False,
    label_to_catid=dict({
        0: 1,
        1: 2,
        2: 3,
        6: 7,
        7: 8
    }),
    metric='bbox',
    type='CocoMetric')
test_pipeline = [
    dict(type='LoadRAWImageFromFile'),
    dict(type='NormaliseP99'),
    dict(out_channels=3, type='PackBayer'),
    dict(keep_ratio=True, scale=(
        1333,
        800,
    ), type='Resize'),
    dict(type='PackDetInputs'),
]
train_cfg = dict(max_epochs=100, type='EpochBasedTrainLoop', val_interval=1)
train_dataloader = dict(
    batch_size=4,
    dataset=dict(
        ann_file='raw/json_raw_coco_mapped/train.json',
        data_prefix=dict(img='raw/images/train/'),
        data_root='/networkhome/WMGDS/souval_g/data/ROD/yolo/',
        filter_cfg=dict(filter_empty_gt=True, min_size=32),
        pipeline=[
            dict(type='LoadRAWImageFromFile'),
            dict(type='NormaliseP99'),
            dict(out_channels=3, type='PackBayer'),
            dict(type='LoadAnnotations', with_bbox=True),
            dict(keep_ratio=True, scale=(
                1333,
                800,
            ), type='Resize'),
            dict(prob=0.5, type='RandomFlip'),
            dict(type='PackDetInputs'),
        ],
        type='CocoDataset'),
    num_workers=4,
    persistent_workers=True,
    sampler=dict(shuffle=True, type='DefaultSampler'))
train_pipeline = [
    dict(type='LoadRAWImageFromFile'),
    dict(type='NormaliseP99'),
    dict(out_channels=3, type='PackBayer'),
    dict(type='LoadAnnotations', with_bbox=True),
    dict(keep_ratio=True, scale=(
        1333,
        800,
    ), type='Resize'),
    dict(prob=0.5, type='RandomFlip'),
    dict(type='PackDetInputs'),
]
val_cfg = dict(type='ValLoop')
val_dataloader = dict(
    batch_size=1,
    dataset=dict(
        ann_file='raw/json_raw_coco_mapped/val.json',
        data_prefix=dict(img='raw/images/val/'),
        data_root='/networkhome/WMGDS/souval_g/data/ROD/yolo/',
        pipeline=[
            dict(type='LoadRAWImageFromFile'),
            dict(type='NormaliseP99'),
            dict(out_channels=3, type='PackBayer'),
            dict(keep_ratio=True, scale=(
                1333,
                800,
            ), type='Resize'),
            dict(type='PackDetInputs'),
        ],
        type='CocoDataset'),
    drop_last=False,
    num_workers=2,
    persistent_workers=True,
    sampler=dict(shuffle=False, type='DefaultSampler'))
val_evaluator = dict(
    ann_file=
    '/networkhome/WMGDS/souval_g/data/ROD/yolo/raw/json_raw_coco_mapped/val.json',
    classwise=True,
    format_only=False,
    label_to_catid=dict({
        0: 1,
        1: 2,
        2: 3,
        6: 7,
        7: 8
    }),
    metric='bbox',
    type='CocoMetric')
vis_backends = [
    dict(type='LocalVisBackend'),
    dict(
        init_kwargs=dict(
            config=dict(
                detector='RTMDet-S',
                detector_frozen=True,
                gain=True,
                gain_learnable=True,
                gamma=0.45454545454545453,
                in_channels=3,
                input='packed_3ch',
                kernel_size=3,
                preprocessor='ConvGammaGain'),
            name='exp13',
            project='neuRAWns-mmdet-ROD-v2'),
        type='WandbVisBackend'),
]
visualizer = dict(
    name='visualizer',
    type='DetLocalVisualizer',
    vis_backends=[
        dict(type='LocalVisBackend'),
        dict(
            init_kwargs=dict(
                config=dict(
                    detector='RTMDet-S',
                    detector_frozen=True,
                    gain=True,
                    gain_learnable=True,
                    gamma=0.45454545454545453,
                    in_channels=3,
                    input='packed_3ch',
                    kernel_size=3,
                    preprocessor='ConvGammaGain'),
                name='exp13',
                project='neuRAWns-mmdet-ROD-v2'),
            type='WandbVisBackend'),
    ])
work_dir = '/networkhome/WMGDS/souval_g/neuRAWns_mmdet/work_dirs/exp13'

05/29 21:23:28 - mmengine - INFO - Distributed training is not used, all SyncBatchNorm (SyncBN) layers in the model will be automatically reverted to BatchNormXd layers if they are used.
05/29 21:23:28 - mmengine - INFO - Hooks will be executed in the following order:
before_run:
(VERY_HIGH   ) RuntimeInfoHook                    
(BELOW_NORMAL) LoggerHook                         
(LOWEST      ) EarlyStoppingHook                  
 -------------------- 
before_train:
(VERY_HIGH   ) RuntimeInfoHook                    
(VERY_HIGH   ) FreezeDetectorHook                 
(NORMAL      ) IterTimerHook                      
(VERY_LOW    ) CheckpointHook                     
 -------------------- 
before_train_epoch:
(VERY_HIGH   ) RuntimeInfoHook                    
(NORMAL      ) IterTimerHook                      
(NORMAL      ) DistSamplerSeedHook                
(NORMAL      ) SaveBatchImagesHook                
 -------------------- 
before_train_iter:
(VERY_HIGH   ) RuntimeInfoHook                    
(NORMAL      ) IterTimerHook                      
 -------------------- 
after_train_iter:
(VERY_HIGH   ) RuntimeInfoHook                    
(NORMAL      ) IterTimerHook                      
(NORMAL      ) SaveBatchImagesHook                
(NORMAL      ) PreprocessorMonitorHook            
(BELOW_NORMAL) LoggerHook                         
(LOW         ) ParamSchedulerHook                 
(VERY_LOW    ) CheckpointHook                     
 -------------------- 
after_train_epoch:
(VERY_HIGH   ) FreezeDetectorHook                 
(NORMAL      ) IterTimerHook                      
(LOW         ) ParamSchedulerHook                 
(VERY_LOW    ) CheckpointHook                     
 -------------------- 
before_val:
(VERY_HIGH   ) RuntimeInfoHook                    
 -------------------- 
before_val_epoch:
(NORMAL      ) IterTimerHook                      
 -------------------- 
before_val_iter:
(NORMAL      ) IterTimerHook                      
 -------------------- 
after_val_iter:
(NORMAL      ) IterTimerHook                      
(NORMAL      ) DetVisualizationHook               
(BELOW_NORMAL) LoggerHook                         
 -------------------- 
after_val_epoch:
(VERY_HIGH   ) RuntimeInfoHook                    
(NORMAL      ) IterTimerHook                      
(BELOW_NORMAL) LoggerHook                         
(LOW         ) ParamSchedulerHook                 
(VERY_LOW    ) CheckpointHook                     
(LOWEST      ) EarlyStoppingHook                  
 -------------------- 
after_val:
(VERY_HIGH   ) RuntimeInfoHook                    
 -------------------- 
after_train:
(VERY_HIGH   ) RuntimeInfoHook                    
(VERY_LOW    ) CheckpointHook                     
 -------------------- 
before_test:
(VERY_HIGH   ) RuntimeInfoHook                    
 -------------------- 
before_test_epoch:
(NORMAL      ) IterTimerHook                      
 -------------------- 
before_test_iter:
(NORMAL      ) IterTimerHook                      
 -------------------- 
after_test_iter:
(NORMAL      ) IterTimerHook                      
(NORMAL      ) DetVisualizationHook               
(BELOW_NORMAL) LoggerHook                         
 -------------------- 
after_test_epoch:
(VERY_HIGH   ) RuntimeInfoHook                    
(NORMAL      ) IterTimerHook                      
(BELOW_NORMAL) LoggerHook                         
 -------------------- 
after_test:
(VERY_HIGH   ) RuntimeInfoHook                    
 -------------------- 
after_run:
(BELOW_NORMAL) LoggerHook                         
 -------------------- 
loading annotations into memory...
Done (t=0.83s)
creating index...
index created!
AFTER load_data_list: 14061 items
AFTER filter_data: 14015 items
BEFORE serialize: 14015 items
05/29 21:23:31 - mmengine - INFO - LR is set based on batch size of 64 and the current batch size is 4. Scaling the original LR by 0.0625.
loading annotations into memory...
Done (t=0.10s)
creating index...
index created!
AFTER load_data_list: 4017 items
AFTER filter_data: 4017 items
BEFORE serialize: 4017 items
loading annotations into memory...
Done (t=0.11s)
creating index...
index created!
Loads checkpoint by local backend from path: /networkhome/WMGDS/souval_g/checkpoints_mmdet/rtmdet_s_8xb32-300e_coco_20220905_161602-387a891e.pth
The model and loaded state dict do not match exactly

unexpected key in source state_dict: data_preprocessor.mean, data_preprocessor.std

missing keys in source state_dict: data_preprocessor.raw_preprocessor.log_gain, data_preprocessor.raw_preprocessor.conv.weight, data_preprocessor.raw_preprocessor.conv.bias

05/29 21:23:32 - mmengine - INFO - Load checkpoint from /networkhome/WMGDS/souval_g/checkpoints_mmdet/rtmdet_s_8xb32-300e_coco_20220905_161602-387a891e.pth
05/29 21:23:33 - mmengine - INFO - 
============================================================
DETECTOR FREEZING COMPLETE
============================================================
Total:         8,887,011
Trainable:            87  (0.0010%)
Frozen:        8,886,924
============================================================

05/29 21:23:33 - mmengine - WARNING - "FileClient" will be deprecated in future. Please use io functions in https://mmengine.readthedocs.io/en/latest/api/fileio.html#file-io
05/29 21:23:33 - mmengine - WARNING - "HardDiskBackend" is the alias of "LocalBackend" and the former will be deprecated in future.
05/29 21:23:33 - mmengine - INFO - Checkpoints will be saved to /networkhome/WMGDS/souval_g/neuRAWns_mmdet/work_dirs/exp13.
05/29 21:23:40 - mmengine - INFO - Saved 4 images from epoch 1 to sample_images/exp13/epoch_1
05/29 21:24:00 - mmengine - INFO - Epoch(train)   [1][  50/3504]  lr: 1.1774e-05  eta: 2 days, 5:13:39  time: 0.5469  data_time: 0.1893  memory: 4983  loss: 13.7810  loss_cls: 12.7009  loss_bbox: 1.0801
05/29 21:24:21 - mmengine - INFO - Epoch(train)   [1][ 100/3504]  lr: 1.7410e-05  eta: 1 day, 22:53:41  time: 0.4169  data_time: 0.1708  memory: 4949  loss: 17.9973  loss_cls: 16.9525  loss_bbox: 1.0449
05/29 21:24:43 - mmengine - INFO - Epoch(train)   [1][ 150/3504]  lr: 2.3046e-05  eta: 1 day, 21:31:01  time: 0.4397  data_time: 0.1567  memory: 4932  loss: 10.2470  loss_cls: 9.2290  loss_bbox: 1.0180
05/29 21:25:04 - mmengine - INFO - Epoch(train)   [1][ 200/3504]  lr: 2.8682e-05  eta: 1 day, 20:20:01  time: 0.4194  data_time: 0.1619  memory: 4845  loss: 12.9130  loss_cls: 11.8919  loss_bbox: 1.0210
05/29 21:25:26 - mmengine - INFO - Epoch(train)   [1][ 250/3504]  lr: 3.4319e-05  eta: 1 day, 20:01:25  time: 0.4401  data_time: 0.1353  memory: 4852  loss: 10.2684  loss_cls: 9.2099  loss_bbox: 1.0585
05/29 21:25:47 - mmengine - INFO - Epoch(train)   [1][ 300/3504]  lr: 3.9955e-05  eta: 1 day, 19:39:04  time: 0.4300  data_time: 0.1238  memory: 4783  loss: 11.3003  loss_cls: 10.2372  loss_bbox: 1.0631
05/29 21:26:08 - mmengine - INFO - Epoch(train)   [1][ 350/3504]  lr: 4.5591e-05  eta: 1 day, 19:14:46  time: 0.4202  data_time: 0.1135  memory: 4768  loss: 11.6884  loss_cls: 10.6151  loss_bbox: 1.0733
05/29 21:26:30 - mmengine - INFO - Epoch(train)   [1][ 400/3504]  lr: 5.1227e-05  eta: 1 day, 19:04:38  time: 0.4314  data_time: 0.1152  memory: 4751  loss: 9.6527  loss_cls: 8.6118  loss_bbox: 1.0409
05/29 21:26:51 - mmengine - INFO - Epoch(train)   [1][ 450/3504]  lr: 5.6864e-05  eta: 1 day, 18:51:30  time: 0.4234  data_time: 0.1080  memory: 4880  loss: 9.4667  loss_cls: 8.4125  loss_bbox: 1.0542
05/29 21:27:12 - mmengine - INFO - Epoch(train)   [1][ 500/3504]  lr: 6.2500e-05  eta: 1 day, 18:45:13  time: 0.4307  data_time: 0.1157  memory: 4866  loss: 9.3024  loss_cls: 8.2350  loss_bbox: 1.0674
05/29 21:27:34 - mmengine - INFO - Epoch(train)   [1][ 550/3504]  lr: 6.2500e-05  eta: 1 day, 18:38:25  time: 0.4278  data_time: 0.1133  memory: 4868  loss: 13.1252  loss_cls: 12.0544  loss_bbox: 1.0708
05/29 21:27:55 - mmengine - INFO - Epoch(train)   [1][ 600/3504]  lr: 6.2500e-05  eta: 1 day, 18:30:08  time: 0.4225  data_time: 0.0981  memory: 4882  loss: 11.1293  loss_cls: 10.0671  loss_bbox: 1.0622
05/29 21:28:16 - mmengine - INFO - Epoch(train)   [1][ 650/3504]  lr: 6.2500e-05  eta: 1 day, 18:23:16  time: 0.4229  data_time: 0.0963  memory: 4946  loss: 15.4424  loss_cls: 14.3978  loss_bbox: 1.0446
05/29 21:28:38 - mmengine - INFO - Epoch(train)   [1][ 700/3504]  lr: 6.2500e-05  eta: 1 day, 18:19:52  time: 0.4290  data_time: 0.1012  memory: 4797  loss: 14.3110  loss_cls: 13.2581  loss_bbox: 1.0529
05/29 21:28:59 - mmengine - INFO - Epoch(train)   [1][ 750/3504]  lr: 6.2500e-05  eta: 1 day, 18:15:28  time: 0.4254  data_time: 0.0990  memory: 5194  loss: 11.5547  loss_cls: 10.4981  loss_bbox: 1.0566
05/29 21:29:20 - mmengine - INFO - Epoch(train)   [1][ 800/3504]  lr: 6.2500e-05  eta: 1 day, 18:11:41  time: 0.4257  data_time: 0.1103  memory: 4764  loss: 11.0104  loss_cls: 9.9526  loss_bbox: 1.0578
05/29 21:29:42 - mmengine - INFO - Epoch(train)   [1][ 850/3504]  lr: 6.2500e-05  eta: 1 day, 18:09:35  time: 0.4294  data_time: 0.1075  memory: 5106  loss: 9.3888  loss_cls: 8.3223  loss_bbox: 1.0665
05/29 21:30:03 - mmengine - INFO - Epoch(train)   [1][ 900/3504]  lr: 6.2500e-05  eta: 1 day, 18:08:42  time: 0.4326  data_time: 0.1015  memory: 5005  loss: 10.2750  loss_cls: 9.2407  loss_bbox: 1.0343
05/29 21:30:25 - mmengine - INFO - Epoch(train)   [1][ 950/3504]  lr: 6.2500e-05  eta: 1 day, 18:05:56  time: 0.4263  data_time: 0.1035  memory: 4851  loss: 13.6418  loss_cls: 12.6113  loss_bbox: 1.0305
05/29 21:30:46 - mmengine - INFO - Exp name: exp13_convgammagain_20260529_212309
05/29 21:30:46 - mmengine - INFO - Epoch(train)   [1][1000/3504]  lr: 6.2500e-05  eta: 1 day, 18:02:03  time: 0.4216  data_time: 0.1044  memory: 4913  loss: 17.7106  loss_cls: 16.6846  loss_bbox: 1.0259
05/29 21:31:07 - mmengine - INFO - Epoch(train)   [1][1050/3504]  lr: 6.2500e-05  eta: 1 day, 18:00:18  time: 0.4281  data_time: 0.1038  memory: 4901  loss: 17.3404  loss_cls: 16.2832  loss_bbox: 1.0573
05/29 21:31:28 - mmengine - INFO - Epoch(train)   [1][1100/3504]  lr: 6.2500e-05  eta: 1 day, 17:56:26  time: 0.4196  data_time: 0.0994  memory: 5082  loss: 19.1439  loss_cls: 18.1113  loss_bbox: 1.0326
05/29 21:31:49 - mmengine - INFO - Epoch(train)   [1][1150/3504]  lr: 6.2500e-05  eta: 1 day, 17:52:35  time: 0.4185  data_time: 0.1023  memory: 4844  loss: 9.3985  loss_cls: 8.3433  loss_bbox: 1.0552
05/29 21:32:10 - mmengine - INFO - Epoch(train)   [1][1200/3504]  lr: 6.2500e-05  eta: 1 day, 17:49:50  time: 0.4218  data_time: 0.1089  memory: 4764  loss: 9.5073  loss_cls: 8.4535  loss_bbox: 1.0538
05/29 21:32:31 - mmengine - INFO - Epoch(train)   [1][1250/3504]  lr: 6.2500e-05  eta: 1 day, 17:47:22  time: 0.4222  data_time: 0.1135  memory: 4830  loss: 14.6142  loss_cls: 13.5671  loss_bbox: 1.0471
05/29 21:32:51 - mmengine - INFO - Epoch(train)   [1][1300/3504]  lr: 6.2500e-05  eta: 1 day, 17:40:19  time: 0.4010  data_time: 0.0982  memory: 4808  loss: 11.5981  loss_cls: 10.5411  loss_bbox: 1.0571
05/29 21:33:10 - mmengine - INFO - Epoch(train)   [1][1350/3504]  lr: 6.2500e-05  eta: 1 day, 17:30:09  time: 0.3842  data_time: 0.0924  memory: 4932  loss: 13.0155  loss_cls: 11.9334  loss_bbox: 1.0821
05/29 21:33:31 - mmengine - INFO - Epoch(train)   [1][1400/3504]  lr: 6.2500e-05  eta: 1 day, 17:26:42  time: 0.4131  data_time: 0.0991  memory: 4802  loss: 9.6486  loss_cls: 8.5762  loss_bbox: 1.0724
05/29 21:33:51 - mmengine - INFO - Epoch(train)   [1][1450/3504]  lr: 6.2500e-05  eta: 1 day, 17:20:15  time: 0.3972  data_time: 0.0915  memory: 4884  loss: 10.8323  loss_cls: 9.7621  loss_bbox: 1.0702
05/29 21:34:11 - mmengine - INFO - Epoch(train)   [1][1500/3504]  lr: 6.2500e-05  eta: 1 day, 17:14:57  time: 0.4009  data_time: 0.1003  memory: 4846  loss: 10.1712  loss_cls: 9.1290  loss_bbox: 1.0422
05/29 21:34:31 - mmengine - INFO - Epoch(train)   [1][1550/3504]  lr: 6.2500e-05  eta: 1 day, 17:09:41  time: 0.3994  data_time: 0.1017  memory: 4806  loss: 13.8501  loss_cls: 12.7962  loss_bbox: 1.0539
05/29 21:34:51 - mmengine - INFO - Epoch(train)   [1][1600/3504]  lr: 6.2500e-05  eta: 1 day, 17:05:01  time: 0.4010  data_time: 0.1051  memory: 4840  loss: 14.6031  loss_cls: 13.5577  loss_bbox: 1.0454
05/29 21:35:11 - mmengine - INFO - Epoch(train)   [1][1650/3504]  lr: 6.2500e-05  eta: 1 day, 17:00:32  time: 0.4006  data_time: 0.1100  memory: 4777  loss: 12.0815  loss_cls: 11.0482  loss_bbox: 1.0333
05/29 21:35:31 - mmengine - INFO - Epoch(train)   [1][1700/3504]  lr: 6.2500e-05  eta: 1 day, 16:56:59  time: 0.4046  data_time: 0.0907  memory: 4808  loss: 11.1537  loss_cls: 10.0669  loss_bbox: 1.0868
05/29 21:35:51 - mmengine - INFO - Epoch(train)   [1][1750/3504]  lr: 6.2500e-05  eta: 1 day, 16:52:46  time: 0.3996  data_time: 0.0968  memory: 4938  loss: 10.3093  loss_cls: 9.2547  loss_bbox: 1.0546
05/29 21:36:11 - mmengine - INFO - Epoch(train)   [1][1800/3504]  lr: 6.2500e-05  eta: 1 day, 16:48:32  time: 0.3980  data_time: 0.0905  memory: 5239  loss: 10.1981  loss_cls: 9.1672  loss_bbox: 1.0308
05/29 21:36:31 - mmengine - INFO - Epoch(train)   [1][1850/3504]  lr: 6.2500e-05  eta: 1 day, 16:44:35  time: 0.3985  data_time: 0.0969  memory: 4798  loss: 16.4007  loss_cls: 15.3179  loss_bbox: 1.0828
05/29 21:36:52 - mmengine - INFO - Epoch(train)   [1][1900/3504]  lr: 6.2500e-05  eta: 1 day, 16:42:28  time: 0.4092  data_time: 0.0992  memory: 4701  loss: 12.0423  loss_cls: 10.9705  loss_bbox: 1.0718
05/29 21:37:13 - mmengine - INFO - Epoch(train)   [1][1950/3504]  lr: 6.2500e-05  eta: 1 day, 16:43:50  time: 0.4321  data_time: 0.1126  memory: 4842  loss: 11.5324  loss_cls: 10.4620  loss_bbox: 1.0704
05/29 21:37:34 - mmengine - INFO - Exp name: exp13_convgammagain_20260529_212309
05/29 21:37:34 - mmengine - INFO - Epoch(train)   [1][2000/3504]  lr: 6.2500e-05  eta: 1 day, 16:43:14  time: 0.4190  data_time: 0.1090  memory: 4899  loss: 11.4667  loss_cls: 10.4083  loss_bbox: 1.0585
05/29 21:37:55 - mmengine - INFO - Epoch(train)   [1][2050/3504]  lr: 6.2500e-05  eta: 1 day, 16:42:29  time: 0.4180  data_time: 0.1135  memory: 4838  loss: 18.3724  loss_cls: 17.3440  loss_bbox: 1.0284
05/29 21:38:16 - mmengine - INFO - Epoch(train)   [1][2100/3504]  lr: 6.2500e-05  eta: 1 day, 16:42:25  time: 0.4227  data_time: 0.1152  memory: 5012  loss: 9.5081  loss_cls: 8.4493  loss_bbox: 1.0588
05/29 21:38:37 - mmengine - INFO - Epoch(train)   [1][2150/3504]  lr: 6.2500e-05  eta: 1 day, 16:42:01  time: 0.4203  data_time: 0.1150  memory: 5098  loss: 19.0134  loss_cls: 17.9443  loss_bbox: 1.0691
05/29 21:38:58 - mmengine - INFO - Epoch(train)   [1][2200/3504]  lr: 6.2500e-05  eta: 1 day, 16:42:24  time: 0.4263  data_time: 0.1161  memory: 4881  loss: 10.6204  loss_cls: 9.5601  loss_bbox: 1.0602
05/29 21:39:19 - mmengine - INFO - Epoch(train)   [1][2250/3504]  lr: 6.2500e-05  eta: 1 day, 16:39:58  time: 0.4048  data_time: 0.1004  memory: 4843  loss: 12.4769  loss_cls: 11.4329  loss_bbox: 1.0440
05/29 21:39:38 - mmengine - INFO - Epoch(train)   [1][2300/3504]  lr: 6.2500e-05  eta: 1 day, 16:35:11  time: 0.3854  data_time: 0.0888  memory: 4846  loss: 13.4424  loss_cls: 12.4037  loss_bbox: 1.0386
05/29 21:39:57 - mmengine - INFO - Epoch(train)   [1][2350/3504]  lr: 6.2500e-05  eta: 1 day, 16:30:31  time: 0.3846  data_time: 0.0911  memory: 5109  loss: 17.7728  loss_cls: 16.7351  loss_bbox: 1.0377
05/29 21:40:17 - mmengine - INFO - Epoch(train)   [1][2400/3504]  lr: 6.2500e-05  eta: 1 day, 16:26:38  time: 0.3899  data_time: 0.1050  memory: 4832  loss: 11.6937  loss_cls: 10.6193  loss_bbox: 1.0745
05/29 21:40:36 - mmengine - INFO - Epoch(train)   [1][2450/3504]  lr: 6.2500e-05  eta: 1 day, 16:22:16  time: 0.3844  data_time: 0.0998  memory: 4796  loss: 10.7775  loss_cls: 9.7114  loss_bbox: 1.0662
05/29 21:40:55 - mmengine - INFO - Epoch(train)   [1][2500/3504]  lr: 6.2500e-05  eta: 1 day, 16:18:40  time: 0.3896  data_time: 0.0970  memory: 5238  loss: 10.5395  loss_cls: 9.4730  loss_bbox: 1.0665
05/29 21:41:15 - mmengine - INFO - Epoch(train)   [1][2550/3504]  lr: 6.2500e-05  eta: 1 day, 16:14:32  time: 0.3839  data_time: 0.0972  memory: 4787  loss: 13.3992  loss_cls: 12.3465  loss_bbox: 1.0527
05/29 21:41:34 - mmengine - INFO - Epoch(train)   [1][2600/3504]  lr: 6.2500e-05  eta: 1 day, 16:11:14  time: 0.3899  data_time: 0.0953  memory: 4814  loss: 10.2858  loss_cls: 9.2153  loss_bbox: 1.0705
05/29 21:41:54 - mmengine - INFO - Epoch(train)   [1][2650/3504]  lr: 6.2500e-05  eta: 1 day, 16:08:57  time: 0.3983  data_time: 0.1003  memory: 4933  loss: 17.3212  loss_cls: 16.2554  loss_bbox: 1.0658
05/29 21:42:12 - mmengine - INFO - Epoch(train)   [1][2700/3504]  lr: 6.2500e-05  eta: 1 day, 16:03:34  time: 0.3686  data_time: 0.0891  memory: 4864  loss: 13.6899  loss_cls: 12.6534  loss_bbox: 1.0366
05/29 21:42:32 - mmengine - INFO - Epoch(train)   [1][2750/3504]  lr: 6.2500e-05  eta: 1 day, 15:59:44  time: 0.3818  data_time: 0.0935  memory: 5077  loss: 11.3526  loss_cls: 10.2789  loss_bbox: 1.0737
05/29 21:42:50 - mmengine - INFO - Epoch(train)   [1][2800/3504]  lr: 6.2500e-05  eta: 1 day, 15:55:36  time: 0.3776  data_time: 0.0947  memory: 5060  loss: 11.6133  loss_cls: 10.5251  loss_bbox: 1.0882
05/29 21:43:09 - mmengine - INFO - Epoch(train)   [1][2850/3504]  lr: 6.2500e-05  eta: 1 day, 15:51:29  time: 0.3764  data_time: 0.0967  memory: 4977  loss: 10.4428  loss_cls: 9.3691  loss_bbox: 1.0736
05/29 21:43:28 - mmengine - INFO - Epoch(train)   [1][2900/3504]  lr: 6.2500e-05  eta: 1 day, 15:47:53  time: 0.3802  data_time: 0.0991  memory: 4931  loss: 14.6432  loss_cls: 13.6111  loss_bbox: 1.0321
05/29 21:43:47 - mmengine - INFO - Epoch(train)   [1][2950/3504]  lr: 6.2500e-05  eta: 1 day, 15:44:02  time: 0.3766  data_time: 0.0986  memory: 4999  loss: 12.0184  loss_cls: 10.9655  loss_bbox: 1.0529
05/29 21:44:06 - mmengine - INFO - Exp name: exp13_convgammagain_20260529_212309
05/29 21:44:06 - mmengine - INFO - Epoch(train)   [1][3000/3504]  lr: 6.2500e-05  eta: 1 day, 15:40:08  time: 0.3748  data_time: 0.0941  memory: 4890  loss: 15.8043  loss_cls: 14.7121  loss_bbox: 1.0922
05/29 21:44:25 - mmengine - INFO - Epoch(train)   [1][3050/3504]  lr: 6.2500e-05  eta: 1 day, 15:36:36  time: 0.3775  data_time: 0.0946  memory: 4884  loss: 12.5036  loss_cls: 11.4722  loss_bbox: 1.0314
05/29 21:44:44 - mmengine - INFO - Epoch(train)   [1][3100/3504]  lr: 6.2500e-05  eta: 1 day, 15:33:20  time: 0.3791  data_time: 0.0869  memory: 5035  loss: 15.3393  loss_cls: 14.3345  loss_bbox: 1.0048
05/29 21:45:03 - mmengine - INFO - Epoch(train)   [1][3150/3504]  lr: 6.2500e-05  eta: 1 day, 15:30:05  time: 0.3784  data_time: 0.0853  memory: 4877  loss: 13.1612  loss_cls: 12.1022  loss_bbox: 1.0590
05/29 21:45:21 - mmengine - INFO - Epoch(train)   [1][3200/3504]  lr: 6.2500e-05  eta: 1 day, 15:26:52  time: 0.3778  data_time: 0.0890  memory: 4843  loss: 13.1521  loss_cls: 12.1042  loss_bbox: 1.0479
05/29 21:45:40 - mmengine - INFO - Epoch(train)   [1][3250/3504]  lr: 6.2500e-05  eta: 1 day, 15:23:37  time: 0.3763  data_time: 0.0975  memory: 5018  loss: 13.9749  loss_cls: 12.9077  loss_bbox: 1.0672
05/29 21:45:59 - mmengine - INFO - Epoch(train)   [1][3300/3504]  lr: 6.2500e-05  eta: 1 day, 15:20:47  time: 0.3801  data_time: 0.0922  memory: 5025  loss: 9.4974  loss_cls: 8.4365  loss_bbox: 1.0609
05/29 21:46:18 - mmengine - INFO - Epoch(train)   [1][3350/3504]  lr: 6.2500e-05  eta: 1 day, 15:17:33  time: 0.3745  data_time: 0.0924  memory: 4789  loss: 9.4081  loss_cls: 8.3664  loss_bbox: 1.0417
05/29 21:46:37 - mmengine - INFO - Epoch(train)   [1][3400/3504]  lr: 6.2500e-05  eta: 1 day, 15:14:08  time: 0.3715  data_time: 0.0884  memory: 4824  loss: 11.3611  loss_cls: 10.2830  loss_bbox: 1.0781
05/29 21:46:56 - mmengine - INFO - Epoch(train)   [1][3450/3504]  lr: 6.2500e-05  eta: 1 day, 15:11:39  time: 0.3813  data_time: 0.0877  memory: 4778  loss: 13.4989  loss_cls: 12.4465  loss_bbox: 1.0524
05/29 21:47:14 - mmengine - INFO - Epoch(train)   [1][3500/3504]  lr: 6.2500e-05  eta: 1 day, 15:08:06  time: 0.3678  data_time: 0.0883  memory: 4793  loss: 12.8345  loss_cls: 11.7782  loss_bbox: 1.0563
05/29 21:47:14 - mmengine - INFO - Exp name: exp13_convgammagain_20260529_212309
05/29 21:47:14 - mmengine - INFO - Saving checkpoint at 1 epochs
[1;34mwandb[0m: 
[1;34mwandb[0m: 🚀 View run [33mexp13[0m at: [34m[0m
[1;34mwandb[0m: Find logs at: [1;35mwork_dirs/exp13/20260529_212309/vis_data/wandb/run-20260529_212311-9kt3s6m8/logs[0m
=== exp13 finished ===
