/networkhome/WMGDS/souval_g/.local/lib/python3.10/site-packages/albumentations/__init__.py:28: UserWarning: A new version of Albumentations is available: '2.0.8' (you have '2.0.5'). Upgrade using: pip install -U albumentations. To disable automatic update checks, set the environment variable NO_ALBUMENTATIONS_UPDATE to 1.
  check_for_updates()
wandb: Currently logged in as: georgiasouval (georgiasouval-university-of-warwick) to https://api.wandb.ai. Use `wandb login --relogin` to force relogin
wandb: setting up run o05b1smf
wandb: Tracking run with wandb version 0.22.1
wandb: Run data is saved locally in /networkhome/WMGDS/souval_g/neuRAWns_mmdet/work_dirs/exp11/20260529_210656/vis_data/wandb/run-20260529_210658-o05b1smf
wandb: Run `wandb offline` to turn off syncing.
wandb: Syncing run exp11
wandb: ⭐️ View project at https://wandb.ai/georgiasouval-university-of-warwick/neuRAWns-mmdet-ROD-v2
wandb: 🚀 View run at https://wandb.ai/georgiasouval-university-of-warwick/neuRAWns-mmdet-ROD-v2/runs/o05b1smf
/networkhome/WMGDS/souval_g/anaconda3/envs/mmdet12/lib/python3.10/site-packages/torch/utils/data/dataloader.py:424: UserWarning: This DataLoader will create 4 worker processes in total. Our suggested max number of worker in current system is 1, which is smaller than what this DataLoader is going to create. Please be aware that excessive worker creation might get DataLoader running slow or even freeze, lower the worker number to avoid potential slowness/freeze if necessary.
  self.check_worker_number_rationality()
/networkhome/WMGDS/souval_g/anaconda3/envs/mmdet12/lib/python3.10/site-packages/torch/utils/data/dataloader.py:424: UserWarning: This DataLoader will create 2 worker processes in total. Our suggested max number of worker in current system is 1, which is smaller than what this DataLoader is going to create. Please be aware that excessive worker creation might get DataLoader running slow or even freeze, lower the worker number to avoid potential slowness/freeze if necessary.
  self.check_worker_number_rationality()
Traceback (most recent call last):
  File "/networkhome/WMGDS/souval_g/neuRAWns_mmdet/mmdetection/mmdet/.mim/tools/train.py", line 121, in <module>
    main()
  File "/networkhome/WMGDS/souval_g/neuRAWns_mmdet/mmdetection/mmdet/.mim/tools/train.py", line 117, in main
    runner.train()
  File "/networkhome/WMGDS/souval_g/anaconda3/envs/mmdet12/lib/python3.10/site-packages/mmengine/runner/runner.py", line 1765, in train
    self.load_or_resume()
  File "/networkhome/WMGDS/souval_g/anaconda3/envs/mmdet12/lib/python3.10/site-packages/mmengine/runner/runner.py", line 1699, in load_or_resume
    self.load_checkpoint(self._load_from)
  File "/networkhome/WMGDS/souval_g/anaconda3/envs/mmdet12/lib/python3.10/site-packages/mmengine/runner/runner.py", line 2127, in load_checkpoint
    checkpoint = _load_checkpoint(filename, map_location=map_location)
  File "/networkhome/WMGDS/souval_g/anaconda3/envs/mmdet12/lib/python3.10/site-packages/mmengine/runner/checkpoint.py", line 548, in _load_checkpoint
    return CheckpointLoader.load_checkpoint(filename, map_location, logger)
  File "/networkhome/WMGDS/souval_g/anaconda3/envs/mmdet12/lib/python3.10/site-packages/mmengine/runner/checkpoint.py", line 330, in load_checkpoint
    return checkpoint_loader(filename, map_location)
  File "/networkhome/WMGDS/souval_g/anaconda3/envs/mmdet12/lib/python3.10/site-packages/mmengine/runner/checkpoint.py", line 347, in load_from_local
    checkpoint = torch.load(filename, map_location=map_location)
  File "/networkhome/WMGDS/souval_g/anaconda3/envs/mmdet12/lib/python3.10/site-packages/torch/serialization.py", line 1602, in load
    raise pickle.UnpicklingError(_get_wo_message(str(e))) from None
_pickle.UnpicklingError: Weights only load failed. This file can still be loaded, to do so you have two options, [1mdo those steps only if you trust the source of the checkpoint[0m. 
	(1) In PyTorch 2.6, we changed the default value of the `weights_only` argument in `torch.load` from `False` to `True`. Re-running `torch.load` with `weights_only` set to `False` will likely succeed, but it can result in arbitrary code execution. Do it only if you got the file from a trusted source.
	(2) Alternatively, to load with `weights_only=True` please check the recommended steps in the following error message.
	WeightsUnpickler error: Unsupported global: GLOBAL mmengine.logging.history_buffer.HistoryBuffer was not an allowed global by default. Please use `torch.serialization.add_safe_globals([mmengine.logging.history_buffer.HistoryBuffer])` or the `torch.serialization.safe_globals([mmengine.logging.history_buffer.HistoryBuffer])` context manager to allowlist this global if you trust this class/function.

Check the documentation of torch.load to learn more about types accepted by default with weights_only https://pytorch.org/docs/stable/generated/torch.load.html.
Traceback (most recent call last):
  File "/networkhome/WMGDS/souval_g/neuRAWns_mmdet/mmdetection/mmdet/.mim/tools/train.py", line 121, in <module>
    main()
  File "/networkhome/WMGDS/souval_g/neuRAWns_mmdet/mmdetection/mmdet/.mim/tools/train.py", line 117, in main
    runner.train()
  File "/networkhome/WMGDS/souval_g/anaconda3/envs/mmdet12/lib/python3.10/site-packages/mmengine/runner/runner.py", line 1765, in train
    self.load_or_resume()
  File "/networkhome/WMGDS/souval_g/anaconda3/envs/mmdet12/lib/python3.10/site-packages/mmengine/runner/runner.py", line 1699, in load_or_resume
    self.load_checkpoint(self._load_from)
  File "/networkhome/WMGDS/souval_g/anaconda3/envs/mmdet12/lib/python3.10/site-packages/mmengine/runner/runner.py", line 2127, in load_checkpoint
    checkpoint = _load_checkpoint(filename, map_location=map_location)
  File "/networkhome/WMGDS/souval_g/anaconda3/envs/mmdet12/lib/python3.10/site-packages/mmengine/runner/checkpoint.py", line 548, in _load_checkpoint
    return CheckpointLoader.load_checkpoint(filename, map_location, logger)
  File "/networkhome/WMGDS/souval_g/anaconda3/envs/mmdet12/lib/python3.10/site-packages/mmengine/runner/checkpoint.py", line 330, in load_checkpoint
    return checkpoint_loader(filename, map_location)
  File "/networkhome/WMGDS/souval_g/anaconda3/envs/mmdet12/lib/python3.10/site-packages/mmengine/runner/checkpoint.py", line 347, in load_from_local
    checkpoint = torch.load(filename, map_location=map_location)
  File "/networkhome/WMGDS/souval_g/anaconda3/envs/mmdet12/lib/python3.10/site-packages/torch/serialization.py", line 1602, in load
    raise pickle.UnpicklingError(_get_wo_message(str(e))) from None
_pickle.UnpicklingError: Weights only load failed. This file can still be loaded, to do so you have two options, [1mdo those steps only if you trust the source of the checkpoint[0m. 
	(1) In PyTorch 2.6, we changed the default value of the `weights_only` argument in `torch.load` from `False` to `True`. Re-running `torch.load` with `weights_only` set to `False` will likely succeed, but it can result in arbitrary code execution. Do it only if you got the file from a trusted source.
	(2) Alternatively, to load with `weights_only=True` please check the recommended steps in the following error message.
	WeightsUnpickler error: Unsupported global: GLOBAL mmengine.logging.history_buffer.HistoryBuffer was not an allowed global by default. Please use `torch.serialization.add_safe_globals([mmengine.logging.history_buffer.HistoryBuffer])` or the `torch.serialization.safe_globals([mmengine.logging.history_buffer.HistoryBuffer])` context manager to allowlist this global if you trust this class/function.

Check the documentation of torch.load to learn more about types accepted by default with weights_only https://pytorch.org/docs/stable/generated/torch.load.html.
Traceback (most recent call last):
  File "/networkhome/WMGDS/souval_g/anaconda3/envs/mmdet12/bin/mim", line 7, in <module>
    sys.exit(cli())
  File "/networkhome/WMGDS/souval_g/anaconda3/envs/mmdet12/lib/python3.10/site-packages/click/core.py", line 1462, in __call__
    return self.main(*args, **kwargs)
  File "/networkhome/WMGDS/souval_g/anaconda3/envs/mmdet12/lib/python3.10/site-packages/click/core.py", line 1383, in main
    rv = self.invoke(ctx)
  File "/networkhome/WMGDS/souval_g/anaconda3/envs/mmdet12/lib/python3.10/site-packages/click/core.py", line 1850, in invoke
    return _process_result(sub_ctx.command.invoke(sub_ctx))
  File "/networkhome/WMGDS/souval_g/anaconda3/envs/mmdet12/lib/python3.10/site-packages/click/core.py", line 1246, in invoke
    return ctx.invoke(self.callback, **ctx.params)
  File "/networkhome/WMGDS/souval_g/anaconda3/envs/mmdet12/lib/python3.10/site-packages/click/core.py", line 814, in invoke
    return callback(*args, **kwargs)
  File "/networkhome/WMGDS/souval_g/anaconda3/envs/mmdet12/lib/python3.10/site-packages/mim/commands/train.py", line 100, in cli
    is_success, msg = train(
  File "/networkhome/WMGDS/souval_g/anaconda3/envs/mmdet12/lib/python3.10/site-packages/mim/commands/train.py", line 261, in train
    ret = subprocess.check_call(
  File "/networkhome/WMGDS/souval_g/anaconda3/envs/mmdet12/lib/python3.10/subprocess.py", line 369, in check_call
    raise CalledProcessError(retcode, cmd)
subprocess.CalledProcessError: Command '['/networkhome/WMGDS/souval_g/anaconda3/envs/mmdet12/bin/python3.10', '/networkhome/WMGDS/souval_g/neuRAWns_mmdet/mmdetection/mmdet/.mim/tools/train.py', 'configs/experiments/exp11_pack3ch_gamma.py', '--launcher', 'none', '--work-dir', '/networkhome/WMGDS/souval_g/neuRAWns_mmdet/work_dirs/exp11', '--cfg-options', 'train_dataloader.dataset.data_root=/networkhome/WMGDS/souval_g/data/ROD/yolo/', 'val_dataloader.dataset.data_root=/networkhome/WMGDS/souval_g/data/ROD/yolo/', 'test_dataloader.dataset.data_root=/networkhome/WMGDS/souval_g/data/ROD/yolo/', 'val_evaluator.ann_file=/networkhome/WMGDS/souval_g/data/ROD/yolo/raw/json_raw_coco_mapped/val.json', 'test_evaluator.ann_file=/networkhome/WMGDS/souval_g/data/ROD/yolo/raw/json_raw_coco_mapped/test.json', 'load_from=/networkhome/WMGDS/souval_g/checkpoints_mmdet/rtmdet_s_8xb32-300e_coco_20220905_161602-387a891e.pth']' returned non-zero exit status 1.
