=== Attempting Kerberos authentication ===
Password for souval_g@WMGDS.WMG.WARWICK.AC.UK: 
kinit exit status: 0
Ticket cache: FILE:/tmp/krb5cc_1922617598
Default principal: souval_g@WMGDS.WMG.WARWICK.AC.UK

Valid starting     Expires            Service principal
05/29/26 21:22:45  05/30/26 07:22:45  krbtgt/WMGDS.WMG.WARWICK.AC.UK@WMGDS.WMG.WARWICK.AC.UK
	renew until 06/05/26 21:22:45
=== Starting Kerberos renewal loop ===
Kerberos renewal loop started (PID: 663659)
=== Triggering CIFS mount ===
=== Starting exp12 ===
Training command is /networkhome/WMGDS/souval_g/anaconda3/envs/mmdet12/bin/python3.10 /networkhome/WMGDS/souval_g/neuRAWns_mmdet/mmdetection/mmdet/.mim/tools/train.py configs/experiments/exp12_pack4ch_gamma.py --launcher none --work-dir /networkhome/WMGDS/souval_g/neuRAWns_mmdet/work_dirs/exp12 --cfg-options train_dataloader.dataset.data_root=/networkhome/WMGDS/souval_g/data/ROD/yolo/ val_dataloader.dataset.data_root=/networkhome/WMGDS/souval_g/data/ROD/yolo/ test_dataloader.dataset.data_root=/networkhome/WMGDS/souval_g/data/ROD/yolo/ val_evaluator.ann_file=/networkhome/WMGDS/souval_g/data/ROD/yolo/raw/json_raw_coco_mapped/val.json test_evaluator.ann_file=/networkhome/WMGDS/souval_g/data/ROD/yolo/raw/json_raw_coco_mapped/test.json load_from=/networkhome/WMGDS/souval_g/checkpoints_mmdet/rtmdet_s_8xb32-300e_coco_20220905_161602-387a891e.pth. 
Gina running this. =============================
05/29 21:23:03 - mmengine - INFO - 
------------------------------------------------------------
System environment:
    sys.platform: linux
    Python: 3.10.18 (main, Jun  5 2025, 13:14:17) [GCC 11.2.0]
    CUDA available: True
    MUSA available: False
    numpy_random_seed: 613825969
    GPU 0: NVIDIA RTX PRO 6000 Blackwell Server Edition
    CUDA_HOME: /usr/local/cuda
    NVCC: Cuda compilation tools, release 13.1, V13.1.115
    GCC: gcc (Ubuntu 13.3.0-6ubuntu2~24.04.1) 13.3.0
    PyTorch: 2.11.0+cu128
    PyTorch compiling details: PyTorch built with:
  - GCC 13.3
  - C++ Version: 201703
  - Intel(R) oneAPI Math Kernel Library Version 2025.0-Product Build 20241009 for Intel(R) 64 architecture applications
  - Intel(R) MKL-DNN v3.10.2 (Git Hash f1d471933dc852f956fd05389f9313c7148783d5)
  - OpenMP 201511 (a.k.a. OpenMP 4.5)
  - LAPACK is enabled (usually provided by MKL)
  - NNPACK is enabled
  - CPU capability usage: AVX512
  - CUDA Runtime 12.8
  - NVCC architecture flags: -gencode;arch=compute_75,code=sm_75;-gencode;arch=compute_80,code=sm_80;-gencode;arch=compute_86,code=sm_86;-gencode;arch=compute_90,code=sm_90;-gencode;arch=compute_100,code=sm_100;-gencode;arch=compute_120,code=sm_120
  - CuDNN 91.9  (built against CUDA 12.9)
  - Magma 2.6.1
  - Build settings: BLAS_INFO=mkl, BUILD_TYPE=Release, COMMIT_SHA=70d99e998b4955e0049d13a98d77ae1b14db1f45, CUDA_VERSION=12.8, CUDNN_VERSION=9.19.0, CXX_COMPILER=/opt/rh/gcc-toolset-13/root/usr/bin/c++, CXX_FLAGS= -fvisibility-inlines-hidden -DUSE_PTHREADPOOL -DNDEBUG -DUSE_KINETO -DLIBKINETO_NOROCTRACER -DLIBKINETO_NOXPUPTI=ON -DUSE_FBGEMM -DUSE_MSLK -DUSE_PYTORCH_QNNPACK -DUSE_XNNPACK -DSYMBOLICATE_MOBILE_DEBUG_HANDLE -O2 -fPIC -DC10_NODEPRECATED -Wall -Wextra -Werror=return-type -Werror=non-virtual-dtor -Werror=range-loop-construct -Werror=bool-operation -Wnarrowing -Wno-missing-field-initializers -Wno-unknown-pragmas -Wno-unused-parameter -Wno-strict-overflow -Wno-strict-aliasing -Wno-stringop-overflow -Wsuggest-override -Wno-psabi -Wno-error=old-style-cast -faligned-new -Wno-maybe-uninitialized -fno-math-errno -fno-trapping-math -Werror=format -Wno-dangling-reference -Wno-error=dangling-reference -Wno-stringop-overflow, LAPACK_INFO=mkl, PERF_WITH_AVX=1, PERF_WITH_AVX2=1, TORCH_VERSION=2.11.0, USE_CUDA=ON, USE_CUDNN=ON, USE_CUSPARSELT=1, USE_GFLAGS=OFF, USE_GLOG=OFF, USE_GLOO=ON, USE_MKL=ON, USE_MKLDNN=ON, USE_MPI=OFF, USE_NCCL=1, USE_NNPACK=ON, USE_OPENMP=ON, USE_ROCM=OFF, USE_ROCM_KERNEL_ASSERT=OFF, USE_XCCL=OFF, USE_XPU=OFF, 

    TorchVision: 0.26.0+cu128
    OpenCV: 4.11.0
    MMEngine: 0.10.7

Runtime environment:
    cudnn_benchmark: False
    mp_cfg: {'mp_start_method': 'fork', 'opencv_num_threads': 0}
    dist_cfg: {'backend': 'nccl'}
    seed: 613825969
    Distributed launcher: none
    Distributed training: False
    GPU number: 1
------------------------------------------------------------

05/29 21:23:03 - mmengine - INFO - Config:
custom_hooks = [
    dict(
        check_updates=False,
        debug_mode=False,
        priority='VERY_HIGH',
        type='FreezeDetectorHook'),
    dict(
        min_delta=0.001,
        monitor='coco/bbox_mAP',
        patience=10,
        rule='greater',
        type='EarlyStoppingHook'),
    dict(
        experiment_name='exp12',
        save_dir='sample_images',
        save_preprocessed=True,
        save_raw=True,
        type='SaveBatchImagesHook'),
]
custom_imports = dict(
    allow_failed_imports=False,
    imports=[
        'modules.raw_preprocessors',
        'modules.wrappers',
        'modules.hooks',
        'datasets.pipelines',
    ])
data_root = '/home/souval_g_WMGDS.WMG.WARWICK.AC.UK/data/ROD/yolo/'
dataset_type = 'CocoDataset'
default_hooks = dict(
    checkpoint=dict(
        interval=1,
        max_keep_ckpts=2,
        rule='greater',
        save_best='coco/bbox_mAP',
        type='CheckpointHook'),
    logger=dict(interval=50, type='LoggerHook'),
    param_scheduler=dict(type='ParamSchedulerHook'),
    sampler_seed=dict(type='DistSamplerSeedHook'),
    timer=dict(type='IterTimerHook'),
    visualization=dict(type='DetVisualizationHook'))
default_scope = 'mmdet'
env_cfg = dict(
    cudnn_benchmark=False,
    dist_cfg=dict(backend='nccl'),
    mp_cfg=dict(mp_start_method='fork', opencv_num_threads=0))
exp_name = 'exp12'
launcher = 'none'
load_from = '/networkhome/WMGDS/souval_g/checkpoints_mmdet/rtmdet_s_8xb32-300e_coco_20220905_161602-387a891e.pth'
log_level = 'INFO'
log_processor = dict(by_epoch=True, type='LogProcessor', window_size=50)
model = dict(
    backbone=dict(
        act_cfg=dict(inplace=True, type='SiLU'),
        arch='P5',
        channel_attention=True,
        deepen_factor=0.33,
        expand_ratio=0.5,
        norm_cfg=dict(type='BN'),
        type='CSPNeXt',
        widen_factor=0.5),
    bbox_head=dict(
        act_cfg=dict(inplace=True, type='SiLU'),
        anchor_generator=dict(
            offset=0, strides=[
                8,
                16,
                32,
            ], type='MlvlPointGenerator'),
        bbox_coder=dict(type='DistancePointBBoxCoder'),
        exp_on_reg=False,
        feat_channels=128,
        in_channels=128,
        loss_bbox=dict(loss_weight=2.0, type='GIoULoss'),
        loss_cls=dict(
            beta=2.0,
            loss_weight=1.0,
            type='QualityFocalLoss',
            use_sigmoid=True),
        norm_cfg=dict(type='BN'),
        num_classes=80,
        pred_kernel_size=1,
        share_conv=True,
        stacked_convs=2,
        type='RTMDetSepBNHead',
        with_objectness=False),
    data_preprocessor=dict(
        batch_augments=None,
        bgr_to_rgb=True,
        mean=[
            103.53,
            116.28,
            123.675,
        ],
        pad_size_divisor=32,
        preprocessor_cfg=dict(
            in_channels=4, kernel_size=3, out_channels=3, type='ConvGamma'),
        std=[
            57.375,
            57.12,
            58.395,
        ],
        type='RAWDetDataPreprocessor'),
    neck=dict(
        act_cfg=dict(inplace=True, type='SiLU'),
        expand_ratio=0.5,
        in_channels=[
            128,
            256,
            512,
        ],
        norm_cfg=dict(type='BN'),
        num_csp_blocks=1,
        out_channels=128,
        type='CSPNeXtPAFPN'),
    test_cfg=dict(
        max_per_img=300,
        min_bbox_size=0,
        nms=dict(iou_threshold=0.65, type='nms'),
        nms_pre=30000,
        score_thr=0.001),
    train_cfg=dict(
        allowed_border=-1,
        assigner=dict(topk=13, type='DynamicSoftLabelAssigner'),
        debug=False,
        pos_weight=-1),
    type='RTMDet')
optim_wrapper = dict(
    optimizer=dict(lr=0.001, type='AdamW', weight_decay=0.01),
    type='OptimWrapper')
param_scheduler = [
    dict(begin=0, by_epoch=False, end=500, start_factor=0.1, type='LinearLR'),
    dict(begin=0, by_epoch=True, end=100, type='CosineAnnealingLR'),
]
resume = False
test_cfg = dict(type='TestLoop')
test_dataloader = dict(
    batch_size=1,
    dataset=dict(
        ann_file='raw/json_raw_coco_mapped/test.json',
        data_prefix=dict(img='raw/images/test/'),
        data_root='/networkhome/WMGDS/souval_g/data/ROD/yolo/',
        pipeline=[
            dict(type='LoadRAWImageFromFile'),
            dict(type='NormaliseP99'),
            dict(out_channels=4, type='PackBayer'),
            dict(keep_ratio=True, scale=(
                1333,
                800,
            ), type='Resize'),
            dict(type='PackDetInputs'),
        ],
        type='CocoDataset'),
    drop_last=False,
    num_workers=2,
    persistent_workers=True,
    sampler=dict(shuffle=False, type='DefaultSampler'))
test_evaluator = dict(
    ann_file=
    '/networkhome/WMGDS/souval_g/data/ROD/yolo/raw/json_raw_coco_mapped/test.json',
    classwise=True,
    format_only=False,
    label_to_catid=dict({
        0: 1,
        1: 2,
        2: 3,
        6: 7,
        7: 8
    }),
    metric='bbox',
    type='CocoMetric')
test_pipeline = [
    dict(type='LoadRAWImageFromFile'),
    dict(type='NormaliseP99'),
    dict(out_channels=4, type='PackBayer'),
    dict(keep_ratio=True, scale=(
        1333,
        800,
    ), type='Resize'),
    dict(type='PackDetInputs'),
]
train_cfg = dict(max_epochs=100, type='EpochBasedTrainLoop', val_interval=1)
train_dataloader = dict(
    batch_size=4,
    dataset=dict(
        ann_file='raw/json_raw_coco_mapped/train.json',
        data_prefix=dict(img='raw/images/train/'),
        data_root='/networkhome/WMGDS/souval_g/data/ROD/yolo/',
        filter_cfg=dict(filter_empty_gt=True, min_size=32),
        pipeline=[
            dict(type='LoadRAWImageFromFile'),
            dict(type='NormaliseP99'),
            dict(out_channels=4, type='PackBayer'),
            dict(type='LoadAnnotations', with_bbox=True),
            dict(keep_ratio=True, scale=(
                1333,
                800,
            ), type='Resize'),
            dict(prob=0.5, type='RandomFlip'),
            dict(type='PackDetInputs'),
        ],
        type='CocoDataset'),
    num_workers=4,
    persistent_workers=True,
    sampler=dict(shuffle=True, type='DefaultSampler'))
train_pipeline = [
    dict(type='LoadRAWImageFromFile'),
    dict(type='NormaliseP99'),
    dict(out_channels=4, type='PackBayer'),
    dict(type='LoadAnnotations', with_bbox=True),
    dict(keep_ratio=True, scale=(
        1333,
        800,
    ), type='Resize'),
    dict(prob=0.5, type='RandomFlip'),
    dict(type='PackDetInputs'),
]
val_cfg = dict(type='ValLoop')
val_dataloader = dict(
    batch_size=1,
    dataset=dict(
        ann_file='raw/json_raw_coco_mapped/val.json',
        data_prefix=dict(img='raw/images/val/'),
        data_root='/networkhome/WMGDS/souval_g/data/ROD/yolo/',
        pipeline=[
            dict(type='LoadRAWImageFromFile'),
            dict(type='NormaliseP99'),
            dict(out_channels=4, type='PackBayer'),
            dict(keep_ratio=True, scale=(
                1333,
                800,
            ), type='Resize'),
            dict(type='PackDetInputs'),
        ],
        type='CocoDataset'),
    drop_last=False,
    num_workers=2,
    persistent_workers=True,
    sampler=dict(shuffle=False, type='DefaultSampler'))
val_evaluator = dict(
    ann_file=
    '/networkhome/WMGDS/souval_g/data/ROD/yolo/raw/json_raw_coco_mapped/val.json',
    classwise=True,
    format_only=False,
    label_to_catid=dict({
        0: 1,
        1: 2,
        2: 3,
        6: 7,
        7: 8
    }),
    metric='bbox',
    type='CocoMetric')
vis_backends = [
    dict(type='LocalVisBackend'),
    dict(
        init_kwargs=dict(
            config=dict(
                detector='RTMDet-S',
                detector_frozen=True,
                gain=False,
                gamma=0.45454545454545453,
                in_channels=4,
                input='packed_4ch',
                kernel_size=3,
                preprocessor='ConvGamma'),
            name='exp12',
            project='neuRAWns-mmdet-ROD-v2'),
        type='WandbVisBackend'),
]
visualizer = dict(
    name='visualizer',
    type='DetLocalVisualizer',
    vis_backends=[
        dict(type='LocalVisBackend'),
        dict(
            init_kwargs=dict(
                config=dict(
                    detector='RTMDet-S',
                    detector_frozen=True,
                    gain=False,
                    gamma=0.45454545454545453,
                    in_channels=4,
                    input='packed_4ch',
                    kernel_size=3,
                    preprocessor='ConvGamma'),
                name='exp12',
                project='neuRAWns-mmdet-ROD-v2'),
            type='WandbVisBackend'),
    ])
work_dir = '/networkhome/WMGDS/souval_g/neuRAWns_mmdet/work_dirs/exp12'

05/29 21:23:19 - mmengine - INFO - Distributed training is not used, all SyncBatchNorm (SyncBN) layers in the model will be automatically reverted to BatchNormXd layers if they are used.
05/29 21:23:19 - mmengine - INFO - Hooks will be executed in the following order:
before_run:
(VERY_HIGH   ) RuntimeInfoHook                    
(BELOW_NORMAL) LoggerHook                         
(LOWEST      ) EarlyStoppingHook                  
 -------------------- 
before_train:
(VERY_HIGH   ) RuntimeInfoHook                    
(VERY_HIGH   ) FreezeDetectorHook                 
(NORMAL      ) IterTimerHook                      
(VERY_LOW    ) CheckpointHook                     
 -------------------- 
before_train_epoch:
(VERY_HIGH   ) RuntimeInfoHook                    
(NORMAL      ) IterTimerHook                      
(NORMAL      ) DistSamplerSeedHook                
(NORMAL      ) SaveBatchImagesHook                
 -------------------- 
before_train_iter:
(VERY_HIGH   ) RuntimeInfoHook                    
(NORMAL      ) IterTimerHook                      
 -------------------- 
after_train_iter:
(VERY_HIGH   ) RuntimeInfoHook                    
(NORMAL      ) IterTimerHook                      
(NORMAL      ) SaveBatchImagesHook                
(BELOW_NORMAL) LoggerHook                         
(LOW         ) ParamSchedulerHook                 
(VERY_LOW    ) CheckpointHook                     
 -------------------- 
after_train_epoch:
(VERY_HIGH   ) FreezeDetectorHook                 
(NORMAL      ) IterTimerHook                      
(LOW         ) ParamSchedulerHook                 
(VERY_LOW    ) CheckpointHook                     
 -------------------- 
before_val:
(VERY_HIGH   ) RuntimeInfoHook                    
 -------------------- 
before_val_epoch:
(NORMAL      ) IterTimerHook                      
 -------------------- 
before_val_iter:
(NORMAL      ) IterTimerHook                      
 -------------------- 
after_val_iter:
(NORMAL      ) IterTimerHook                      
(NORMAL      ) DetVisualizationHook               
(BELOW_NORMAL) LoggerHook                         
 -------------------- 
after_val_epoch:
(VERY_HIGH   ) RuntimeInfoHook                    
(NORMAL      ) IterTimerHook                      
(BELOW_NORMAL) LoggerHook                         
(LOW         ) ParamSchedulerHook                 
(VERY_LOW    ) CheckpointHook                     
(LOWEST      ) EarlyStoppingHook                  
 -------------------- 
after_val:
(VERY_HIGH   ) RuntimeInfoHook                    
 -------------------- 
after_train:
(VERY_HIGH   ) RuntimeInfoHook                    
(VERY_LOW    ) CheckpointHook                     
 -------------------- 
before_test:
(VERY_HIGH   ) RuntimeInfoHook                    
 -------------------- 
before_test_epoch:
(NORMAL      ) IterTimerHook                      
 -------------------- 
before_test_iter:
(NORMAL      ) IterTimerHook                      
 -------------------- 
after_test_iter:
(NORMAL      ) IterTimerHook                      
(NORMAL      ) DetVisualizationHook               
(BELOW_NORMAL) LoggerHook                         
 -------------------- 
after_test_epoch:
(VERY_HIGH   ) RuntimeInfoHook                    
(NORMAL      ) IterTimerHook                      
(BELOW_NORMAL) LoggerHook                         
 -------------------- 
after_test:
(VERY_HIGH   ) RuntimeInfoHook                    
 -------------------- 
after_run:
(BELOW_NORMAL) LoggerHook                         
 -------------------- 
loading annotations into memory...
Done (t=0.86s)
creating index...
index created!
AFTER load_data_list: 14061 items
AFTER filter_data: 14015 items
BEFORE serialize: 14015 items
loading annotations into memory...
Done (t=0.11s)
creating index...
index created!
AFTER load_data_list: 4017 items
AFTER filter_data: 4017 items
BEFORE serialize: 4017 items
loading annotations into memory...
Done (t=0.10s)
creating index...
index created!
Loads checkpoint by local backend from path: /networkhome/WMGDS/souval_g/checkpoints_mmdet/rtmdet_s_8xb32-300e_coco_20220905_161602-387a891e.pth
The model and loaded state dict do not match exactly

unexpected key in source state_dict: data_preprocessor.mean, data_preprocessor.std

missing keys in source state_dict: data_preprocessor.raw_preprocessor.conv.weight, data_preprocessor.raw_preprocessor.conv.bias

05/29 21:23:24 - mmengine - INFO - Load checkpoint from /networkhome/WMGDS/souval_g/checkpoints_mmdet/rtmdet_s_8xb32-300e_coco_20220905_161602-387a891e.pth
05/29 21:23:24 - mmengine - INFO - 
============================================================
DETECTOR FREEZING COMPLETE
============================================================
Total:         8,887,035
Trainable:           111  (0.0012%)
Frozen:        8,886,924
============================================================

05/29 21:23:24 - mmengine - WARNING - "FileClient" will be deprecated in future. Please use io functions in https://mmengine.readthedocs.io/en/latest/api/fileio.html#file-io
05/29 21:23:24 - mmengine - WARNING - "HardDiskBackend" is the alias of "LocalBackend" and the former will be deprecated in future.
05/29 21:23:24 - mmengine - INFO - Checkpoints will be saved to /networkhome/WMGDS/souval_g/neuRAWns_mmdet/work_dirs/exp12.
05/29 21:23:31 - mmengine - INFO - Saved 4 images from epoch 1 to sample_images/exp12/epoch_1
05/29 21:23:53 - mmengine - INFO - Epoch(train)   [1][  50/3504]  lr: 1.8838e-04  eta: 2 days, 8:05:05  time: 0.5763  data_time: 0.2054  memory: 4713  loss: 16.8285  loss_cls: 15.7849  loss_bbox: 1.0437
05/29 21:24:16 - mmengine - INFO - Epoch(train)   [1][ 100/3504]  lr: 2.7856e-04  eta: 2 days, 2:29:46  time: 0.4616  data_time: 0.1709  memory: 4765  loss: 13.8341  loss_cls: 12.7998  loss_bbox: 1.0343
05/29 21:24:38 - mmengine - INFO - Epoch(train)   [1][ 150/3504]  lr: 3.6874e-04  eta: 2 days, 0:22:25  time: 0.4537  data_time: 0.1613  memory: 4653  loss: 11.0391  loss_cls: 9.9464  loss_bbox: 1.0926
05/29 21:25:01 - mmengine - INFO - Epoch(train)   [1][ 200/3504]  lr: 4.5892e-04  eta: 1 day, 23:22:16  time: 0.4563  data_time: 0.1800  memory: 4699  loss: 10.8611  loss_cls: 9.7898  loss_bbox: 1.0713
05/29 21:25:24 - mmengine - INFO - Epoch(train)   [1][ 250/3504]  lr: 5.4910e-04  eta: 1 day, 22:44:55  time: 0.4553  data_time: 0.1496  memory: 4715  loss: 11.0205  loss_cls: 9.9917  loss_bbox: 1.0288
05/29 21:25:47 - mmengine - INFO - Epoch(train)   [1][ 300/3504]  lr: 6.3928e-04  eta: 1 day, 22:22:49  time: 0.4583  data_time: 0.1426  memory: 4806  loss: 8.8138  loss_cls: 7.7510  loss_bbox: 1.0628
05/29 21:26:10 - mmengine - INFO - Epoch(train)   [1][ 350/3504]  lr: 7.2946e-04  eta: 1 day, 22:07:50  time: 0.4594  data_time: 0.1285  memory: 4840  loss: 15.3644  loss_cls: 14.2956  loss_bbox: 1.0688
05/29 21:26:32 - mmengine - INFO - Epoch(train)   [1][ 400/3504]  lr: 8.1964e-04  eta: 1 day, 21:43:44  time: 0.4419  data_time: 0.1168  memory: 4632  loss: 10.2917  loss_cls: 9.2197  loss_bbox: 1.0720
05/29 21:26:55 - mmengine - INFO - Epoch(train)   [1][ 450/3504]  lr: 9.0982e-04  eta: 1 day, 21:36:49  time: 0.4603  data_time: 0.1257  memory: 4667  loss: 11.0288  loss_cls: 9.9479  loss_bbox: 1.0809
05/29 21:27:18 - mmengine - INFO - Epoch(train)   [1][ 500/3504]  lr: 1.0000e-03  eta: 1 day, 21:30:15  time: 0.4587  data_time: 0.1249  memory: 4719  loss: 17.0029  loss_cls: 15.9661  loss_bbox: 1.0368
05/29 21:27:40 - mmengine - INFO - Epoch(train)   [1][ 550/3504]  lr: 1.0000e-03  eta: 1 day, 21:19:51  time: 0.4493  data_time: 0.1225  memory: 4801  loss: 12.7503  loss_cls: 11.6770  loss_bbox: 1.0733
05/29 21:28:04 - mmengine - INFO - Epoch(train)   [1][ 600/3504]  lr: 1.0000e-03  eta: 1 day, 21:18:52  time: 0.4652  data_time: 0.1270  memory: 4697  loss: 14.0109  loss_cls: 12.9727  loss_bbox: 1.0382
05/29 21:28:26 - mmengine - INFO - Epoch(train)   [1][ 650/3504]  lr: 1.0000e-03  eta: 1 day, 21:09:14  time: 0.4457  data_time: 0.1250  memory: 4821  loss: 12.2877  loss_cls: 11.2571  loss_bbox: 1.0306
05/29 21:28:48 - mmengine - INFO - Epoch(train)   [1][ 700/3504]  lr: 1.0000e-03  eta: 1 day, 21:03:35  time: 0.4521  data_time: 0.1305  memory: 4980  loss: 15.2239  loss_cls: 14.1794  loss_bbox: 1.0445
05/29 21:29:11 - mmengine - INFO - Epoch(train)   [1][ 750/3504]  lr: 1.0000e-03  eta: 1 day, 20:58:38  time: 0.4521  data_time: 0.1326  memory: 4806  loss: 10.5720  loss_cls: 9.5037  loss_bbox: 1.0683
05/29 21:29:34 - mmengine - INFO - Epoch(train)   [1][ 800/3504]  lr: 1.0000e-03  eta: 1 day, 20:53:38  time: 0.4504  data_time: 0.1310  memory: 4661  loss: 12.5128  loss_cls: 11.4710  loss_bbox: 1.0418
05/29 21:29:56 - mmengine - INFO - Epoch(train)   [1][ 850/3504]  lr: 1.0000e-03  eta: 1 day, 20:49:38  time: 0.4517  data_time: 0.1358  memory: 4819  loss: 12.7176  loss_cls: 11.6725  loss_bbox: 1.0451
05/29 21:30:19 - mmengine - INFO - Epoch(train)   [1][ 900/3504]  lr: 1.0000e-03  eta: 1 day, 20:48:13  time: 0.4585  data_time: 0.1361  memory: 4737  loss: 10.2252  loss_cls: 9.1509  loss_bbox: 1.0743
05/29 21:30:42 - mmengine - INFO - Epoch(train)   [1][ 950/3504]  lr: 1.0000e-03  eta: 1 day, 20:44:42  time: 0.4513  data_time: 0.1337  memory: 4755  loss: 11.7909  loss_cls: 10.7374  loss_bbox: 1.0534
05/29 21:31:04 - mmengine - INFO - Exp name: exp12_pack4ch_gamma_20260529_212303
05/29 21:31:04 - mmengine - INFO - Epoch(train)   [1][1000/3504]  lr: 1.0000e-03  eta: 1 day, 20:41:19  time: 0.4506  data_time: 0.1320  memory: 4751  loss: 13.7576  loss_cls: 12.6762  loss_bbox: 1.0814
05/29 21:31:27 - mmengine - INFO - Epoch(train)   [1][1050/3504]  lr: 1.0000e-03  eta: 1 day, 20:39:20  time: 0.4547  data_time: 0.1318  memory: 4664  loss: 10.4798  loss_cls: 9.4100  loss_bbox: 1.0699
05/29 21:31:50 - mmengine - INFO - Epoch(train)   [1][1100/3504]  lr: 1.0000e-03  eta: 1 day, 20:37:46  time: 0.4557  data_time: 0.1357  memory: 4824  loss: 9.0334  loss_cls: 7.9638  loss_bbox: 1.0696
05/29 21:32:12 - mmengine - INFO - Epoch(train)   [1][1150/3504]  lr: 1.0000e-03  eta: 1 day, 20:34:46  time: 0.4496  data_time: 0.1373  memory: 4802  loss: 14.0646  loss_cls: 13.0283  loss_bbox: 1.0363
05/29 21:32:35 - mmengine - INFO - Epoch(train)   [1][1200/3504]  lr: 1.0000e-03  eta: 1 day, 20:33:14  time: 0.4547  data_time: 0.1359  memory: 4691  loss: 15.2223  loss_cls: 14.1939  loss_bbox: 1.0284
05/29 21:32:58 - mmengine - INFO - Epoch(train)   [1][1250/3504]  lr: 1.0000e-03  eta: 1 day, 20:31:16  time: 0.4525  data_time: 0.1366  memory: 4952  loss: 10.3049  loss_cls: 9.2784  loss_bbox: 1.0266
05/29 21:33:20 - mmengine - INFO - Epoch(train)   [1][1300/3504]  lr: 1.0000e-03  eta: 1 day, 20:29:27  time: 0.4526  data_time: 0.1335  memory: 4641  loss: 13.2793  loss_cls: 12.2300  loss_bbox: 1.0493
05/29 21:33:43 - mmengine - INFO - Epoch(train)   [1][1350/3504]  lr: 1.0000e-03  eta: 1 day, 20:27:59  time: 0.4538  data_time: 0.1300  memory: 4667  loss: 9.8202  loss_cls: 8.7680  loss_bbox: 1.0522
05/29 21:34:05 - mmengine - INFO - Epoch(train)   [1][1400/3504]  lr: 1.0000e-03  eta: 1 day, 20:25:10  time: 0.4468  data_time: 0.1386  memory: 4780  loss: 15.2557  loss_cls: 14.2845  loss_bbox: 0.9712
05/29 21:34:28 - mmengine - INFO - Epoch(train)   [1][1450/3504]  lr: 1.0000e-03  eta: 1 day, 20:22:39  time: 0.4476  data_time: 0.1281  memory: 4712  loss: 12.3655  loss_cls: 11.3107  loss_bbox: 1.0548
05/29 21:34:50 - mmengine - INFO - Epoch(train)   [1][1500/3504]  lr: 1.0000e-03  eta: 1 day, 20:21:41  time: 0.4548  data_time: 0.1369  memory: 4809  loss: 11.7560  loss_cls: 10.7049  loss_bbox: 1.0512
05/29 21:35:13 - mmengine - INFO - Epoch(train)   [1][1550/3504]  lr: 1.0000e-03  eta: 1 day, 20:20:32  time: 0.4536  data_time: 0.1311  memory: 5113  loss: 9.9601  loss_cls: 8.8881  loss_bbox: 1.0719
05/29 21:35:36 - mmengine - INFO - Epoch(train)   [1][1600/3504]  lr: 1.0000e-03  eta: 1 day, 20:18:54  time: 0.4507  data_time: 0.1378  memory: 4666  loss: 13.8958  loss_cls: 12.8456  loss_bbox: 1.0502
05/29 21:35:58 - mmengine - INFO - Epoch(train)   [1][1650/3504]  lr: 1.0000e-03  eta: 1 day, 20:17:51  time: 0.4536  data_time: 0.1355  memory: 4698  loss: 10.8787  loss_cls: 9.7970  loss_bbox: 1.0817
05/29 21:36:21 - mmengine - INFO - Epoch(train)   [1][1700/3504]  lr: 1.0000e-03  eta: 1 day, 20:16:21  time: 0.4507  data_time: 0.1299  memory: 4718  loss: 15.1111  loss_cls: 14.0548  loss_bbox: 1.0563
05/29 21:36:44 - mmengine - INFO - Epoch(train)   [1][1750/3504]  lr: 1.0000e-03  eta: 1 day, 20:15:55  time: 0.4567  data_time: 0.1316  memory: 4849  loss: 9.4306  loss_cls: 8.3822  loss_bbox: 1.0484
05/29 21:37:07 - mmengine - INFO - Epoch(train)   [1][1800/3504]  lr: 1.0000e-03  eta: 1 day, 20:17:05  time: 0.4667  data_time: 0.1350  memory: 4718  loss: 13.4230  loss_cls: 12.3501  loss_bbox: 1.0729
05/29 21:37:30 - mmengine - INFO - Epoch(train)   [1][1850/3504]  lr: 1.0000e-03  eta: 1 day, 20:17:47  time: 0.4641  data_time: 0.1324  memory: 4904  loss: 10.5366  loss_cls: 9.4676  loss_bbox: 1.0689
05/29 21:37:53 - mmengine - INFO - Epoch(train)   [1][1900/3504]  lr: 1.0000e-03  eta: 1 day, 20:17:49  time: 0.4602  data_time: 0.1347  memory: 4689  loss: 15.3772  loss_cls: 14.3477  loss_bbox: 1.0295
05/29 21:38:16 - mmengine - INFO - Epoch(train)   [1][1950/3504]  lr: 1.0000e-03  eta: 1 day, 20:18:23  time: 0.4640  data_time: 0.1309  memory: 4787  loss: 11.0706  loss_cls: 10.0194  loss_bbox: 1.0512
05/29 21:38:39 - mmengine - INFO - Exp name: exp12_pack4ch_gamma_20260529_212303
05/29 21:38:39 - mmengine - INFO - Epoch(train)   [1][2000/3504]  lr: 1.0000e-03  eta: 1 day, 20:17:58  time: 0.4574  data_time: 0.1332  memory: 4760  loss: 8.2414  loss_cls: 7.2119  loss_bbox: 1.0295
05/29 21:39:02 - mmengine - INFO - Epoch(train)   [1][2050/3504]  lr: 1.0000e-03  eta: 1 day, 20:17:35  time: 0.4578  data_time: 0.1407  memory: 4714  loss: 13.6061  loss_cls: 12.5494  loss_bbox: 1.0567
05/29 21:39:25 - mmengine - INFO - Epoch(train)   [1][2100/3504]  lr: 1.0000e-03  eta: 1 day, 20:17:37  time: 0.4607  data_time: 0.1390  memory: 5068  loss: 11.3798  loss_cls: 10.3084  loss_bbox: 1.0714
05/29 21:39:47 - mmengine - INFO - Epoch(train)   [1][2150/3504]  lr: 1.0000e-03  eta: 1 day, 20:14:48  time: 0.4398  data_time: 0.1251  memory: 4705  loss: 13.0487  loss_cls: 12.0216  loss_bbox: 1.0272
05/29 21:40:09 - mmengine - INFO - Epoch(train)   [1][2200/3504]  lr: 1.0000e-03  eta: 1 day, 20:12:48  time: 0.4451  data_time: 0.1305  memory: 4734  loss: 9.2960  loss_cls: 8.2460  loss_bbox: 1.0501
05/29 21:40:32 - mmengine - INFO - Epoch(train)   [1][2250/3504]  lr: 1.0000e-03  eta: 1 day, 20:11:18  time: 0.4485  data_time: 0.1296  memory: 4712  loss: 8.2184  loss_cls: 7.1805  loss_bbox: 1.0379
05/29 21:40:54 - mmengine - INFO - Epoch(train)   [1][2300/3504]  lr: 1.0000e-03  eta: 1 day, 20:08:58  time: 0.4414  data_time: 0.1256  memory: 4939  loss: 10.7726  loss_cls: 9.7446  loss_bbox: 1.0281
05/29 21:41:16 - mmengine - INFO - Epoch(train)   [1][2350/3504]  lr: 1.0000e-03  eta: 1 day, 20:06:19  time: 0.4382  data_time: 0.1308  memory: 4675  loss: 14.7943  loss_cls: 13.7940  loss_bbox: 1.0003
05/29 21:41:38 - mmengine - INFO - Epoch(train)   [1][2400/3504]  lr: 1.0000e-03  eta: 1 day, 20:04:20  time: 0.4429  data_time: 0.1327  memory: 4804  loss: 12.0565  loss_cls: 11.0239  loss_bbox: 1.0326
05/29 21:42:00 - mmengine - INFO - Epoch(train)   [1][2450/3504]  lr: 1.0000e-03  eta: 1 day, 20:01:08  time: 0.4321  data_time: 0.1267  memory: 4721  loss: 9.6028  loss_cls: 8.5663  loss_bbox: 1.0365
05/29 21:42:21 - mmengine - INFO - Epoch(train)   [1][2500/3504]  lr: 1.0000e-03  eta: 1 day, 19:57:35  time: 0.4282  data_time: 0.1289  memory: 4852  loss: 9.2528  loss_cls: 8.2163  loss_bbox: 1.0366
05/29 21:42:43 - mmengine - INFO - Epoch(train)   [1][2550/3504]  lr: 1.0000e-03  eta: 1 day, 19:54:46  time: 0.4334  data_time: 0.1330  memory: 4890  loss: 8.5415  loss_cls: 7.5104  loss_bbox: 1.0311
05/29 21:43:04 - mmengine - INFO - Epoch(train)   [1][2600/3504]  lr: 1.0000e-03  eta: 1 day, 19:51:36  time: 0.4294  data_time: 0.1282  memory: 4886  loss: 11.3545  loss_cls: 10.3033  loss_bbox: 1.0512
05/29 21:43:26 - mmengine - INFO - Epoch(train)   [1][2650/3504]  lr: 1.0000e-03  eta: 1 day, 19:49:11  time: 0.4354  data_time: 0.1268  memory: 4881  loss: 11.0290  loss_cls: 9.9758  loss_bbox: 1.0532
05/29 21:43:48 - mmengine - INFO - Epoch(train)   [1][2700/3504]  lr: 1.0000e-03  eta: 1 day, 19:47:00  time: 0.4367  data_time: 0.1292  memory: 4857  loss: 8.2702  loss_cls: 7.2367  loss_bbox: 1.0335
05/29 21:44:10 - mmengine - INFO - Epoch(train)   [1][2750/3504]  lr: 1.0000e-03  eta: 1 day, 19:44:50  time: 0.4365  data_time: 0.1330  memory: 4957  loss: 8.6299  loss_cls: 7.6158  loss_bbox: 1.0142
05/29 21:44:31 - mmengine - INFO - Epoch(train)   [1][2800/3504]  lr: 1.0000e-03  eta: 1 day, 19:42:02  time: 0.4295  data_time: 0.1306  memory: 4806  loss: 12.1737  loss_cls: 11.1453  loss_bbox: 1.0284
05/29 21:44:53 - mmengine - INFO - Epoch(train)   [1][2850/3504]  lr: 1.0000e-03  eta: 1 day, 19:40:08  time: 0.4377  data_time: 0.1267  memory: 4722  loss: 7.9785  loss_cls: 6.9348  loss_bbox: 1.0437
05/29 21:45:15 - mmengine - INFO - Epoch(train)   [1][2900/3504]  lr: 1.0000e-03  eta: 1 day, 19:38:12  time: 0.4367  data_time: 0.1282  memory: 4757  loss: 7.8664  loss_cls: 6.8254  loss_bbox: 1.0411
05/29 21:45:37 - mmengine - INFO - Epoch(train)   [1][2950/3504]  lr: 1.0000e-03  eta: 1 day, 19:36:19  time: 0.4368  data_time: 0.1277  memory: 4774  loss: 8.7467  loss_cls: 7.7109  loss_bbox: 1.0358
05/29 21:45:58 - mmengine - INFO - Exp name: exp12_pack4ch_gamma_20260529_212303
05/29 21:45:58 - mmengine - INFO - Epoch(train)   [1][3000/3504]  lr: 1.0000e-03  eta: 1 day, 19:33:55  time: 0.4308  data_time: 0.1225  memory: 5116  loss: 11.4326  loss_cls: 10.4216  loss_bbox: 1.0110
05/29 21:46:20 - mmengine - INFO - Epoch(train)   [1][3050/3504]  lr: 1.0000e-03  eta: 1 day, 19:31:46  time: 0.4327  data_time: 0.1225  memory: 4806  loss: 9.1970  loss_cls: 8.1460  loss_bbox: 1.0511
05/29 21:46:42 - mmengine - INFO - Epoch(train)   [1][3100/3504]  lr: 1.0000e-03  eta: 1 day, 19:29:52  time: 0.4349  data_time: 0.1307  memory: 4787  loss: 11.6828  loss_cls: 10.6706  loss_bbox: 1.0122
05/29 21:47:03 - mmengine - INFO - Epoch(train)   [1][3150/3504]  lr: 1.0000e-03  eta: 1 day, 19:27:47  time: 0.4322  data_time: 0.1258  memory: 4680  loss: 7.7108  loss_cls: 6.6754  loss_bbox: 1.0353
05/29 21:47:25 - mmengine - INFO - Epoch(train)   [1][3200/3504]  lr: 1.0000e-03  eta: 1 day, 19:25:50  time: 0.4333  data_time: 0.1275  memory: 4868  loss: 8.6348  loss_cls: 7.5760  loss_bbox: 1.0587
05/29 21:47:46 - mmengine - INFO - Epoch(train)   [1][3250/3504]  lr: 1.0000e-03  eta: 1 day, 19:23:52  time: 0.4324  data_time: 0.1295  memory: 4740  loss: 8.5424  loss_cls: 7.5176  loss_bbox: 1.0247
05/29 21:48:08 - mmengine - INFO - Epoch(train)   [1][3300/3504]  lr: 1.0000e-03  eta: 1 day, 19:22:14  time: 0.4356  data_time: 0.1335  memory: 4733  loss: 9.0605  loss_cls: 8.0023  loss_bbox: 1.0582
05/29 21:48:30 - mmengine - INFO - Epoch(train)   [1][3350/3504]  lr: 1.0000e-03  eta: 1 day, 19:20:23  time: 0.4328  data_time: 0.1284  memory: 4667  loss: 12.0042  loss_cls: 10.9546  loss_bbox: 1.0496
05/29 21:48:52 - mmengine - INFO - Epoch(train)   [1][3400/3504]  lr: 1.0000e-03  eta: 1 day, 19:18:42  time: 0.4341  data_time: 0.1243  memory: 4983  loss: 10.5138  loss_cls: 9.4431  loss_bbox: 1.0707
05/29 21:49:13 - mmengine - INFO - Epoch(train)   [1][3450/3504]  lr: 1.0000e-03  eta: 1 day, 19:17:15  time: 0.4366  data_time: 0.1276  memory: 4853  loss: 7.0856  loss_cls: 6.0577  loss_bbox: 1.0279
05/29 21:49:34 - mmengine - INFO - Epoch(train)   [1][3500/3504]  lr: 1.0000e-03  eta: 1 day, 19:14:00  time: 0.4144  data_time: 0.1256  memory: 4640  loss: 9.0590  loss_cls: 8.0548  loss_bbox: 1.0042
05/29 21:49:35 - mmengine - INFO - Exp name: exp12_pack4ch_gamma_20260529_212303
05/29 21:49:35 - mmengine - INFO - Saving checkpoint at 1 epochs
[1;34mwandb[0m: 
[1;34mwandb[0m: 🚀 View run [33mexp12[0m at: [34m[0m
[1;34mwandb[0m: Find logs at: [1;35mwork_dirs/exp12/20260529_212303/vis_data/wandb/run-20260529_212305-09k05r79/logs[0m
=== exp12 finished ===
