=== Attempting Kerberos authentication ===
Password for souval_g@WMGDS.WMG.WARWICK.AC.UK: 
kinit exit status: 0
Ticket cache: FILE:/tmp/krb5cc_1922617598
Default principal: souval_g@WMGDS.WMG.WARWICK.AC.UK

Valid starting     Expires            Service principal
05/29/26 21:12:20  05/30/26 07:12:20  krbtgt/WMGDS.WMG.WARWICK.AC.UK@WMGDS.WMG.WARWICK.AC.UK
	renew until 06/05/26 21:12:20
=== Starting Kerberos renewal loop ===
Kerberos renewal loop started (PID: 663243)
=== Triggering CIFS mount ===
=== Starting exp11 ===
Training command is /networkhome/WMGDS/souval_g/anaconda3/envs/mmdet12/bin/python3.10 /networkhome/WMGDS/souval_g/neuRAWns_mmdet/mmdetection/mmdet/.mim/tools/train.py configs/experiments/exp11_pack3ch_gamma.py --launcher none --work-dir /networkhome/WMGDS/souval_g/neuRAWns_mmdet/work_dirs/exp11 --cfg-options train_dataloader.dataset.data_root=/networkhome/WMGDS/souval_g/data/ROD/yolo/ val_dataloader.dataset.data_root=/networkhome/WMGDS/souval_g/data/ROD/yolo/ test_dataloader.dataset.data_root=/networkhome/WMGDS/souval_g/data/ROD/yolo/ val_evaluator.ann_file=/networkhome/WMGDS/souval_g/data/ROD/yolo/raw/json_raw_coco_mapped/val.json test_evaluator.ann_file=/networkhome/WMGDS/souval_g/data/ROD/yolo/raw/json_raw_coco_mapped/test.json load_from=/networkhome/WMGDS/souval_g/checkpoints_mmdet/rtmdet_s_8xb32-300e_coco_20220905_161602-387a891e.pth. 
Gina running this. =============================
05/29 21:12:34 - mmengine - INFO - 
------------------------------------------------------------
System environment:
    sys.platform: linux
    Python: 3.10.18 (main, Jun  5 2025, 13:14:17) [GCC 11.2.0]
    CUDA available: True
    MUSA available: False
    numpy_random_seed: 1109046449
    GPU 0: NVIDIA RTX PRO 6000 Blackwell Server Edition
    CUDA_HOME: /usr/local/cuda
    NVCC: Cuda compilation tools, release 13.1, V13.1.115
    GCC: gcc (Ubuntu 13.3.0-6ubuntu2~24.04.1) 13.3.0
    PyTorch: 2.11.0+cu128
    PyTorch compiling details: PyTorch built with:
  - GCC 13.3
  - C++ Version: 201703
  - Intel(R) oneAPI Math Kernel Library Version 2025.0-Product Build 20241009 for Intel(R) 64 architecture applications
  - Intel(R) MKL-DNN v3.10.2 (Git Hash f1d471933dc852f956fd05389f9313c7148783d5)
  - OpenMP 201511 (a.k.a. OpenMP 4.5)
  - LAPACK is enabled (usually provided by MKL)
  - NNPACK is enabled
  - CPU capability usage: AVX512
  - CUDA Runtime 12.8
  - NVCC architecture flags: -gencode;arch=compute_75,code=sm_75;-gencode;arch=compute_80,code=sm_80;-gencode;arch=compute_86,code=sm_86;-gencode;arch=compute_90,code=sm_90;-gencode;arch=compute_100,code=sm_100;-gencode;arch=compute_120,code=sm_120
  - CuDNN 91.9  (built against CUDA 12.9)
  - Magma 2.6.1
  - Build settings: BLAS_INFO=mkl, BUILD_TYPE=Release, COMMIT_SHA=70d99e998b4955e0049d13a98d77ae1b14db1f45, CUDA_VERSION=12.8, CUDNN_VERSION=9.19.0, CXX_COMPILER=/opt/rh/gcc-toolset-13/root/usr/bin/c++, CXX_FLAGS= -fvisibility-inlines-hidden -DUSE_PTHREADPOOL -DNDEBUG -DUSE_KINETO -DLIBKINETO_NOROCTRACER -DLIBKINETO_NOXPUPTI=ON -DUSE_FBGEMM -DUSE_MSLK -DUSE_PYTORCH_QNNPACK -DUSE_XNNPACK -DSYMBOLICATE_MOBILE_DEBUG_HANDLE -O2 -fPIC -DC10_NODEPRECATED -Wall -Wextra -Werror=return-type -Werror=non-virtual-dtor -Werror=range-loop-construct -Werror=bool-operation -Wnarrowing -Wno-missing-field-initializers -Wno-unknown-pragmas -Wno-unused-parameter -Wno-strict-overflow -Wno-strict-aliasing -Wno-stringop-overflow -Wsuggest-override -Wno-psabi -Wno-error=old-style-cast -faligned-new -Wno-maybe-uninitialized -fno-math-errno -fno-trapping-math -Werror=format -Wno-dangling-reference -Wno-error=dangling-reference -Wno-stringop-overflow, LAPACK_INFO=mkl, PERF_WITH_AVX=1, PERF_WITH_AVX2=1, TORCH_VERSION=2.11.0, USE_CUDA=ON, USE_CUDNN=ON, USE_CUSPARSELT=1, USE_GFLAGS=OFF, USE_GLOG=OFF, USE_GLOO=ON, USE_MKL=ON, USE_MKLDNN=ON, USE_MPI=OFF, USE_NCCL=1, USE_NNPACK=ON, USE_OPENMP=ON, USE_ROCM=OFF, USE_ROCM_KERNEL_ASSERT=OFF, USE_XCCL=OFF, USE_XPU=OFF, 

    TorchVision: 0.26.0+cu128
    OpenCV: 4.11.0
    MMEngine: 0.10.7

Runtime environment:
    cudnn_benchmark: False
    mp_cfg: {'mp_start_method': 'fork', 'opencv_num_threads': 0}
    dist_cfg: {'backend': 'nccl'}
    seed: 1109046449
    Distributed launcher: none
    Distributed training: False
    GPU number: 1
------------------------------------------------------------

05/29 21:12:34 - mmengine - INFO - Config:
auto_scale_lr = dict(base_batch_size=64, enable=True)
custom_hooks = [
    dict(
        check_updates=False,
        debug_mode=False,
        priority='VERY_HIGH',
        type='FreezeDetectorHook'),
    dict(
        min_delta=0.001,
        monitor='coco/bbox_mAP',
        patience=10,
        rule='greater',
        type='EarlyStoppingHook'),
    dict(
        experiment_name='exp11',
        save_dir='sample_images',
        save_preprocessed=True,
        save_raw=True,
        type='SaveBatchImagesHook'),
    dict(log_every_n_steps=50, type='PreprocessorMonitorHook'),
]
custom_imports = dict(
    allow_failed_imports=False,
    imports=[
        'modules.raw_preprocessors',
        'modules.wrappers',
        'modules.hooks',
        'datasets.pipelines',
    ])
data_root = '/home/souval_g_WMGDS.WMG.WARWICK.AC.UK/data/ROD/yolo/'
dataset_type = 'CocoDataset'
default_hooks = dict(
    checkpoint=dict(
        interval=1,
        max_keep_ckpts=2,
        rule='greater',
        save_best='coco/bbox_mAP',
        type='CheckpointHook'),
    logger=dict(interval=50, type='LoggerHook'),
    param_scheduler=dict(type='ParamSchedulerHook'),
    sampler_seed=dict(type='DistSamplerSeedHook'),
    timer=dict(type='IterTimerHook'),
    visualization=dict(type='DetVisualizationHook'))
default_scope = 'mmdet'
env_cfg = dict(
    cudnn_benchmark=False,
    dist_cfg=dict(backend='nccl'),
    mp_cfg=dict(mp_start_method='fork', opencv_num_threads=0))
exp_name = 'exp11'
launcher = 'none'
load_from = '/networkhome/WMGDS/souval_g/checkpoints_mmdet/rtmdet_s_8xb32-300e_coco_20220905_161602-387a891e.pth'
log_level = 'INFO'
log_processor = dict(by_epoch=True, type='LogProcessor', window_size=50)
model = dict(
    backbone=dict(
        act_cfg=dict(inplace=True, type='SiLU'),
        arch='P5',
        channel_attention=True,
        deepen_factor=0.33,
        expand_ratio=0.5,
        norm_cfg=dict(type='BN'),
        type='CSPNeXt',
        widen_factor=0.5),
    bbox_head=dict(
        act_cfg=dict(inplace=True, type='SiLU'),
        anchor_generator=dict(
            offset=0, strides=[
                8,
                16,
                32,
            ], type='MlvlPointGenerator'),
        bbox_coder=dict(type='DistancePointBBoxCoder'),
        exp_on_reg=False,
        feat_channels=128,
        in_channels=128,
        loss_bbox=dict(loss_weight=2.0, type='GIoULoss'),
        loss_cls=dict(
            beta=2.0,
            loss_weight=1.0,
            type='QualityFocalLoss',
            use_sigmoid=True),
        norm_cfg=dict(type='BN'),
        num_classes=80,
        pred_kernel_size=1,
        share_conv=True,
        stacked_convs=2,
        type='RTMDetSepBNHead',
        with_objectness=False),
    data_preprocessor=dict(
        batch_augments=None,
        bgr_to_rgb=True,
        mean=[
            103.53,
            116.28,
            123.675,
        ],
        pad_size_divisor=32,
        preprocessor_cfg=dict(
            in_channels=3, kernel_size=3, out_channels=3, type='ConvGamma'),
        std=[
            57.375,
            57.12,
            58.395,
        ],
        type='RAWDetDataPreprocessor'),
    neck=dict(
        act_cfg=dict(inplace=True, type='SiLU'),
        expand_ratio=0.5,
        in_channels=[
            128,
            256,
            512,
        ],
        norm_cfg=dict(type='BN'),
        num_csp_blocks=1,
        out_channels=128,
        type='CSPNeXtPAFPN'),
    test_cfg=dict(
        max_per_img=300,
        min_bbox_size=0,
        nms=dict(iou_threshold=0.65, type='nms'),
        nms_pre=30000,
        score_thr=0.001),
    train_cfg=dict(
        allowed_border=-1,
        assigner=dict(topk=13, type='DynamicSoftLabelAssigner'),
        debug=False,
        pos_weight=-1),
    type='RTMDet')
optim_wrapper = dict(
    optimizer=dict(lr=0.001, type='AdamW', weight_decay=0.01),
    type='OptimWrapper')
param_scheduler = [
    dict(begin=0, by_epoch=False, end=500, start_factor=0.1, type='LinearLR'),
    dict(begin=0, by_epoch=True, end=100, type='CosineAnnealingLR'),
]
resume = False
test_cfg = dict(type='TestLoop')
test_dataloader = dict(
    batch_size=1,
    dataset=dict(
        ann_file='raw/json_raw_coco_mapped/test.json',
        data_prefix=dict(img='raw/images/test/'),
        data_root='/networkhome/WMGDS/souval_g/data/ROD/yolo/',
        pipeline=[
            dict(type='LoadRAWImageFromFile'),
            dict(type='NormaliseP99'),
            dict(out_channels=3, type='PackBayer'),
            dict(keep_ratio=True, scale=(
                1333,
                800,
            ), type='Resize'),
            dict(type='PackDetInputs'),
        ],
        type='CocoDataset'),
    drop_last=False,
    num_workers=2,
    persistent_workers=True,
    sampler=dict(shuffle=False, type='DefaultSampler'))
test_evaluator = dict(
    ann_file=
    '/networkhome/WMGDS/souval_g/data/ROD/yolo/raw/json_raw_coco_mapped/test.json',
    classwise=True,
    format_only=False,
    label_to_catid=dict({
        0: 1,
        1: 2,
        2: 3,
        6: 7,
        7: 8
    }),
    metric='bbox',
    type='CocoMetric')
test_pipeline = [
    dict(type='LoadRAWImageFromFile'),
    dict(type='NormaliseP99'),
    dict(out_channels=3, type='PackBayer'),
    dict(keep_ratio=True, scale=(
        1333,
        800,
    ), type='Resize'),
    dict(type='PackDetInputs'),
]
train_cfg = dict(max_epochs=100, type='EpochBasedTrainLoop', val_interval=1)
train_dataloader = dict(
    batch_size=4,
    dataset=dict(
        ann_file='raw/json_raw_coco_mapped/train.json',
        data_prefix=dict(img='raw/images/train/'),
        data_root='/networkhome/WMGDS/souval_g/data/ROD/yolo/',
        filter_cfg=dict(filter_empty_gt=True, min_size=32),
        pipeline=[
            dict(type='LoadRAWImageFromFile'),
            dict(type='LoadAnnotations', with_bbox=True),
            dict(type='NormaliseP99'),
            dict(out_channels=3, type='PackBayer'),
            dict(keep_ratio=True, scale=(
                1333,
                800,
            ), type='Resize'),
            dict(prob=0.5, type='RandomFlip'),
            dict(type='PackDetInputs'),
        ],
        type='CocoDataset'),
    num_workers=4,
    persistent_workers=True,
    sampler=dict(shuffle=True, type='DefaultSampler'))
train_pipeline = [
    dict(type='LoadRAWImageFromFile'),
    dict(type='LoadAnnotations', with_bbox=True),
    dict(type='NormaliseP99'),
    dict(out_channels=3, type='PackBayer'),
    dict(keep_ratio=True, scale=(
        1333,
        800,
    ), type='Resize'),
    dict(prob=0.5, type='RandomFlip'),
    dict(type='PackDetInputs'),
]
val_cfg = dict(type='ValLoop')
val_dataloader = dict(
    batch_size=1,
    dataset=dict(
        ann_file='raw/json_raw_coco_mapped/val.json',
        data_prefix=dict(img='raw/images/val/'),
        data_root='/networkhome/WMGDS/souval_g/data/ROD/yolo/',
        pipeline=[
            dict(type='LoadRAWImageFromFile'),
            dict(type='NormaliseP99'),
            dict(out_channels=3, type='PackBayer'),
            dict(keep_ratio=True, scale=(
                1333,
                800,
            ), type='Resize'),
            dict(type='PackDetInputs'),
        ],
        type='CocoDataset'),
    drop_last=False,
    num_workers=2,
    persistent_workers=True,
    sampler=dict(shuffle=False, type='DefaultSampler'))
val_evaluator = dict(
    ann_file=
    '/networkhome/WMGDS/souval_g/data/ROD/yolo/raw/json_raw_coco_mapped/val.json',
    classwise=True,
    format_only=False,
    label_to_catid=dict({
        0: 1,
        1: 2,
        2: 3,
        6: 7,
        7: 8
    }),
    metric='bbox',
    type='CocoMetric')
vis_backends = [
    dict(type='LocalVisBackend'),
    dict(
        init_kwargs=dict(
            config=dict(
                detector='RTMDet-S',
                detector_frozen=True,
                gain=False,
                gamma=0.45454545454545453,
                in_channels=3,
                input='packed_3ch',
                kernel_size=3,
                preprocessor='ConvGamma',
                preprocessor_gmacs=0.0216,
                preprocessor_latency_ms=0.152,
                preprocessor_params=84),
            name='exp11',
            project='neuRAWns-mmdet-ROD-v2'),
        type='WandbVisBackend'),
]
visualizer = dict(
    name='visualizer',
    type='DetLocalVisualizer',
    vis_backends=[
        dict(type='LocalVisBackend'),
        dict(
            init_kwargs=dict(
                config=dict(
                    detector='RTMDet-S',
                    detector_frozen=True,
                    gain=False,
                    gamma=0.45454545454545453,
                    in_channels=3,
                    input='packed_3ch',
                    kernel_size=3,
                    preprocessor='ConvGamma',
                    preprocessor_gmacs=0.0216,
                    preprocessor_latency_ms=0.152,
                    preprocessor_params=84),
                name='exp11',
                project='neuRAWns-mmdet-ROD-v2'),
            type='WandbVisBackend'),
    ])
work_dir = '/networkhome/WMGDS/souval_g/neuRAWns_mmdet/work_dirs/exp11'

05/29 21:12:45 - mmengine - INFO - Distributed training is not used, all SyncBatchNorm (SyncBN) layers in the model will be automatically reverted to BatchNormXd layers if they are used.
05/29 21:12:45 - mmengine - INFO - Hooks will be executed in the following order:
before_run:
(VERY_HIGH   ) RuntimeInfoHook                    
(BELOW_NORMAL) LoggerHook                         
(LOWEST      ) EarlyStoppingHook                  
 -------------------- 
before_train:
(VERY_HIGH   ) RuntimeInfoHook                    
(VERY_HIGH   ) FreezeDetectorHook                 
(NORMAL      ) IterTimerHook                      
(VERY_LOW    ) CheckpointHook                     
 -------------------- 
before_train_epoch:
(VERY_HIGH   ) RuntimeInfoHook                    
(NORMAL      ) IterTimerHook                      
(NORMAL      ) DistSamplerSeedHook                
(NORMAL      ) SaveBatchImagesHook                
 -------------------- 
before_train_iter:
(VERY_HIGH   ) RuntimeInfoHook                    
(NORMAL      ) IterTimerHook                      
 -------------------- 
after_train_iter:
(VERY_HIGH   ) RuntimeInfoHook                    
(NORMAL      ) IterTimerHook                      
(NORMAL      ) SaveBatchImagesHook                
(NORMAL      ) PreprocessorMonitorHook            
(BELOW_NORMAL) LoggerHook                         
(LOW         ) ParamSchedulerHook                 
(VERY_LOW    ) CheckpointHook                     
 -------------------- 
after_train_epoch:
(VERY_HIGH   ) FreezeDetectorHook                 
(NORMAL      ) IterTimerHook                      
(LOW         ) ParamSchedulerHook                 
(VERY_LOW    ) CheckpointHook                     
 -------------------- 
before_val:
(VERY_HIGH   ) RuntimeInfoHook                    
 -------------------- 
before_val_epoch:
(NORMAL      ) IterTimerHook                      
 -------------------- 
before_val_iter:
(NORMAL      ) IterTimerHook                      
 -------------------- 
after_val_iter:
(NORMAL      ) IterTimerHook                      
(NORMAL      ) DetVisualizationHook               
(BELOW_NORMAL) LoggerHook                         
 -------------------- 
after_val_epoch:
(VERY_HIGH   ) RuntimeInfoHook                    
(NORMAL      ) IterTimerHook                      
(BELOW_NORMAL) LoggerHook                         
(LOW         ) ParamSchedulerHook                 
(VERY_LOW    ) CheckpointHook                     
(LOWEST      ) EarlyStoppingHook                  
 -------------------- 
after_val:
(VERY_HIGH   ) RuntimeInfoHook                    
 -------------------- 
after_train:
(VERY_HIGH   ) RuntimeInfoHook                    
(VERY_LOW    ) CheckpointHook                     
 -------------------- 
before_test:
(VERY_HIGH   ) RuntimeInfoHook                    
 -------------------- 
before_test_epoch:
(NORMAL      ) IterTimerHook                      
 -------------------- 
before_test_iter:
(NORMAL      ) IterTimerHook                      
 -------------------- 
after_test_iter:
(NORMAL      ) IterTimerHook                      
(NORMAL      ) DetVisualizationHook               
(BELOW_NORMAL) LoggerHook                         
 -------------------- 
after_test_epoch:
(VERY_HIGH   ) RuntimeInfoHook                    
(NORMAL      ) IterTimerHook                      
(BELOW_NORMAL) LoggerHook                         
 -------------------- 
after_test:
(VERY_HIGH   ) RuntimeInfoHook                    
 -------------------- 
after_run:
(BELOW_NORMAL) LoggerHook                         
 -------------------- 
loading annotations into memory...
Done (t=0.82s)
creating index...
index created!
AFTER load_data_list: 14061 items
AFTER filter_data: 14015 items
BEFORE serialize: 14015 items
05/29 21:12:48 - mmengine - INFO - LR is set based on batch size of 64 and the current batch size is 4. Scaling the original LR by 0.0625.
loading annotations into memory...
Done (t=0.09s)
creating index...
index created!
AFTER load_data_list: 4017 items
AFTER filter_data: 4017 items
BEFORE serialize: 4017 items
loading annotations into memory...
Done (t=0.09s)
creating index...
index created!
Loads checkpoint by local backend from path: /networkhome/WMGDS/souval_g/checkpoints_mmdet/rtmdet_s_8xb32-300e_coco_20220905_161602-387a891e.pth
The model and loaded state dict do not match exactly

unexpected key in source state_dict: data_preprocessor.mean, data_preprocessor.std

missing keys in source state_dict: data_preprocessor.raw_preprocessor.conv.weight, data_preprocessor.raw_preprocessor.conv.bias

05/29 21:12:49 - mmengine - INFO - Load checkpoint from /networkhome/WMGDS/souval_g/checkpoints_mmdet/rtmdet_s_8xb32-300e_coco_20220905_161602-387a891e.pth
05/29 21:12:49 - mmengine - INFO - 
============================================================
DETECTOR FREEZING COMPLETE
============================================================
Total:         8,887,008
Trainable:            84  (0.0009%)
Frozen:        8,886,924
============================================================

05/29 21:12:49 - mmengine - WARNING - "FileClient" will be deprecated in future. Please use io functions in https://mmengine.readthedocs.io/en/latest/api/fileio.html#file-io
05/29 21:12:49 - mmengine - WARNING - "HardDiskBackend" is the alias of "LocalBackend" and the former will be deprecated in future.
05/29 21:12:49 - mmengine - INFO - Checkpoints will be saved to /networkhome/WMGDS/souval_g/neuRAWns_mmdet/work_dirs/exp11.
05/29 21:12:58 - mmengine - INFO - Saved 4 images from epoch 1 to sample_images/exp11/epoch_1
05/29 21:13:18 - mmengine - INFO - Epoch(train)   [1][  50/3504]  lr: 1.1774e-05  eta: 2 days, 7:08:25  time: 0.5666  data_time: 0.2057  memory: 4782  loss: 11.7973  loss_cls: 10.7139  loss_bbox: 1.0834
05/29 21:13:39 - mmengine - INFO - Epoch(train)   [1][ 100/3504]  lr: 1.7410e-05  eta: 2 days, 0:51:45  time: 0.4377  data_time: 0.1588  memory: 4843  loss: 12.4746  loss_cls: 11.4169  loss_bbox: 1.0577
05/29 21:14:02 - mmengine - INFO - Epoch(train)   [1][ 150/3504]  lr: 2.3046e-05  eta: 1 day, 22:54:51  time: 0.4423  data_time: 0.1591  memory: 4975  loss: 11.5245  loss_cls: 10.4539  loss_bbox: 1.0707
05/29 21:14:23 - mmengine - INFO - Epoch(train)   [1][ 200/3504]  lr: 2.8682e-05  eta: 1 day, 21:38:07  time: 0.4299  data_time: 0.1602  memory: 4771  loss: 13.0826  loss_cls: 12.0207  loss_bbox: 1.0619
05/29 21:14:45 - mmengine - INFO - Epoch(train)   [1][ 250/3504]  lr: 3.4319e-05  eta: 1 day, 20:59:00  time: 0.4359  data_time: 0.1633  memory: 4971  loss: 11.4234  loss_cls: 10.3513  loss_bbox: 1.0721
05/29 21:15:07 - mmengine - INFO - Epoch(train)   [1][ 300/3504]  lr: 3.9955e-05  eta: 1 day, 20:32:23  time: 0.4355  data_time: 0.1611  memory: 4744  loss: 17.7387  loss_cls: 16.6728  loss_bbox: 1.0659
05/29 21:15:28 - mmengine - INFO - Epoch(train)   [1][ 350/3504]  lr: 4.5591e-05  eta: 1 day, 20:11:04  time: 0.4329  data_time: 0.1669  memory: 4868  loss: 11.5544  loss_cls: 10.5205  loss_bbox: 1.0339
05/29 21:15:50 - mmengine - INFO - Epoch(train)   [1][ 400/3504]  lr: 5.1227e-05  eta: 1 day, 19:54:01  time: 0.4315  data_time: 0.1645  memory: 4653  loss: 16.8426  loss_cls: 15.8266  loss_bbox: 1.0161
05/29 21:16:11 - mmengine - INFO - Epoch(train)   [1][ 450/3504]  lr: 5.6864e-05  eta: 1 day, 19:40:29  time: 0.4313  data_time: 0.1716  memory: 4749  loss: 13.9685  loss_cls: 12.9164  loss_bbox: 1.0521
05/29 21:16:34 - mmengine - INFO - Epoch(train)   [1][ 500/3504]  lr: 6.2500e-05  eta: 1 day, 19:37:24  time: 0.4446  data_time: 0.1681  memory: 4724  loss: 14.4671  loss_cls: 13.4557  loss_bbox: 1.0114
05/29 21:16:56 - mmengine - INFO - Epoch(train)   [1][ 550/3504]  lr: 6.2500e-05  eta: 1 day, 19:31:06  time: 0.4376  data_time: 0.1578  memory: 4722  loss: 16.0606  loss_cls: 15.0043  loss_bbox: 1.0563
05/29 21:17:17 - mmengine - INFO - Epoch(train)   [1][ 600/3504]  lr: 6.2500e-05  eta: 1 day, 19:24:36  time: 0.4352  data_time: 0.1547  memory: 4730  loss: 15.7841  loss_cls: 14.7778  loss_bbox: 1.0063
05/29 21:17:39 - mmengine - INFO - Epoch(train)   [1][ 650/3504]  lr: 6.2500e-05  eta: 1 day, 19:18:34  time: 0.4341  data_time: 0.1483  memory: 4722  loss: 11.4034  loss_cls: 10.3349  loss_bbox: 1.0685
05/29 21:18:01 - mmengine - INFO - Epoch(train)   [1][ 700/3504]  lr: 6.2500e-05  eta: 1 day, 19:18:18  time: 0.4460  data_time: 0.1735  memory: 4927  loss: 14.1063  loss_cls: 13.0580  loss_bbox: 1.0483
05/29 21:18:23 - mmengine - INFO - Epoch(train)   [1][ 750/3504]  lr: 6.2500e-05  eta: 1 day, 19:16:47  time: 0.4429  data_time: 0.1497  memory: 4756  loss: 10.4609  loss_cls: 9.3878  loss_bbox: 1.0731
05/29 21:18:45 - mmengine - INFO - Epoch(train)   [1][ 800/3504]  lr: 6.2500e-05  eta: 1 day, 19:14:21  time: 0.4399  data_time: 0.1573  memory: 4673  loss: 11.1409  loss_cls: 10.0572  loss_bbox: 1.0837
05/29 21:19:07 - mmengine - INFO - Epoch(train)   [1][ 850/3504]  lr: 6.2500e-05  eta: 1 day, 19:08:58  time: 0.4306  data_time: 0.1411  memory: 4742  loss: 13.8073  loss_cls: 12.7356  loss_bbox: 1.0717
05/29 21:19:29 - mmengine - INFO - Epoch(train)   [1][ 900/3504]  lr: 6.2500e-05  eta: 1 day, 19:08:00  time: 0.4425  data_time: 0.1702  memory: 4797  loss: 12.3682  loss_cls: 11.3354  loss_bbox: 1.0328
05/29 21:19:51 - mmengine - INFO - Epoch(train)   [1][ 950/3504]  lr: 6.2500e-05  eta: 1 day, 19:02:56  time: 0.4290  data_time: 0.1472  memory: 4696  loss: 10.6896  loss_cls: 9.6580  loss_bbox: 1.0317
05/29 21:20:12 - mmengine - INFO - Exp name: exp11_pack3ch_gamma_20260529_211234
05/29 21:20:12 - mmengine - INFO - Epoch(train)   [1][1000/3504]  lr: 6.2500e-05  eta: 1 day, 19:01:00  time: 0.4381  data_time: 0.1595  memory: 4683  loss: 12.1529  loss_cls: 11.0879  loss_bbox: 1.0650
05/29 21:20:34 - mmengine - INFO - Epoch(train)   [1][1050/3504]  lr: 6.2500e-05  eta: 1 day, 18:58:07  time: 0.4342  data_time: 0.1626  memory: 4775  loss: 10.7956  loss_cls: 9.7118  loss_bbox: 1.0838
05/29 21:20:56 - mmengine - INFO - Epoch(train)   [1][1100/3504]  lr: 6.2500e-05  eta: 1 day, 18:56:04  time: 0.4364  data_time: 0.1577  memory: 4944  loss: 11.1798  loss_cls: 10.1330  loss_bbox: 1.0468
05/29 21:21:17 - mmengine - INFO - Epoch(train)   [1][1150/3504]  lr: 6.2500e-05  eta: 1 day, 18:52:22  time: 0.4294  data_time: 0.1571  memory: 4659  loss: 11.2736  loss_cls: 10.2114  loss_bbox: 1.0622
05/29 21:21:39 - mmengine - INFO - Epoch(train)   [1][1200/3504]  lr: 6.2500e-05  eta: 1 day, 18:51:24  time: 0.4395  data_time: 0.1649  memory: 4625  loss: 12.1590  loss_cls: 11.1003  loss_bbox: 1.0587
05/29 21:22:01 - mmengine - INFO - Epoch(train)   [1][1250/3504]  lr: 6.2500e-05  eta: 1 day, 18:50:43  time: 0.4404  data_time: 0.1449  memory: 4747  loss: 11.3898  loss_cls: 10.3178  loss_bbox: 1.0720
05/29 21:22:23 - mmengine - INFO - Epoch(train)   [1][1300/3504]  lr: 6.2500e-05  eta: 1 day, 18:49:38  time: 0.4386  data_time: 0.1487  memory: 4721  loss: 15.0535  loss_cls: 14.0247  loss_bbox: 1.0288
05/29 21:22:45 - mmengine - INFO - Epoch(train)   [1][1350/3504]  lr: 6.2500e-05  eta: 1 day, 18:49:08  time: 0.4410  data_time: 0.1620  memory: 4656  loss: 9.0399  loss_cls: 7.9863  loss_bbox: 1.0537
05/29 21:23:07 - mmengine - INFO - Epoch(train)   [1][1400/3504]  lr: 6.2500e-05  eta: 1 day, 18:46:29  time: 0.4306  data_time: 0.1458  memory: 4612  loss: 11.2828  loss_cls: 10.2229  loss_bbox: 1.0599
05/29 21:23:29 - mmengine - INFO - Epoch(train)   [1][1450/3504]  lr: 6.2500e-05  eta: 1 day, 18:46:41  time: 0.4441  data_time: 0.1606  memory: 4797  loss: 13.3236  loss_cls: 12.2432  loss_bbox: 1.0804
05/29 21:23:51 - mmengine - INFO - Epoch(train)   [1][1500/3504]  lr: 6.2500e-05  eta: 1 day, 18:45:26  time: 0.4368  data_time: 0.1784  memory: 5107  loss: 17.0480  loss_cls: 16.0511  loss_bbox: 0.9969
05/29 21:24:13 - mmengine - INFO - Epoch(train)   [1][1550/3504]  lr: 6.2500e-05  eta: 1 day, 18:45:11  time: 0.4418  data_time: 0.2016  memory: 4743  loss: 13.9895  loss_cls: 12.9317  loss_bbox: 1.0578
05/29 21:24:35 - mmengine - INFO - Epoch(train)   [1][1600/3504]  lr: 6.2500e-05  eta: 1 day, 18:44:52  time: 0.4415  data_time: 0.1896  memory: 5107  loss: 19.8444  loss_cls: 18.7922  loss_bbox: 1.0522
05/29 21:24:57 - mmengine - INFO - Epoch(train)   [1][1650/3504]  lr: 6.2500e-05  eta: 1 day, 18:44:37  time: 0.4419  data_time: 0.2269  memory: 4643  loss: 10.6464  loss_cls: 9.5767  loss_bbox: 1.0697
05/29 21:25:20 - mmengine - INFO - Epoch(train)   [1][1700/3504]  lr: 6.2500e-05  eta: 1 day, 18:46:21  time: 0.4535  data_time: 0.1870  memory: 4675  loss: 14.0859  loss_cls: 13.0086  loss_bbox: 1.0773
05/29 21:25:42 - mmengine - INFO - Epoch(train)   [1][1750/3504]  lr: 6.2500e-05  eta: 1 day, 18:45:07  time: 0.4364  data_time: 0.1555  memory: 4946  loss: 10.0274  loss_cls: 8.9938  loss_bbox: 1.0336
05/29 21:26:04 - mmengine - INFO - Epoch(train)   [1][1800/3504]  lr: 6.2500e-05  eta: 1 day, 18:45:04  time: 0.4434  data_time: 0.1602  memory: 4841  loss: 15.1310  loss_cls: 14.0710  loss_bbox: 1.0600
05/29 21:26:25 - mmengine - INFO - Epoch(train)   [1][1850/3504]  lr: 6.2500e-05  eta: 1 day, 18:42:02  time: 0.4245  data_time: 0.1570  memory: 4839  loss: 13.4780  loss_cls: 12.4169  loss_bbox: 1.0610
05/29 21:26:47 - mmengine - INFO - Epoch(train)   [1][1900/3504]  lr: 6.2500e-05  eta: 1 day, 18:41:37  time: 0.4407  data_time: 0.1624  memory: 4670  loss: 10.6065  loss_cls: 9.5176  loss_bbox: 1.0890
05/29 21:27:08 - mmengine - INFO - Epoch(train)   [1][1950/3504]  lr: 6.2500e-05  eta: 1 day, 18:38:41  time: 0.4238  data_time: 0.1571  memory: 4649  loss: 11.1510  loss_cls: 10.0883  loss_bbox: 1.0627
05/29 21:27:30 - mmengine - INFO - Exp name: exp11_pack3ch_gamma_20260529_211234
05/29 21:27:30 - mmengine - INFO - Epoch(train)   [1][2000/3504]  lr: 6.2500e-05  eta: 1 day, 18:36:03  time: 0.4249  data_time: 0.1364  memory: 4890  loss: 13.7357  loss_cls: 12.6993  loss_bbox: 1.0365
05/29 21:27:51 - mmengine - INFO - Epoch(train)   [1][2050/3504]  lr: 6.2500e-05  eta: 1 day, 18:33:51  time: 0.4272  data_time: 0.1439  memory: 4741  loss: 14.5953  loss_cls: 13.6105  loss_bbox: 0.9848
05/29 21:28:12 - mmengine - INFO - Epoch(train)   [1][2100/3504]  lr: 6.2500e-05  eta: 1 day, 18:31:35  time: 0.4261  data_time: 0.1254  memory: 4866  loss: 10.0952  loss_cls: 9.0391  loss_bbox: 1.0560
05/29 21:28:34 - mmengine - INFO - Epoch(train)   [1][2150/3504]  lr: 6.2500e-05  eta: 1 day, 18:29:14  time: 0.4249  data_time: 0.1139  memory: 4645  loss: 14.5759  loss_cls: 13.4984  loss_bbox: 1.0775
05/29 21:28:55 - mmengine - INFO - Epoch(train)   [1][2200/3504]  lr: 6.2500e-05  eta: 1 day, 18:28:00  time: 0.4327  data_time: 0.1278  memory: 4650  loss: 14.9045  loss_cls: 13.8401  loss_bbox: 1.0644
05/29 21:29:16 - mmengine - INFO - Epoch(train)   [1][2250/3504]  lr: 6.2500e-05  eta: 1 day, 18:25:26  time: 0.4219  data_time: 0.1185  memory: 4810  loss: 11.5906  loss_cls: 10.5270  loss_bbox: 1.0637
05/29 21:29:38 - mmengine - INFO - Epoch(train)   [1][2300/3504]  lr: 6.2500e-05  eta: 1 day, 18:23:40  time: 0.4276  data_time: 0.1240  memory: 4703  loss: 16.6261  loss_cls: 15.5300  loss_bbox: 1.0961
05/29 21:29:59 - mmengine - INFO - Epoch(train)   [1][2350/3504]  lr: 6.2500e-05  eta: 1 day, 18:22:22  time: 0.4309  data_time: 0.1253  memory: 4691  loss: 13.6181  loss_cls: 12.5655  loss_bbox: 1.0526
05/29 21:30:20 - mmengine - INFO - Epoch(train)   [1][2400/3504]  lr: 6.2500e-05  eta: 1 day, 18:20:22  time: 0.4247  data_time: 0.1036  memory: 4893  loss: 12.8786  loss_cls: 11.8248  loss_bbox: 1.0539
05/29 21:30:42 - mmengine - INFO - Epoch(train)   [1][2450/3504]  lr: 6.2500e-05  eta: 1 day, 18:18:42  time: 0.4271  data_time: 0.1023  memory: 4964  loss: 12.2812  loss_cls: 11.2419  loss_bbox: 1.0393
05/29 21:31:03 - mmengine - INFO - Epoch(train)   [1][2500/3504]  lr: 6.2500e-05  eta: 1 day, 18:16:46  time: 0.4242  data_time: 0.1110  memory: 4652  loss: 15.2656  loss_cls: 14.2440  loss_bbox: 1.0216
05/29 21:31:24 - mmengine - INFO - Epoch(train)   [1][2550/3504]  lr: 6.2500e-05  eta: 1 day, 18:14:31  time: 0.4210  data_time: 0.0981  memory: 4772  loss: 13.9750  loss_cls: 12.9287  loss_bbox: 1.0463
05/29 21:31:47 - mmengine - INFO - Epoch(train)   [1][2600/3504]  lr: 6.2500e-05  eta: 1 day, 18:15:44  time: 0.4513  data_time: 0.1003  memory: 4831  loss: 11.5903  loss_cls: 10.5258  loss_bbox: 1.0644
05/29 21:32:08 - mmengine - INFO - Epoch(train)   [1][2650/3504]  lr: 6.2500e-05  eta: 1 day, 18:13:50  time: 0.4235  data_time: 0.1004  memory: 4794  loss: 8.7794  loss_cls: 7.7218  loss_bbox: 1.0576
05/29 21:32:29 - mmengine - INFO - Epoch(train)   [1][2700/3504]  lr: 6.2500e-05  eta: 1 day, 18:12:37  time: 0.4293  data_time: 0.1022  memory: 4886  loss: 9.4400  loss_cls: 8.3997  loss_bbox: 1.0403
05/29 21:32:50 - mmengine - INFO - Epoch(train)   [1][2750/3504]  lr: 6.2500e-05  eta: 1 day, 18:10:13  time: 0.4176  data_time: 0.1003  memory: 4882  loss: 11.3174  loss_cls: 10.2712  loss_bbox: 1.0462
05/29 21:33:12 - mmengine - INFO - Epoch(train)   [1][2800/3504]  lr: 6.2500e-05  eta: 1 day, 18:08:58  time: 0.4282  data_time: 0.1020  memory: 4656  loss: 11.5114  loss_cls: 10.4373  loss_bbox: 1.0741
05/29 21:33:33 - mmengine - INFO - Epoch(train)   [1][2850/3504]  lr: 6.2500e-05  eta: 1 day, 18:07:05  time: 0.4216  data_time: 0.1068  memory: 4810  loss: 10.8305  loss_cls: 9.7497  loss_bbox: 1.0808
05/29 21:33:54 - mmengine - INFO - Epoch(train)   [1][2900/3504]  lr: 6.2500e-05  eta: 1 day, 18:06:01  time: 0.4292  data_time: 0.1023  memory: 4593  loss: 10.7348  loss_cls: 9.6498  loss_bbox: 1.0850
05/29 21:34:15 - mmengine - INFO - Epoch(train)   [1][2950/3504]  lr: 6.2500e-05  eta: 1 day, 18:04:18  time: 0.4224  data_time: 0.0988  memory: 4685  loss: 16.0172  loss_cls: 14.9722  loss_bbox: 1.0450
05/29 21:34:36 - mmengine - INFO - Exp name: exp11_pack3ch_gamma_20260529_211234
05/29 21:34:36 - mmengine - INFO - Epoch(train)   [1][3000/3504]  lr: 6.2500e-05  eta: 1 day, 18:02:35  time: 0.4219  data_time: 0.0994  memory: 4802  loss: 16.5945  loss_cls: 15.5874  loss_bbox: 1.0070
05/29 21:34:57 - mmengine - INFO - Epoch(train)   [1][3050/3504]  lr: 6.2500e-05  eta: 1 day, 18:00:58  time: 0.4224  data_time: 0.1062  memory: 4717  loss: 12.7528  loss_cls: 11.6745  loss_bbox: 1.0783
05/29 21:35:19 - mmengine - INFO - Epoch(train)   [1][3100/3504]  lr: 6.2500e-05  eta: 1 day, 17:59:57  time: 0.4285  data_time: 0.1019  memory: 4700  loss: 11.1610  loss_cls: 10.0915  loss_bbox: 1.0695
05/29 21:35:40 - mmengine - INFO - Epoch(train)   [1][3150/3504]  lr: 6.2500e-05  eta: 1 day, 17:58:36  time: 0.4245  data_time: 0.1048  memory: 4796  loss: 11.2741  loss_cls: 10.2362  loss_bbox: 1.0379
05/29 21:36:02 - mmengine - INFO - Epoch(train)   [1][3200/3504]  lr: 6.2500e-05  eta: 1 day, 17:58:09  time: 0.4344  data_time: 0.1091  memory: 4713  loss: 12.3473  loss_cls: 11.2921  loss_bbox: 1.0552
05/29 21:36:23 - mmengine - INFO - Epoch(train)   [1][3250/3504]  lr: 6.2500e-05  eta: 1 day, 17:56:27  time: 0.4200  data_time: 0.1087  memory: 4799  loss: 10.8851  loss_cls: 9.8409  loss_bbox: 1.0442
05/29 21:36:44 - mmengine - INFO - Epoch(train)   [1][3300/3504]  lr: 6.2500e-05  eta: 1 day, 17:54:54  time: 0.4215  data_time: 0.1136  memory: 4653  loss: 12.9406  loss_cls: 11.8643  loss_bbox: 1.0763
05/29 21:37:05 - mmengine - INFO - Epoch(train)   [1][3350/3504]  lr: 6.2500e-05  eta: 1 day, 17:54:06  time: 0.4295  data_time: 0.1146  memory: 4679  loss: 15.4738  loss_cls: 14.4551  loss_bbox: 1.0187
05/29 21:37:26 - mmengine - INFO - Epoch(train)   [1][3400/3504]  lr: 6.2500e-05  eta: 1 day, 17:52:27  time: 0.4196  data_time: 0.1066  memory: 4683  loss: 12.9964  loss_cls: 11.9467  loss_bbox: 1.0497
05/29 21:37:48 - mmengine - INFO - Epoch(train)   [1][3450/3504]  lr: 6.2500e-05  eta: 1 day, 17:51:26  time: 0.4265  data_time: 0.1061  memory: 4687  loss: 15.4666  loss_cls: 14.4283  loss_bbox: 1.0383
05/29 21:38:08 - mmengine - INFO - Epoch(train)   [1][3500/3504]  lr: 6.2500e-05  eta: 1 day, 17:48:48  time: 0.4068  data_time: 0.1083  memory: 4764  loss: 11.9365  loss_cls: 10.8775  loss_bbox: 1.0589
05/29 21:38:08 - mmengine - INFO - Exp name: exp11_pack3ch_gamma_20260529_211234
05/29 21:38:08 - mmengine - INFO - Saving checkpoint at 1 epochs
[1;34mwandb[0m: 
[1;34mwandb[0m: 🚀 View run [33mexp11[0m at: [34m[0m
[1;34mwandb[0m: Find logs at: [1;35mwork_dirs/exp11/20260529_211234/vis_data/wandb/run-20260529_211235-qy6e6dch/logs[0m
=== exp11 finished ===
