=== Attempting Kerberos authentication ===
Password for souval_g@WMGDS.WMG.WARWICK.AC.UK: 
kinit exit status: 0
Ticket cache: FILE:/tmp/krb5cc_1922617598
Default principal: souval_g@WMGDS.WMG.WARWICK.AC.UK

Valid starting     Expires            Service principal
05/29/26 21:38:16  05/30/26 07:38:16  krbtgt/WMGDS.WMG.WARWICK.AC.UK@WMGDS.WMG.WARWICK.AC.UK
	renew until 06/05/26 21:38:16
=== Starting Kerberos renewal loop ===
Kerberos renewal loop started (PID: 664416)
=== Triggering CIFS mount ===
=== Starting exp16 ===
Training command is /networkhome/WMGDS/souval_g/anaconda3/envs/mmdet12/bin/python3.10 /networkhome/WMGDS/souval_g/neuRAWns_mmdet/mmdetection/mmdet/.mim/tools/train.py configs/experiments/exp16_convlog.py --launcher none --work-dir /networkhome/WMGDS/souval_g/neuRAWns_mmdet/work_dirs/exp16 --cfg-options train_dataloader.dataset.data_root=/networkhome/WMGDS/souval_g/data/ROD/yolo/ val_dataloader.dataset.data_root=/networkhome/WMGDS/souval_g/data/ROD/yolo/ test_dataloader.dataset.data_root=/networkhome/WMGDS/souval_g/data/ROD/yolo/ val_evaluator.ann_file=/networkhome/WMGDS/souval_g/data/ROD/yolo/raw/json_raw_coco_mapped/val.json test_evaluator.ann_file=/networkhome/WMGDS/souval_g/data/ROD/yolo/raw/json_raw_coco_mapped/test.json load_from=/networkhome/WMGDS/souval_g/checkpoints_mmdet/rtmdet_s_8xb32-300e_coco_20220905_161602-387a891e.pth. 
Gina running this. =============================
05/29 21:38:32 - mmengine - INFO - 
------------------------------------------------------------
System environment:
    sys.platform: linux
    Python: 3.10.18 (main, Jun  5 2025, 13:14:17) [GCC 11.2.0]
    CUDA available: True
    MUSA available: False
    numpy_random_seed: 590330369
    GPU 0: NVIDIA RTX PRO 6000 Blackwell Server Edition
    CUDA_HOME: /usr/local/cuda
    NVCC: Cuda compilation tools, release 13.1, V13.1.115
    GCC: gcc (Ubuntu 13.3.0-6ubuntu2~24.04.1) 13.3.0
    PyTorch: 2.11.0+cu128
    PyTorch compiling details: PyTorch built with:
  - GCC 13.3
  - C++ Version: 201703
  - Intel(R) oneAPI Math Kernel Library Version 2025.0-Product Build 20241009 for Intel(R) 64 architecture applications
  - Intel(R) MKL-DNN v3.10.2 (Git Hash f1d471933dc852f956fd05389f9313c7148783d5)
  - OpenMP 201511 (a.k.a. OpenMP 4.5)
  - LAPACK is enabled (usually provided by MKL)
  - NNPACK is enabled
  - CPU capability usage: AVX512
  - CUDA Runtime 12.8
  - NVCC architecture flags: -gencode;arch=compute_75,code=sm_75;-gencode;arch=compute_80,code=sm_80;-gencode;arch=compute_86,code=sm_86;-gencode;arch=compute_90,code=sm_90;-gencode;arch=compute_100,code=sm_100;-gencode;arch=compute_120,code=sm_120
  - CuDNN 91.9  (built against CUDA 12.9)
  - Magma 2.6.1
  - Build settings: BLAS_INFO=mkl, BUILD_TYPE=Release, COMMIT_SHA=70d99e998b4955e0049d13a98d77ae1b14db1f45, CUDA_VERSION=12.8, CUDNN_VERSION=9.19.0, CXX_COMPILER=/opt/rh/gcc-toolset-13/root/usr/bin/c++, CXX_FLAGS= -fvisibility-inlines-hidden -DUSE_PTHREADPOOL -DNDEBUG -DUSE_KINETO -DLIBKINETO_NOROCTRACER -DLIBKINETO_NOXPUPTI=ON -DUSE_FBGEMM -DUSE_MSLK -DUSE_PYTORCH_QNNPACK -DUSE_XNNPACK -DSYMBOLICATE_MOBILE_DEBUG_HANDLE -O2 -fPIC -DC10_NODEPRECATED -Wall -Wextra -Werror=return-type -Werror=non-virtual-dtor -Werror=range-loop-construct -Werror=bool-operation -Wnarrowing -Wno-missing-field-initializers -Wno-unknown-pragmas -Wno-unused-parameter -Wno-strict-overflow -Wno-strict-aliasing -Wno-stringop-overflow -Wsuggest-override -Wno-psabi -Wno-error=old-style-cast -faligned-new -Wno-maybe-uninitialized -fno-math-errno -fno-trapping-math -Werror=format -Wno-dangling-reference -Wno-error=dangling-reference -Wno-stringop-overflow, LAPACK_INFO=mkl, PERF_WITH_AVX=1, PERF_WITH_AVX2=1, TORCH_VERSION=2.11.0, USE_CUDA=ON, USE_CUDNN=ON, USE_CUSPARSELT=1, USE_GFLAGS=OFF, USE_GLOG=OFF, USE_GLOO=ON, USE_MKL=ON, USE_MKLDNN=ON, USE_MPI=OFF, USE_NCCL=1, USE_NNPACK=ON, USE_OPENMP=ON, USE_ROCM=OFF, USE_ROCM_KERNEL_ASSERT=OFF, USE_XCCL=OFF, USE_XPU=OFF, 

    TorchVision: 0.26.0+cu128
    OpenCV: 4.11.0
    MMEngine: 0.10.7

Runtime environment:
    cudnn_benchmark: False
    mp_cfg: {'mp_start_method': 'fork', 'opencv_num_threads': 0}
    dist_cfg: {'backend': 'nccl'}
    seed: 590330369
    Distributed launcher: none
    Distributed training: False
    GPU number: 1
------------------------------------------------------------

05/29 21:38:32 - mmengine - INFO - Config:
auto_scale_lr = dict(base_batch_size=64, enable=True)
custom_hooks = [
    dict(
        check_updates=False,
        debug_mode=False,
        priority='VERY_HIGH',
        type='FreezeDetectorHook'),
    dict(
        min_delta=0.001,
        monitor='coco/bbox_mAP',
        patience=10,
        rule='greater',
        type='EarlyStoppingHook'),
    dict(
        experiment_name='exp16',
        save_dir='sample_images',
        save_preprocessed=True,
        save_raw=True,
        type='SaveBatchImagesHook'),
    dict(log_every_n_steps=50, type='PreprocessorMonitorHook'),
]
custom_imports = dict(
    allow_failed_imports=False,
    imports=[
        'modules.raw_preprocessors',
        'modules.wrappers',
        'modules.hooks',
        'datasets.pipelines',
    ])
data_root = '/home/souval_g_WMGDS.WMG.WARWICK.AC.UK/data/ROD/yolo/'
dataset_type = 'CocoDataset'
default_hooks = dict(
    checkpoint=dict(
        interval=1,
        max_keep_ckpts=2,
        rule='greater',
        save_best='coco/bbox_mAP',
        type='CheckpointHook'),
    logger=dict(interval=50, type='LoggerHook'),
    param_scheduler=dict(type='ParamSchedulerHook'),
    sampler_seed=dict(type='DistSamplerSeedHook'),
    timer=dict(type='IterTimerHook'),
    visualization=dict(type='DetVisualizationHook'))
default_scope = 'mmdet'
env_cfg = dict(
    cudnn_benchmark=False,
    dist_cfg=dict(backend='nccl'),
    mp_cfg=dict(mp_start_method='fork', opencv_num_threads=0))
exp_name = 'exp16'
launcher = 'none'
load_from = '/networkhome/WMGDS/souval_g/checkpoints_mmdet/rtmdet_s_8xb32-300e_coco_20220905_161602-387a891e.pth'
log_level = 'INFO'
log_processor = dict(by_epoch=True, type='LogProcessor', window_size=50)
model = dict(
    backbone=dict(
        act_cfg=dict(inplace=True, type='SiLU'),
        arch='P5',
        channel_attention=True,
        deepen_factor=0.33,
        expand_ratio=0.5,
        norm_cfg=dict(type='BN'),
        type='CSPNeXt',
        widen_factor=0.5),
    bbox_head=dict(
        act_cfg=dict(inplace=True, type='SiLU'),
        anchor_generator=dict(
            offset=0, strides=[
                8,
                16,
                32,
            ], type='MlvlPointGenerator'),
        bbox_coder=dict(type='DistancePointBBoxCoder'),
        exp_on_reg=False,
        feat_channels=128,
        in_channels=128,
        loss_bbox=dict(loss_weight=2.0, type='GIoULoss'),
        loss_cls=dict(
            beta=2.0,
            loss_weight=1.0,
            type='QualityFocalLoss',
            use_sigmoid=True),
        norm_cfg=dict(type='BN'),
        num_classes=80,
        pred_kernel_size=1,
        share_conv=True,
        stacked_convs=2,
        type='RTMDetSepBNHead',
        with_objectness=False),
    data_preprocessor=dict(
        batch_augments=None,
        bgr_to_rgb=True,
        mean=[
            103.53,
            116.28,
            123.675,
        ],
        pad_size_divisor=32,
        preprocessor_cfg=dict(
            in_channels=3, kernel_size=3, out_channels=3, type='ConvLog'),
        std=[
            57.375,
            57.12,
            58.395,
        ],
        type='RAWDetDataPreprocessor'),
    neck=dict(
        act_cfg=dict(inplace=True, type='SiLU'),
        expand_ratio=0.5,
        in_channels=[
            128,
            256,
            512,
        ],
        norm_cfg=dict(type='BN'),
        num_csp_blocks=1,
        out_channels=128,
        type='CSPNeXtPAFPN'),
    test_cfg=dict(
        max_per_img=300,
        min_bbox_size=0,
        nms=dict(iou_threshold=0.65, type='nms'),
        nms_pre=30000,
        score_thr=0.001),
    train_cfg=dict(
        allowed_border=-1,
        assigner=dict(topk=13, type='DynamicSoftLabelAssigner'),
        debug=False,
        pos_weight=-1),
    type='RTMDet')
optim_wrapper = dict(
    optimizer=dict(lr=0.001, type='AdamW', weight_decay=0.01),
    type='OptimWrapper')
param_scheduler = [
    dict(begin=0, by_epoch=False, end=500, start_factor=0.1, type='LinearLR'),
    dict(begin=0, by_epoch=True, end=100, type='CosineAnnealingLR'),
]
resume = False
test_cfg = dict(type='TestLoop')
test_dataloader = dict(
    batch_size=1,
    dataset=dict(
        ann_file='raw/json_raw_coco_mapped/test.json',
        data_prefix=dict(img='raw/images/test/'),
        data_root='/networkhome/WMGDS/souval_g/data/ROD/yolo/',
        pipeline=[
            dict(type='LoadRAWImageFromFile'),
            dict(type='NormaliseP99'),
            dict(out_channels=3, type='PackBayer'),
            dict(keep_ratio=True, scale=(
                1333,
                800,
            ), type='Resize'),
            dict(type='PackDetInputs'),
        ],
        type='CocoDataset'),
    drop_last=False,
    num_workers=2,
    persistent_workers=True,
    sampler=dict(shuffle=False, type='DefaultSampler'))
test_evaluator = dict(
    ann_file=
    '/networkhome/WMGDS/souval_g/data/ROD/yolo/raw/json_raw_coco_mapped/test.json',
    classwise=True,
    format_only=False,
    label_to_catid=dict({
        0: 1,
        1: 2,
        2: 3,
        6: 7,
        7: 8
    }),
    metric='bbox',
    type='CocoMetric')
test_pipeline = [
    dict(type='LoadRAWImageFromFile'),
    dict(type='NormaliseP99'),
    dict(out_channels=3, type='PackBayer'),
    dict(keep_ratio=True, scale=(
        1333,
        800,
    ), type='Resize'),
    dict(type='PackDetInputs'),
]
train_cfg = dict(max_epochs=100, type='EpochBasedTrainLoop', val_interval=1)
train_dataloader = dict(
    batch_size=4,
    dataset=dict(
        ann_file='raw/json_raw_coco_mapped/train.json',
        data_prefix=dict(img='raw/images/train/'),
        data_root='/networkhome/WMGDS/souval_g/data/ROD/yolo/',
        filter_cfg=dict(filter_empty_gt=True, min_size=32),
        pipeline=[
            dict(type='LoadRAWImageFromFile'),
            dict(type='NormaliseP99'),
            dict(out_channels=3, type='PackBayer'),
            dict(type='LoadAnnotations', with_bbox=True),
            dict(keep_ratio=True, scale=(
                1333,
                800,
            ), type='Resize'),
            dict(prob=0.5, type='RandomFlip'),
            dict(type='PackDetInputs'),
        ],
        type='CocoDataset'),
    num_workers=4,
    persistent_workers=True,
    sampler=dict(shuffle=True, type='DefaultSampler'))
train_pipeline = [
    dict(type='LoadRAWImageFromFile'),
    dict(type='NormaliseP99'),
    dict(out_channels=3, type='PackBayer'),
    dict(type='LoadAnnotations', with_bbox=True),
    dict(keep_ratio=True, scale=(
        1333,
        800,
    ), type='Resize'),
    dict(prob=0.5, type='RandomFlip'),
    dict(type='PackDetInputs'),
]
val_cfg = dict(type='ValLoop')
val_dataloader = dict(
    batch_size=1,
    dataset=dict(
        ann_file='raw/json_raw_coco_mapped/val.json',
        data_prefix=dict(img='raw/images/val/'),
        data_root='/networkhome/WMGDS/souval_g/data/ROD/yolo/',
        pipeline=[
            dict(type='LoadRAWImageFromFile'),
            dict(type='NormaliseP99'),
            dict(out_channels=3, type='PackBayer'),
            dict(keep_ratio=True, scale=(
                1333,
                800,
            ), type='Resize'),
            dict(type='PackDetInputs'),
        ],
        type='CocoDataset'),
    drop_last=False,
    num_workers=2,
    persistent_workers=True,
    sampler=dict(shuffle=False, type='DefaultSampler'))
val_evaluator = dict(
    ann_file=
    '/networkhome/WMGDS/souval_g/data/ROD/yolo/raw/json_raw_coco_mapped/val.json',
    classwise=True,
    format_only=False,
    label_to_catid=dict({
        0: 1,
        1: 2,
        2: 3,
        6: 7,
        7: 8
    }),
    metric='bbox',
    type='CocoMetric')
vis_backends = [
    dict(type='LocalVisBackend'),
    dict(
        init_kwargs=dict(
            config=dict(
                alpha_init=1.0,
                alpha_learnable=True,
                detector='RTMDet-S',
                detector_frozen=True,
                in_channels=3,
                input='packed_3ch',
                kernel_size=3,
                preprocessor='ConvLog',
                tone_curve='log(1 + a*x)'),
            name='exp16',
            project='neuRAWns-mmdet-ROD-v2'),
        type='WandbVisBackend'),
]
visualizer = dict(
    name='visualizer',
    type='DetLocalVisualizer',
    vis_backends=[
        dict(type='LocalVisBackend'),
        dict(
            init_kwargs=dict(
                config=dict(
                    alpha_init=1.0,
                    alpha_learnable=True,
                    detector='RTMDet-S',
                    detector_frozen=True,
                    in_channels=3,
                    input='packed_3ch',
                    kernel_size=3,
                    preprocessor='ConvLog',
                    tone_curve='log(1 + a*x)'),
                name='exp16',
                project='neuRAWns-mmdet-ROD-v2'),
            type='WandbVisBackend'),
    ])
work_dir = '/networkhome/WMGDS/souval_g/neuRAWns_mmdet/work_dirs/exp16'

05/29 21:38:45 - mmengine - INFO - Distributed training is not used, all SyncBatchNorm (SyncBN) layers in the model will be automatically reverted to BatchNormXd layers if they are used.
05/29 21:38:45 - mmengine - INFO - Hooks will be executed in the following order:
before_run:
(VERY_HIGH   ) RuntimeInfoHook                    
(BELOW_NORMAL) LoggerHook                         
(LOWEST      ) EarlyStoppingHook                  
 -------------------- 
before_train:
(VERY_HIGH   ) RuntimeInfoHook                    
(VERY_HIGH   ) FreezeDetectorHook                 
(NORMAL      ) IterTimerHook                      
(VERY_LOW    ) CheckpointHook                     
 -------------------- 
before_train_epoch:
(VERY_HIGH   ) RuntimeInfoHook                    
(NORMAL      ) IterTimerHook                      
(NORMAL      ) DistSamplerSeedHook                
(NORMAL      ) SaveBatchImagesHook                
 -------------------- 
before_train_iter:
(VERY_HIGH   ) RuntimeInfoHook                    
(NORMAL      ) IterTimerHook                      
 -------------------- 
after_train_iter:
(VERY_HIGH   ) RuntimeInfoHook                    
(NORMAL      ) IterTimerHook                      
(NORMAL      ) SaveBatchImagesHook                
(NORMAL      ) PreprocessorMonitorHook            
(BELOW_NORMAL) LoggerHook                         
(LOW         ) ParamSchedulerHook                 
(VERY_LOW    ) CheckpointHook                     
 -------------------- 
after_train_epoch:
(VERY_HIGH   ) FreezeDetectorHook                 
(NORMAL      ) IterTimerHook                      
(LOW         ) ParamSchedulerHook                 
(VERY_LOW    ) CheckpointHook                     
 -------------------- 
before_val:
(VERY_HIGH   ) RuntimeInfoHook                    
 -------------------- 
before_val_epoch:
(NORMAL      ) IterTimerHook                      
 -------------------- 
before_val_iter:
(NORMAL      ) IterTimerHook                      
 -------------------- 
after_val_iter:
(NORMAL      ) IterTimerHook                      
(NORMAL      ) DetVisualizationHook               
(BELOW_NORMAL) LoggerHook                         
 -------------------- 
after_val_epoch:
(VERY_HIGH   ) RuntimeInfoHook                    
(NORMAL      ) IterTimerHook                      
(BELOW_NORMAL) LoggerHook                         
(LOW         ) ParamSchedulerHook                 
(VERY_LOW    ) CheckpointHook                     
(LOWEST      ) EarlyStoppingHook                  
 -------------------- 
after_val:
(VERY_HIGH   ) RuntimeInfoHook                    
 -------------------- 
after_train:
(VERY_HIGH   ) RuntimeInfoHook                    
(VERY_LOW    ) CheckpointHook                     
 -------------------- 
before_test:
(VERY_HIGH   ) RuntimeInfoHook                    
 -------------------- 
before_test_epoch:
(NORMAL      ) IterTimerHook                      
 -------------------- 
before_test_iter:
(NORMAL      ) IterTimerHook                      
 -------------------- 
after_test_iter:
(NORMAL      ) IterTimerHook                      
(NORMAL      ) DetVisualizationHook               
(BELOW_NORMAL) LoggerHook                         
 -------------------- 
after_test_epoch:
(VERY_HIGH   ) RuntimeInfoHook                    
(NORMAL      ) IterTimerHook                      
(BELOW_NORMAL) LoggerHook                         
 -------------------- 
after_test:
(VERY_HIGH   ) RuntimeInfoHook                    
 -------------------- 
after_run:
(BELOW_NORMAL) LoggerHook                         
 -------------------- 
loading annotations into memory...
Done (t=0.75s)
creating index...
index created!
AFTER load_data_list: 14061 items
AFTER filter_data: 14015 items
BEFORE serialize: 14015 items
05/29 21:38:48 - mmengine - INFO - LR is set based on batch size of 64 and the current batch size is 4. Scaling the original LR by 0.0625.
loading annotations into memory...
Done (t=0.09s)
creating index...
index created!
AFTER load_data_list: 4017 items
AFTER filter_data: 4017 items
BEFORE serialize: 4017 items
loading annotations into memory...
Done (t=0.10s)
creating index...
index created!
Loads checkpoint by local backend from path: /networkhome/WMGDS/souval_g/checkpoints_mmdet/rtmdet_s_8xb32-300e_coco_20220905_161602-387a891e.pth
The model and loaded state dict do not match exactly

unexpected key in source state_dict: data_preprocessor.mean, data_preprocessor.std

missing keys in source state_dict: data_preprocessor.raw_preprocessor.log_a, data_preprocessor.raw_preprocessor.conv.weight, data_preprocessor.raw_preprocessor.conv.bias

05/29 21:38:49 - mmengine - INFO - Load checkpoint from /networkhome/WMGDS/souval_g/checkpoints_mmdet/rtmdet_s_8xb32-300e_coco_20220905_161602-387a891e.pth
05/29 21:38:49 - mmengine - INFO - 
============================================================
DETECTOR FREEZING COMPLETE
============================================================
Total:         8,887,011
Trainable:            87  (0.0010%)
Frozen:        8,886,924
============================================================

05/29 21:38:49 - mmengine - WARNING - "FileClient" will be deprecated in future. Please use io functions in https://mmengine.readthedocs.io/en/latest/api/fileio.html#file-io
05/29 21:38:49 - mmengine - WARNING - "HardDiskBackend" is the alias of "LocalBackend" and the former will be deprecated in future.
05/29 21:38:49 - mmengine - INFO - Checkpoints will be saved to /networkhome/WMGDS/souval_g/neuRAWns_mmdet/work_dirs/exp16.
05/29 21:38:58 - mmengine - INFO - Saved 4 images from epoch 1 to sample_images/exp16/epoch_1
05/29 21:39:18 - mmengine - INFO - Epoch(train)   [1][  50/3504]  lr: 1.1774e-05  eta: 2 days, 8:35:19  time: 0.5815  data_time: 0.1933  memory: 4985  loss: 12.0427  loss_cls: 11.0222  loss_bbox: 1.0205
05/29 21:39:39 - mmengine - INFO - Epoch(train)   [1][ 100/3504]  lr: 1.7410e-05  eta: 2 days, 0:41:55  time: 0.4195  data_time: 0.1035  memory: 4787  loss: 13.9523  loss_cls: 12.9062  loss_bbox: 1.0460
05/29 21:40:00 - mmengine - INFO - Epoch(train)   [1][ 150/3504]  lr: 2.3046e-05  eta: 1 day, 22:01:09  time: 0.4181  data_time: 0.1026  memory: 5014  loss: 16.6466  loss_cls: 15.6426  loss_bbox: 1.0040
05/29 21:40:21 - mmengine - INFO - Epoch(train)   [1][ 200/3504]  lr: 2.8682e-05  eta: 1 day, 20:46:14  time: 0.4219  data_time: 0.1080  memory: 4845  loss: 11.6479  loss_cls: 10.5785  loss_bbox: 1.0694
05/29 21:40:42 - mmengine - INFO - Epoch(train)   [1][ 250/3504]  lr: 3.4319e-05  eta: 1 day, 19:58:19  time: 0.4195  data_time: 0.0975  memory: 4865  loss: 9.6390  loss_cls: 8.5520  loss_bbox: 1.0870
05/29 21:41:03 - mmengine - INFO - Epoch(train)   [1][ 300/3504]  lr: 3.9955e-05  eta: 1 day, 19:24:05  time: 0.4173  data_time: 0.1042  memory: 4835  loss: 10.0420  loss_cls: 8.9710  loss_bbox: 1.0710
05/29 21:41:24 - mmengine - INFO - Epoch(train)   [1][ 350/3504]  lr: 4.5591e-05  eta: 1 day, 19:02:57  time: 0.4214  data_time: 0.0975  memory: 4745  loss: 11.9896  loss_cls: 10.9621  loss_bbox: 1.0275
05/29 21:41:45 - mmengine - INFO - Epoch(train)   [1][ 400/3504]  lr: 5.1227e-05  eta: 1 day, 18:43:02  time: 0.4159  data_time: 0.0982  memory: 5191  loss: 8.3604  loss_cls: 7.3565  loss_bbox: 1.0039
05/29 21:42:05 - mmengine - INFO - Epoch(train)   [1][ 450/3504]  lr: 5.6864e-05  eta: 1 day, 18:14:19  time: 0.3956  data_time: 0.0899  memory: 5063  loss: 9.7876  loss_cls: 8.7553  loss_bbox: 1.0322
05/29 21:42:24 - mmengine - INFO - Epoch(train)   [1][ 500/3504]  lr: 6.2500e-05  eta: 1 day, 17:46:37  time: 0.3876  data_time: 0.0879  memory: 5034  loss: 10.9349  loss_cls: 9.9086  loss_bbox: 1.0263
05/29 21:42:44 - mmengine - INFO - Epoch(train)   [1][ 550/3504]  lr: 6.2500e-05  eta: 1 day, 17:23:32  time: 0.3870  data_time: 0.0880  memory: 4765  loss: 13.1370  loss_cls: 12.1084  loss_bbox: 1.0286
05/29 21:43:04 - mmengine - INFO - Epoch(train)   [1][ 600/3504]  lr: 6.2500e-05  eta: 1 day, 17:10:03  time: 0.3989  data_time: 0.1008  memory: 4902  loss: 10.9908  loss_cls: 9.9474  loss_bbox: 1.0434
05/29 21:43:23 - mmengine - INFO - Epoch(train)   [1][ 650/3504]  lr: 6.2500e-05  eta: 1 day, 16:58:04  time: 0.3977  data_time: 0.0967  memory: 4880  loss: 15.2603  loss_cls: 14.1879  loss_bbox: 1.0724
05/29 21:43:43 - mmengine - INFO - Epoch(train)   [1][ 700/3504]  lr: 6.2500e-05  eta: 1 day, 16:47:53  time: 0.3981  data_time: 0.0897  memory: 4723  loss: 8.5583  loss_cls: 7.5195  loss_bbox: 1.0387
05/29 21:44:03 - mmengine - INFO - Epoch(train)   [1][ 750/3504]  lr: 6.2500e-05  eta: 1 day, 16:35:10  time: 0.3881  data_time: 0.0922  memory: 4928  loss: 10.0298  loss_cls: 8.9784  loss_bbox: 1.0515
05/29 21:44:23 - mmengine - INFO - Epoch(train)   [1][ 800/3504]  lr: 6.2500e-05  eta: 1 day, 16:27:20  time: 0.3973  data_time: 0.0886  memory: 4859  loss: 9.0445  loss_cls: 7.9869  loss_bbox: 1.0575
05/29 21:44:43 - mmengine - INFO - Epoch(train)   [1][ 850/3504]  lr: 6.2500e-05  eta: 1 day, 16:21:10  time: 0.3996  data_time: 0.1061  memory: 4837  loss: 8.4677  loss_cls: 7.4254  loss_bbox: 1.0423
05/29 21:45:02 - mmengine - INFO - Epoch(train)   [1][ 900/3504]  lr: 6.2500e-05  eta: 1 day, 16:14:55  time: 0.3973  data_time: 0.1001  memory: 4742  loss: 10.3387  loss_cls: 9.2858  loss_bbox: 1.0529
05/29 21:45:22 - mmengine - INFO - Epoch(train)   [1][ 950/3504]  lr: 6.2500e-05  eta: 1 day, 16:08:46  time: 0.3957  data_time: 0.0909  memory: 4840  loss: 8.7663  loss_cls: 7.7164  loss_bbox: 1.0498
05/29 21:45:42 - mmengine - INFO - Exp name: exp16_convlog_20260529_213832
05/29 21:45:42 - mmengine - INFO - Epoch(train)   [1][1000/3504]  lr: 6.2500e-05  eta: 1 day, 16:03:56  time: 0.3981  data_time: 0.1020  memory: 4758  loss: 10.7896  loss_cls: 9.7629  loss_bbox: 1.0266
05/29 21:46:02 - mmengine - INFO - Epoch(train)   [1][1050/3504]  lr: 6.2500e-05  eta: 1 day, 15:58:19  time: 0.3938  data_time: 0.1035  memory: 4712  loss: 9.7889  loss_cls: 8.7542  loss_bbox: 1.0347
05/29 21:46:21 - mmengine - INFO - Epoch(train)   [1][1100/3504]  lr: 6.2500e-05  eta: 1 day, 15:52:09  time: 0.3899  data_time: 0.0943  memory: 4773  loss: 12.0757  loss_cls: 11.0038  loss_bbox: 1.0720
05/29 21:46:41 - mmengine - INFO - Epoch(train)   [1][1150/3504]  lr: 6.2500e-05  eta: 1 day, 15:48:34  time: 0.3981  data_time: 0.0957  memory: 4667  loss: 9.0181  loss_cls: 7.9866  loss_bbox: 1.0315
05/29 21:47:01 - mmengine - INFO - Epoch(train)   [1][1200/3504]  lr: 6.2500e-05  eta: 1 day, 15:45:26  time: 0.3988  data_time: 0.0928  memory: 4924  loss: 9.0604  loss_cls: 8.0100  loss_bbox: 1.0504
05/29 21:47:21 - mmengine - INFO - Epoch(train)   [1][1250/3504]  lr: 6.2500e-05  eta: 1 day, 15:42:09  time: 0.3972  data_time: 0.1077  memory: 4831  loss: 11.5432  loss_cls: 10.5101  loss_bbox: 1.0330
05/29 21:47:41 - mmengine - INFO - Epoch(train)   [1][1300/3504]  lr: 6.2500e-05  eta: 1 day, 15:38:29  time: 0.3945  data_time: 0.1024  memory: 4711  loss: 8.2890  loss_cls: 7.2351  loss_bbox: 1.0539
05/29 21:48:00 - mmengine - INFO - Epoch(train)   [1][1350/3504]  lr: 6.2500e-05  eta: 1 day, 15:33:47  time: 0.3886  data_time: 0.1086  memory: 4806  loss: 10.9946  loss_cls: 9.9386  loss_bbox: 1.0560
05/29 21:48:20 - mmengine - INFO - Epoch(train)   [1][1400/3504]  lr: 6.2500e-05  eta: 1 day, 15:29:29  time: 0.3889  data_time: 0.1035  memory: 4956  loss: 13.9811  loss_cls: 12.9078  loss_bbox: 1.0733
05/29 21:48:39 - mmengine - INFO - Epoch(train)   [1][1450/3504]  lr: 6.2500e-05  eta: 1 day, 15:25:27  time: 0.3890  data_time: 0.0927  memory: 4749  loss: 10.4329  loss_cls: 9.3779  loss_bbox: 1.0550
05/29 21:48:58 - mmengine - INFO - Epoch(train)   [1][1500/3504]  lr: 6.2500e-05  eta: 1 day, 15:21:20  time: 0.3872  data_time: 0.0920  memory: 4738  loss: 10.5909  loss_cls: 9.5704  loss_bbox: 1.0205
05/29 21:49:18 - mmengine - INFO - Epoch(train)   [1][1550/3504]  lr: 6.2500e-05  eta: 1 day, 15:17:48  time: 0.3891  data_time: 0.0926  memory: 4797  loss: 11.1150  loss_cls: 10.0541  loss_bbox: 1.0610
05/29 21:49:38 - mmengine - INFO - Epoch(train)   [1][1600/3504]  lr: 6.2500e-05  eta: 1 day, 15:15:23  time: 0.3941  data_time: 0.1000  memory: 4786  loss: 9.6571  loss_cls: 8.6044  loss_bbox: 1.0527
05/29 21:49:57 - mmengine - INFO - Epoch(train)   [1][1650/3504]  lr: 6.2500e-05  eta: 1 day, 15:12:38  time: 0.3915  data_time: 0.1075  memory: 4957  loss: 14.0208  loss_cls: 12.9709  loss_bbox: 1.0499
05/29 21:50:17 - mmengine - INFO - Epoch(train)   [1][1700/3504]  lr: 6.2500e-05  eta: 1 day, 15:10:28  time: 0.3941  data_time: 0.1074  memory: 4974  loss: 10.0007  loss_cls: 8.9733  loss_bbox: 1.0275
05/29 21:50:36 - mmengine - INFO - Epoch(train)   [1][1750/3504]  lr: 6.2500e-05  eta: 1 day, 15:08:01  time: 0.3917  data_time: 0.1108  memory: 4789  loss: 11.5734  loss_cls: 10.4992  loss_bbox: 1.0743
05/29 21:50:56 - mmengine - INFO - Epoch(train)   [1][1800/3504]  lr: 6.2500e-05  eta: 1 day, 15:06:17  time: 0.3954  data_time: 0.1096  memory: 5051  loss: 18.4661  loss_cls: 17.4279  loss_bbox: 1.0382
05/29 21:51:16 - mmengine - INFO - Epoch(train)   [1][1850/3504]  lr: 6.2500e-05  eta: 1 day, 15:03:59  time: 0.3914  data_time: 0.1052  memory: 4758  loss: 10.9288  loss_cls: 9.8451  loss_bbox: 1.0837
05/29 21:51:35 - mmengine - INFO - Epoch(train)   [1][1900/3504]  lr: 6.2500e-05  eta: 1 day, 15:01:32  time: 0.3897  data_time: 0.1061  memory: 4977  loss: 10.0204  loss_cls: 8.9624  loss_bbox: 1.0580
05/29 21:51:55 - mmengine - INFO - Epoch(train)   [1][1950/3504]  lr: 6.2500e-05  eta: 1 day, 15:00:03  time: 0.3954  data_time: 0.1112  memory: 4754  loss: 10.5975  loss_cls: 9.5298  loss_bbox: 1.0677
05/29 21:52:16 - mmengine - INFO - Exp name: exp16_convlog_20260529_213832
05/29 21:52:16 - mmengine - INFO - Epoch(train)   [1][2000/3504]  lr: 6.2500e-05  eta: 1 day, 15:01:14  time: 0.4134  data_time: 0.1066  memory: 4818  loss: 12.5689  loss_cls: 11.4959  loss_bbox: 1.0730
05/29 21:52:36 - mmengine - INFO - Epoch(train)   [1][2050/3504]  lr: 6.2500e-05  eta: 1 day, 15:02:00  time: 0.4110  data_time: 0.1001  memory: 4639  loss: 15.0631  loss_cls: 14.0308  loss_bbox: 1.0323
05/29 21:52:56 - mmengine - INFO - Epoch(train)   [1][2100/3504]  lr: 6.2500e-05  eta: 1 day, 15:01:35  time: 0.4028  data_time: 0.0987  memory: 4731  loss: 8.4069  loss_cls: 7.3761  loss_bbox: 1.0308
05/29 21:53:17 - mmengine - INFO - Epoch(train)   [1][2150/3504]  lr: 6.2500e-05  eta: 1 day, 15:01:23  time: 0.4043  data_time: 0.0974  memory: 4917  loss: 9.4011  loss_cls: 8.3475  loss_bbox: 1.0536
05/29 21:53:37 - mmengine - INFO - Epoch(train)   [1][2200/3504]  lr: 6.2500e-05  eta: 1 day, 15:02:15  time: 0.4125  data_time: 0.1003  memory: 4701  loss: 8.0241  loss_cls: 6.9893  loss_bbox: 1.0347
05/29 21:53:57 - mmengine - INFO - Epoch(train)   [1][2250/3504]  lr: 6.2500e-05  eta: 1 day, 15:01:52  time: 0.4033  data_time: 0.1020  memory: 4800  loss: 15.9787  loss_cls: 14.9788  loss_bbox: 0.9999
05/29 21:54:18 - mmengine - INFO - Epoch(train)   [1][2300/3504]  lr: 6.2500e-05  eta: 1 day, 15:01:17  time: 0.4016  data_time: 0.1028  memory: 5033  loss: 11.6956  loss_cls: 10.6261  loss_bbox: 1.0695
05/29 21:54:38 - mmengine - INFO - Epoch(train)   [1][2350/3504]  lr: 6.2500e-05  eta: 1 day, 15:01:51  time: 0.4109  data_time: 0.0955  memory: 4730  loss: 8.0452  loss_cls: 7.0359  loss_bbox: 1.0093
05/29 21:54:58 - mmengine - INFO - Epoch(train)   [1][2400/3504]  lr: 6.2500e-05  eta: 1 day, 15:01:28  time: 0.4033  data_time: 0.1111  memory: 5192  loss: 8.8721  loss_cls: 7.8350  loss_bbox: 1.0371
05/29 21:55:18 - mmengine - INFO - Epoch(train)   [1][2450/3504]  lr: 6.2500e-05  eta: 1 day, 15:01:01  time: 0.4027  data_time: 0.1141  memory: 4853  loss: 8.3215  loss_cls: 7.2885  loss_bbox: 1.0330
05/29 21:55:39 - mmengine - INFO - Epoch(train)   [1][2500/3504]  lr: 6.2500e-05  eta: 1 day, 15:00:34  time: 0.4027  data_time: 0.1108  memory: 4931  loss: 8.9493  loss_cls: 7.9170  loss_bbox: 1.0322
05/29 21:55:58 - mmengine - INFO - Epoch(train)   [1][2550/3504]  lr: 6.2500e-05  eta: 1 day, 14:59:43  time: 0.3993  data_time: 0.1152  memory: 4935  loss: 18.9767  loss_cls: 17.9512  loss_bbox: 1.0255
05/29 21:56:19 - mmengine - INFO - Epoch(train)   [1][2600/3504]  lr: 6.2500e-05  eta: 1 day, 14:59:16  time: 0.4025  data_time: 0.1048  memory: 4839  loss: 9.3190  loss_cls: 8.2959  loss_bbox: 1.0231
05/29 21:56:39 - mmengine - INFO - Epoch(train)   [1][2650/3504]  lr: 6.2500e-05  eta: 1 day, 14:58:49  time: 0.4025  data_time: 0.1105  memory: 4804  loss: 8.0776  loss_cls: 7.0060  loss_bbox: 1.0716
05/29 21:56:59 - mmengine - INFO - Epoch(train)   [1][2700/3504]  lr: 6.2500e-05  eta: 1 day, 14:58:12  time: 0.4010  data_time: 0.1068  memory: 4778  loss: 10.7315  loss_cls: 9.6717  loss_bbox: 1.0598
05/29 21:57:19 - mmengine - INFO - Epoch(train)   [1][2750/3504]  lr: 6.2500e-05  eta: 1 day, 14:57:25  time: 0.3993  data_time: 0.1081  memory: 4928  loss: 14.8409  loss_cls: 13.8117  loss_bbox: 1.0292
05/29 21:57:39 - mmengine - INFO - Epoch(train)   [1][2800/3504]  lr: 6.2500e-05  eta: 1 day, 14:57:09  time: 0.4040  data_time: 0.1134  memory: 4808  loss: 12.4986  loss_cls: 11.4435  loss_bbox: 1.0551
05/29 21:57:59 - mmengine - INFO - Epoch(train)   [1][2850/3504]  lr: 6.2500e-05  eta: 1 day, 14:56:25  time: 0.3996  data_time: 0.1079  memory: 5063  loss: 10.5034  loss_cls: 9.4422  loss_bbox: 1.0612
05/29 21:58:19 - mmengine - INFO - Epoch(train)   [1][2900/3504]  lr: 6.2500e-05  eta: 1 day, 14:56:06  time: 0.4036  data_time: 0.1106  memory: 4898  loss: 11.3300  loss_cls: 10.2596  loss_bbox: 1.0704
05/29 21:58:39 - mmengine - INFO - Epoch(train)   [1][2950/3504]  lr: 6.2500e-05  eta: 1 day, 14:55:26  time: 0.3999  data_time: 0.1080  memory: 5149  loss: 11.5678  loss_cls: 10.5196  loss_bbox: 1.0482
05/29 21:58:59 - mmengine - INFO - Exp name: exp16_convlog_20260529_213832
05/29 21:58:59 - mmengine - INFO - Epoch(train)   [1][3000/3504]  lr: 6.2500e-05  eta: 1 day, 14:55:00  time: 0.4024  data_time: 0.1113  memory: 4715  loss: 15.8302  loss_cls: 14.7635  loss_bbox: 1.0667
05/29 21:59:19 - mmengine - INFO - Epoch(train)   [1][3050/3504]  lr: 6.2500e-05  eta: 1 day, 14:54:30  time: 0.4015  data_time: 0.1135  memory: 4813  loss: 12.1670  loss_cls: 11.1413  loss_bbox: 1.0258
05/29 21:59:39 - mmengine - INFO - Epoch(train)   [1][3100/3504]  lr: 6.2500e-05  eta: 1 day, 14:54:13  time: 0.4039  data_time: 0.1113  memory: 4834  loss: 9.5818  loss_cls: 8.5332  loss_bbox: 1.0487
05/29 22:00:00 - mmengine - INFO - Epoch(train)   [1][3150/3504]  lr: 6.2500e-05  eta: 1 day, 14:53:57  time: 0.4040  data_time: 0.1132  memory: 4883  loss: 13.5154  loss_cls: 12.4639  loss_bbox: 1.0514
05/29 22:00:20 - mmengine - INFO - Epoch(train)   [1][3200/3504]  lr: 6.2500e-05  eta: 1 day, 14:53:36  time: 0.4032  data_time: 0.1133  memory: 4759  loss: 9.1600  loss_cls: 8.1061  loss_bbox: 1.0539
05/29 22:00:40 - mmengine - INFO - Epoch(train)   [1][3250/3504]  lr: 6.2500e-05  eta: 1 day, 14:53:06  time: 0.4014  data_time: 0.1140  memory: 4898  loss: 9.6404  loss_cls: 8.5951  loss_bbox: 1.0453
05/29 22:01:00 - mmengine - INFO - Epoch(train)   [1][3300/3504]  lr: 6.2500e-05  eta: 1 day, 14:52:07  time: 0.3957  data_time: 0.1167  memory: 4808  loss: 9.5294  loss_cls: 8.4967  loss_bbox: 1.0327
05/29 22:01:20 - mmengine - INFO - Epoch(train)   [1][3350/3504]  lr: 6.2500e-05  eta: 1 day, 14:51:13  time: 0.3966  data_time: 0.1089  memory: 4721  loss: 12.0094  loss_cls: 11.0178  loss_bbox: 0.9917
05/29 22:01:40 - mmengine - INFO - Epoch(train)   [1][3400/3504]  lr: 6.2500e-05  eta: 1 day, 14:50:59  time: 0.4042  data_time: 0.1152  memory: 4882  loss: 11.2169  loss_cls: 10.1554  loss_bbox: 1.0615
05/29 22:02:00 - mmengine - INFO - Epoch(train)   [1][3450/3504]  lr: 6.2500e-05  eta: 1 day, 14:50:15  time: 0.3984  data_time: 0.1064  memory: 4884  loss: 11.1178  loss_cls: 10.0731  loss_bbox: 1.0447
05/29 22:02:19 - mmengine - INFO - Epoch(train)   [1][3500/3504]  lr: 6.2500e-05  eta: 1 day, 14:48:55  time: 0.3909  data_time: 0.1027  memory: 4748  loss: 9.6834  loss_cls: 8.6267  loss_bbox: 1.0567
05/29 22:02:20 - mmengine - INFO - Exp name: exp16_convlog_20260529_213832
05/29 22:02:20 - mmengine - INFO - Saving checkpoint at 1 epochs
[1;34mwandb[0m: 
[1;34mwandb[0m: 🚀 View run [33mexp16[0m at: [34m[0m
[1;34mwandb[0m: Find logs at: [1;35mwork_dirs/exp16/20260529_213832/vis_data/wandb/run-20260529_213834-wiabic14/logs[0m
=== exp16 finished ===
