=== Attempting Kerberos authentication ===
Password for souval_g@WMGDS.WMG.WARWICK.AC.UK: 
kinit exit status: 0
Ticket cache: FILE:/tmp/krb5cc_1922617598
Default principal: souval_g@WMGDS.WMG.WARWICK.AC.UK

Valid starting     Expires            Service principal
05/29/26 21:06:42  05/30/26 07:06:42  krbtgt/WMGDS.WMG.WARWICK.AC.UK@WMGDS.WMG.WARWICK.AC.UK
	renew until 06/05/26 21:06:42
=== Starting Kerberos renewal loop ===
Kerberos renewal loop started (PID: 662655)
=== Triggering CIFS mount ===
=== Starting exp11 ===
Training command is /networkhome/WMGDS/souval_g/anaconda3/envs/mmdet12/bin/python3.10 /networkhome/WMGDS/souval_g/neuRAWns_mmdet/mmdetection/mmdet/.mim/tools/train.py configs/experiments/exp11_pack3ch_gamma.py --launcher none --work-dir /networkhome/WMGDS/souval_g/neuRAWns_mmdet/work_dirs/exp11 --cfg-options train_dataloader.dataset.data_root=/networkhome/WMGDS/souval_g/data/ROD/yolo/ val_dataloader.dataset.data_root=/networkhome/WMGDS/souval_g/data/ROD/yolo/ test_dataloader.dataset.data_root=/networkhome/WMGDS/souval_g/data/ROD/yolo/ val_evaluator.ann_file=/networkhome/WMGDS/souval_g/data/ROD/yolo/raw/json_raw_coco_mapped/val.json test_evaluator.ann_file=/networkhome/WMGDS/souval_g/data/ROD/yolo/raw/json_raw_coco_mapped/test.json load_from=/networkhome/WMGDS/souval_g/checkpoints_mmdet/rtmdet_s_8xb32-300e_coco_20220905_161602-387a891e.pth. 
Gina running this. =============================
05/29 21:06:56 - mmengine - INFO - 
------------------------------------------------------------
System environment:
    sys.platform: linux
    Python: 3.10.18 (main, Jun  5 2025, 13:14:17) [GCC 11.2.0]
    CUDA available: True
    MUSA available: False
    numpy_random_seed: 1093919728
    GPU 0: NVIDIA RTX PRO 6000 Blackwell Server Edition
    CUDA_HOME: /usr/local/cuda
    NVCC: Cuda compilation tools, release 13.1, V13.1.115
    GCC: gcc (Ubuntu 13.3.0-6ubuntu2~24.04.1) 13.3.0
    PyTorch: 2.11.0+cu128
    PyTorch compiling details: PyTorch built with:
  - GCC 13.3
  - C++ Version: 201703
  - Intel(R) oneAPI Math Kernel Library Version 2025.0-Product Build 20241009 for Intel(R) 64 architecture applications
  - Intel(R) MKL-DNN v3.10.2 (Git Hash f1d471933dc852f956fd05389f9313c7148783d5)
  - OpenMP 201511 (a.k.a. OpenMP 4.5)
  - LAPACK is enabled (usually provided by MKL)
  - NNPACK is enabled
  - CPU capability usage: AVX512
  - CUDA Runtime 12.8
  - NVCC architecture flags: -gencode;arch=compute_75,code=sm_75;-gencode;arch=compute_80,code=sm_80;-gencode;arch=compute_86,code=sm_86;-gencode;arch=compute_90,code=sm_90;-gencode;arch=compute_100,code=sm_100;-gencode;arch=compute_120,code=sm_120
  - CuDNN 91.9  (built against CUDA 12.9)
  - Magma 2.6.1
  - Build settings: BLAS_INFO=mkl, BUILD_TYPE=Release, COMMIT_SHA=70d99e998b4955e0049d13a98d77ae1b14db1f45, CUDA_VERSION=12.8, CUDNN_VERSION=9.19.0, CXX_COMPILER=/opt/rh/gcc-toolset-13/root/usr/bin/c++, CXX_FLAGS= -fvisibility-inlines-hidden -DUSE_PTHREADPOOL -DNDEBUG -DUSE_KINETO -DLIBKINETO_NOROCTRACER -DLIBKINETO_NOXPUPTI=ON -DUSE_FBGEMM -DUSE_MSLK -DUSE_PYTORCH_QNNPACK -DUSE_XNNPACK -DSYMBOLICATE_MOBILE_DEBUG_HANDLE -O2 -fPIC -DC10_NODEPRECATED -Wall -Wextra -Werror=return-type -Werror=non-virtual-dtor -Werror=range-loop-construct -Werror=bool-operation -Wnarrowing -Wno-missing-field-initializers -Wno-unknown-pragmas -Wno-unused-parameter -Wno-strict-overflow -Wno-strict-aliasing -Wno-stringop-overflow -Wsuggest-override -Wno-psabi -Wno-error=old-style-cast -faligned-new -Wno-maybe-uninitialized -fno-math-errno -fno-trapping-math -Werror=format -Wno-dangling-reference -Wno-error=dangling-reference -Wno-stringop-overflow, LAPACK_INFO=mkl, PERF_WITH_AVX=1, PERF_WITH_AVX2=1, TORCH_VERSION=2.11.0, USE_CUDA=ON, USE_CUDNN=ON, USE_CUSPARSELT=1, USE_GFLAGS=OFF, USE_GLOG=OFF, USE_GLOO=ON, USE_MKL=ON, USE_MKLDNN=ON, USE_MPI=OFF, USE_NCCL=1, USE_NNPACK=ON, USE_OPENMP=ON, USE_ROCM=OFF, USE_ROCM_KERNEL_ASSERT=OFF, USE_XCCL=OFF, USE_XPU=OFF, 

    TorchVision: 0.26.0+cu128
    OpenCV: 4.11.0
    MMEngine: 0.10.7

Runtime environment:
    cudnn_benchmark: False
    mp_cfg: {'mp_start_method': 'fork', 'opencv_num_threads': 0}
    dist_cfg: {'backend': 'nccl'}
    seed: 1093919728
    Distributed launcher: none
    Distributed training: False
    GPU number: 1
------------------------------------------------------------

05/29 21:06:56 - mmengine - INFO - Config:
auto_scale_lr = dict(base_batch_size=64, enable=True)
custom_hooks = [
    dict(
        check_updates=False,
        debug_mode=False,
        priority='VERY_HIGH',
        type='FreezeDetectorHook'),
    dict(
        min_delta=0.001,
        monitor='coco/bbox_mAP',
        patience=10,
        rule='greater',
        type='EarlyStoppingHook'),
    dict(
        experiment_name='exp11',
        save_dir='sample_images',
        save_preprocessed=True,
        save_raw=True,
        type='SaveBatchImagesHook'),
    dict(log_every_n_steps=50, type='PreprocessorMonitorHook'),
]
custom_imports = dict(
    allow_failed_imports=False,
    imports=[
        'modules.raw_preprocessors',
        'modules.wrappers',
        'modules.hooks',
        'datasets.pipelines',
    ])
data_root = '/home/souval_g_WMGDS.WMG.WARWICK.AC.UK/data/ROD/yolo/'
dataset_type = 'CocoDataset'
default_hooks = dict(
    checkpoint=dict(
        interval=1,
        max_keep_ckpts=2,
        rule='greater',
        save_best='coco/bbox_mAP',
        type='CheckpointHook'),
    logger=dict(interval=50, type='LoggerHook'),
    param_scheduler=dict(type='ParamSchedulerHook'),
    sampler_seed=dict(type='DistSamplerSeedHook'),
    timer=dict(type='IterTimerHook'),
    visualization=dict(type='DetVisualizationHook'))
default_scope = 'mmdet'
env_cfg = dict(
    cudnn_benchmark=False,
    dist_cfg=dict(backend='nccl'),
    mp_cfg=dict(mp_start_method='fork', opencv_num_threads=0))
exp_name = 'exp11'
launcher = 'none'
load_from = '/networkhome/WMGDS/souval_g/checkpoints_mmdet/rtmdet_s_8xb32-300e_coco_20220905_161602-387a891e.pth'
log_level = 'INFO'
log_processor = dict(by_epoch=True, type='LogProcessor', window_size=50)
model = dict(
    backbone=dict(
        act_cfg=dict(inplace=True, type='SiLU'),
        arch='P5',
        channel_attention=True,
        deepen_factor=0.33,
        expand_ratio=0.5,
        norm_cfg=dict(type='BN'),
        type='CSPNeXt',
        widen_factor=0.5),
    bbox_head=dict(
        act_cfg=dict(inplace=True, type='SiLU'),
        anchor_generator=dict(
            offset=0, strides=[
                8,
                16,
                32,
            ], type='MlvlPointGenerator'),
        bbox_coder=dict(type='DistancePointBBoxCoder'),
        exp_on_reg=False,
        feat_channels=128,
        in_channels=128,
        loss_bbox=dict(loss_weight=2.0, type='GIoULoss'),
        loss_cls=dict(
            beta=2.0,
            loss_weight=1.0,
            type='QualityFocalLoss',
            use_sigmoid=True),
        norm_cfg=dict(type='BN'),
        num_classes=80,
        pred_kernel_size=1,
        share_conv=True,
        stacked_convs=2,
        type='RTMDetSepBNHead',
        with_objectness=False),
    data_preprocessor=dict(
        batch_augments=None,
        bgr_to_rgb=True,
        mean=[
            103.53,
            116.28,
            123.675,
        ],
        pad_size_divisor=32,
        preprocessor_cfg=dict(
            in_channels=3, kernel_size=3, out_channels=3, type='ConvGamma'),
        std=[
            57.375,
            57.12,
            58.395,
        ],
        type='RAWDetDataPreprocessor'),
    neck=dict(
        act_cfg=dict(inplace=True, type='SiLU'),
        expand_ratio=0.5,
        in_channels=[
            128,
            256,
            512,
        ],
        norm_cfg=dict(type='BN'),
        num_csp_blocks=1,
        out_channels=128,
        type='CSPNeXtPAFPN'),
    test_cfg=dict(
        max_per_img=300,
        min_bbox_size=0,
        nms=dict(iou_threshold=0.65, type='nms'),
        nms_pre=30000,
        score_thr=0.001),
    train_cfg=dict(
        allowed_border=-1,
        assigner=dict(topk=13, type='DynamicSoftLabelAssigner'),
        debug=False,
        pos_weight=-1),
    type='RTMDet')
optim_wrapper = dict(
    optimizer=dict(lr=0.001, type='AdamW', weight_decay=0.01),
    type='OptimWrapper')
param_scheduler = [
    dict(begin=0, by_epoch=False, end=500, start_factor=0.1, type='LinearLR'),
    dict(begin=0, by_epoch=True, end=100, type='CosineAnnealingLR'),
]
resume = False
test_cfg = dict(type='TestLoop')
test_dataloader = dict(
    batch_size=1,
    dataset=dict(
        ann_file='raw/json_raw_coco_mapped/test.json',
        data_prefix=dict(img='raw/images/test/'),
        data_root='/networkhome/WMGDS/souval_g/data/ROD/yolo/',
        pipeline=[
            dict(type='LoadRAWImageFromFile'),
            dict(type='NormaliseP99'),
            dict(out_channels=3, type='PackBayer'),
            dict(keep_ratio=True, scale=(
                1333,
                800,
            ), type='Resize'),
            dict(type='PackDetInputs'),
        ],
        type='CocoDataset'),
    drop_last=False,
    num_workers=2,
    persistent_workers=True,
    sampler=dict(shuffle=False, type='DefaultSampler'))
test_evaluator = dict(
    ann_file=
    '/networkhome/WMGDS/souval_g/data/ROD/yolo/raw/json_raw_coco_mapped/test.json',
    classwise=True,
    format_only=False,
    label_to_catid=dict({
        0: 1,
        1: 2,
        2: 3,
        6: 7,
        7: 8
    }),
    metric='bbox',
    type='CocoMetric')
test_pipeline = [
    dict(type='LoadRAWImageFromFile'),
    dict(type='NormaliseP99'),
    dict(out_channels=3, type='PackBayer'),
    dict(keep_ratio=True, scale=(
        1333,
        800,
    ), type='Resize'),
    dict(type='PackDetInputs'),
]
train_cfg = dict(max_epochs=100, type='EpochBasedTrainLoop', val_interval=1)
train_dataloader = dict(
    batch_size=4,
    dataset=dict(
        ann_file='raw/json_raw_coco_mapped/train.json',
        data_prefix=dict(img='raw/images/train/'),
        data_root='/networkhome/WMGDS/souval_g/data/ROD/yolo/',
        filter_cfg=dict(filter_empty_gt=True, min_size=32),
        pipeline=[
            dict(type='LoadRAWImageFromFile'),
            dict(type='LoadAnnotations', with_bbox=True),
            dict(type='NormaliseP99'),
            dict(out_channels=3, type='PackBayer'),
            dict(keep_ratio=True, scale=(
                1333,
                800,
            ), type='Resize'),
            dict(prob=0.5, type='RandomFlip'),
            dict(type='PackDetInputs'),
        ],
        type='CocoDataset'),
    num_workers=4,
    persistent_workers=True,
    sampler=dict(shuffle=True, type='DefaultSampler'))
train_pipeline = [
    dict(type='LoadRAWImageFromFile'),
    dict(type='LoadAnnotations', with_bbox=True),
    dict(type='NormaliseP99'),
    dict(out_channels=3, type='PackBayer'),
    dict(keep_ratio=True, scale=(
        1333,
        800,
    ), type='Resize'),
    dict(prob=0.5, type='RandomFlip'),
    dict(type='PackDetInputs'),
]
val_cfg = dict(type='ValLoop')
val_dataloader = dict(
    batch_size=1,
    dataset=dict(
        ann_file='raw/json_raw_coco_mapped/val.json',
        data_prefix=dict(img='raw/images/val/'),
        data_root='/networkhome/WMGDS/souval_g/data/ROD/yolo/',
        pipeline=[
            dict(type='LoadRAWImageFromFile'),
            dict(type='NormaliseP99'),
            dict(out_channels=3, type='PackBayer'),
            dict(keep_ratio=True, scale=(
                1333,
                800,
            ), type='Resize'),
            dict(type='PackDetInputs'),
        ],
        type='CocoDataset'),
    drop_last=False,
    num_workers=2,
    persistent_workers=True,
    sampler=dict(shuffle=False, type='DefaultSampler'))
val_evaluator = dict(
    ann_file=
    '/networkhome/WMGDS/souval_g/data/ROD/yolo/raw/json_raw_coco_mapped/val.json',
    classwise=True,
    format_only=False,
    label_to_catid=dict({
        0: 1,
        1: 2,
        2: 3,
        6: 7,
        7: 8
    }),
    metric='bbox',
    type='CocoMetric')
vis_backends = [
    dict(type='LocalVisBackend'),
    dict(
        init_kwargs=dict(
            config=dict(
                detector='RTMDet-S',
                detector_frozen=True,
                gain=False,
                gamma=0.45454545454545453,
                in_channels=3,
                input='packed_3ch',
                kernel_size=3,
                preprocessor='ConvGamma',
                preprocessor_gmacs=0.0216,
                preprocessor_latency_ms=0.152,
                preprocessor_params=84),
            name='exp11',
            project='neuRAWns-mmdet-ROD-v2'),
        type='WandbVisBackend'),
]
visualizer = dict(
    name='visualizer',
    type='DetLocalVisualizer',
    vis_backends=[
        dict(type='LocalVisBackend'),
        dict(
            init_kwargs=dict(
                config=dict(
                    detector='RTMDet-S',
                    detector_frozen=True,
                    gain=False,
                    gamma=0.45454545454545453,
                    in_channels=3,
                    input='packed_3ch',
                    kernel_size=3,
                    preprocessor='ConvGamma',
                    preprocessor_gmacs=0.0216,
                    preprocessor_latency_ms=0.152,
                    preprocessor_params=84),
                name='exp11',
                project='neuRAWns-mmdet-ROD-v2'),
            type='WandbVisBackend'),
    ])
work_dir = '/networkhome/WMGDS/souval_g/neuRAWns_mmdet/work_dirs/exp11'

05/29 21:07:08 - mmengine - INFO - Distributed training is not used, all SyncBatchNorm (SyncBN) layers in the model will be automatically reverted to BatchNormXd layers if they are used.
05/29 21:07:08 - mmengine - INFO - Hooks will be executed in the following order:
before_run:
(VERY_HIGH   ) RuntimeInfoHook                    
(BELOW_NORMAL) LoggerHook                         
(LOWEST      ) EarlyStoppingHook                  
 -------------------- 
before_train:
(VERY_HIGH   ) RuntimeInfoHook                    
(VERY_HIGH   ) FreezeDetectorHook                 
(NORMAL      ) IterTimerHook                      
(VERY_LOW    ) CheckpointHook                     
 -------------------- 
before_train_epoch:
(VERY_HIGH   ) RuntimeInfoHook                    
(NORMAL      ) IterTimerHook                      
(NORMAL      ) DistSamplerSeedHook                
(NORMAL      ) SaveBatchImagesHook                
 -------------------- 
before_train_iter:
(VERY_HIGH   ) RuntimeInfoHook                    
(NORMAL      ) IterTimerHook                      
 -------------------- 
after_train_iter:
(VERY_HIGH   ) RuntimeInfoHook                    
(NORMAL      ) IterTimerHook                      
(NORMAL      ) SaveBatchImagesHook                
(NORMAL      ) PreprocessorMonitorHook            
(BELOW_NORMAL) LoggerHook                         
(LOW         ) ParamSchedulerHook                 
(VERY_LOW    ) CheckpointHook                     
 -------------------- 
after_train_epoch:
(VERY_HIGH   ) FreezeDetectorHook                 
(NORMAL      ) IterTimerHook                      
(LOW         ) ParamSchedulerHook                 
(VERY_LOW    ) CheckpointHook                     
 -------------------- 
before_val:
(VERY_HIGH   ) RuntimeInfoHook                    
 -------------------- 
before_val_epoch:
(NORMAL      ) IterTimerHook                      
 -------------------- 
before_val_iter:
(NORMAL      ) IterTimerHook                      
 -------------------- 
after_val_iter:
(NORMAL      ) IterTimerHook                      
(NORMAL      ) DetVisualizationHook               
(BELOW_NORMAL) LoggerHook                         
 -------------------- 
after_val_epoch:
(VERY_HIGH   ) RuntimeInfoHook                    
(NORMAL      ) IterTimerHook                      
(BELOW_NORMAL) LoggerHook                         
(LOW         ) ParamSchedulerHook                 
(VERY_LOW    ) CheckpointHook                     
(LOWEST      ) EarlyStoppingHook                  
 -------------------- 
after_val:
(VERY_HIGH   ) RuntimeInfoHook                    
 -------------------- 
after_train:
(VERY_HIGH   ) RuntimeInfoHook                    
(VERY_LOW    ) CheckpointHook                     
 -------------------- 
before_test:
(VERY_HIGH   ) RuntimeInfoHook                    
 -------------------- 
before_test_epoch:
(NORMAL      ) IterTimerHook                      
 -------------------- 
before_test_iter:
(NORMAL      ) IterTimerHook                      
 -------------------- 
after_test_iter:
(NORMAL      ) IterTimerHook                      
(NORMAL      ) DetVisualizationHook               
(BELOW_NORMAL) LoggerHook                         
 -------------------- 
after_test_epoch:
(VERY_HIGH   ) RuntimeInfoHook                    
(NORMAL      ) IterTimerHook                      
(BELOW_NORMAL) LoggerHook                         
 -------------------- 
after_test:
(VERY_HIGH   ) RuntimeInfoHook                    
 -------------------- 
after_run:
(BELOW_NORMAL) LoggerHook                         
 -------------------- 
loading annotations into memory...
Done (t=0.83s)
creating index...
index created!
AFTER load_data_list: 14061 items
AFTER filter_data: 14015 items
BEFORE serialize: 14015 items
05/29 21:07:11 - mmengine - INFO - LR is set based on batch size of 64 and the current batch size is 4. Scaling the original LR by 0.0625.
loading annotations into memory...
Done (t=0.09s)
creating index...
index created!
AFTER load_data_list: 4017 items
AFTER filter_data: 4017 items
BEFORE serialize: 4017 items
loading annotations into memory...
Done (t=0.09s)
creating index...
index created!
Loads checkpoint by local backend from path: /networkhome/WMGDS/souval_g/checkpoints_mmdet/rtmdet_s_8xb32-300e_coco_20220905_161602-387a891e.pth
[1;34mwandb[0m: 
[1;34mwandb[0m: 🚀 View run [33mexp11[0m at: [34m[0m
[1;34mwandb[0m: Find logs at: [1;35mwork_dirs/exp11/20260529_210656/vis_data/wandb/run-20260529_210658-o05b1smf/logs[0m
=== exp11 finished ===
