=== Attempting Kerberos authentication ===
Password for souval_g@WMGDS.WMG.WARWICK.AC.UK: 
kinit exit status: 0
Ticket cache: FILE:/tmp/krb5cc_1922617598
Default principal: souval_g@WMGDS.WMG.WARWICK.AC.UK

Valid starting     Expires            Service principal
05/29/26 21:23:14  05/30/26 07:23:14  krbtgt/WMGDS.WMG.WARWICK.AC.UK@WMGDS.WMG.WARWICK.AC.UK
	renew until 06/05/26 21:23:14
=== Starting Kerberos renewal loop ===
Kerberos renewal loop started (PID: 663883)
=== Triggering CIFS mount ===
=== Starting exp15 ===
Training command is /networkhome/WMGDS/souval_g/anaconda3/envs/mmdet12/bin/python3.10 /networkhome/WMGDS/souval_g/neuRAWns_mmdet/mmdetection/mmdet/.mim/tools/train.py configs/experiments/exp15_convgamma_k5.py --launcher none --work-dir /networkhome/WMGDS/souval_g/neuRAWns_mmdet/work_dirs/exp15 --cfg-options train_dataloader.dataset.data_root=/networkhome/WMGDS/souval_g/data/ROD/yolo/ val_dataloader.dataset.data_root=/networkhome/WMGDS/souval_g/data/ROD/yolo/ test_dataloader.dataset.data_root=/networkhome/WMGDS/souval_g/data/ROD/yolo/ val_evaluator.ann_file=/networkhome/WMGDS/souval_g/data/ROD/yolo/raw/json_raw_coco_mapped/val.json test_evaluator.ann_file=/networkhome/WMGDS/souval_g/data/ROD/yolo/raw/json_raw_coco_mapped/test.json load_from=/networkhome/WMGDS/souval_g/checkpoints_mmdet/rtmdet_s_8xb32-300e_coco_20220905_161602-387a891e.pth. 
Gina running this. =============================
05/29 21:23:36 - mmengine - INFO - 
------------------------------------------------------------
System environment:
    sys.platform: linux
    Python: 3.10.18 (main, Jun  5 2025, 13:14:17) [GCC 11.2.0]
    CUDA available: True
    MUSA available: False
    numpy_random_seed: 1083430226
    GPU 0: NVIDIA RTX PRO 6000 Blackwell Server Edition
    CUDA_HOME: /usr/local/cuda
    NVCC: Cuda compilation tools, release 13.1, V13.1.115
    GCC: gcc (Ubuntu 13.3.0-6ubuntu2~24.04.1) 13.3.0
    PyTorch: 2.11.0+cu128
    PyTorch compiling details: PyTorch built with:
  - GCC 13.3
  - C++ Version: 201703
  - Intel(R) oneAPI Math Kernel Library Version 2025.0-Product Build 20241009 for Intel(R) 64 architecture applications
  - Intel(R) MKL-DNN v3.10.2 (Git Hash f1d471933dc852f956fd05389f9313c7148783d5)
  - OpenMP 201511 (a.k.a. OpenMP 4.5)
  - LAPACK is enabled (usually provided by MKL)
  - NNPACK is enabled
  - CPU capability usage: AVX512
  - CUDA Runtime 12.8
  - NVCC architecture flags: -gencode;arch=compute_75,code=sm_75;-gencode;arch=compute_80,code=sm_80;-gencode;arch=compute_86,code=sm_86;-gencode;arch=compute_90,code=sm_90;-gencode;arch=compute_100,code=sm_100;-gencode;arch=compute_120,code=sm_120
  - CuDNN 91.9  (built against CUDA 12.9)
  - Magma 2.6.1
  - Build settings: BLAS_INFO=mkl, BUILD_TYPE=Release, COMMIT_SHA=70d99e998b4955e0049d13a98d77ae1b14db1f45, CUDA_VERSION=12.8, CUDNN_VERSION=9.19.0, CXX_COMPILER=/opt/rh/gcc-toolset-13/root/usr/bin/c++, CXX_FLAGS= -fvisibility-inlines-hidden -DUSE_PTHREADPOOL -DNDEBUG -DUSE_KINETO -DLIBKINETO_NOROCTRACER -DLIBKINETO_NOXPUPTI=ON -DUSE_FBGEMM -DUSE_MSLK -DUSE_PYTORCH_QNNPACK -DUSE_XNNPACK -DSYMBOLICATE_MOBILE_DEBUG_HANDLE -O2 -fPIC -DC10_NODEPRECATED -Wall -Wextra -Werror=return-type -Werror=non-virtual-dtor -Werror=range-loop-construct -Werror=bool-operation -Wnarrowing -Wno-missing-field-initializers -Wno-unknown-pragmas -Wno-unused-parameter -Wno-strict-overflow -Wno-strict-aliasing -Wno-stringop-overflow -Wsuggest-override -Wno-psabi -Wno-error=old-style-cast -faligned-new -Wno-maybe-uninitialized -fno-math-errno -fno-trapping-math -Werror=format -Wno-dangling-reference -Wno-error=dangling-reference -Wno-stringop-overflow, LAPACK_INFO=mkl, PERF_WITH_AVX=1, PERF_WITH_AVX2=1, TORCH_VERSION=2.11.0, USE_CUDA=ON, USE_CUDNN=ON, USE_CUSPARSELT=1, USE_GFLAGS=OFF, USE_GLOG=OFF, USE_GLOO=ON, USE_MKL=ON, USE_MKLDNN=ON, USE_MPI=OFF, USE_NCCL=1, USE_NNPACK=ON, USE_OPENMP=ON, USE_ROCM=OFF, USE_ROCM_KERNEL_ASSERT=OFF, USE_XCCL=OFF, USE_XPU=OFF, 

    TorchVision: 0.26.0+cu128
    OpenCV: 4.11.0
    MMEngine: 0.10.7

Runtime environment:
    cudnn_benchmark: False
    mp_cfg: {'mp_start_method': 'fork', 'opencv_num_threads': 0}
    dist_cfg: {'backend': 'nccl'}
    seed: 1083430226
    Distributed launcher: none
    Distributed training: False
    GPU number: 1
------------------------------------------------------------

05/29 21:23:36 - mmengine - INFO - Config:
auto_scale_lr = dict(base_batch_size=64, enable=True)
custom_hooks = [
    dict(
        check_updates=False,
        debug_mode=False,
        priority='VERY_HIGH',
        type='FreezeDetectorHook'),
    dict(
        min_delta=0.001,
        monitor='coco/bbox_mAP',
        patience=10,
        rule='greater',
        type='EarlyStoppingHook'),
    dict(
        experiment_name='exp15',
        save_dir='sample_images',
        save_preprocessed=True,
        save_raw=True,
        type='SaveBatchImagesHook'),
    dict(log_every_n_steps=50, type='PreprocessorMonitorHook'),
]
custom_imports = dict(
    allow_failed_imports=False,
    imports=[
        'modules.raw_preprocessors',
        'modules.wrappers',
        'modules.hooks',
        'datasets.pipelines',
    ])
data_root = '/home/souval_g_WMGDS.WMG.WARWICK.AC.UK/data/ROD/yolo/'
dataset_type = 'CocoDataset'
default_hooks = dict(
    checkpoint=dict(
        interval=1,
        max_keep_ckpts=2,
        rule='greater',
        save_best='coco/bbox_mAP',
        type='CheckpointHook'),
    logger=dict(interval=50, type='LoggerHook'),
    param_scheduler=dict(type='ParamSchedulerHook'),
    sampler_seed=dict(type='DistSamplerSeedHook'),
    timer=dict(type='IterTimerHook'),
    visualization=dict(type='DetVisualizationHook'))
default_scope = 'mmdet'
env_cfg = dict(
    cudnn_benchmark=False,
    dist_cfg=dict(backend='nccl'),
    mp_cfg=dict(mp_start_method='fork', opencv_num_threads=0))
exp_name = 'exp15'
launcher = 'none'
load_from = '/networkhome/WMGDS/souval_g/checkpoints_mmdet/rtmdet_s_8xb32-300e_coco_20220905_161602-387a891e.pth'
log_level = 'INFO'
log_processor = dict(by_epoch=True, type='LogProcessor', window_size=50)
model = dict(
    backbone=dict(
        act_cfg=dict(inplace=True, type='SiLU'),
        arch='P5',
        channel_attention=True,
        deepen_factor=0.33,
        expand_ratio=0.5,
        norm_cfg=dict(type='BN'),
        type='CSPNeXt',
        widen_factor=0.5),
    bbox_head=dict(
        act_cfg=dict(inplace=True, type='SiLU'),
        anchor_generator=dict(
            offset=0, strides=[
                8,
                16,
                32,
            ], type='MlvlPointGenerator'),
        bbox_coder=dict(type='DistancePointBBoxCoder'),
        exp_on_reg=False,
        feat_channels=128,
        in_channels=128,
        loss_bbox=dict(loss_weight=2.0, type='GIoULoss'),
        loss_cls=dict(
            beta=2.0,
            loss_weight=1.0,
            type='QualityFocalLoss',
            use_sigmoid=True),
        norm_cfg=dict(type='BN'),
        num_classes=80,
        pred_kernel_size=1,
        share_conv=True,
        stacked_convs=2,
        type='RTMDetSepBNHead',
        with_objectness=False),
    data_preprocessor=dict(
        batch_augments=None,
        bgr_to_rgb=True,
        mean=[
            103.53,
            116.28,
            123.675,
        ],
        pad_size_divisor=32,
        preprocessor_cfg=dict(
            in_channels=3, kernel_size=5, out_channels=3, type='ConvGamma'),
        std=[
            57.375,
            57.12,
            58.395,
        ],
        type='RAWDetDataPreprocessor'),
    neck=dict(
        act_cfg=dict(inplace=True, type='SiLU'),
        expand_ratio=0.5,
        in_channels=[
            128,
            256,
            512,
        ],
        norm_cfg=dict(type='BN'),
        num_csp_blocks=1,
        out_channels=128,
        type='CSPNeXtPAFPN'),
    test_cfg=dict(
        max_per_img=300,
        min_bbox_size=0,
        nms=dict(iou_threshold=0.65, type='nms'),
        nms_pre=30000,
        score_thr=0.001),
    train_cfg=dict(
        allowed_border=-1,
        assigner=dict(topk=13, type='DynamicSoftLabelAssigner'),
        debug=False,
        pos_weight=-1),
    type='RTMDet')
optim_wrapper = dict(
    optimizer=dict(lr=0.001, type='AdamW', weight_decay=0.01),
    type='OptimWrapper')
param_scheduler = [
    dict(begin=0, by_epoch=False, end=500, start_factor=0.1, type='LinearLR'),
    dict(begin=0, by_epoch=True, end=100, type='CosineAnnealingLR'),
]
resume = False
test_cfg = dict(type='TestLoop')
test_dataloader = dict(
    batch_size=1,
    dataset=dict(
        ann_file='raw/json_raw_coco_mapped/test.json',
        data_prefix=dict(img='raw/images/test/'),
        data_root='/networkhome/WMGDS/souval_g/data/ROD/yolo/',
        pipeline=[
            dict(type='LoadRAWImageFromFile'),
            dict(type='NormaliseP99'),
            dict(out_channels=3, type='PackBayer'),
            dict(keep_ratio=True, scale=(
                1333,
                800,
            ), type='Resize'),
            dict(type='PackDetInputs'),
        ],
        type='CocoDataset'),
    drop_last=False,
    num_workers=2,
    persistent_workers=True,
    sampler=dict(shuffle=False, type='DefaultSampler'))
test_evaluator = dict(
    ann_file=
    '/networkhome/WMGDS/souval_g/data/ROD/yolo/raw/json_raw_coco_mapped/test.json',
    classwise=True,
    format_only=False,
    label_to_catid=dict({
        0: 1,
        1: 2,
        2: 3,
        6: 7,
        7: 8
    }),
    metric='bbox',
    type='CocoMetric')
test_pipeline = [
    dict(type='LoadRAWImageFromFile'),
    dict(type='NormaliseP99'),
    dict(out_channels=3, type='PackBayer'),
    dict(keep_ratio=True, scale=(
        1333,
        800,
    ), type='Resize'),
    dict(type='PackDetInputs'),
]
train_cfg = dict(max_epochs=100, type='EpochBasedTrainLoop', val_interval=1)
train_dataloader = dict(
    batch_size=4,
    dataset=dict(
        ann_file='raw/json_raw_coco_mapped/train.json',
        data_prefix=dict(img='raw/images/train/'),
        data_root='/networkhome/WMGDS/souval_g/data/ROD/yolo/',
        filter_cfg=dict(filter_empty_gt=True, min_size=32),
        pipeline=[
            dict(type='LoadRAWImageFromFile'),
            dict(type='NormaliseP99'),
            dict(out_channels=3, type='PackBayer'),
            dict(type='LoadAnnotations', with_bbox=True),
            dict(keep_ratio=True, scale=(
                1333,
                800,
            ), type='Resize'),
            dict(prob=0.5, type='RandomFlip'),
            dict(type='PackDetInputs'),
        ],
        type='CocoDataset'),
    num_workers=4,
    persistent_workers=True,
    sampler=dict(shuffle=True, type='DefaultSampler'))
train_pipeline = [
    dict(type='LoadRAWImageFromFile'),
    dict(type='NormaliseP99'),
    dict(out_channels=3, type='PackBayer'),
    dict(type='LoadAnnotations', with_bbox=True),
    dict(keep_ratio=True, scale=(
        1333,
        800,
    ), type='Resize'),
    dict(prob=0.5, type='RandomFlip'),
    dict(type='PackDetInputs'),
]
val_cfg = dict(type='ValLoop')
val_dataloader = dict(
    batch_size=1,
    dataset=dict(
        ann_file='raw/json_raw_coco_mapped/val.json',
        data_prefix=dict(img='raw/images/val/'),
        data_root='/networkhome/WMGDS/souval_g/data/ROD/yolo/',
        pipeline=[
            dict(type='LoadRAWImageFromFile'),
            dict(type='NormaliseP99'),
            dict(out_channels=3, type='PackBayer'),
            dict(keep_ratio=True, scale=(
                1333,
                800,
            ), type='Resize'),
            dict(type='PackDetInputs'),
        ],
        type='CocoDataset'),
    drop_last=False,
    num_workers=2,
    persistent_workers=True,
    sampler=dict(shuffle=False, type='DefaultSampler'))
val_evaluator = dict(
    ann_file=
    '/networkhome/WMGDS/souval_g/data/ROD/yolo/raw/json_raw_coco_mapped/val.json',
    classwise=True,
    format_only=False,
    label_to_catid=dict({
        0: 1,
        1: 2,
        2: 3,
        6: 7,
        7: 8
    }),
    metric='bbox',
    type='CocoMetric')
vis_backends = [
    dict(type='LocalVisBackend'),
    dict(
        init_kwargs=dict(
            config=dict(
                detector='RTMDet-S',
                detector_frozen=True,
                gain=False,
                gamma=0.45454545454545453,
                in_channels=3,
                input='packed_3ch',
                kernel_size=5,
                preprocessor='ConvGamma'),
            name='exp15',
            project='neuRAWns-mmdet-ROD-v2'),
        type='WandbVisBackend'),
]
visualizer = dict(
    name='visualizer',
    type='DetLocalVisualizer',
    vis_backends=[
        dict(type='LocalVisBackend'),
        dict(
            init_kwargs=dict(
                config=dict(
                    detector='RTMDet-S',
                    detector_frozen=True,
                    gain=False,
                    gamma=0.45454545454545453,
                    in_channels=3,
                    input='packed_3ch',
                    kernel_size=5,
                    preprocessor='ConvGamma'),
                name='exp15',
                project='neuRAWns-mmdet-ROD-v2'),
            type='WandbVisBackend'),
    ])
work_dir = '/networkhome/WMGDS/souval_g/neuRAWns_mmdet/work_dirs/exp15'

05/29 21:24:27 - mmengine - INFO - Distributed training is not used, all SyncBatchNorm (SyncBN) layers in the model will be automatically reverted to BatchNormXd layers if they are used.
05/29 21:24:27 - mmengine - INFO - Hooks will be executed in the following order:
before_run:
(VERY_HIGH   ) RuntimeInfoHook                    
(BELOW_NORMAL) LoggerHook                         
(LOWEST      ) EarlyStoppingHook                  
 -------------------- 
before_train:
(VERY_HIGH   ) RuntimeInfoHook                    
(VERY_HIGH   ) FreezeDetectorHook                 
(NORMAL      ) IterTimerHook                      
(VERY_LOW    ) CheckpointHook                     
 -------------------- 
before_train_epoch:
(VERY_HIGH   ) RuntimeInfoHook                    
(NORMAL      ) IterTimerHook                      
(NORMAL      ) DistSamplerSeedHook                
(NORMAL      ) SaveBatchImagesHook                
 -------------------- 
before_train_iter:
(VERY_HIGH   ) RuntimeInfoHook                    
(NORMAL      ) IterTimerHook                      
 -------------------- 
after_train_iter:
(VERY_HIGH   ) RuntimeInfoHook                    
(NORMAL      ) IterTimerHook                      
(NORMAL      ) SaveBatchImagesHook                
(NORMAL      ) PreprocessorMonitorHook            
(BELOW_NORMAL) LoggerHook                         
(LOW         ) ParamSchedulerHook                 
(VERY_LOW    ) CheckpointHook                     
 -------------------- 
after_train_epoch:
(VERY_HIGH   ) FreezeDetectorHook                 
(NORMAL      ) IterTimerHook                      
(LOW         ) ParamSchedulerHook                 
(VERY_LOW    ) CheckpointHook                     
 -------------------- 
before_val:
(VERY_HIGH   ) RuntimeInfoHook                    
 -------------------- 
before_val_epoch:
(NORMAL      ) IterTimerHook                      
 -------------------- 
before_val_iter:
(NORMAL      ) IterTimerHook                      
 -------------------- 
after_val_iter:
(NORMAL      ) IterTimerHook                      
(NORMAL      ) DetVisualizationHook               
(BELOW_NORMAL) LoggerHook                         
 -------------------- 
after_val_epoch:
(VERY_HIGH   ) RuntimeInfoHook                    
(NORMAL      ) IterTimerHook                      
(BELOW_NORMAL) LoggerHook                         
(LOW         ) ParamSchedulerHook                 
(VERY_LOW    ) CheckpointHook                     
(LOWEST      ) EarlyStoppingHook                  
 -------------------- 
after_val:
(VERY_HIGH   ) RuntimeInfoHook                    
 -------------------- 
after_train:
(VERY_HIGH   ) RuntimeInfoHook                    
(VERY_LOW    ) CheckpointHook                     
 -------------------- 
before_test:
(VERY_HIGH   ) RuntimeInfoHook                    
 -------------------- 
before_test_epoch:
(NORMAL      ) IterTimerHook                      
 -------------------- 
before_test_iter:
(NORMAL      ) IterTimerHook                      
 -------------------- 
after_test_iter:
(NORMAL      ) IterTimerHook                      
(NORMAL      ) DetVisualizationHook               
(BELOW_NORMAL) LoggerHook                         
 -------------------- 
after_test_epoch:
(VERY_HIGH   ) RuntimeInfoHook                    
(NORMAL      ) IterTimerHook                      
(BELOW_NORMAL) LoggerHook                         
 -------------------- 
after_test:
(VERY_HIGH   ) RuntimeInfoHook                    
 -------------------- 
after_run:
(BELOW_NORMAL) LoggerHook                         
 -------------------- 
loading annotations into memory...
Done (t=1.30s)
creating index...
index created!
AFTER load_data_list: 14061 items
AFTER filter_data: 14015 items
BEFORE serialize: 14015 items
05/29 21:24:32 - mmengine - INFO - LR is set based on batch size of 64 and the current batch size is 4. Scaling the original LR by 0.0625.
loading annotations into memory...
Done (t=0.20s)
creating index...
index created!
AFTER load_data_list: 4017 items
AFTER filter_data: 4017 items
BEFORE serialize: 4017 items
loading annotations into memory...
Done (t=0.17s)
creating index...
index created!
Loads checkpoint by local backend from path: /networkhome/WMGDS/souval_g/checkpoints_mmdet/rtmdet_s_8xb32-300e_coco_20220905_161602-387a891e.pth
The model and loaded state dict do not match exactly

unexpected key in source state_dict: data_preprocessor.mean, data_preprocessor.std

missing keys in source state_dict: data_preprocessor.raw_preprocessor.conv.weight, data_preprocessor.raw_preprocessor.conv.bias

05/29 21:24:34 - mmengine - INFO - Load checkpoint from /networkhome/WMGDS/souval_g/checkpoints_mmdet/rtmdet_s_8xb32-300e_coco_20220905_161602-387a891e.pth
05/29 21:24:34 - mmengine - INFO - 
============================================================
DETECTOR FREEZING COMPLETE
============================================================
Total:         8,887,152
Trainable:           228  (0.0026%)
Frozen:        8,886,924
============================================================

05/29 21:24:34 - mmengine - WARNING - "FileClient" will be deprecated in future. Please use io functions in https://mmengine.readthedocs.io/en/latest/api/fileio.html#file-io
05/29 21:24:34 - mmengine - WARNING - "HardDiskBackend" is the alias of "LocalBackend" and the former will be deprecated in future.
05/29 21:24:34 - mmengine - INFO - Checkpoints will be saved to /networkhome/WMGDS/souval_g/neuRAWns_mmdet/work_dirs/exp15.
05/29 21:24:45 - mmengine - INFO - Saved 4 images from epoch 1 to sample_images/exp15/epoch_1
05/29 21:25:14 - mmengine - INFO - Epoch(train)   [1][  50/3504]  lr: 1.1774e-05  eta: 3 days, 6:15:59  time: 0.8042  data_time: 0.3466  memory: 4832  loss: 13.6211  loss_cls: 12.5504  loss_bbox: 1.0706
05/29 21:25:44 - mmengine - INFO - Epoch(train)   [1][ 100/3504]  lr: 1.7410e-05  eta: 2 days, 20:10:14  time: 0.5969  data_time: 0.1949  memory: 4697  loss: 11.6355  loss_cls: 10.5584  loss_bbox: 1.0771
05/29 21:26:13 - mmengine - INFO - Epoch(train)   [1][ 150/3504]  lr: 2.3046e-05  eta: 2 days, 16:16:02  time: 0.5805  data_time: 0.1955  memory: 4618  loss: 15.8152  loss_cls: 14.7190  loss_bbox: 1.0962
05/29 21:26:40 - mmengine - INFO - Epoch(train)   [1][ 200/3504]  lr: 2.8682e-05  eta: 2 days, 13:38:10  time: 0.5528  data_time: 0.1811  memory: 4647  loss: 12.8865  loss_cls: 11.8151  loss_bbox: 1.0714
05/29 21:27:08 - mmengine - INFO - Epoch(train)   [1][ 250/3504]  lr: 3.4319e-05  eta: 2 days, 12:05:12  time: 0.5544  data_time: 0.1748  memory: 4876  loss: 12.1181  loss_cls: 11.1019  loss_bbox: 1.0162
05/29 21:27:34 - mmengine - INFO - Epoch(train)   [1][ 300/3504]  lr: 3.9955e-05  eta: 2 days, 10:32:47  time: 0.5233  data_time: 0.1715  memory: 4611  loss: 13.6803  loss_cls: 12.6406  loss_bbox: 1.0397
05/29 21:28:01 - mmengine - INFO - Epoch(train)   [1][ 350/3504]  lr: 4.5591e-05  eta: 2 days, 9:36:32  time: 0.5351  data_time: 0.1415  memory: 4743  loss: 20.2232  loss_cls: 19.1583  loss_bbox: 1.0649
05/29 21:28:27 - mmengine - INFO - Epoch(train)   [1][ 400/3504]  lr: 5.1227e-05  eta: 2 days, 8:45:57  time: 0.5238  data_time: 0.1409  memory: 4630  loss: 10.9321  loss_cls: 9.8662  loss_bbox: 1.0659
05/29 21:28:52 - mmengine - INFO - Epoch(train)   [1][ 450/3504]  lr: 5.6864e-05  eta: 2 days, 7:54:47  time: 0.5057  data_time: 0.1492  memory: 4719  loss: 12.3252  loss_cls: 11.2653  loss_bbox: 1.0599
05/29 21:29:17 - mmengine - INFO - Epoch(train)   [1][ 500/3504]  lr: 6.2500e-05  eta: 2 days, 7:03:51  time: 0.4887  data_time: 0.1516  memory: 4868  loss: 11.1474  loss_cls: 10.1047  loss_bbox: 1.0427
05/29 21:29:41 - mmengine - INFO - Epoch(train)   [1][ 550/3504]  lr: 6.2500e-05  eta: 2 days, 6:17:50  time: 0.4806  data_time: 0.1297  memory: 4808  loss: 9.2651  loss_cls: 8.1803  loss_bbox: 1.0847
05/29 21:30:04 - mmengine - INFO - Epoch(train)   [1][ 600/3504]  lr: 6.2500e-05  eta: 2 days, 5:32:14  time: 0.4658  data_time: 0.1362  memory: 5052  loss: 14.7635  loss_cls: 13.7032  loss_bbox: 1.0602
05/29 21:30:27 - mmengine - INFO - Epoch(train)   [1][ 650/3504]  lr: 6.2500e-05  eta: 2 days, 4:54:01  time: 0.4668  data_time: 0.1277  memory: 4643  loss: 10.4398  loss_cls: 9.3737  loss_bbox: 1.0661
05/29 21:30:54 - mmengine - INFO - Epoch(train)   [1][ 700/3504]  lr: 6.2500e-05  eta: 2 days, 4:45:27  time: 0.5250  data_time: 0.1274  memory: 4971  loss: 17.2680  loss_cls: 16.2599  loss_bbox: 1.0082
05/29 21:31:19 - mmengine - INFO - Epoch(train)   [1][ 750/3504]  lr: 6.2500e-05  eta: 2 days, 4:27:03  time: 0.4969  data_time: 0.1159  memory: 4683  loss: 11.6225  loss_cls: 10.5469  loss_bbox: 1.0757
05/29 21:31:43 - mmengine - INFO - Epoch(train)   [1][ 800/3504]  lr: 6.2500e-05  eta: 2 days, 4:09:38  time: 0.4935  data_time: 0.1191  memory: 5100  loss: 10.6297  loss_cls: 9.5716  loss_bbox: 1.0581
05/29 21:32:07 - mmengine - INFO - Epoch(train)   [1][ 850/3504]  lr: 6.2500e-05  eta: 2 days, 3:45:33  time: 0.4681  data_time: 0.1154  memory: 4700  loss: 12.5088  loss_cls: 11.4340  loss_bbox: 1.0748
05/29 21:32:30 - mmengine - INFO - Epoch(train)   [1][ 900/3504]  lr: 6.2500e-05  eta: 2 days, 3:24:36  time: 0.4697  data_time: 0.1107  memory: 4794  loss: 13.1554  loss_cls: 12.1083  loss_bbox: 1.0470
05/29 21:32:53 - mmengine - INFO - Epoch(train)   [1][ 950/3504]  lr: 6.2500e-05  eta: 2 days, 3:03:03  time: 0.4607  data_time: 0.1171  memory: 4706  loss: 11.4060  loss_cls: 10.3389  loss_bbox: 1.0671
05/29 21:33:16 - mmengine - INFO - Exp name: exp15_convgamma_k5_20260529_212336
05/29 21:33:16 - mmengine - INFO - Epoch(train)   [1][1000/3504]  lr: 6.2500e-05  eta: 2 days, 2:41:49  time: 0.4545  data_time: 0.1199  memory: 4837  loss: 11.5847  loss_cls: 10.5273  loss_bbox: 1.0574
05/29 21:33:39 - mmengine - INFO - Epoch(train)   [1][1050/3504]  lr: 6.2500e-05  eta: 2 days, 2:25:00  time: 0.4633  data_time: 0.1129  memory: 4678  loss: 17.8224  loss_cls: 16.7953  loss_bbox: 1.0271
05/29 21:34:02 - mmengine - INFO - Epoch(train)   [1][1100/3504]  lr: 6.2500e-05  eta: 2 days, 2:06:39  time: 0.4519  data_time: 0.1149  memory: 4674  loss: 10.1908  loss_cls: 9.1370  loss_bbox: 1.0538
05/29 21:34:24 - mmengine - INFO - Epoch(train)   [1][1150/3504]  lr: 6.2500e-05  eta: 2 days, 1:48:00  time: 0.4444  data_time: 0.1209  memory: 4626  loss: 12.2813  loss_cls: 11.2067  loss_bbox: 1.0746
05/29 21:34:47 - mmengine - INFO - Epoch(train)   [1][1200/3504]  lr: 6.2500e-05  eta: 2 days, 1:34:38  time: 0.4600  data_time: 0.1148  memory: 4749  loss: 13.3981  loss_cls: 12.3626  loss_bbox: 1.0356
05/29 21:35:09 - mmengine - INFO - Epoch(train)   [1][1250/3504]  lr: 6.2500e-05  eta: 2 days, 1:20:00  time: 0.4501  data_time: 0.1179  memory: 4706  loss: 15.1577  loss_cls: 14.1231  loss_bbox: 1.0346
05/29 21:35:32 - mmengine - INFO - Epoch(train)   [1][1300/3504]  lr: 6.2500e-05  eta: 2 days, 1:06:14  time: 0.4490  data_time: 0.1187  memory: 4743  loss: 9.3789  loss_cls: 8.3337  loss_bbox: 1.0453
05/29 21:35:54 - mmengine - INFO - Epoch(train)   [1][1350/3504]  lr: 6.2500e-05  eta: 2 days, 0:52:12  time: 0.4432  data_time: 0.1047  memory: 4702  loss: 17.0818  loss_cls: 16.0429  loss_bbox: 1.0388
05/29 21:36:16 - mmengine - INFO - Epoch(train)   [1][1400/3504]  lr: 6.2500e-05  eta: 2 days, 0:37:33  time: 0.4356  data_time: 0.1104  memory: 5103  loss: 12.8045  loss_cls: 11.7364  loss_bbox: 1.0681
05/29 21:36:38 - mmengine - INFO - Epoch(train)   [1][1450/3504]  lr: 6.2500e-05  eta: 2 days, 0:25:26  time: 0.4432  data_time: 0.1193  memory: 4808  loss: 10.0335  loss_cls: 8.9783  loss_bbox: 1.0552
05/29 21:37:00 - mmengine - INFO - Epoch(train)   [1][1500/3504]  lr: 6.2500e-05  eta: 2 days, 0:12:53  time: 0.4370  data_time: 0.1164  memory: 4765  loss: 11.6430  loss_cls: 10.5863  loss_bbox: 1.0567
05/29 21:37:20 - mmengine - INFO - Epoch(train)   [1][1550/3504]  lr: 6.2500e-05  eta: 1 day, 23:55:03  time: 0.4046  data_time: 0.0953  memory: 4723  loss: 13.4718  loss_cls: 12.4497  loss_bbox: 1.0221
05/29 21:37:42 - mmengine - INFO - Epoch(train)   [1][1600/3504]  lr: 6.2500e-05  eta: 1 day, 23:46:00  time: 0.4470  data_time: 0.1095  memory: 4864  loss: 13.8493  loss_cls: 12.8292  loss_bbox: 1.0201
05/29 21:38:04 - mmengine - INFO - Epoch(train)   [1][1650/3504]  lr: 6.2500e-05  eta: 1 day, 23:36:36  time: 0.4419  data_time: 0.1101  memory: 4770  loss: 11.0301  loss_cls: 9.9507  loss_bbox: 1.0794
05/29 21:38:28 - mmengine - INFO - Epoch(train)   [1][1700/3504]  lr: 6.2500e-05  eta: 1 day, 23:32:15  time: 0.4684  data_time: 0.1151  memory: 4745  loss: 15.4412  loss_cls: 14.3739  loss_bbox: 1.0674
05/29 21:38:51 - mmengine - INFO - Epoch(train)   [1][1750/3504]  lr: 6.2500e-05  eta: 1 day, 23:27:30  time: 0.4647  data_time: 0.1246  memory: 4688  loss: 14.0777  loss_cls: 13.0788  loss_bbox: 0.9989
05/29 21:39:13 - mmengine - INFO - Epoch(train)   [1][1800/3504]  lr: 6.2500e-05  eta: 1 day, 23:19:31  time: 0.4431  data_time: 0.1159  memory: 4628  loss: 10.1159  loss_cls: 9.0524  loss_bbox: 1.0635
05/29 21:39:36 - mmengine - INFO - Epoch(train)   [1][1850/3504]  lr: 6.2500e-05  eta: 1 day, 23:12:48  time: 0.4485  data_time: 0.1131  memory: 4691  loss: 11.2643  loss_cls: 10.2159  loss_bbox: 1.0483
05/29 21:39:58 - mmengine - INFO - Epoch(train)   [1][1900/3504]  lr: 6.2500e-05  eta: 1 day, 23:06:14  time: 0.4474  data_time: 0.1283  memory: 4791  loss: 11.5992  loss_cls: 10.5395  loss_bbox: 1.0597
05/29 21:40:20 - mmengine - INFO - Epoch(train)   [1][1950/3504]  lr: 6.2500e-05  eta: 1 day, 22:58:56  time: 0.4402  data_time: 0.1252  memory: 4960  loss: 11.1843  loss_cls: 10.1094  loss_bbox: 1.0749
05/29 21:40:42 - mmengine - INFO - Exp name: exp15_convgamma_k5_20260529_212336
05/29 21:40:42 - mmengine - INFO - Epoch(train)   [1][2000/3504]  lr: 6.2500e-05  eta: 1 day, 22:50:25  time: 0.4295  data_time: 0.1138  memory: 4714  loss: 11.2361  loss_cls: 10.1880  loss_bbox: 1.0481
05/29 21:41:03 - mmengine - INFO - Epoch(train)   [1][2050/3504]  lr: 6.2500e-05  eta: 1 day, 22:41:29  time: 0.4238  data_time: 0.1172  memory: 4891  loss: 12.2062  loss_cls: 11.1454  loss_bbox: 1.0608
05/29 21:41:24 - mmengine - INFO - Epoch(train)   [1][2100/3504]  lr: 6.2500e-05  eta: 1 day, 22:33:29  time: 0.4275  data_time: 0.1072  memory: 4782  loss: 16.1648  loss_cls: 15.1092  loss_bbox: 1.0556
05/29 21:41:45 - mmengine - INFO - Epoch(train)   [1][2150/3504]  lr: 6.2500e-05  eta: 1 day, 22:24:36  time: 0.4184  data_time: 0.1097  memory: 4836  loss: 13.9311  loss_cls: 12.8882  loss_bbox: 1.0429
05/29 21:42:06 - mmengine - INFO - Epoch(train)   [1][2200/3504]  lr: 6.2500e-05  eta: 1 day, 22:17:11  time: 0.4267  data_time: 0.1135  memory: 4742  loss: 15.2940  loss_cls: 14.2253  loss_bbox: 1.0687
05/29 21:42:28 - mmengine - INFO - Epoch(train)   [1][2250/3504]  lr: 6.2500e-05  eta: 1 day, 22:09:46  time: 0.4240  data_time: 0.1099  memory: 4793  loss: 12.7645  loss_cls: 11.7119  loss_bbox: 1.0526
05/29 21:42:49 - mmengine - INFO - Epoch(train)   [1][2300/3504]  lr: 6.2500e-05  eta: 1 day, 22:02:39  time: 0.4242  data_time: 0.1065  memory: 4827  loss: 12.4112  loss_cls: 11.3755  loss_bbox: 1.0357
05/29 21:43:10 - mmengine - INFO - Epoch(train)   [1][2350/3504]  lr: 6.2500e-05  eta: 1 day, 21:55:31  time: 0.4215  data_time: 0.1136  memory: 4678  loss: 13.6723  loss_cls: 12.6322  loss_bbox: 1.0402
05/29 21:43:31 - mmengine - INFO - Epoch(train)   [1][2400/3504]  lr: 6.2500e-05  eta: 1 day, 21:48:28  time: 0.4201  data_time: 0.1160  memory: 4615  loss: 19.3172  loss_cls: 18.2745  loss_bbox: 1.0427
05/29 21:43:52 - mmengine - INFO - Epoch(train)   [1][2450/3504]  lr: 6.2500e-05  eta: 1 day, 21:41:51  time: 0.4212  data_time: 0.1047  memory: 4705  loss: 14.4537  loss_cls: 13.4031  loss_bbox: 1.0506
05/29 21:44:13 - mmengine - INFO - Epoch(train)   [1][2500/3504]  lr: 6.2500e-05  eta: 1 day, 21:35:58  time: 0.4255  data_time: 0.1085  memory: 4721  loss: 11.7665  loss_cls: 10.7017  loss_bbox: 1.0648
05/29 21:44:35 - mmengine - INFO - Epoch(train)   [1][2550/3504]  lr: 6.2500e-05  eta: 1 day, 21:30:24  time: 0.4263  data_time: 0.1090  memory: 4750  loss: 11.1138  loss_cls: 10.0574  loss_bbox: 1.0564
05/29 21:44:56 - mmengine - INFO - Epoch(train)   [1][2600/3504]  lr: 6.2500e-05  eta: 1 day, 21:25:01  time: 0.4262  data_time: 0.1058  memory: 4745  loss: 9.7731  loss_cls: 8.7049  loss_bbox: 1.0682
05/29 21:45:17 - mmengine - INFO - Epoch(train)   [1][2650/3504]  lr: 6.2500e-05  eta: 1 day, 21:19:34  time: 0.4239  data_time: 0.1016  memory: 4849  loss: 16.5604  loss_cls: 15.5847  loss_bbox: 0.9757
05/29 21:45:38 - mmengine - INFO - Epoch(train)   [1][2700/3504]  lr: 6.2500e-05  eta: 1 day, 21:13:35  time: 0.4171  data_time: 0.1079  memory: 4622  loss: 14.2961  loss_cls: 13.2530  loss_bbox: 1.0431
05/29 21:45:59 - mmengine - INFO - Epoch(train)   [1][2750/3504]  lr: 6.2500e-05  eta: 1 day, 21:08:25  time: 0.4229  data_time: 0.1020  memory: 4732  loss: 11.0617  loss_cls: 10.0098  loss_bbox: 1.0519
05/29 21:46:20 - mmengine - INFO - Epoch(train)   [1][2800/3504]  lr: 6.2500e-05  eta: 1 day, 21:03:19  time: 0.4219  data_time: 0.1040  memory: 4971  loss: 10.0880  loss_cls: 9.0011  loss_bbox: 1.0869
05/29 21:46:41 - mmengine - INFO - Epoch(train)   [1][2850/3504]  lr: 6.2500e-05  eta: 1 day, 20:58:23  time: 0.4219  data_time: 0.1091  memory: 4942  loss: 9.9205  loss_cls: 8.8599  loss_bbox: 1.0606
05/29 21:47:02 - mmengine - INFO - Epoch(train)   [1][2900/3504]  lr: 6.2500e-05  eta: 1 day, 20:53:20  time: 0.4191  data_time: 0.1123  memory: 4654  loss: 12.6846  loss_cls: 11.6421  loss_bbox: 1.0425
05/29 21:47:23 - mmengine - INFO - Epoch(train)   [1][2950/3504]  lr: 6.2500e-05  eta: 1 day, 20:48:32  time: 0.4202  data_time: 0.1121  memory: 4663  loss: 12.7625  loss_cls: 11.7290  loss_bbox: 1.0335
05/29 21:47:44 - mmengine - INFO - Exp name: exp15_convgamma_k5_20260529_212336
05/29 21:47:44 - mmengine - INFO - Epoch(train)   [1][3000/3504]  lr: 6.2500e-05  eta: 1 day, 20:43:55  time: 0.4204  data_time: 0.1087  memory: 4625  loss: 11.6608  loss_cls: 10.6423  loss_bbox: 1.0184
05/29 21:48:05 - mmengine - INFO - Epoch(train)   [1][3050/3504]  lr: 6.2500e-05  eta: 1 day, 20:39:27  time: 0.4204  data_time: 0.1052  memory: 4655  loss: 12.9458  loss_cls: 11.9170  loss_bbox: 1.0288
05/29 21:48:26 - mmengine - INFO - Epoch(train)   [1][3100/3504]  lr: 6.2500e-05  eta: 1 day, 20:35:05  time: 0.4203  data_time: 0.1031  memory: 4649  loss: 15.6745  loss_cls: 14.6604  loss_bbox: 1.0141
05/29 21:48:47 - mmengine - INFO - Epoch(train)   [1][3150/3504]  lr: 6.2500e-05  eta: 1 day, 20:31:00  time: 0.4219  data_time: 0.1008  memory: 4674  loss: 11.3269  loss_cls: 10.2529  loss_bbox: 1.0739
05/29 21:49:08 - mmengine - INFO - Epoch(train)   [1][3200/3504]  lr: 6.2500e-05  eta: 1 day, 20:26:32  time: 0.4164  data_time: 0.1124  memory: 4791  loss: 11.7223  loss_cls: 10.6865  loss_bbox: 1.0359
05/29 21:49:29 - mmengine - INFO - Epoch(train)   [1][3250/3504]  lr: 6.2500e-05  eta: 1 day, 20:21:44  time: 0.4112  data_time: 0.1042  memory: 4706  loss: 15.6732  loss_cls: 14.6408  loss_bbox: 1.0323
05/29 21:49:49 - mmengine - INFO - Epoch(train)   [1][3300/3504]  lr: 6.2500e-05  eta: 1 day, 20:17:18  time: 0.4138  data_time: 0.1087  memory: 4877  loss: 10.5223  loss_cls: 9.4412  loss_bbox: 1.0811
05/29 21:50:10 - mmengine - INFO - Epoch(train)   [1][3350/3504]  lr: 6.2500e-05  eta: 1 day, 20:12:48  time: 0.4117  data_time: 0.1143  memory: 4687  loss: 14.5844  loss_cls: 13.5566  loss_bbox: 1.0277
05/29 21:50:31 - mmengine - INFO - Epoch(train)   [1][3400/3504]  lr: 6.2500e-05  eta: 1 day, 20:08:33  time: 0.4131  data_time: 0.1127  memory: 4712  loss: 10.6775  loss_cls: 9.6233  loss_bbox: 1.0542
05/29 21:50:51 - mmengine - INFO - Epoch(train)   [1][3450/3504]  lr: 6.2500e-05  eta: 1 day, 20:04:03  time: 0.4087  data_time: 0.1132  memory: 4772  loss: 11.4906  loss_cls: 10.4172  loss_bbox: 1.0734
05/29 21:51:11 - mmengine - INFO - Epoch(train)   [1][3500/3504]  lr: 6.2500e-05  eta: 1 day, 19:58:39  time: 0.3965  data_time: 0.1099  memory: 4740  loss: 17.4139  loss_cls: 16.4157  loss_bbox: 0.9982
05/29 21:51:11 - mmengine - INFO - Exp name: exp15_convgamma_k5_20260529_212336
05/29 21:51:11 - mmengine - INFO - Saving checkpoint at 1 epochs
[1;34mwandb[0m: 
[1;34mwandb[0m: 🚀 View run [33mexp15[0m at: [34m[0m
[1;34mwandb[0m: Find logs at: [1;35mwork_dirs/exp15/20260529_212336/vis_data/wandb/run-20260529_212339-ybb4o35v/logs[0m
=== exp15 finished ===
