=== Installing mmcv ===
Collecting mmcv==2.2.0
  Using cached mmcv-2.2.0.tar.gz (479 kB)
  Preparing metadata (setup.py): started
  Preparing metadata (setup.py): finished with status 'done'
Requirement already satisfied: addict in /networkhome/WMGDS/souval_g/anaconda3/envs/mmdet12/lib/python3.10/site-packages (from mmcv==2.2.0) (2.4.0)
Requirement already satisfied: mmengine>=0.3.0 in /networkhome/WMGDS/souval_g/anaconda3/envs/mmdet12/lib/python3.10/site-packages (from mmcv==2.2.0) (0.10.7)
Requirement already satisfied: numpy in /networkhome/WMGDS/souval_g/anaconda3/envs/mmdet12/lib/python3.10/site-packages (from mmcv==2.2.0) (2.2.6)
Requirement already satisfied: packaging in /networkhome/WMGDS/souval_g/anaconda3/envs/mmdet12/lib/python3.10/site-packages (from mmcv==2.2.0) (24.2)
Requirement already satisfied: Pillow in /networkhome/WMGDS/souval_g/anaconda3/envs/mmdet12/lib/python3.10/site-packages (from mmcv==2.2.0) (12.2.0)
Requirement already satisfied: pyyaml in /networkhome/WMGDS/souval_g/anaconda3/envs/mmdet12/lib/python3.10/site-packages (from mmcv==2.2.0) (6.0.3)
Requirement already satisfied: yapf in /networkhome/WMGDS/souval_g/anaconda3/envs/mmdet12/lib/python3.10/site-packages (from mmcv==2.2.0) (0.43.0)
Requirement already satisfied: matplotlib in /networkhome/WMGDS/souval_g/anaconda3/envs/mmdet12/lib/python3.10/site-packages (from mmengine>=0.3.0->mmcv==2.2.0) (3.10.7)
Requirement already satisfied: rich in /networkhome/WMGDS/souval_g/anaconda3/envs/mmdet12/lib/python3.10/site-packages (from mmengine>=0.3.0->mmcv==2.2.0) (13.4.2)
Requirement already satisfied: termcolor in /networkhome/WMGDS/souval_g/anaconda3/envs/mmdet12/lib/python3.10/site-packages (from mmengine>=0.3.0->mmcv==2.2.0) (3.1.0)
Requirement already satisfied: opencv-python>=3 in /networkhome/WMGDS/souval_g/anaconda3/envs/mmdet12/lib/python3.10/site-packages (from mmengine>=0.3.0->mmcv==2.2.0) (4.12.0.88)
Requirement already satisfied: contourpy>=1.0.1 in /networkhome/WMGDS/souval_g/anaconda3/envs/mmdet12/lib/python3.10/site-packages (from matplotlib->mmengine>=0.3.0->mmcv==2.2.0) (1.3.2)
Requirement already satisfied: cycler>=0.10 in /networkhome/WMGDS/souval_g/anaconda3/envs/mmdet12/lib/python3.10/site-packages (from matplotlib->mmengine>=0.3.0->mmcv==2.2.0) (0.12.1)
Requirement already satisfied: fonttools>=4.22.0 in /networkhome/WMGDS/souval_g/anaconda3/envs/mmdet12/lib/python3.10/site-packages (from matplotlib->mmengine>=0.3.0->mmcv==2.2.0) (4.60.1)
Requirement already satisfied: kiwisolver>=1.3.1 in /networkhome/WMGDS/souval_g/anaconda3/envs/mmdet12/lib/python3.10/site-packages (from matplotlib->mmengine>=0.3.0->mmcv==2.2.0) (1.4.9)
Requirement already satisfied: pyparsing>=3 in /networkhome/WMGDS/souval_g/anaconda3/envs/mmdet12/lib/python3.10/site-packages (from matplotlib->mmengine>=0.3.0->mmcv==2.2.0) (3.2.5)
Requirement already satisfied: python-dateutil>=2.7 in /networkhome/WMGDS/souval_g/anaconda3/envs/mmdet12/lib/python3.10/site-packages (from matplotlib->mmengine>=0.3.0->mmcv==2.2.0) (2.9.0.post0)
Requirement already satisfied: six>=1.5 in /networkhome/WMGDS/souval_g/anaconda3/envs/mmdet12/lib/python3.10/site-packages (from python-dateutil>=2.7->matplotlib->mmengine>=0.3.0->mmcv==2.2.0) (1.17.0)
Requirement already satisfied: markdown-it-py>=2.2.0 in /networkhome/WMGDS/souval_g/anaconda3/envs/mmdet12/lib/python3.10/site-packages (from rich->mmengine>=0.3.0->mmcv==2.2.0) (4.0.0)
Requirement already satisfied: pygments<3.0.0,>=2.13.0 in /networkhome/WMGDS/souval_g/anaconda3/envs/mmdet12/lib/python3.10/site-packages (from rich->mmengine>=0.3.0->mmcv==2.2.0) (2.19.2)
Requirement already satisfied: mdurl~=0.1 in /networkhome/WMGDS/souval_g/anaconda3/envs/mmdet12/lib/python3.10/site-packages (from markdown-it-py>=2.2.0->rich->mmengine>=0.3.0->mmcv==2.2.0) (0.1.2)
Requirement already satisfied: platformdirs>=3.5.1 in /networkhome/WMGDS/souval_g/.local/lib/python3.10/site-packages (from yapf->mmcv==2.2.0) (4.3.6)
Requirement already satisfied: tomli>=2.0.1 in /networkhome/WMGDS/souval_g/anaconda3/envs/mmdet12/lib/python3.10/site-packages (from yapf->mmcv==2.2.0) (2.3.0)
Building wheels for collected packages: mmcv
  Building wheel for mmcv (setup.py): started
  Building wheel for mmcv (setup.py): still running...
  Building wheel for mmcv (setup.py): still running...
  Building wheel for mmcv (setup.py): still running...
  Building wheel for mmcv (setup.py): finished with status 'error'
  Running setup.py clean for mmcv
Failed to build mmcv
=== Environment check ===
torch: 2.11.0+cu128
gpu: NVIDIA RTX PRO 6000 Blackwell Server Edition
