/networkhome/WMGDS/souval_g/anaconda3/envs/mmdet12/lib/python3.10/site-packages/mmengine/optim/optimizer/zero_optimizer.py:11: DeprecationWarning: `TorchScript` support for functional optimizers is deprecated and will be removed in a future PyTorch release. Consider using the `torch.compile` optimizer instead.
  from torch.distributed.optim import \
/networkhome/WMGDS/souval_g/anaconda3/envs/mmdet12/lib/python3.10/site-packages/mmengine/optim/optimizer/zero_optimizer.py:11: DeprecationWarning: `TorchScript` support for functional optimizers is deprecated and will be removed in a future PyTorch release. Consider using the `torch.compile` optimizer instead.
  from torch.distributed.optim import \
/networkhome/WMGDS/souval_g/.local/lib/python3.10/site-packages/albumentations/__init__.py:28: UserWarning: A new version of Albumentations is available: '2.0.8' (you have '2.0.5'). Upgrade using: pip install -U albumentations. To disable automatic update checks, set the environment variable NO_ALBUMENTATIONS_UPDATE to 1.
  check_for_updates()
wandb: Currently logged in as: georgiasouval (georgiasouval-university-of-warwick) to https://api.wandb.ai. Use `wandb login --relogin` to force relogin
wandb: setting up run q4o26yox
wandb: Tracking run with wandb version 0.22.1
wandb: Run data is saved locally in /networkhome/WMGDS/souval_g/neuRAWns_mmdet/work_dirs/exp003/20251023_220902/vis_data/wandb/run-20251023_220905-q4o26yox
wandb: Run `wandb offline` to turn off syncing.
wandb: Syncing run exp003-frozen-detector
wandb: ⭐️ View project at https://wandb.ai/georgiasouval-university-of-warwick/neuRAWns-mmdet-ROD
wandb: 🚀 View run at https://wandb.ai/georgiasouval-university-of-warwick/neuRAWns-mmdet-ROD/runs/q4o26yox
/networkhome/WMGDS/souval_g/anaconda3/envs/mmdet12/lib/python3.10/site-packages/mmengine/runner/checkpoint.py:347: FutureWarning: You are using `torch.load` with `weights_only=False` (the current default value), which uses the default pickle module implicitly. It is possible to construct malicious pickle data which will execute arbitrary code during unpickling (See https://github.com/pytorch/pytorch/blob/main/SECURITY.md#untrusted-models for more details). In a future release, the default value for `weights_only` will be flipped to `True`. This limits the functions that could be executed during unpickling. Arbitrary objects will no longer be allowed to be loaded via this mode unless they are explicitly allowlisted by the user via `torch.serialization.add_safe_globals`. We recommend you start setting `weights_only=True` for any use case where you don't have full control of the loaded file. Please open an issue on GitHub for any issues related to this experimental feature.
  checkpoint = torch.load(filename, map_location=map_location)
Traceback (most recent call last):
  File "/networkhome/WMGDS/souval_g/mmdetection/mmdet/.mim/tools/train.py", line 121, in <module>
    main()
  File "/networkhome/WMGDS/souval_g/mmdetection/mmdet/.mim/tools/train.py", line 117, in main
    runner.train()
  File "/networkhome/WMGDS/souval_g/anaconda3/envs/mmdet12/lib/python3.10/site-packages/mmengine/runner/runner.py", line 1777, in train
    model = self.train_loop.run()  # type: ignore
  File "/networkhome/WMGDS/souval_g/anaconda3/envs/mmdet12/lib/python3.10/site-packages/mmengine/runner/loops.py", line 105, in run
    self.runner.val_loop.run()
  File "/networkhome/WMGDS/souval_g/anaconda3/envs/mmdet12/lib/python3.10/site-packages/mmengine/runner/loops.py", line 378, in run
    for idx, data_batch in enumerate(self.dataloader):
  File "/networkhome/WMGDS/souval_g/anaconda3/envs/mmdet12/lib/python3.10/site-packages/torch/utils/data/dataloader.py", line 630, in __next__
    data = self._next_data()
  File "/networkhome/WMGDS/souval_g/anaconda3/envs/mmdet12/lib/python3.10/site-packages/torch/utils/data/dataloader.py", line 1344, in _next_data
    return self._process_data(data)
  File "/networkhome/WMGDS/souval_g/anaconda3/envs/mmdet12/lib/python3.10/site-packages/torch/utils/data/dataloader.py", line 1370, in _process_data
    data.reraise()
  File "/networkhome/WMGDS/souval_g/anaconda3/envs/mmdet12/lib/python3.10/site-packages/torch/_utils.py", line 706, in reraise
    raise exception
BlockingIOError: Caught BlockingIOError in DataLoader worker process 0.
Original Traceback (most recent call last):
  File "/networkhome/WMGDS/souval_g/anaconda3/envs/mmdet12/lib/python3.10/site-packages/torch/utils/data/_utils/worker.py", line 309, in _worker_loop
    data = fetcher.fetch(index)  # type: ignore[possibly-undefined]
  File "/networkhome/WMGDS/souval_g/anaconda3/envs/mmdet12/lib/python3.10/site-packages/torch/utils/data/_utils/fetch.py", line 52, in fetch
    data = [self.dataset[idx] for idx in possibly_batched_index]
  File "/networkhome/WMGDS/souval_g/anaconda3/envs/mmdet12/lib/python3.10/site-packages/torch/utils/data/_utils/fetch.py", line 52, in <listcomp>
    data = [self.dataset[idx] for idx in possibly_batched_index]
  File "/networkhome/WMGDS/souval_g/anaconda3/envs/mmdet12/lib/python3.10/site-packages/mmengine/dataset/base_dataset.py", line 403, in __getitem__
    data = self.prepare_data(idx)
  File "/networkhome/WMGDS/souval_g/anaconda3/envs/mmdet12/lib/python3.10/site-packages/mmengine/dataset/base_dataset.py", line 793, in prepare_data
    return self.pipeline(data_info)
  File "/networkhome/WMGDS/souval_g/anaconda3/envs/mmdet12/lib/python3.10/site-packages/mmengine/dataset/base_dataset.py", line 60, in __call__
    data = t(data)
  File "/networkhome/WMGDS/souval_g/neuRAWns_mmdet/datasets/pipelines/loading.py", line 28, in __call__
    img = np.fromfile(img_path_str, dtype=np.uint8)
BlockingIOError: [Errno 11] Resource temporarily unavailable: '/cifs/Shares/Raw_Bayer_Datasets/ROD/raw/val/night-09921.raw'

Traceback (most recent call last):
  File "/networkhome/WMGDS/souval_g/anaconda3/envs/mmdet12/bin/mim", line 7, in <module>
    sys.exit(cli())
  File "/networkhome/WMGDS/souval_g/anaconda3/envs/mmdet12/lib/python3.10/site-packages/click/core.py", line 1462, in __call__
    return self.main(*args, **kwargs)
  File "/networkhome/WMGDS/souval_g/anaconda3/envs/mmdet12/lib/python3.10/site-packages/click/core.py", line 1383, in main
    rv = self.invoke(ctx)
  File "/networkhome/WMGDS/souval_g/anaconda3/envs/mmdet12/lib/python3.10/site-packages/click/core.py", line 1850, in invoke
    return _process_result(sub_ctx.command.invoke(sub_ctx))
  File "/networkhome/WMGDS/souval_g/anaconda3/envs/mmdet12/lib/python3.10/site-packages/click/core.py", line 1246, in invoke
    return ctx.invoke(self.callback, **ctx.params)
  File "/networkhome/WMGDS/souval_g/anaconda3/envs/mmdet12/lib/python3.10/site-packages/click/core.py", line 814, in invoke
    return callback(*args, **kwargs)
  File "/networkhome/WMGDS/souval_g/anaconda3/envs/mmdet12/lib/python3.10/site-packages/mim/commands/train.py", line 100, in cli
    is_success, msg = train(
  File "/networkhome/WMGDS/souval_g/anaconda3/envs/mmdet12/lib/python3.10/site-packages/mim/commands/train.py", line 261, in train
    ret = subprocess.check_call(
  File "/networkhome/WMGDS/souval_g/anaconda3/envs/mmdet12/lib/python3.10/subprocess.py", line 369, in check_call
    raise CalledProcessError(retcode, cmd)
subprocess.CalledProcessError: Command '['/networkhome/WMGDS/souval_g/anaconda3/envs/mmdet12/bin/python3.10', '/networkhome/WMGDS/souval_g/mmdetection/mmdet/.mim/tools/train.py', 'configs/raw_experiments/exp003.py', '--launcher', 'none']' returned non-zero exit status 1.
