/networkhome/WMGDS/souval_g/anaconda3/envs/mmdet12/lib/python3.10/site-packages/mmengine/optim/optimizer/zero_optimizer.py:11: DeprecationWarning: `TorchScript` support for functional optimizers is deprecated and will be removed in a future PyTorch release. Consider using the `torch.compile` optimizer instead.
  from torch.distributed.optim import \
/networkhome/WMGDS/souval_g/anaconda3/envs/mmdet12/lib/python3.10/site-packages/mmengine/optim/optimizer/zero_optimizer.py:11: DeprecationWarning: `TorchScript` support for functional optimizers is deprecated and will be removed in a future PyTorch release. Consider using the `torch.compile` optimizer instead.
  from torch.distributed.optim import \
/networkhome/WMGDS/souval_g/.local/lib/python3.10/site-packages/albumentations/__init__.py:28: UserWarning: A new version of Albumentations is available: '2.0.8' (you have '2.0.5'). Upgrade using: pip install -U albumentations. To disable automatic update checks, set the environment variable NO_ALBUMENTATIONS_UPDATE to 1.
  check_for_updates()
wandb: Currently logged in as: georgiasouval (georgiasouval-university-of-warwick) to https://api.wandb.ai. Use `wandb login --relogin` to force relogin
wandb: Tracking run with wandb version 0.22.1
wandb: Run data is saved locally in /networkhome/WMGDS/souval_g/neuRAWns_mmdet/work_dirs/exp003/20251023_220314/vis_data/wandb/run-20251023_220318-qy5svci8
wandb: Run `wandb offline` to turn off syncing.
wandb: Syncing run exp003-frozen-detector
wandb: ⭐️ View project at https://wandb.ai/georgiasouval-university-of-warwick/neuRAWns-mmdet-ROD
wandb: 🚀 View run at https://wandb.ai/georgiasouval-university-of-warwick/neuRAWns-mmdet-ROD/runs/qy5svci8
/networkhome/WMGDS/souval_g/anaconda3/envs/mmdet12/lib/python3.10/site-packages/mmengine/runner/checkpoint.py:347: FutureWarning: You are using `torch.load` with `weights_only=False` (the current default value), which uses the default pickle module implicitly. It is possible to construct malicious pickle data which will execute arbitrary code during unpickling (See https://github.com/pytorch/pytorch/blob/main/SECURITY.md#untrusted-models for more details). In a future release, the default value for `weights_only` will be flipped to `True`. This limits the functions that could be executed during unpickling. Arbitrary objects will no longer be allowed to be loaded via this mode unless they are explicitly allowlisted by the user via `torch.serialization.add_safe_globals`. We recommend you start setting `weights_only=True` for any use case where you don't have full control of the loaded file. Please open an issue on GitHub for any issues related to this experimental feature.
  checkpoint = torch.load(filename, map_location=map_location)
Traceback (most recent call last):
  File "/networkhome/WMGDS/souval_g/mmdetection/mmdet/.mim/tools/train.py", line 121, in <module>
    main()
  File "/networkhome/WMGDS/souval_g/mmdetection/mmdet/.mim/tools/train.py", line 117, in main
    runner.train()
  File "/networkhome/WMGDS/souval_g/anaconda3/envs/mmdet12/lib/python3.10/site-packages/mmengine/runner/runner.py", line 1777, in train
    model = self.train_loop.run()  # type: ignore
  File "/networkhome/WMGDS/souval_g/anaconda3/envs/mmdet12/lib/python3.10/site-packages/mmengine/runner/loops.py", line 98, in run
    self.run_epoch()
  File "/networkhome/WMGDS/souval_g/anaconda3/envs/mmdet12/lib/python3.10/site-packages/mmengine/runner/loops.py", line 115, in run_epoch
    self.run_iter(idx, data_batch)
  File "/networkhome/WMGDS/souval_g/anaconda3/envs/mmdet12/lib/python3.10/site-packages/mmengine/runner/loops.py", line 134, in run_iter
    self.runner.call_hook(
  File "/networkhome/WMGDS/souval_g/anaconda3/envs/mmdet12/lib/python3.10/site-packages/mmengine/runner/runner.py", line 1839, in call_hook
    getattr(hook, fn_name)(self, **kwargs)
  File "/networkhome/WMGDS/souval_g/neuRAWns_mmdet/modules/hooks/save_batch_images.py", line 35, in after_train_iter
    self._save_batch(runner, data_batch)
  File "/networkhome/WMGDS/souval_g/neuRAWns_mmdet/modules/hooks/save_batch_images.py", line 71, in _save_batch
    preprocessed = model.backbone.get_preprocessed_for_visualisation(img_input)
  File "/networkhome/WMGDS/souval_g/neuRAWns_mmdet/modules/raw_backbones/raw_resnet.py", line 46, in get_preprocessed_for_visualisation
    x = self.preprocessor(x)
  File "/networkhome/WMGDS/souval_g/anaconda3/envs/mmdet12/lib/python3.10/site-packages/torch/nn/modules/module.py", line 1553, in _wrapped_call_impl
    return self._call_impl(*args, **kwargs)
  File "/networkhome/WMGDS/souval_g/anaconda3/envs/mmdet12/lib/python3.10/site-packages/torch/nn/modules/module.py", line 1562, in _call_impl
    return forward_call(*args, **kwargs)
  File "/networkhome/WMGDS/souval_g/neuRAWns_mmdet/modules/raw_preprocessors/exp002_conv_bn.py", line 26, in forward
    x = self.packing(x)
  File "/networkhome/WMGDS/souval_g/neuRAWns_mmdet/modules/raw_preprocessors/exp002_conv_bn.py", line 53, in packing
    packed = torch.stack([R, G1, G2, B], dim=1)  # (B, 4, H/2, W/2)
RuntimeError: stack expects each tensor to be equal size, but got [1, 400, 621] at entry 0 and [1, 400, 620] at entry 1
Traceback (most recent call last):
  File "/networkhome/WMGDS/souval_g/anaconda3/envs/mmdet12/bin/mim", line 7, in <module>
    sys.exit(cli())
  File "/networkhome/WMGDS/souval_g/anaconda3/envs/mmdet12/lib/python3.10/site-packages/click/core.py", line 1462, in __call__
    return self.main(*args, **kwargs)
  File "/networkhome/WMGDS/souval_g/anaconda3/envs/mmdet12/lib/python3.10/site-packages/click/core.py", line 1383, in main
    rv = self.invoke(ctx)
  File "/networkhome/WMGDS/souval_g/anaconda3/envs/mmdet12/lib/python3.10/site-packages/click/core.py", line 1850, in invoke
    return _process_result(sub_ctx.command.invoke(sub_ctx))
  File "/networkhome/WMGDS/souval_g/anaconda3/envs/mmdet12/lib/python3.10/site-packages/click/core.py", line 1246, in invoke
    return ctx.invoke(self.callback, **ctx.params)
  File "/networkhome/WMGDS/souval_g/anaconda3/envs/mmdet12/lib/python3.10/site-packages/click/core.py", line 814, in invoke
    return callback(*args, **kwargs)
  File "/networkhome/WMGDS/souval_g/anaconda3/envs/mmdet12/lib/python3.10/site-packages/mim/commands/train.py", line 100, in cli
    is_success, msg = train(
  File "/networkhome/WMGDS/souval_g/anaconda3/envs/mmdet12/lib/python3.10/site-packages/mim/commands/train.py", line 261, in train
    ret = subprocess.check_call(
  File "/networkhome/WMGDS/souval_g/anaconda3/envs/mmdet12/lib/python3.10/subprocess.py", line 369, in check_call
    raise CalledProcessError(retcode, cmd)
subprocess.CalledProcessError: Command '['/networkhome/WMGDS/souval_g/anaconda3/envs/mmdet12/bin/python3.10', '/networkhome/WMGDS/souval_g/mmdetection/mmdet/.mim/tools/train.py', 'configs/raw_experiments/exp003.py', '--launcher', 'none']' returned non-zero exit status 1.
