=== Attempting Kerberos authentication ===
Password for souval_g@WMGDS.WMG.WARWICK.AC.UK: 
kinit exit status: 0
Ticket cache: FILE:/tmp/krb5cc_1922617598
Default principal: souval_g@WMGDS.WMG.WARWICK.AC.UK

Valid starting     Expires            Service principal
03/27/26 14:28:32  03/28/26 00:28:32  krbtgt/WMGDS.WMG.WARWICK.AC.UK@WMGDS.WMG.WARWICK.AC.UK
	renew until 04/03/26 15:28:32
=== Starting Kerberos renewal loop ===
Kerberos renewal loop started (PID: 1618191)
=== Triggering CIFS mount ===
=== Starting exp012 ===
Training command is /networkhome/WMGDS/souval_g/anaconda3/envs/mmdet12/bin/python3.10 /networkhome/WMGDS/souval_g/mmdetection/mmdet/.mim/tools/train.py configs/learnable_process_singleDet/exp12_config.py --launcher none --work-dir work_dirs/exp012. 
Gina running this. =============================
03/27 14:28:54 - mmengine - INFO - 
------------------------------------------------------------
System environment:
    sys.platform: linux
    Python: 3.10.18 (main, Jun  5 2025, 13:14:17) [GCC 11.2.0]
    CUDA available: True
    MUSA available: False
    numpy_random_seed: 807714247
    GPU 0: NVIDIA L40
    CUDA_HOME: /usr/local/cuda
    NVCC: Cuda compilation tools, release 12.4, V12.4.131
    GCC: gcc (Ubuntu 11.4.0-1ubuntu1~22.04.3) 11.4.0
    PyTorch: 2.4.0+cu121
    PyTorch compiling details: PyTorch built with:
  - GCC 9.3
  - C++ Version: 201703
  - Intel(R) oneAPI Math Kernel Library Version 2025.0-Product Build 20241009 for Intel(R) 64 architecture applications
  - Intel(R) MKL-DNN v3.4.2 (Git Hash 1137e04ec0b5251ca2b4400a4fd3c667ce843d67)
  - OpenMP 201511 (a.k.a. OpenMP 4.5)
  - LAPACK is enabled (usually provided by MKL)
  - NNPACK is enabled
  - CPU capability usage: AVX512
  - CUDA Runtime 12.1
  - NVCC architecture flags: -gencode;arch=compute_50,code=sm_50;-gencode;arch=compute_60,code=sm_60;-gencode;arch=compute_70,code=sm_70;-gencode;arch=compute_75,code=sm_75;-gencode;arch=compute_80,code=sm_80;-gencode;arch=compute_86,code=sm_86;-gencode;arch=compute_90,code=sm_90
  - CuDNN 90.1  (built against CUDA 12.4)
  - Magma 2.6.1
  - Build settings: BLAS_INFO=mkl, BUILD_TYPE=Release, CUDA_VERSION=12.1, CUDNN_VERSION=9.1.0, CXX_COMPILER=/opt/rh/devtoolset-9/root/usr/bin/c++, CXX_FLAGS= -D_GLIBCXX_USE_CXX11_ABI=0 -fabi-version=11 -fvisibility-inlines-hidden -DUSE_PTHREADPOOL -DNDEBUG -DUSE_KINETO -DLIBKINETO_NOROCTRACER -DUSE_FBGEMM -DUSE_PYTORCH_QNNPACK -DUSE_XNNPACK -DSYMBOLICATE_MOBILE_DEBUG_HANDLE -O2 -fPIC -Wall -Wextra -Werror=return-type -Werror=non-virtual-dtor -Werror=bool-operation -Wnarrowing -Wno-missing-field-initializers -Wno-type-limits -Wno-array-bounds -Wno-unknown-pragmas -Wno-unused-parameter -Wno-unused-function -Wno-unused-result -Wno-strict-overflow -Wno-strict-aliasing -Wno-stringop-overflow -Wsuggest-override -Wno-psabi -Wno-error=pedantic -Wno-error=old-style-cast -Wno-missing-braces -fdiagnostics-color=always -faligned-new -Wno-unused-but-set-variable -Wno-maybe-uninitialized -fno-math-errno -fno-trapping-math -Werror=format -Wno-stringop-overflow, LAPACK_INFO=mkl, PERF_WITH_AVX=1, PERF_WITH_AVX2=1, PERF_WITH_AVX512=1, TORCH_VERSION=2.4.0, USE_CUDA=ON, USE_CUDNN=ON, USE_CUSPARSELT=1, USE_EXCEPTION_PTR=1, USE_GFLAGS=OFF, USE_GLOG=OFF, USE_GLOO=ON, USE_MKL=ON, USE_MKLDNN=ON, USE_MPI=OFF, USE_NCCL=1, USE_NNPACK=ON, USE_OPENMP=ON, USE_ROCM=OFF, USE_ROCM_KERNEL_ASSERT=OFF, 

    TorchVision: 0.19.0+cu121
    OpenCV: 4.11.0
    MMEngine: 0.10.7

Runtime environment:
    cudnn_benchmark: False
    mp_cfg: {'mp_start_method': 'fork', 'opencv_num_threads': 0}
    dist_cfg: {'backend': 'nccl'}
    seed: 807714247
    Distributed launcher: none
    Distributed training: False
    GPU number: 1
------------------------------------------------------------

03/27 14:28:54 - mmengine - INFO - Config:
DEBUG_MODE = True
auto_scale_lr = dict(base_batch_size=16, enable=False)
backend_args = None
classes = (
    'person',
    'bicycle',
    'car',
    'train',
    'truck',
)
custom_hooks = [
    dict(
        classes=(
            'person',
            'bicycle',
            'car',
            'train',
            'truck',
        ),
        priority='VERY_HIGH',
        type='ClassMappingValidationHook'),
    dict(
        check_updates=True,
        debug_mode=True,
        priority='VERY_HIGH',
        type='FreezeDetectorHook'),
    dict(
        min_delta=0.001,
        monitor='coco/bbox_mAP',
        patience=10,
        rule='greater',
        type='EarlyStoppingHook'),
    dict(
        experiment_name='exp012',
        save_dir='sample_images',
        save_preprocessed=True,
        save_raw=True,
        type='SaveBatchImagesHook'),
]
custom_imports = dict(
    allow_failed_imports=False,
    imports=[
        'modules.raw_preprocessors',
        'modules.raw_backbones',
        'modules.hooks',
        'datasets.pipelines',
        'mmengine.hooks',
    ])
data_root = '/cifs/Shares/WMGData/ROD/yolo/'
dataset_type = 'CocoDataset'
default_hooks = dict(
    checkpoint=dict(
        _scope_='mmdet',
        interval=1,
        max_keep_ckpts=2,
        rule='greater',
        save_best='coco/bbox_mAP',
        type='CheckpointHook'),
    logger=dict(_scope_='mmdet', interval=50, type='LoggerHook'),
    param_scheduler=dict(_scope_='mmdet', type='ParamSchedulerHook'),
    sampler_seed=dict(_scope_='mmdet', type='DistSamplerSeedHook'),
    timer=dict(_scope_='mmdet', type='IterTimerHook'),
    visualization=dict(_scope_='mmdet', type='DetVisualizationHook'))
default_scope = 'mmdet'
env_cfg = dict(
    cudnn_benchmark=False,
    dist_cfg=dict(backend='nccl'),
    mp_cfg=dict(mp_start_method='fork', opencv_num_threads=0))
exp_name = 'exp012'
launcher = 'none'
load_from = 'https://download.openmmlab.com/mmdetection/v2.0/faster_rcnn/faster_rcnn_r50_fpn_1x_coco/faster_rcnn_r50_fpn_1x_coco_20200130-047c8118.pth'
log_level = 'INFO'
log_processor = dict(
    _scope_='mmdet', by_epoch=True, type='LogProcessor', window_size=50)
model = dict(
    _scope_='mmdet',
    backbone=dict(
        debug_mode=True,
        depth=50,
        frozen_stages=1,
        init_cfg=dict(checkpoint='torchvision://resnet50', type='Pretrained'),
        norm_cfg=dict(requires_grad=True, type='BN'),
        norm_eval=True,
        num_stages=4,
        out_indices=(
            0,
            1,
            2,
            3,
        ),
        preprocess_cfg=dict(norm_threshold=0.99, type='Exp012Processor'),
        style='pytorch',
        type='RAWResNet'),
    data_preprocessor=dict(
        bgr_to_rgb=False,
        mean=[
            0.485,
            0.456,
            0.406,
        ],
        pad_size_divisor=32,
        std=[
            0.229,
            0.224,
            0.225,
        ],
        type='DetDataPreprocessor'),
    neck=dict(
        in_channels=[
            256,
            512,
            1024,
            2048,
        ],
        num_outs=5,
        out_channels=256,
        type='FPN'),
    roi_head=dict(
        bbox_head=dict(
            bbox_coder=dict(
                target_means=[
                    0.0,
                    0.0,
                    0.0,
                    0.0,
                ],
                target_stds=[
                    0.1,
                    0.1,
                    0.2,
                    0.2,
                ],
                type='DeltaXYWHBBoxCoder'),
            fc_out_channels=1024,
            in_channels=256,
            loss_bbox=dict(loss_weight=1.0, type='L1Loss'),
            loss_cls=dict(
                loss_weight=1.0, type='CrossEntropyLoss', use_sigmoid=False),
            num_classes=5,
            reg_class_agnostic=False,
            roi_feat_size=7,
            type='Shared2FCBBoxHead'),
        bbox_roi_extractor=dict(
            featmap_strides=[
                4,
                8,
                16,
                32,
            ],
            out_channels=256,
            roi_layer=dict(output_size=7, sampling_ratio=0, type='RoIAlign'),
            type='SingleRoIExtractor'),
        type='StandardRoIHead'),
    rpn_head=dict(
        anchor_generator=dict(
            ratios=[
                0.5,
                1.0,
                2.0,
            ],
            scales=[
                8,
            ],
            strides=[
                4,
                8,
                16,
                32,
                64,
            ],
            type='AnchorGenerator'),
        bbox_coder=dict(
            target_means=[
                0.0,
                0.0,
                0.0,
                0.0,
            ],
            target_stds=[
                1.0,
                1.0,
                1.0,
                1.0,
            ],
            type='DeltaXYWHBBoxCoder'),
        feat_channels=256,
        in_channels=256,
        loss_bbox=dict(loss_weight=1.0, type='L1Loss'),
        loss_cls=dict(
            loss_weight=1.0, type='CrossEntropyLoss', use_sigmoid=True),
        type='RPNHead'),
    test_cfg=dict(
        rcnn=dict(
            max_per_img=100,
            nms=dict(iou_threshold=0.5, type='nms'),
            score_thr=0.05),
        rpn=dict(
            max_per_img=1000,
            min_bbox_size=0,
            nms=dict(iou_threshold=0.7, type='nms'),
            nms_pre=1000)),
    train_cfg=dict(
        rcnn=dict(
            assigner=dict(
                ignore_iof_thr=-1,
                match_low_quality=False,
                min_pos_iou=0.5,
                neg_iou_thr=0.5,
                pos_iou_thr=0.5,
                type='MaxIoUAssigner'),
            debug=False,
            pos_weight=-1,
            sampler=dict(
                add_gt_as_proposals=True,
                neg_pos_ub=-1,
                num=512,
                pos_fraction=0.25,
                type='RandomSampler')),
        rpn=dict(
            allowed_border=-1,
            assigner=dict(
                ignore_iof_thr=-1,
                match_low_quality=True,
                min_pos_iou=0.3,
                neg_iou_thr=0.3,
                pos_iou_thr=0.7,
                type='MaxIoUAssigner'),
            debug=False,
            pos_weight=-1,
            sampler=dict(
                add_gt_as_proposals=False,
                neg_pos_ub=-1,
                num=256,
                pos_fraction=0.5,
                type='RandomSampler')),
        rpn_proposal=dict(
            max_per_img=1000,
            min_bbox_size=0,
            nms=dict(iou_threshold=0.7, type='nms'),
            nms_pre=2000)),
    type='FasterRCNN')
optim_wrapper = dict(
    _scope_='mmdet',
    clip_grad=dict(max_norm=35, norm_type=2),
    optimizer=dict(lr=0.02, momentum=0.9, type='SGD', weight_decay=0.0001),
    type='OptimWrapper')
param_scheduler = [
    dict(
        _scope_='mmdet',
        begin=0,
        by_epoch=False,
        end=500,
        start_factor=0.001,
        type='LinearLR'),
    dict(
        _scope_='mmdet',
        begin=0,
        by_epoch=True,
        end=12,
        gamma=0.1,
        milestones=[
            8,
            11,
        ],
        type='MultiStepLR'),
]
resume = False
test_cfg = dict(_scope_='mmdet', type='TestLoop')
test_dataloader = dict(
    batch_size=1,
    dataset=dict(
        _scope_='mmdet',
        ann_file='raw/json_raw_coco_mapped/test.json',
        backend_args=None,
        data_prefix=dict(img='raw/images/test/'),
        data_root='/cifs/Shares/WMGData/ROD/yolo/',
        metainfo=dict(
            classes=(
                'person',
                'bicycle',
                'car',
                'train',
                'truck',
            )),
        pipeline=[
            dict(type='LoadRAWImageFromFile'),
            dict(type='PackBayer'),
            dict(keep_ratio=True, scale=(
                1333,
                800,
            ), type='Resize'),
            dict(type='PackDetInputs'),
        ],
        test_mode=True,
        type='CocoDataset'),
    drop_last=False,
    num_workers=1,
    persistent_workers=True,
    sampler=dict(_scope_='mmdet', shuffle=False, type='DefaultSampler'))
test_evaluator = dict(
    _scope_='mmdet',
    ann_file='/cifs/Shares/WMGData/ROD/yolo/raw/json_raw_coco_mapped/test.json',
    backend_args=None,
    classwise=True,
    format_only=False,
    metric='bbox',
    type='CocoMetric')
test_pipeline = [
    dict(type='LoadRAWImageFromFile'),
    dict(type='PackBayer'),
    dict(keep_ratio=True, scale=(
        1333,
        800,
    ), type='Resize'),
    dict(type='PackDetInputs'),
]
train_cfg = dict(
    _scope_='mmdet',
    max_epochs=100,
    type='EpochBasedTrainLoop',
    val_interval=1)
train_dataloader = dict(
    batch_sampler=dict(_scope_='mmdet', type='AspectRatioBatchSampler'),
    batch_size=2,
    dataset=dict(
        _scope_='mmdet',
        ann_file='raw/json_raw_coco_mapped/train.json',
        backend_args=None,
        data_prefix=dict(img='raw/images/train/'),
        data_root='/cifs/Shares/WMGData/ROD/yolo/',
        filter_cfg=dict(filter_empty_gt=True, min_size=32),
        metainfo=dict(
            classes=(
                'person',
                'bicycle',
                'car',
                'train',
                'truck',
            )),
        pipeline=[
            dict(type='LoadRAWImageFromFile'),
            dict(type='PackBayer'),
            dict(type='LoadAnnotations', with_bbox=True),
            dict(keep_ratio=True, scale=(
                1333,
                800,
            ), type='Resize'),
            dict(prob=0.5, type='RandomFlip'),
            dict(type='PackDetInputs'),
        ],
        type='CocoDataset'),
    num_workers=1,
    persistent_workers=True,
    sampler=dict(_scope_='mmdet', shuffle=True, type='DefaultSampler'))
train_pipeline = [
    dict(type='LoadRAWImageFromFile'),
    dict(type='PackBayer'),
    dict(type='LoadAnnotations', with_bbox=True),
    dict(keep_ratio=True, scale=(
        1333,
        800,
    ), type='Resize'),
    dict(prob=0.5, type='RandomFlip'),
    dict(type='PackDetInputs'),
]
val_cfg = dict(_scope_='mmdet', type='ValLoop')
val_dataloader = dict(
    batch_size=1,
    dataset=dict(
        _scope_='mmdet',
        ann_file='raw/json_raw_coco_mapped/val.json',
        backend_args=None,
        data_prefix=dict(img='raw/images/val/'),
        data_root='/cifs/Shares/WMGData/ROD/yolo/',
        metainfo=dict(
            classes=(
                'person',
                'bicycle',
                'car',
                'train',
                'truck',
            )),
        pipeline=[
            dict(type='LoadRAWImageFromFile'),
            dict(type='PackBayer'),
            dict(keep_ratio=True, scale=(
                1333,
                800,
            ), type='Resize'),
            dict(type='PackDetInputs'),
        ],
        test_mode=True,
        type='CocoDataset'),
    drop_last=False,
    num_workers=1,
    persistent_workers=True,
    sampler=dict(_scope_='mmdet', shuffle=False, type='DefaultSampler'))
val_evaluator = dict(
    _scope_='mmdet',
    ann_file='/cifs/Shares/WMGData/ROD/yolo/raw/json_raw_coco_mapped/val.json',
    backend_args=None,
    classwise=True,
    format_only=False,
    metric='bbox',
    type='CocoMetric')
vis_backends = [
    dict(type='LocalVisBackend'),
    dict(
        init_kwargs=dict(
            config=dict(
                architecture='faster-rcnn-r50',
                dataset='ROD',
                preprocessing='learning-based-frozen-detector'),
            name='exp012',
            project='neuRAWns-mmdet-ROD'),
        type='WandbVisBackend'),
]
visualizer = dict(
    _scope_='mmdet',
    name='visualizer',
    type='DetLocalVisualizer',
    vis_backends=[
        dict(type='LocalVisBackend'),
        dict(
            init_kwargs=dict(
                config=dict(
                    architecture='faster-rcnn-r50',
                    dataset='ROD',
                    preprocessing='learning-based-frozen-detector'),
                name='exp012',
                project='neuRAWns-mmdet-ROD'),
            type='WandbVisBackend'),
    ])
work_dir = 'work_dirs/exp012'

03/27 14:29:00 - mmengine - INFO - Distributed training is not used, all SyncBatchNorm (SyncBN) layers in the model will be automatically reverted to BatchNormXd layers if they are used.
03/27 14:29:00 - mmengine - INFO - Hooks will be executed in the following order:
before_run:
(VERY_HIGH   ) RuntimeInfoHook                    
(BELOW_NORMAL) LoggerHook                         
(LOWEST      ) EarlyStoppingHook                  
 -------------------- 
before_train:
(VERY_HIGH   ) RuntimeInfoHook                    
(VERY_HIGH   ) ClassMappingValidationHook         
(VERY_HIGH   ) FreezeDetectorHook                 
(NORMAL      ) IterTimerHook                      
(VERY_LOW    ) CheckpointHook                     
 -------------------- 
before_train_epoch:
(VERY_HIGH   ) RuntimeInfoHook                    
(NORMAL      ) IterTimerHook                      
(NORMAL      ) DistSamplerSeedHook                
(NORMAL      ) SaveBatchImagesHook                
 -------------------- 
before_train_iter:
(VERY_HIGH   ) RuntimeInfoHook                    
(NORMAL      ) IterTimerHook                      
 -------------------- 
after_train_iter:
(VERY_HIGH   ) RuntimeInfoHook                    
(NORMAL      ) IterTimerHook                      
(NORMAL      ) SaveBatchImagesHook                
(BELOW_NORMAL) LoggerHook                         
(LOW         ) ParamSchedulerHook                 
(VERY_LOW    ) CheckpointHook                     
 -------------------- 
after_train_epoch:
(VERY_HIGH   ) FreezeDetectorHook                 
(NORMAL      ) IterTimerHook                      
(LOW         ) ParamSchedulerHook                 
(VERY_LOW    ) CheckpointHook                     
 -------------------- 
before_val:
(VERY_HIGH   ) RuntimeInfoHook                    
 -------------------- 
before_val_epoch:
(NORMAL      ) IterTimerHook                      
 -------------------- 
before_val_iter:
(NORMAL      ) IterTimerHook                      
 -------------------- 
after_val_iter:
(NORMAL      ) IterTimerHook                      
(NORMAL      ) DetVisualizationHook               
(BELOW_NORMAL) LoggerHook                         
 -------------------- 
after_val_epoch:
(VERY_HIGH   ) RuntimeInfoHook                    
(NORMAL      ) IterTimerHook                      
(BELOW_NORMAL) LoggerHook                         
(LOW         ) ParamSchedulerHook                 
(VERY_LOW    ) CheckpointHook                     
(LOWEST      ) EarlyStoppingHook                  
 -------------------- 
after_val:
(VERY_HIGH   ) RuntimeInfoHook                    
 -------------------- 
after_train:
(VERY_HIGH   ) RuntimeInfoHook                    
(VERY_LOW    ) CheckpointHook                     
 -------------------- 
before_test:
(VERY_HIGH   ) RuntimeInfoHook                    
 -------------------- 
before_test_epoch:
(NORMAL      ) IterTimerHook                      
 -------------------- 
before_test_iter:
(NORMAL      ) IterTimerHook                      
 -------------------- 
after_test_iter:
(NORMAL      ) IterTimerHook                      
(NORMAL      ) DetVisualizationHook               
(BELOW_NORMAL) LoggerHook                         
 -------------------- 
after_test_epoch:
(VERY_HIGH   ) RuntimeInfoHook                    
(NORMAL      ) IterTimerHook                      
(BELOW_NORMAL) LoggerHook                         
 -------------------- 
after_test:
(VERY_HIGH   ) RuntimeInfoHook                    
 -------------------- 
after_run:
(BELOW_NORMAL) LoggerHook                         
 -------------------- 
loading annotations into memory...
Done (t=1.46s)
creating index...
index created!
loading annotations into memory...
Done (t=0.34s)
creating index...
index created!
loading annotations into memory...
Done (t=0.16s)
creating index...
index created!
03/27 14:29:05 - mmengine - INFO - load model from: torchvision://resnet50
03/27 14:29:05 - mmengine - INFO - Loads checkpoint by torchvision backend from path: torchvision://resnet50
03/27 14:29:06 - mmengine - WARNING - The model and loaded state dict do not match exactly

unexpected key in source state_dict: fc.weight, fc.bias

Loads checkpoint by http backend from path: https://download.openmmlab.com/mmdetection/v2.0/faster_rcnn/faster_rcnn_r50_fpn_1x_coco/faster_rcnn_r50_fpn_1x_coco_20200130-047c8118.pth
The model and loaded state dict do not match exactly

size mismatch for roi_head.bbox_head.fc_cls.weight: copying a param with shape torch.Size([81, 1024]) from checkpoint, the shape in current model is torch.Size([6, 1024]).
size mismatch for roi_head.bbox_head.fc_cls.bias: copying a param with shape torch.Size([81]) from checkpoint, the shape in current model is torch.Size([6]).
size mismatch for roi_head.bbox_head.fc_reg.weight: copying a param with shape torch.Size([320, 1024]) from checkpoint, the shape in current model is torch.Size([20, 1024]).
size mismatch for roi_head.bbox_head.fc_reg.bias: copying a param with shape torch.Size([320]) from checkpoint, the shape in current model is torch.Size([20]).
missing keys in source state_dict: backbone.preprocessor.channel_gain, backbone.preprocessor.conv.weight, backbone.preprocessor.conv.bias

03/27 14:29:06 - mmengine - INFO - Load checkpoint from https://download.openmmlab.com/mmdetection/v2.0/faster_rcnn/faster_rcnn_r50_fpn_1x_coco/faster_rcnn_r50_fpn_1x_coco_20200130-047c8118.pth

================================================================================
CLASS MAPPING VALIDATION - EXP004
================================================================================

[INFO] ROD → COCO Class Mapping:
  ROD annotations will be remapped to these COCO classes:
    ROD class 0 → COCO 'person'
    ROD class 1 → COCO 'bicycle'
    ROD class 2 → COCO 'car'
    ROD class 3 → COCO 'train'
    ROD class 4 → COCO 'truck'

[INFO] Total classes in config: 5
[INFO] Model bbox_head.num_classes: 5

================================================================================

03/27 14:29:06 - mmengine - INFO - 
======================================================================
DETECTOR FREEZING COMPLETE
======================================================================
Total parameters:          41,368,714
Trainable parameters:              33
Frozen parameters:         41,368,681
Percentage trainable:        0.000080%
======================================================================

03/27 14:29:06 - mmengine - INFO - [DEBUG] Trainable modules:
03/27 14:29:06 - mmengine - INFO -   ✓ backbone.preprocessor.channel_gain: 3 params, shape=(3,)
03/27 14:29:06 - mmengine - INFO -   ✓ backbone.preprocessor.conv.weight: 27 params, shape=(3, 1, 3, 3)
03/27 14:29:06 - mmengine - INFO -   ✓ backbone.preprocessor.conv.bias: 3 params, shape=(3,)
03/27 14:29:06 - mmengine - INFO - 
[DEBUG] Storing initial weights...
03/27 14:29:06 - mmengine - INFO - [DEBUG] Weights stored for comparison.

03/27 14:29:06 - mmengine - INFO - [DEBUG] Weights stored for comparison.

03/27 14:29:06 - mmengine - INFO - [DEBUG] Weights stored for comparison.

03/27 14:29:06 - mmengine - WARNING - "FileClient" will be deprecated in future. Please use io functions in https://mmengine.readthedocs.io/en/latest/api/fileio.html#file-io
03/27 14:29:06 - mmengine - WARNING - "HardDiskBackend" is the alias of "LocalBackend" and the former will be deprecated in future.
03/27 14:29:06 - mmengine - INFO - Checkpoints will be saved to /networkhome/WMGDS/souval_g/neuRAWns_mmdet/work_dirs/exp012.

======================================================================
[DEBUG] RAW_ResNet Forward - First Batch
======================================================================
Input shape:  torch.Size([2, 3, 800, 1248])
Input range:  [0.0000, 67818280.0000]
03/27 14:29:11 - mmengine - INFO - Saved 2 images from epoch 1 to sample_images/exp012/epoch_1
03/27 14:29:33 - mmengine - INFO - Epoch(train)   [1][  50/7008]  lr: 1.9820e-03  eta: 4 days, 10:00:19  time: 0.5446  data_time: 0.3884  memory: 4532  grad_norm: 0.2027  loss: nan  loss_rpn_cls: 0.9678  loss_rpn_bbox: 0.0605  loss_cls: 1.7422  acc: 17.9688  loss_bbox: nan
03/27 14:29:56 - mmengine - INFO - Epoch(train)   [1][ 100/7008]  lr: 3.9840e-03  eta: 4 days, 0:38:41  time: 0.4485  data_time: 0.3409  memory: 4532  grad_norm: 0.1844  loss: nan  loss_rpn_cls: 0.6917  loss_rpn_bbox: 0.0437  loss_cls: 1.7375  acc: 27.0508  loss_bbox: nan
03/27 14:30:51 - mmengine - INFO - Epoch(train)   [1][ 150/7008]  lr: 5.9860e-03  eta: 5 days, 15:29:49  time: 1.0955  data_time: 0.9909  memory: 4532  grad_norm: 0.2268  loss: nan  loss_rpn_cls: 0.7284  loss_rpn_bbox: 0.0505  loss_cls: 1.7427  acc: 23.7305  loss_bbox: nan
03/27 14:31:24 - mmengine - INFO - Epoch(train)   [1][ 200/7008]  lr: 7.9880e-03  eta: 5 days, 13:50:30  time: 0.6624  data_time: 0.5103  memory: 4532  grad_norm: 0.3285  loss: nan  loss_rpn_cls: 0.6861  loss_rpn_bbox: 0.0462  loss_cls: 1.7540  acc: 32.5195  loss_bbox: nan
03/27 14:32:02 - mmengine - INFO - Epoch(train)   [1][ 250/7008]  lr: 9.9900e-03  eta: 5 days, 16:38:40  time: 0.7600  data_time: 0.5630  memory: 4532  grad_norm: 0.2107  loss: nan  loss_rpn_cls: 0.7238  loss_rpn_bbox: 0.0442  loss_cls: 1.7418  acc: 23.7305  loss_bbox: nan
03/27 14:32:27 - mmengine - INFO - Epoch(train)   [1][ 300/7008]  lr: 1.1992e-02  eta: 5 days, 10:14:08  time: 0.5049  data_time: 0.3851  memory: 4532  grad_norm: 0.2435  loss: nan  loss_rpn_cls: 0.6103  loss_rpn_bbox: 0.0375  loss_cls: 1.7469  acc: 36.8164  loss_bbox: nan
03/27 14:32:51 - mmengine - INFO - Epoch(train)   [1][ 350/7008]  lr: 1.3994e-02  eta: 5 days, 4:52:04  time: 0.4765  data_time: 0.3618  memory: 4532  grad_norm: 0.4152  loss: nan  loss_rpn_cls: 0.9850  loss_rpn_bbox: 0.0627  loss_cls: 1.7688  acc: 5.9570  loss_bbox: nan
03/27 14:33:26 - mmengine - INFO - Epoch(train)   [1][ 400/7008]  lr: 1.5996e-02  eta: 5 days, 6:31:31  time: 0.7103  data_time: 0.4899  memory: 4583  grad_norm: 0.3308  loss: nan  loss_rpn_cls: 0.8323  loss_rpn_bbox: 0.0528  loss_cls: 1.7701  acc: 31.7383  loss_bbox: nan
03/27 14:33:59 - mmengine - INFO - Epoch(train)   [1][ 450/7008]  lr: 1.7998e-02  eta: 5 days, 6:39:59  time: 0.6573  data_time: 0.4592  memory: 4532  grad_norm: 0.2616  loss: nan  loss_rpn_cls: 0.5823  loss_rpn_bbox: 0.0371  loss_cls: 1.7482  acc: 25.3906  loss_bbox: nan
03/27 14:34:52 - mmengine - INFO - Epoch(train)   [1][ 500/7008]  lr: 2.0000e-02  eta: 5 days, 14:43:44  time: 1.0660  data_time: 0.9562  memory: 4532  grad_norm: 0.1617  loss: nan  loss_rpn_cls: 0.6531  loss_rpn_bbox: 0.0435  loss_cls: 1.7429  acc: 26.7578  loss_bbox: nan
03/27 14:35:14 - mmengine - INFO - Epoch(train)   [1][ 550/7008]  lr: 2.0000e-02  eta: 5 days, 9:57:55  time: 0.4238  data_time: 0.3180  memory: 4532  grad_norm: 0.1303  loss: nan  loss_rpn_cls: 0.5582  loss_rpn_bbox: 0.0352  loss_cls: 1.7348  acc: 19.2383  loss_bbox: nan
03/27 14:36:12 - mmengine - INFO - Epoch(train)   [1][ 600/7008]  lr: 2.0000e-02  eta: 5 days, 18:08:45  time: 1.1734  data_time: 1.0370  memory: 4532  grad_norm: 0.1505  loss: nan  loss_rpn_cls: 0.9094  loss_rpn_bbox: 0.0562  loss_cls: 1.7324  acc: 20.0195  loss_bbox: nan
03/27 14:36:58 - mmengine - INFO - Epoch(train)   [1][ 650/7008]  lr: 2.0000e-02  eta: 5 days, 21:04:28  time: 0.9067  data_time: 0.7317  memory: 4532  grad_norm: 0.1315  loss: nan  loss_rpn_cls: 0.7994  loss_rpn_bbox: 0.0501  loss_cls: 1.7381  acc: 37.2070  loss_bbox: nan
03/27 14:37:27 - mmengine - INFO - Epoch(train)   [1][ 700/7008]  lr: 2.0000e-02  eta: 5 days, 19:05:46  time: 0.5837  data_time: 0.4706  memory: 4554  grad_norm: 0.1154  loss: nan  loss_rpn_cls: 0.8282  loss_rpn_bbox: 0.0534  loss_cls: 1.7452  acc: 27.5391  loss_bbox: nan
03/27 14:38:27 - mmengine - INFO - Epoch(train)   [1][ 750/7008]  lr: 2.0000e-02  eta: 6 days, 1:19:05  time: 1.1960  data_time: 1.0508  memory: 4532  grad_norm: 0.0846  loss: nan  loss_rpn_cls: 0.6543  loss_rpn_bbox: 0.0416  loss_cls: 1.7452  acc: 23.2422  loss_bbox: nan
03/27 14:39:27 - mmengine - INFO - Epoch(train)   [1][ 800/7008]  lr: 2.0000e-02  eta: 6 days, 6:50:01  time: 1.2020  data_time: 1.0616  memory: 4532  grad_norm: 0.0701  loss: nan  loss_rpn_cls: 0.6574  loss_rpn_bbox: 0.0431  loss_cls: 1.7385  acc: 17.6758  loss_bbox: nan
03/27 14:39:51 - mmengine - INFO - Epoch(train)   [1][ 850/7008]  lr: 2.0000e-02  eta: 6 days, 3:35:09  time: 0.4927  data_time: 0.3864  memory: 4532  grad_norm: 0.1205  loss: nan  loss_rpn_cls: 0.7381  loss_rpn_bbox: 0.0445  loss_cls: 1.7398  acc: 10.6445  loss_bbox: nan
03/27 14:40:15 - mmengine - INFO - Epoch(train)   [1][ 900/7008]  lr: 2.0000e-02  eta: 6 days, 0:26:15  time: 0.4685  data_time: 0.3630  memory: 4532  grad_norm: 0.2107  loss: nan  loss_rpn_cls: 0.5619  loss_rpn_bbox: 0.0351  loss_cls: 1.7363  acc: 18.9453  loss_bbox: nan
03/27 14:40:40 - mmengine - INFO - Epoch(train)   [1][ 950/7008]  lr: 2.0000e-02  eta: 5 days, 22:02:42  time: 0.5101  data_time: 0.4045  memory: 4532  grad_norm: 0.0942  loss: nan  loss_rpn_cls: 0.6196  loss_rpn_bbox: 0.0371  loss_cls: 1.7395  acc: 19.5312  loss_bbox: nan
03/27 14:41:11 - mmengine - INFO - Exp name: exp12_config_20260327_142853
03/27 14:41:11 - mmengine - INFO - Epoch(train)   [1][1000/7008]  lr: 2.0000e-02  eta: 5 days, 20:50:47  time: 0.6084  data_time: 0.4862  memory: 4532  grad_norm: 0.1268  loss: nan  loss_rpn_cls: 0.7168  loss_rpn_bbox: 0.0458  loss_cls: 1.7397  acc: 24.4141  loss_bbox: nan
03/27 14:41:49 - mmengine - INFO - Epoch(train)   [1][1050/7008]  lr: 2.0000e-02  eta: 5 days, 21:16:17  time: 0.7716  data_time: 0.5990  memory: 4532  grad_norm: 0.1855  loss: nan  loss_rpn_cls: 0.6579  loss_rpn_bbox: 0.0431  loss_cls: 1.7508  acc: 34.1797  loss_bbox: nan
03/27 14:42:18 - mmengine - INFO - Epoch(train)   [1][1100/7008]  lr: 2.0000e-02  eta: 5 days, 19:52:34  time: 0.5700  data_time: 0.4387  memory: 4532  grad_norm: 0.1575  loss: nan  loss_rpn_cls: 0.6424  loss_rpn_bbox: 0.0429  loss_cls: 1.7395  acc: 17.5781  loss_bbox: nan
03/27 14:42:46 - mmengine - INFO - Epoch(train)   [1][1150/7008]  lr: 2.0000e-02  eta: 5 days, 18:33:36  time: 0.5651  data_time: 0.4429  memory: 4532  grad_norm: 0.1875  loss: nan  loss_rpn_cls: 0.8363  loss_rpn_bbox: 0.0554  loss_cls: 1.7337  acc: 39.4531  loss_bbox: nan
03/27 14:43:16 - mmengine - INFO - Epoch(train)   [1][1200/7008]  lr: 2.0000e-02  eta: 5 days, 17:35:50  time: 0.5953  data_time: 0.4381  memory: 4532  grad_norm: 0.1300  loss: nan  loss_rpn_cls: 0.6331  loss_rpn_bbox: 0.0380  loss_cls: 1.7338  acc: 17.8711  loss_bbox: nan
03/27 14:43:56 - mmengine - INFO - Epoch(train)   [1][1250/7008]  lr: 2.0000e-02  eta: 5 days, 18:21:33  time: 0.8073  data_time: 0.5669  memory: 4532  grad_norm: 0.1202  loss: nan  loss_rpn_cls: 0.7481  loss_rpn_bbox: 0.0451  loss_cls: 1.7318  acc: 21.6797  loss_bbox: nan
03/27 14:44:26 - mmengine - INFO - Epoch(train)   [1][1300/7008]  lr: 2.0000e-02  eta: 5 days, 17:33:18  time: 0.6057  data_time: 0.4581  memory: 4532  grad_norm: 0.0700  loss: nan  loss_rpn_cls: 0.6414  loss_rpn_bbox: 0.0424  loss_cls: 1.7322  acc: 21.2891  loss_bbox: nan
03/27 14:44:52 - mmengine - INFO - Epoch(train)   [1][1350/7008]  lr: 2.0000e-02  eta: 5 days, 16:08:19  time: 0.5125  data_time: 0.3921  memory: 4532  grad_norm: 0.0779  loss: nan  loss_rpn_cls: 0.5254  loss_rpn_bbox: 0.0336  loss_cls: 1.7338  acc: 31.2500  loss_bbox: nan
03/27 14:45:32 - mmengine - INFO - Epoch(train)   [1][1400/7008]  lr: 2.0000e-02  eta: 5 days, 16:47:24  time: 0.7960  data_time: 0.5732  memory: 4532  grad_norm: 0.1860  loss: nan  loss_rpn_cls: 0.6668  loss_rpn_bbox: 0.0466  loss_cls: 1.7294  acc: 31.8359  loss_bbox: nan
03/27 14:46:06 - mmengine - INFO - Epoch(train)   [1][1450/7008]  lr: 2.0000e-02  eta: 5 days, 16:38:22  time: 0.6831  data_time: 0.5090  memory: 4532  grad_norm: 0.1691  loss: nan  loss_rpn_cls: 0.5533  loss_rpn_bbox: 0.0370  loss_cls: 1.7300  acc: 38.3789  loss_bbox: nan
03/27 14:47:01 - mmengine - INFO - Epoch(train)   [1][1500/7008]  lr: 2.0000e-02  eta: 5 days, 19:12:53  time: 1.1026  data_time: 0.9937  memory: 4532  grad_norm: 0.1687  loss: nan  loss_rpn_cls: 0.6949  loss_rpn_bbox: 0.0455  loss_cls: 1.7339  acc: 20.8008  loss_bbox: nan
03/27 14:47:25 - mmengine - INFO - Epoch(train)   [1][1550/7008]  lr: 2.0000e-02  eta: 5 days, 17:39:31  time: 0.4699  data_time: 0.3635  memory: 4532  grad_norm: 0.2063  loss: nan  loss_rpn_cls: 0.7603  loss_rpn_bbox: 0.0477  loss_cls: 1.7268  acc: 24.7070  loss_bbox: nan
03/27 14:47:48 - mmengine - INFO - Epoch(train)   [1][1600/7008]  lr: 2.0000e-02  eta: 5 days, 16:12:34  time: 0.4715  data_time: 0.3643  memory: 4532  grad_norm: 0.1579  loss: nan  loss_rpn_cls: 0.7839  loss_rpn_bbox: 0.0496  loss_cls: 1.7307  acc: 22.0703  loss_bbox: nan
03/27 14:48:11 - mmengine - INFO - Epoch(train)   [1][1650/7008]  lr: 2.0000e-02  eta: 5 days, 14:46:47  time: 0.4600  data_time: 0.3546  memory: 4532  grad_norm: 0.1661  loss: nan  loss_rpn_cls: 0.6550  loss_rpn_bbox: 0.0428  loss_cls: 1.7253  acc: 44.6289  loss_bbox: nan
03/27 14:48:35 - mmengine - INFO - Epoch(train)   [1][1700/7008]  lr: 2.0000e-02  eta: 5 days, 13:34:34  time: 0.4850  data_time: 0.3791  memory: 4532  grad_norm: 0.1860  loss: nan  loss_rpn_cls: 0.7523  loss_rpn_bbox: 0.0462  loss_cls: 1.7315  acc: 22.6562  loss_bbox: nan
03/27 14:49:00 - mmengine - INFO - Epoch(train)   [1][1750/7008]  lr: 2.0000e-02  eta: 5 days, 12:26:06  time: 0.4839  data_time: 0.3795  memory: 4583  grad_norm: 0.1417  loss: nan  loss_rpn_cls: 0.6813  loss_rpn_bbox: 0.0440  loss_cls: 1.7245  acc: 20.8984  loss_bbox: nan
03/27 14:49:31 - mmengine - INFO - Epoch(train)   [1][1800/7008]  lr: 2.0000e-02  eta: 5 days, 12:08:47  time: 0.6303  data_time: 0.4651  memory: 4532  grad_norm: 0.1472  loss: nan  loss_rpn_cls: 0.6657  loss_rpn_bbox: 0.0441  loss_cls: 1.7249  acc: 22.5586  loss_bbox: nan
03/27 14:50:09 - mmengine - INFO - Epoch(train)   [1][1850/7008]  lr: 2.0000e-02  eta: 5 days, 12:33:27  time: 0.7607  data_time: 0.5587  memory: 4532  grad_norm: 0.1091  loss: nan  loss_rpn_cls: 0.6428  loss_rpn_bbox: 0.0401  loss_cls: 1.7287  acc: 31.7383  loss_bbox: nan
03/27 14:50:45 - mmengine - INFO - Epoch(train)   [1][1900/7008]  lr: 2.0000e-02  eta: 5 days, 12:43:42  time: 0.7181  data_time: 0.6005  memory: 4532  grad_norm: 0.0907  loss: nan  loss_rpn_cls: 0.6817  loss_rpn_bbox: 0.0419  loss_cls: 1.7299  acc: 24.4141  loss_bbox: nan
03/27 14:51:31 - mmengine - INFO - Epoch(train)   [1][1950/7008]  lr: 2.0000e-02  eta: 5 days, 13:53:07  time: 0.9180  data_time: 0.7497  memory: 4532  grad_norm: 0.1318  loss: nan  loss_rpn_cls: 0.7648  loss_rpn_bbox: 0.0485  loss_cls: 1.7239  acc: 30.7617  loss_bbox: nan
03/27 14:52:16 - mmengine - INFO - Exp name: exp12_config_20260327_142853
03/27 14:52:16 - mmengine - INFO - Epoch(train)   [1][2000/7008]  lr: 2.0000e-02  eta: 5 days, 14:52:48  time: 0.8966  data_time: 0.7384  memory: 4532  grad_norm: 0.1304  loss: nan  loss_rpn_cls: 0.7620  loss_rpn_bbox: 0.0470  loss_cls: 1.7287  acc: 26.8555  loss_bbox: nan
03/27 14:52:59 - mmengine - INFO - Epoch(train)   [1][2050/7008]  lr: 2.0000e-02  eta: 5 days, 15:37:43  time: 0.8550  data_time: 0.7471  memory: 4532  grad_norm: 0.0722  loss: nan  loss_rpn_cls: 0.6544  loss_rpn_bbox: 0.0445  loss_cls: 1.7286  acc: 21.5820  loss_bbox: nan
03/27 14:54:03 - mmengine - INFO - Epoch(train)   [1][2100/7008]  lr: 2.0000e-02  eta: 5 days, 18:20:58  time: 1.2897  data_time: 1.1855  memory: 4532  grad_norm: 0.0800  loss: nan  loss_rpn_cls: 0.5865  loss_rpn_bbox: 0.0368  loss_cls: 1.7273  acc: 25.8789  loss_bbox: nan
03/27 14:54:35 - mmengine - INFO - Epoch(train)   [1][2150/7008]  lr: 2.0000e-02  eta: 5 days, 17:59:26  time: 0.6355  data_time: 0.5316  memory: 4532  grad_norm: 0.1169  loss: nan  loss_rpn_cls: 0.8607  loss_rpn_bbox: 0.0567  loss_cls: 1.7252  acc: 22.9492  loss_bbox: nan
03/27 14:55:37 - mmengine - INFO - Epoch(train)   [1][2200/7008]  lr: 2.0000e-02  eta: 5 days, 20:18:25  time: 1.2385  data_time: 1.1060  memory: 4532  grad_norm: 0.1897  loss: nan  loss_rpn_cls: 0.7826  loss_rpn_bbox: 0.0534  loss_cls: 1.7287  acc: 28.1250  loss_bbox: nan
03/27 14:56:16 - mmengine - INFO - Epoch(train)   [1][2250/7008]  lr: 2.0000e-02  eta: 5 days, 20:35:37  time: 0.7918  data_time: 0.5941  memory: 4532  grad_norm: 0.1679  loss: nan  loss_rpn_cls: 0.8183  loss_rpn_bbox: 0.0498  loss_cls: 1.7327  acc: 31.3477  loss_bbox: nan
03/27 14:57:18 - mmengine - INFO - Epoch(train)   [1][2300/7008]  lr: 2.0000e-02  eta: 5 days, 22:41:54  time: 1.2260  data_time: 1.0845  memory: 4532  grad_norm: 0.1335  loss: nan  loss_rpn_cls: 0.7056  loss_rpn_bbox: 0.0446  loss_cls: 1.7308  acc: 25.7812  loss_bbox: nan
03/27 14:57:57 - mmengine - INFO - Epoch(train)   [1][2350/7008]  lr: 2.0000e-02  eta: 5 days, 22:55:54  time: 0.7944  data_time: 0.5681  memory: 4532  grad_norm: 0.1950  loss: nan  loss_rpn_cls: 0.8579  loss_rpn_bbox: 0.0548  loss_cls: 1.7343  acc: 20.1172  loss_bbox: nan
03/27 14:58:26 - mmengine - INFO - Epoch(train)   [1][2400/7008]  lr: 2.0000e-02  eta: 5 days, 22:17:45  time: 0.5819  data_time: 0.4373  memory: 4532  grad_norm: 0.1661  loss: nan  loss_rpn_cls: 0.7193  loss_rpn_bbox: 0.0475  loss_cls: 1.7268  acc: 25.0977  loss_bbox: nan
03/27 14:58:52 - mmengine - INFO - Epoch(train)   [1][2450/7008]  lr: 2.0000e-02  eta: 5 days, 21:22:27  time: 0.5033  data_time: 0.3886  memory: 4532  grad_norm: 0.1371  loss: nan  loss_rpn_cls: 0.7294  loss_rpn_bbox: 0.0444  loss_cls: 1.7277  acc: 28.4180  loss_bbox: nan
03/27 14:59:15 - mmengine - INFO - Epoch(train)   [1][2500/7008]  lr: 2.0000e-02  eta: 5 days, 20:22:54  time: 0.4756  data_time: 0.3682  memory: 4532  grad_norm: 0.1676  loss: nan  loss_rpn_cls: 0.7653  loss_rpn_bbox: 0.0469  loss_cls: 1.7256  acc: 34.3750  loss_bbox: nan
03/27 15:00:09 - mmengine - INFO - Epoch(train)   [1][2550/7008]  lr: 2.0000e-02  eta: 5 days, 21:43:22  time: 1.0790  data_time: 0.9764  memory: 4532  grad_norm: 0.0852  loss: nan  loss_rpn_cls: 0.7058  loss_rpn_bbox: 0.0432  loss_cls: 1.7259  acc: 34.6680  loss_bbox: nan
03/27 15:00:43 - mmengine - INFO - Epoch(train)   [1][2600/7008]  lr: 2.0000e-02  eta: 5 days, 21:28:31  time: 0.6671  data_time: 0.4875  memory: 4532  grad_norm: 0.1246  loss: nan  loss_rpn_cls: 0.8183  loss_rpn_bbox: 0.0522  loss_cls: 1.7249  acc: 31.4453  loss_bbox: nan
03/27 15:01:24 - mmengine - INFO - Epoch(train)   [1][2650/7008]  lr: 2.0000e-02  eta: 5 days, 21:47:31  time: 0.8188  data_time: 0.5703  memory: 4532  grad_norm: 0.0963  loss: nan  loss_rpn_cls: 0.7140  loss_rpn_bbox: 0.0452  loss_cls: 1.7285  acc: 31.6406  loss_bbox: nan
03/27 15:02:23 - mmengine - INFO - Epoch(train)   [1][2700/7008]  lr: 2.0000e-02  eta: 5 days, 23:25:37  time: 1.1892  data_time: 1.0531  memory: 4532  grad_norm: 0.0898  loss: nan  loss_rpn_cls: 0.7117  loss_rpn_bbox: 0.0420  loss_cls: 1.7243  acc: 28.9062  loss_bbox: nan
03/27 15:03:05 - mmengine - INFO - Epoch(train)   [1][2750/7008]  lr: 2.0000e-02  eta: 5 days, 23:45:37  time: 0.8371  data_time: 0.5893  memory: 4532  grad_norm: 0.0807  loss: nan  loss_rpn_cls: 0.7737  loss_rpn_bbox: 0.0497  loss_cls: 1.7237  acc: 16.8945  loss_bbox: nan
03/27 15:03:34 - mmengine - INFO - Epoch(train)   [1][2800/7008]  lr: 2.0000e-02  eta: 5 days, 23:10:18  time: 0.5743  data_time: 0.4318  memory: 4532  grad_norm: 0.1485  loss: nan  loss_rpn_cls: 0.8353  loss_rpn_bbox: 0.0502  loss_cls: 1.7250  acc: 23.0469  loss_bbox: nan
03/27 15:03:59 - mmengine - INFO - Epoch(train)   [1][2850/7008]  lr: 2.0000e-02  eta: 5 days, 22:23:25  time: 0.5118  data_time: 0.3897  memory: 4532  grad_norm: 0.1207  loss: nan  loss_rpn_cls: 0.5868  loss_rpn_bbox: 0.0372  loss_cls: 1.7288  acc: 27.5391  loss_bbox: nan
03/27 15:04:24 - mmengine - INFO - Epoch(train)   [1][2900/7008]  lr: 2.0000e-02  eta: 5 days, 21:34:09  time: 0.4918  data_time: 0.3826  memory: 4532  grad_norm: 0.1843  loss: nan  loss_rpn_cls: 0.5936  loss_rpn_bbox: 0.0398  loss_cls: 1.7273  acc: 21.3867  loss_bbox: nan
03/27 15:04:49 - mmengine - INFO - Epoch(train)   [1][2950/7008]  lr: 2.0000e-02  eta: 5 days, 20:47:04  time: 0.4945  data_time: 0.3853  memory: 4532  grad_norm: 0.0749  loss: nan  loss_rpn_cls: 0.7578  loss_rpn_bbox: 0.0481  loss_cls: 1.7220  acc: 34.7656  loss_bbox: nan
03/27 15:05:13 - mmengine - INFO - Exp name: exp12_config_20260327_142853
03/27 15:05:13 - mmengine - INFO - Epoch(train)   [1][3000/7008]  lr: 2.0000e-02  eta: 5 days, 19:59:59  time: 0.4865  data_time: 0.3802  memory: 4532  grad_norm: 0.0917  loss: nan  loss_rpn_cls: 0.8180  loss_rpn_bbox: 0.0522  loss_cls: 1.7267  acc: 21.8750  loss_bbox: nan
03/27 15:05:35 - mmengine - INFO - Epoch(train)   [1][3050/7008]  lr: 2.0000e-02  eta: 5 days, 19:06:41  time: 0.4458  data_time: 0.3404  memory: 4532  grad_norm: 0.0894  loss: nan  loss_rpn_cls: 0.5746  loss_rpn_bbox: 0.0366  loss_cls: 1.7292  acc: 18.2617  loss_bbox: nan
03/27 15:05:58 - mmengine - INFO - Epoch(train)   [1][3100/7008]  lr: 2.0000e-02  eta: 5 days, 18:17:17  time: 0.4576  data_time: 0.3487  memory: 4532  grad_norm: 0.1034  loss: nan  loss_rpn_cls: 0.6127  loss_rpn_bbox: 0.0430  loss_cls: 1.7236  acc: 26.5625  loss_bbox: nan
03/27 15:06:21 - mmengine - INFO - Epoch(train)   [1][3150/7008]  lr: 2.0000e-02  eta: 5 days, 17:29:48  time: 0.4595  data_time: 0.3518  memory: 4539  grad_norm: 0.0934  loss: nan  loss_rpn_cls: 0.6984  loss_rpn_bbox: 0.0465  loss_cls: 1.7183  acc: 34.6680  loss_bbox: nan
03/27 15:06:54 - mmengine - INFO - Epoch(train)   [1][3200/7008]  lr: 2.0000e-02  eta: 5 days, 17:19:06  time: 0.6538  data_time: 0.4789  memory: 4532  grad_norm: 0.1040  loss: nan  loss_rpn_cls: 0.6404  loss_rpn_bbox: 0.0396  loss_cls: 1.7169  acc: 32.1289  loss_bbox: nan
03/27 15:07:30 - mmengine - INFO - Epoch(train)   [1][3250/7008]  lr: 2.0000e-02  eta: 5 days, 17:22:13  time: 0.7294  data_time: 0.5141  memory: 4532  grad_norm: 0.1561  loss: nan  loss_rpn_cls: 0.6114  loss_rpn_bbox: 0.0365  loss_cls: 1.7222  acc: 35.8398  loss_bbox: nan
03/27 15:07:57 - mmengine - INFO - Epoch(train)   [1][3300/7008]  lr: 2.0000e-02  eta: 5 days, 16:50:24  time: 0.5317  data_time: 0.4167  memory: 4532  grad_norm: 0.1468  loss: nan  loss_rpn_cls: 0.5876  loss_rpn_bbox: 0.0392  loss_cls: 1.7381  acc: 35.3516  loss_bbox: nan
03/27 15:08:21 - mmengine - INFO - Epoch(train)   [1][3350/7008]  lr: 2.0000e-02  eta: 5 days, 16:12:40  time: 0.4922  data_time: 0.3804  memory: 4532  grad_norm: 0.1826  loss: nan  loss_rpn_cls: 0.7466  loss_rpn_bbox: 0.0453  loss_cls: 1.7371  acc: 25.3906  loss_bbox: nan
03/27 15:08:58 - mmengine - INFO - Epoch(train)   [1][3400/7008]  lr: 2.0000e-02  eta: 5 days, 16:15:33  time: 0.7234  data_time: 0.5232  memory: 4532  grad_norm: 0.1478  loss: nan  loss_rpn_cls: 0.7166  loss_rpn_bbox: 0.0467  loss_cls: 1.7267  acc: 39.8438  loss_bbox: nan
03/27 15:09:30 - mmengine - INFO - Epoch(train)   [1][3450/7008]  lr: 2.0000e-02  eta: 5 days, 16:05:30  time: 0.6471  data_time: 0.4586  memory: 4532  grad_norm: 0.1762  loss: nan  loss_rpn_cls: 0.6319  loss_rpn_bbox: 0.0385  loss_cls: 1.7282  acc: 26.4648  loss_bbox: nan
03/27 15:09:57 - mmengine - INFO - Epoch(train)   [1][3500/7008]  lr: 2.0000e-02  eta: 5 days, 15:36:45  time: 0.5330  data_time: 0.4145  memory: 4532  grad_norm: 0.1533  loss: nan  loss_rpn_cls: 0.7903  loss_rpn_bbox: 0.0512  loss_cls: 1.7320  acc: 20.8008  loss_bbox: nan
03/27 15:10:21 - mmengine - INFO - Epoch(train)   [1][3550/7008]  lr: 2.0000e-02  eta: 5 days, 15:00:44  time: 0.4837  data_time: 0.3736  memory: 4532  grad_norm: 0.1713  loss: nan  loss_rpn_cls: 0.7168  loss_rpn_bbox: 0.0484  loss_cls: 1.7302  acc: 29.5898  loss_bbox: nan
03/27 15:10:45 - mmengine - INFO - Epoch(train)   [1][3600/7008]  lr: 2.0000e-02  eta: 5 days, 14:26:09  time: 0.4864  data_time: 0.3789  memory: 4532  grad_norm: 0.0892  loss: nan  loss_rpn_cls: 0.7272  loss_rpn_bbox: 0.0455  loss_cls: 1.7299  acc: 45.4102  loss_bbox: nan
03/27 15:11:09 - mmengine - INFO - Epoch(train)   [1][3650/7008]  lr: 2.0000e-02  eta: 5 days, 13:50:11  time: 0.4719  data_time: 0.3675  memory: 4532  grad_norm: 0.0760  loss: nan  loss_rpn_cls: 0.5807  loss_rpn_bbox: 0.0377  loss_cls: 1.7215  acc: 33.9844  loss_bbox: nan
03/27 15:11:35 - mmengine - INFO - Epoch(train)   [1][3700/7008]  lr: 2.0000e-02  eta: 5 days, 13:24:52  time: 0.5335  data_time: 0.4187  memory: 4532  grad_norm: 0.0875  loss: nan  loss_rpn_cls: 0.6354  loss_rpn_bbox: 0.0395  loss_cls: 1.7265  acc: 38.3789  loss_bbox: nan
03/27 15:12:12 - mmengine - INFO - Epoch(train)   [1][3750/7008]  lr: 2.0000e-02  eta: 5 days, 13:31:21  time: 0.7345  data_time: 0.5295  memory: 4532  grad_norm: 0.0789  loss: nan  loss_rpn_cls: 0.6987  loss_rpn_bbox: 0.0457  loss_cls: 1.7195  acc: 26.7578  loss_bbox: nan
03/27 15:12:45 - mmengine - INFO - Epoch(train)   [1][3800/7008]  lr: 2.0000e-02  eta: 5 days, 13:24:22  time: 0.6477  data_time: 0.4814  memory: 4532  grad_norm: 0.1987  loss: nan  loss_rpn_cls: 0.6242  loss_rpn_bbox: 0.0402  loss_cls: 1.7286  acc: 23.9258  loss_bbox: nan
03/27 15:13:09 - mmengine - INFO - Epoch(train)   [1][3850/7008]  lr: 2.0000e-02  eta: 5 days, 12:54:44  time: 0.4964  data_time: 0.3831  memory: 4532  grad_norm: 0.1781  loss: nan  loss_rpn_cls: 0.7549  loss_rpn_bbox: 0.0477  loss_cls: 1.7366  acc: 18.4570  loss_bbox: nan
03/27 15:13:40 - mmengine - INFO - Epoch(train)   [1][3900/7008]  lr: 2.0000e-02  eta: 5 days, 12:44:15  time: 0.6200  data_time: 0.4563  memory: 4532  grad_norm: 0.1723  loss: nan  loss_rpn_cls: 0.6372  loss_rpn_bbox: 0.0413  loss_cls: 1.7264  acc: 32.7148  loss_bbox: nan
03/27 15:14:41 - mmengine - INFO - Epoch(train)   [1][3950/7008]  lr: 2.0000e-02  eta: 5 days, 14:00:32  time: 1.2084  data_time: 1.0757  memory: 4532  grad_norm: 0.1948  loss: nan  loss_rpn_cls: 0.7153  loss_rpn_bbox: 0.0486  loss_cls: 1.7378  acc: 29.9805  loss_bbox: nan
03/27 15:15:05 - mmengine - INFO - Exp name: exp12_config_20260327_142853
03/27 15:15:05 - mmengine - INFO - Epoch(train)   [1][4000/7008]  lr: 2.0000e-02  eta: 5 days, 13:29:32  time: 0.4828  data_time: 0.3685  memory: 4532  grad_norm: 0.1436  loss: nan  loss_rpn_cls: 0.7402  loss_rpn_bbox: 0.0460  loss_cls: 1.7268  acc: 35.7422  loss_bbox: nan
03/27 15:15:29 - mmengine - INFO - Epoch(train)   [1][4050/7008]  lr: 2.0000e-02  eta: 5 days, 12:57:49  time: 0.4724  data_time: 0.3659  memory: 4532  grad_norm: 0.1714  loss: nan  loss_rpn_cls: 0.7776  loss_rpn_bbox: 0.0510  loss_cls: 1.7252  acc: 41.9922  loss_bbox: nan
03/27 15:15:52 - mmengine - INFO - Epoch(train)   [1][4100/7008]  lr: 2.0000e-02  eta: 5 days, 12:27:15  time: 0.4752  data_time: 0.3673  memory: 4532  grad_norm: 0.1349  loss: nan  loss_rpn_cls: 0.6120  loss_rpn_bbox: 0.0381  loss_cls: 1.7370  acc: 28.6133  loss_bbox: nan
03/27 15:16:17 - mmengine - INFO - Epoch(train)   [1][4150/7008]  lr: 2.0000e-02  eta: 5 days, 11:58:51  time: 0.4855  data_time: 0.3811  memory: 4554  grad_norm: 0.1663  loss: nan  loss_rpn_cls: 0.6783  loss_rpn_bbox: 0.0436  loss_cls: 1.7311  acc: 32.6172  loss_bbox: nan
03/27 15:16:40 - mmengine - INFO - Epoch(train)   [1][4200/7008]  lr: 2.0000e-02  eta: 5 days, 11:29:30  time: 0.4737  data_time: 0.3684  memory: 4532  grad_norm: 0.1674  loss: nan  loss_rpn_cls: 0.6230  loss_rpn_bbox: 0.0402  loss_cls: 1.7276  acc: 25.5859  loss_bbox: nan
03/27 15:17:03 - mmengine - INFO - Epoch(train)   [1][4250/7008]  lr: 2.0000e-02  eta: 5 days, 10:57:46  time: 0.4513  data_time: 0.3419  memory: 4532  grad_norm: 0.1930  loss: nan  loss_rpn_cls: 0.7248  loss_rpn_bbox: 0.0462  loss_cls: 1.7380  acc: 21.6797  loss_bbox: nan
03/27 15:17:26 - mmengine - INFO - Epoch(train)   [1][4300/7008]  lr: 2.0000e-02  eta: 5 days, 10:28:26  time: 0.4638  data_time: 0.3580  memory: 4532  grad_norm: 0.1267  loss: nan  loss_rpn_cls: 0.5859  loss_rpn_bbox: 0.0404  loss_cls: 1.7426  acc: 18.2617  loss_bbox: nan
03/27 15:18:00 - mmengine - INFO - Epoch(train)   [1][4350/7008]  lr: 2.0000e-02  eta: 5 days, 10:27:20  time: 0.6703  data_time: 0.4891  memory: 4532  grad_norm: 0.1839  loss: nan  loss_rpn_cls: 0.8557  loss_rpn_bbox: 0.0522  loss_cls: 1.7384  acc: 20.5078  loss_bbox: nan
03/27 15:18:36 - mmengine - INFO - Epoch(train)   [1][4400/7008]  lr: 2.0000e-02  eta: 5 days, 10:32:45  time: 0.7197  data_time: 0.5049  memory: 4532  grad_norm: 0.1655  loss: nan  loss_rpn_cls: 0.6589  loss_rpn_bbox: 0.0434  loss_cls: 1.7295  acc: 16.9922  loss_bbox: nan
03/27 15:19:01 - mmengine - INFO - Epoch(train)   [1][4450/7008]  lr: 2.0000e-02  eta: 5 days, 10:11:33  time: 0.5166  data_time: 0.4087  memory: 4532  grad_norm: 0.1415  loss: nan  loss_rpn_cls: 0.5566  loss_rpn_bbox: 0.0361  loss_cls: 1.7297  acc: 14.3555  loss_bbox: nan
03/27 15:19:25 - mmengine - INFO - Epoch(train)   [1][4500/7008]  lr: 2.0000e-02  eta: 5 days, 9:44:43  time: 0.4693  data_time: 0.3650  memory: 4532  grad_norm: 0.1798  loss: nan  loss_rpn_cls: 0.5961  loss_rpn_bbox: 0.0390  loss_cls: 1.7282  acc: 23.9258  loss_bbox: nan
03/27 15:20:02 - mmengine - INFO - Epoch(train)   [1][4550/7008]  lr: 2.0000e-02  eta: 5 days, 9:52:55  time: 0.7395  data_time: 0.5281  memory: 4532  grad_norm: 0.1703  loss: nan  loss_rpn_cls: 0.7978  loss_rpn_bbox: 0.0474  loss_cls: 1.7354  acc: 27.9297  loss_bbox: nan
03/27 15:20:36 - mmengine - INFO - Epoch(train)   [1][4600/7008]  lr: 2.0000e-02  eta: 5 days, 9:54:24  time: 0.6877  data_time: 0.4906  memory: 4532  grad_norm: 0.1325  loss: nan  loss_rpn_cls: 0.5841  loss_rpn_bbox: 0.0360  loss_cls: 1.7313  acc: 22.4609  loss_bbox: nan
03/27 15:21:03 - mmengine - INFO - Epoch(train)   [1][4650/7008]  lr: 2.0000e-02  eta: 5 days, 9:36:54  time: 0.5359  data_time: 0.4184  memory: 4532  grad_norm: 0.1913  loss: nan  loss_rpn_cls: 0.7145  loss_rpn_bbox: 0.0470  loss_cls: 1.7232  acc: 36.1328  loss_bbox: nan
03/27 15:21:27 - mmengine - INFO - Epoch(train)   [1][4700/7008]  lr: 2.0000e-02  eta: 5 days, 9:11:52  time: 0.4720  data_time: 0.3597  memory: 4532  grad_norm: 0.1704  loss: nan  loss_rpn_cls: 0.6646  loss_rpn_bbox: 0.0427  loss_cls: 1.7216  acc: 25.1953  loss_bbox: nan
03/27 15:21:51 - mmengine - INFO - Epoch(train)   [1][4750/7008]  lr: 2.0000e-02  eta: 5 days, 8:48:36  time: 0.4822  data_time: 0.3736  memory: 4532  grad_norm: 0.1352  loss: nan  loss_rpn_cls: 0.7169  loss_rpn_bbox: 0.0471  loss_cls: 1.7263  acc: 21.7773  loss_bbox: nan
03/27 15:22:45 - mmengine - INFO - Epoch(train)   [1][4800/7008]  lr: 2.0000e-02  eta: 5 days, 9:38:16  time: 1.0818  data_time: 0.9774  memory: 4532  grad_norm: 0.1443  loss: nan  loss_rpn_cls: 0.5625  loss_rpn_bbox: 0.0366  loss_cls: 1.7405  acc: 33.2031  loss_bbox: nan
03/27 15:23:09 - mmengine - INFO - Epoch(train)   [1][4850/7008]  lr: 2.0000e-02  eta: 5 days, 9:15:45  time: 0.4869  data_time: 0.3821  memory: 4532  grad_norm: 0.1239  loss: nan  loss_rpn_cls: 0.5767  loss_rpn_bbox: 0.0376  loss_cls: 1.7279  acc: 29.4922  loss_bbox: nan
03/27 15:23:33 - mmengine - INFO - Epoch(train)   [1][4900/7008]  lr: 2.0000e-02  eta: 5 days, 8:53:21  time: 0.4840  data_time: 0.3785  memory: 4532  grad_norm: 0.1518  loss: nan  loss_rpn_cls: 0.6674  loss_rpn_bbox: 0.0426  loss_cls: 1.7243  acc: 32.5195  loss_bbox: nan
03/27 15:24:03 - mmengine - INFO - Epoch(train)   [1][4950/7008]  lr: 2.0000e-02  eta: 5 days, 8:44:51  time: 0.5990  data_time: 0.4559  memory: 4532  grad_norm: 0.1941  loss: nan  loss_rpn_cls: 0.6441  loss_rpn_bbox: 0.0429  loss_cls: 1.7304  acc: 20.1172  loss_bbox: nan
03/27 15:24:41 - mmengine - INFO - Exp name: exp12_config_20260327_142853
03/27 15:24:41 - mmengine - INFO - Epoch(train)   [1][5000/7008]  lr: 2.0000e-02  eta: 5 days, 8:55:24  time: 0.7619  data_time: 0.5439  memory: 4532  grad_norm: 0.1528  loss: nan  loss_rpn_cls: 0.8121  loss_rpn_bbox: 0.0522  loss_cls: 1.7261  acc: 32.4219  loss_bbox: nan
03/27 15:25:10 - mmengine - INFO - Epoch(train)   [1][5050/7008]  lr: 2.0000e-02  eta: 5 days, 8:43:06  time: 0.5646  data_time: 0.4304  memory: 4532  grad_norm: 0.1598  loss: nan  loss_rpn_cls: 0.7691  loss_rpn_bbox: 0.0489  loss_cls: 1.7252  acc: 16.4062  loss_bbox: nan
03/27 15:25:36 - mmengine - INFO - Epoch(train)   [1][5100/7008]  lr: 2.0000e-02  eta: 5 days, 8:27:47  time: 0.5362  data_time: 0.4219  memory: 4532  grad_norm: 0.2115  loss: nan  loss_rpn_cls: 0.6548  loss_rpn_bbox: 0.0397  loss_cls: 1.7360  acc: 13.9648  loss_bbox: nan
03/27 15:26:01 - mmengine - INFO - Epoch(train)   [1][5150/7008]  lr: 2.0000e-02  eta: 5 days, 8:08:34  time: 0.4990  data_time: 0.3766  memory: 4532  grad_norm: 0.1458  loss: nan  loss_rpn_cls: 0.7636  loss_rpn_bbox: 0.0499  loss_cls: 1.7167  acc: 30.8594  loss_bbox: nan
03/27 15:26:38 - mmengine - INFO - Epoch(train)   [1][5200/7008]  lr: 2.0000e-02  eta: 5 days, 8:16:44  time: 0.7415  data_time: 0.5230  memory: 4532  grad_norm: 0.1515  loss: nan  loss_rpn_cls: 0.7087  loss_rpn_bbox: 0.0454  loss_cls: 1.7365  acc: 34.9609  loss_bbox: nan
03/27 15:27:11 - mmengine - INFO - Epoch(train)   [1][5250/7008]  lr: 2.0000e-02  eta: 5 days, 8:14:57  time: 0.6527  data_time: 0.4797  memory: 4532  grad_norm: 0.1339  loss: nan  loss_rpn_cls: 0.6176  loss_rpn_bbox: 0.0441  loss_cls: 1.7373  acc: 22.6562  loss_bbox: nan
03/27 15:27:36 - mmengine - INFO - Epoch(train)   [1][5300/7008]  lr: 2.0000e-02  eta: 5 days, 7:57:10  time: 0.5062  data_time: 0.3934  memory: 4532  grad_norm: 0.1363  loss: nan  loss_rpn_cls: 0.7051  loss_rpn_bbox: 0.0445  loss_cls: 1.7251  acc: 34.7656  loss_bbox: nan
03/27 15:27:59 - mmengine - INFO - Epoch(train)   [1][5350/7008]  lr: 2.0000e-02  eta: 5 days, 7:33:13  time: 0.4463  data_time: 0.3381  memory: 4532  grad_norm: 0.1168  loss: nan  loss_rpn_cls: 0.6319  loss_rpn_bbox: 0.0425  loss_cls: 1.7305  acc: 28.7109  loss_bbox: nan
03/27 15:28:53 - mmengine - INFO - Epoch(train)   [1][5400/7008]  lr: 2.0000e-02  eta: 5 days, 8:18:26  time: 1.0868  data_time: 0.9806  memory: 4532  grad_norm: 0.1638  loss: nan  loss_rpn_cls: 0.5986  loss_rpn_bbox: 0.0385  loss_cls: 1.7376  acc: 31.6406  loss_bbox: nan
03/27 15:29:15 - mmengine - INFO - Epoch(train)   [1][5450/7008]  lr: 2.0000e-02  eta: 5 days, 7:54:35  time: 0.4452  data_time: 0.3401  memory: 4532  grad_norm: 0.1234  loss: nan  loss_rpn_cls: 0.7841  loss_rpn_bbox: 0.0531  loss_cls: 1.7258  acc: 36.8164  loss_bbox: nan
03/27 15:29:38 - mmengine - INFO - Epoch(train)   [1][5500/7008]  lr: 2.0000e-02  eta: 5 days, 7:32:41  time: 0.4596  data_time: 0.3545  memory: 4532  grad_norm: 0.1403  loss: nan  loss_rpn_cls: 0.8417  loss_rpn_bbox: 0.0543  loss_cls: 1.7216  acc: 19.1406  loss_bbox: nan
03/27 15:30:02 - mmengine - INFO - Epoch(train)   [1][5550/7008]  lr: 2.0000e-02  eta: 5 days, 7:13:17  time: 0.4798  data_time: 0.3730  memory: 4532  grad_norm: 0.0990  loss: nan  loss_rpn_cls: 0.7125  loss_rpn_bbox: 0.0489  loss_cls: 1.7316  acc: 11.9141  loss_bbox: nan
03/27 15:30:32 - mmengine - INFO - Epoch(train)   [1][5600/7008]  lr: 2.0000e-02  eta: 5 days, 7:06:32  time: 0.5987  data_time: 0.4710  memory: 4532  grad_norm: 0.1055  loss: nan  loss_rpn_cls: 0.7160  loss_rpn_bbox: 0.0468  loss_cls: 1.7237  acc: 31.8359  loss_bbox: nan
03/27 15:31:11 - mmengine - INFO - Epoch(train)   [1][5650/7008]  lr: 2.0000e-02  eta: 5 days, 7:18:26  time: 0.7797  data_time: 0.5464  memory: 4532  grad_norm: 0.1061  loss: nan  loss_rpn_cls: 0.6945  loss_rpn_bbox: 0.0444  loss_cls: 1.7196  acc: 22.4609  loss_bbox: nan
03/27 15:31:43 - mmengine - INFO - Epoch(train)   [1][5700/7008]  lr: 2.0000e-02  eta: 5 days, 7:14:37  time: 0.6271  data_time: 0.4771  memory: 4532  grad_norm: 0.1802  loss: nan  loss_rpn_cls: 0.7634  loss_rpn_bbox: 0.0497  loss_cls: 1.7189  acc: 21.0938  loss_bbox: nan
03/27 15:32:08 - mmengine - INFO - Epoch(train)   [1][5750/7008]  lr: 2.0000e-02  eta: 5 days, 6:58:30  time: 0.5045  data_time: 0.3999  memory: 4532  grad_norm: 0.0980  loss: nan  loss_rpn_cls: 0.7251  loss_rpn_bbox: 0.0438  loss_cls: 1.7223  acc: 29.1016  loss_bbox: nan
03/27 15:32:41 - mmengine - INFO - Epoch(train)   [1][5800/7008]  lr: 2.0000e-02  eta: 5 days, 6:58:25  time: 0.6623  data_time: 0.4974  memory: 4532  grad_norm: 0.1092  loss: nan  loss_rpn_cls: 0.7970  loss_rpn_bbox: 0.0491  loss_cls: 1.7242  acc: 16.2109  loss_bbox: nan
03/27 15:33:18 - mmengine - INFO - Epoch(train)   [1][5850/7008]  lr: 2.0000e-02  eta: 5 days, 7:06:53  time: 0.7487  data_time: 0.5291  memory: 4532  grad_norm: 0.1320  loss: nan  loss_rpn_cls: 0.6887  loss_rpn_bbox: 0.0451  loss_cls: 1.7320  acc: 21.8750  loss_bbox: nan
03/27 15:33:44 - mmengine - INFO - Epoch(train)   [1][5900/7008]  lr: 2.0000e-02  eta: 5 days, 6:52:01  time: 0.5127  data_time: 0.3988  memory: 4532  grad_norm: 0.1165  loss: nan  loss_rpn_cls: 0.6445  loss_rpn_bbox: 0.0409  loss_cls: 1.7312  acc: 29.1016  loss_bbox: nan
03/27 15:34:07 - mmengine - INFO - Epoch(train)   [1][5950/7008]  lr: 2.0000e-02  eta: 5 days, 6:32:00  time: 0.4572  data_time: 0.3477  memory: 4532  grad_norm: 0.1283  loss: nan  loss_rpn_cls: 0.7889  loss_rpn_bbox: 0.0503  loss_cls: 1.7226  acc: 31.4453  loss_bbox: nan
03/27 15:34:29 - mmengine - INFO - Exp name: exp12_config_20260327_142853
03/27 15:34:29 - mmengine - INFO - Epoch(train)   [1][6000/7008]  lr: 2.0000e-02  eta: 5 days, 6:10:30  time: 0.4384  data_time: 0.3320  memory: 4532  grad_norm: 0.1430  loss: nan  loss_rpn_cls: 0.5263  loss_rpn_bbox: 0.0356  loss_cls: 1.7285  acc: 8.6914  loss_bbox: nan
03/27 15:34:52 - mmengine - INFO - Epoch(train)   [1][6050/7008]  lr: 2.0000e-02  eta: 5 days, 5:51:22  time: 0.4595  data_time: 0.3537  memory: 4532  grad_norm: 0.1992  loss: nan  loss_rpn_cls: 0.9368  loss_rpn_bbox: 0.0610  loss_cls: 1.7245  acc: 22.2656  loss_bbox: nan
03/27 15:35:46 - mmengine - INFO - Epoch(train)   [1][6100/7008]  lr: 2.0000e-02  eta: 5 days, 6:31:56  time: 1.0853  data_time: 0.9817  memory: 4532  grad_norm: 0.1211  loss: nan  loss_rpn_cls: 0.7471  loss_rpn_bbox: 0.0508  loss_cls: 1.7272  acc: 38.9648  loss_bbox: nan
03/27 15:36:10 - mmengine - INFO - Epoch(train)   [1][6150/7008]  lr: 2.0000e-02  eta: 5 days, 6:15:26  time: 0.4862  data_time: 0.3797  memory: 4532  grad_norm: 0.2046  loss: nan  loss_rpn_cls: 0.6147  loss_rpn_bbox: 0.0380  loss_cls: 1.7292  acc: 22.7539  loss_bbox: nan
03/27 15:36:37 - mmengine - INFO - Epoch(train)   [1][6200/7008]  lr: 2.0000e-02  eta: 5 days, 6:04:04  time: 0.5385  data_time: 0.4298  memory: 4532  grad_norm: 0.1867  loss: nan  loss_rpn_cls: 0.8478  loss_rpn_bbox: 0.0537  loss_cls: 1.7331  acc: 21.3867  loss_bbox: nan
03/27 15:37:16 - mmengine - INFO - Epoch(train)   [1][6250/7008]  lr: 2.0000e-02  eta: 5 days, 6:14:11  time: 0.7684  data_time: 0.5667  memory: 4532  grad_norm: 0.1719  loss: nan  loss_rpn_cls: 0.5639  loss_rpn_bbox: 0.0354  loss_cls: 1.7351  acc: 32.1289  loss_bbox: nan
03/27 15:37:48 - mmengine - INFO - Epoch(train)   [1][6300/7008]  lr: 2.0000e-02  eta: 5 days, 6:13:00  time: 0.6475  data_time: 0.4928  memory: 4532  grad_norm: 0.1506  loss: nan  loss_rpn_cls: 0.7181  loss_rpn_bbox: 0.0490  loss_cls: 1.7272  acc: 27.4414  loss_bbox: nan
03/27 15:38:16 - mmengine - INFO - Epoch(train)   [1][6350/7008]  lr: 2.0000e-02  eta: 5 days, 6:03:30  time: 0.5560  data_time: 0.4450  memory: 4532  grad_norm: 0.1179  loss: nan  loss_rpn_cls: 0.6619  loss_rpn_bbox: 0.0399  loss_cls: 1.7300  acc: 23.4375  loss_bbox: nan
03/27 15:38:48 - mmengine - INFO - Epoch(train)   [1][6400/7008]  lr: 2.0000e-02  eta: 5 days, 6:02:22  time: 0.6468  data_time: 0.4754  memory: 4532  grad_norm: 0.1552  loss: nan  loss_rpn_cls: 0.7335  loss_rpn_bbox: 0.0487  loss_cls: 1.7316  acc: 44.7266  loss_bbox: nan
03/27 15:39:25 - mmengine - INFO - Epoch(train)   [1][6450/7008]  lr: 2.0000e-02  eta: 5 days, 6:08:31  time: 0.7281  data_time: 0.5359  memory: 4532  grad_norm: 0.1875  loss: nan  loss_rpn_cls: 0.7166  loss_rpn_bbox: 0.0480  loss_cls: 1.7325  acc: 27.2461  loss_bbox: nan
03/27 15:39:53 - mmengine - INFO - Epoch(train)   [1][6500/7008]  lr: 2.0000e-02  eta: 5 days, 6:00:54  time: 0.5747  data_time: 0.4607  memory: 4532  grad_norm: 0.1726  loss: nan  loss_rpn_cls: 0.7316  loss_rpn_bbox: 0.0512  loss_cls: 1.7278  acc: 17.3828  loss_bbox: nan
03/27 15:40:19 - mmengine - INFO - Epoch(train)   [1][6550/7008]  lr: 2.0000e-02  eta: 5 days, 5:47:07  time: 0.5034  data_time: 0.3967  memory: 4532  grad_norm: 0.1444  loss: nan  loss_rpn_cls: 0.7035  loss_rpn_bbox: 0.0451  loss_cls: 1.7344  acc: 33.5938  loss_bbox: nan
03/27 15:41:14 - mmengine - INFO - Epoch(train)   [1][6600/7008]  lr: 2.0000e-02  eta: 5 days, 6:26:27  time: 1.1073  data_time: 1.0017  memory: 4532  grad_norm: 0.1589  loss: nan  loss_rpn_cls: 0.5625  loss_rpn_bbox: 0.0391  loss_cls: 1.7402  acc: 24.9023  loss_bbox: nan
03/27 15:42:08 - mmengine - INFO - Epoch(train)   [1][6650/7008]  lr: 2.0000e-02  eta: 5 days, 7:03:38  time: 1.0895  data_time: 0.9848  memory: 4532  grad_norm: 0.1294  loss: nan  loss_rpn_cls: 0.6438  loss_rpn_bbox: 0.0394  loss_cls: 1.7411  acc: 25.0977  loss_bbox: nan
03/27 15:43:12 - mmengine - INFO - Epoch(train)   [1][6700/7008]  lr: 2.0000e-02  eta: 5 days, 7:55:45  time: 1.2690  data_time: 1.0903  memory: 4532  grad_norm: 0.1442  loss: nan  loss_rpn_cls: 0.7091  loss_rpn_bbox: 0.0465  loss_cls: 1.7375  acc: 25.2930  loss_bbox: nan
03/27 15:43:48 - mmengine - INFO - Epoch(train)   [1][6750/7008]  lr: 2.0000e-02  eta: 5 days, 8:00:14  time: 0.7222  data_time: 0.5192  memory: 4532  grad_norm: 0.1807  loss: nan  loss_rpn_cls: 0.7840  loss_rpn_bbox: 0.0496  loss_cls: 1.7274  acc: 33.3984  loss_bbox: nan
03/27 15:44:14 - mmengine - INFO - Epoch(train)   [1][6800/7008]  lr: 2.0000e-02  eta: 5 days, 7:47:42  time: 0.5231  data_time: 0.4081  memory: 4532  grad_norm: 0.1262  loss: nan  loss_rpn_cls: 0.6087  loss_rpn_bbox: 0.0427  loss_cls: 1.7334  acc: 15.5273  loss_bbox: nan
03/27 15:44:40 - mmengine - INFO - Epoch(train)   [1][6850/7008]  lr: 2.0000e-02  eta: 5 days, 7:34:10  time: 0.5093  data_time: 0.3896  memory: 4532  grad_norm: 0.1450  loss: nan  loss_rpn_cls: 0.7617  loss_rpn_bbox: 0.0468  loss_cls: 1.7312  acc: 17.5781  loss_bbox: nan
03/27 15:45:17 - mmengine - INFO - Epoch(train)   [1][6900/7008]  lr: 2.0000e-02  eta: 5 days, 7:40:11  time: 0.7401  data_time: 0.5317  memory: 4532  grad_norm: 0.1503  loss: nan  loss_rpn_cls: 0.6097  loss_rpn_bbox: 0.0393  loss_cls: 1.7293  acc: 19.0430  loss_bbox: nan
03/27 15:45:49 - mmengine - INFO - Epoch(train)   [1][6950/7008]  lr: 2.0000e-02  eta: 5 days, 7:39:09  time: 0.6566  data_time: 0.4898  memory: 4532  grad_norm: 0.1243  loss: nan  loss_rpn_cls: 0.5805  loss_rpn_bbox: 0.0381  loss_cls: 1.7312  acc: 22.2656  loss_bbox: nan
03/27 15:46:15 - mmengine - INFO - Exp name: exp12_config_20260327_142853
03/27 15:46:15 - mmengine - INFO - Epoch(train)   [1][7000/7008]  lr: 2.0000e-02  eta: 5 days, 7:25:27  time: 0.5031  data_time: 0.3930  memory: 4532  grad_norm: 0.1584  loss: nan  loss_rpn_cls: 0.5764  loss_rpn_bbox: 0.0371  loss_cls: 1.7327  acc: 47.6562  loss_bbox: nan
03/27 15:46:18 - mmengine - INFO - Exp name: exp12_config_20260327_142853
03/27 15:46:18 - mmengine - INFO - 
======================================================================
[DEBUG] Weight Update Check - Epoch 0
======================================================================

03/27 15:46:18 - mmengine - INFO - [DEBUG] Preprocessor (should CHANGE):
03/27 15:46:18 - mmengine - INFO -   channel_gain: diff=0.35020086 ✓ CHANGED
03/27 15:46:18 - mmengine - INFO -   conv.weight: diff=0.70053381 ✓ CHANGED
03/27 15:46:18 - mmengine - INFO -   conv.bias: diff=1.79918182 ✓ CHANGED
03/27 15:46:18 - mmengine - INFO - 
[DEBUG] Detector (should NOT CHANGE):
03/27 15:46:18 - mmengine - INFO -   conv1.weight: diff=0.00000000 ✓ FROZEN
03/27 15:46:18 - mmengine - INFO -   bn1.weight: diff=0.00000000 ✓ FROZEN
03/27 15:46:18 - mmengine - INFO - ======================================================================

03/27 15:46:18 - mmengine - INFO - Saving checkpoint at 1 epochs
03/27 15:46:36 - mmengine - INFO - Epoch(val)   [1][  50/4017]    eta: 0:22:02  time: 0.3335  data_time: 0.3085  memory: 4531  
03/27 15:46:53 - mmengine - INFO - Epoch(val)   [1][ 100/4017]    eta: 0:21:33  time: 0.3272  data_time: 0.3032  memory: 512  
03/27 15:47:08 - mmengine - INFO - Epoch(val)   [1][ 150/4017]    eta: 0:20:56  time: 0.3143  data_time: 0.2900  memory: 512  
03/27 15:47:25 - mmengine - INFO - Epoch(val)   [1][ 200/4017]    eta: 0:20:43  time: 0.3283  data_time: 0.3041  memory: 512  
03/27 15:47:41 - mmengine - INFO - Epoch(val)   [1][ 250/4017]    eta: 0:20:25  time: 0.3232  data_time: 0.2996  memory: 512  
03/27 15:47:58 - mmengine - INFO - Epoch(val)   [1][ 300/4017]    eta: 0:20:16  time: 0.3371  data_time: 0.3130  memory: 512  
03/27 15:48:14 - mmengine - INFO - Epoch(val)   [1][ 350/4017]    eta: 0:19:58  time: 0.3245  data_time: 0.3003  memory: 512  
03/27 15:48:30 - mmengine - INFO - Epoch(val)   [1][ 400/4017]    eta: 0:19:37  time: 0.3157  data_time: 0.2913  memory: 512  
03/27 15:48:47 - mmengine - INFO - Epoch(val)   [1][ 450/4017]    eta: 0:19:23  time: 0.3316  data_time: 0.3076  memory: 512  
03/27 15:49:06 - mmengine - INFO - Epoch(val)   [1][ 500/4017]    eta: 0:19:27  time: 0.3829  data_time: 0.3501  memory: 512  
03/27 15:49:29 - mmengine - INFO - Epoch(val)   [1][ 550/4017]    eta: 0:19:52  time: 0.4659  data_time: 0.4161  memory: 512  
03/27 15:49:52 - mmengine - INFO - Epoch(val)   [1][ 600/4017]    eta: 0:20:08  time: 0.4589  data_time: 0.4076  memory: 512  
03/27 15:50:12 - mmengine - INFO - Epoch(val)   [1][ 650/4017]    eta: 0:20:03  time: 0.4021  data_time: 0.3659  memory: 512  
03/27 15:50:29 - mmengine - INFO - Epoch(val)   [1][ 700/4017]    eta: 0:19:41  time: 0.3419  data_time: 0.3147  memory: 512  
03/27 15:50:46 - mmengine - INFO - Epoch(val)   [1][ 750/4017]    eta: 0:19:19  time: 0.3371  data_time: 0.3106  memory: 512  
03/27 15:51:04 - mmengine - INFO - Epoch(val)   [1][ 800/4017]    eta: 0:19:02  time: 0.3565  data_time: 0.3254  memory: 512  
03/27 15:51:24 - mmengine - INFO - Epoch(val)   [1][ 850/4017]    eta: 0:18:52  time: 0.3976  data_time: 0.3587  memory: 512  
03/27 15:51:47 - mmengine - INFO - Epoch(val)   [1][ 900/4017]    eta: 0:18:54  time: 0.4701  data_time: 0.4185  memory: 512  
03/27 15:52:11 - mmengine - INFO - Epoch(val)   [1][ 950/4017]    eta: 0:18:54  time: 0.4769  data_time: 0.4276  memory: 512  
03/27 15:52:29 - mmengine - INFO - Epoch(val)   [1][1000/4017]    eta: 0:18:33  time: 0.3587  data_time: 0.3323  memory: 512  
03/27 15:52:46 - mmengine - INFO - Epoch(val)   [1][1050/4017]    eta: 0:18:11  time: 0.3384  data_time: 0.3110  memory: 512  
03/27 15:53:03 - mmengine - INFO - Epoch(val)   [1][1100/4017]    eta: 0:17:48  time: 0.3385  data_time: 0.3136  memory: 512  
03/27 15:53:19 - mmengine - INFO - Epoch(val)   [1][1150/4017]    eta: 0:17:25  time: 0.3296  data_time: 0.3052  memory: 512  
03/27 15:53:36 - mmengine - INFO - Epoch(val)   [1][1200/4017]    eta: 0:17:03  time: 0.3321  data_time: 0.3079  memory: 512  
03/27 15:53:52 - mmengine - INFO - Epoch(val)   [1][1250/4017]    eta: 0:16:41  time: 0.3282  data_time: 0.3038  memory: 512  
03/27 15:54:09 - mmengine - INFO - Epoch(val)   [1][1300/4017]    eta: 0:16:20  time: 0.3309  data_time: 0.3069  memory: 512  
03/27 15:54:25 - mmengine - INFO - Epoch(val)   [1][1350/4017]    eta: 0:15:58  time: 0.3222  data_time: 0.2981  memory: 512  
03/27 15:54:41 - mmengine - INFO - Epoch(val)   [1][1400/4017]    eta: 0:15:37  time: 0.3270  data_time: 0.3023  memory: 512  
03/27 15:54:59 - mmengine - INFO - Epoch(val)   [1][1450/4017]    eta: 0:15:18  time: 0.3461  data_time: 0.3205  memory: 512  
03/27 15:55:16 - mmengine - INFO - Epoch(val)   [1][1500/4017]    eta: 0:14:59  time: 0.3399  data_time: 0.3145  memory: 512  
03/27 15:55:33 - mmengine - INFO - Epoch(val)   [1][1550/4017]    eta: 0:14:40  time: 0.3516  data_time: 0.3265  memory: 512  
03/27 15:55:50 - mmengine - INFO - Epoch(val)   [1][1600/4017]    eta: 0:14:21  time: 0.3339  data_time: 0.3085  memory: 512  
03/27 15:56:06 - mmengine - INFO - Epoch(val)   [1][1650/4017]    eta: 0:14:01  time: 0.3288  data_time: 0.3039  memory: 512  
03/27 15:56:23 - mmengine - INFO - Epoch(val)   [1][1700/4017]    eta: 0:13:42  time: 0.3377  data_time: 0.3134  memory: 512  
03/27 15:56:39 - mmengine - INFO - Epoch(val)   [1][1750/4017]    eta: 0:13:22  time: 0.3218  data_time: 0.2975  memory: 512  
03/27 15:56:56 - mmengine - INFO - Epoch(val)   [1][1800/4017]    eta: 0:13:03  time: 0.3262  data_time: 0.3016  memory: 512  
03/27 15:57:12 - mmengine - INFO - Epoch(val)   [1][1850/4017]    eta: 0:12:43  time: 0.3213  data_time: 0.2971  memory: 512  
03/27 15:57:28 - mmengine - INFO - Epoch(val)   [1][1900/4017]    eta: 0:12:23  time: 0.3161  data_time: 0.2916  memory: 512  
03/27 15:57:44 - mmengine - INFO - Epoch(val)   [1][1950/4017]    eta: 0:12:04  time: 0.3205  data_time: 0.2961  memory: 512  
03/27 15:58:01 - mmengine - INFO - Epoch(val)   [1][2000/4017]    eta: 0:11:47  time: 0.3498  data_time: 0.3255  memory: 512  
03/27 15:58:23 - mmengine - INFO - Epoch(val)   [1][2050/4017]    eta: 0:11:33  time: 0.4344  data_time: 0.3870  memory: 512  
03/27 15:58:46 - mmengine - INFO - Epoch(val)   [1][2100/4017]    eta: 0:11:21  time: 0.4651  data_time: 0.4130  memory: 512  
03/27 15:59:07 - mmengine - INFO - Epoch(val)   [1][2150/4017]    eta: 0:11:06  time: 0.4190  data_time: 0.3737  memory: 512  
03/27 15:59:26 - mmengine - INFO - Epoch(val)   [1][2200/4017]    eta: 0:10:48  time: 0.3720  data_time: 0.3448  memory: 512  
03/27 15:59:42 - mmengine - INFO - Epoch(val)   [1][2250/4017]    eta: 0:10:30  time: 0.3361  data_time: 0.3103  memory: 512  
03/27 16:00:02 - mmengine - INFO - Epoch(val)   [1][2300/4017]    eta: 0:10:13  time: 0.3813  data_time: 0.3448  memory: 512  
03/27 16:00:25 - mmengine - INFO - Epoch(val)   [1][2350/4017]    eta: 0:09:59  time: 0.4764  data_time: 0.4255  memory: 512  
03/27 16:00:48 - mmengine - INFO - Epoch(val)   [1][2400/4017]    eta: 0:09:44  time: 0.4490  data_time: 0.3981  memory: 512  
03/27 16:01:07 - mmengine - INFO - Epoch(val)   [1][2450/4017]    eta: 0:09:27  time: 0.3733  data_time: 0.3403  memory: 512  
03/27 16:01:54 - mmengine - INFO - Epoch(val)   [1][2500/4017]    eta: 0:09:26  time: 0.9408  data_time: 0.9144  memory: 512  
03/27 16:02:09 - mmengine - INFO - Epoch(val)   [1][2550/4017]    eta: 0:09:05  time: 0.3041  data_time: 0.2793  memory: 512  
03/27 16:02:24 - mmengine - INFO - Epoch(val)   [1][2600/4017]    eta: 0:08:45  time: 0.3031  data_time: 0.2790  memory: 512  
03/27 16:02:38 - mmengine - INFO - Epoch(val)   [1][2650/4017]    eta: 0:08:24  time: 0.2909  data_time: 0.2665  memory: 512  
03/27 16:03:23 - mmengine - INFO - Epoch(val)   [1][2700/4017]    eta: 0:08:18  time: 0.8884  data_time: 0.8640  memory: 512  
03/27 16:03:35 - mmengine - INFO - Epoch(val)   [1][2750/4017]    eta: 0:07:56  time: 0.2476  data_time: 0.2227  memory: 512  
03/27 16:03:48 - mmengine - INFO - Epoch(val)   [1][2800/4017]    eta: 0:07:35  time: 0.2502  data_time: 0.2258  memory: 512  
03/27 16:04:01 - mmengine - INFO - Epoch(val)   [1][2850/4017]    eta: 0:07:14  time: 0.2611  data_time: 0.2364  memory: 512  
03/27 16:04:14 - mmengine - INFO - Epoch(val)   [1][2900/4017]    eta: 0:06:53  time: 0.2542  data_time: 0.2300  memory: 512  
03/27 16:04:26 - mmengine - INFO - Epoch(val)   [1][2950/4017]    eta: 0:06:32  time: 0.2505  data_time: 0.2262  memory: 512  
03/27 16:04:39 - mmengine - INFO - Epoch(val)   [1][3000/4017]    eta: 0:06:12  time: 0.2492  data_time: 0.2248  memory: 512  
03/27 16:04:52 - mmengine - INFO - Epoch(val)   [1][3050/4017]    eta: 0:05:52  time: 0.2619  data_time: 0.2375  memory: 512  
03/27 16:05:05 - mmengine - INFO - Epoch(val)   [1][3100/4017]    eta: 0:05:32  time: 0.2623  data_time: 0.2377  memory: 512  
03/27 16:05:18 - mmengine - INFO - Epoch(val)   [1][3150/4017]    eta: 0:05:13  time: 0.2697  data_time: 0.2465  memory: 512  
03/27 16:05:34 - mmengine - INFO - Epoch(val)   [1][3200/4017]    eta: 0:04:54  time: 0.3113  data_time: 0.2810  memory: 512  
03/27 16:05:53 - mmengine - INFO - Epoch(val)   [1][3250/4017]    eta: 0:04:36  time: 0.3878  data_time: 0.3338  memory: 512  
03/27 16:06:13 - mmengine - INFO - Epoch(val)   [1][3300/4017]    eta: 0:04:19  time: 0.4018  data_time: 0.3479  memory: 512  
03/27 16:06:31 - mmengine - INFO - Epoch(val)   [1][3350/4017]    eta: 0:04:01  time: 0.3522  data_time: 0.3017  memory: 512  
03/27 16:06:44 - mmengine - INFO - Epoch(val)   [1][3400/4017]    eta: 0:03:42  time: 0.2571  data_time: 0.2286  memory: 512  
03/27 16:06:58 - mmengine - INFO - Epoch(val)   [1][3450/4017]    eta: 0:03:23  time: 0.2811  data_time: 0.2547  memory: 512  
03/27 16:07:10 - mmengine - INFO - Epoch(val)   [1][3500/4017]    eta: 0:03:04  time: 0.2523  data_time: 0.2252  memory: 512  
03/27 16:07:24 - mmengine - INFO - Epoch(val)   [1][3550/4017]    eta: 0:02:46  time: 0.2679  data_time: 0.2366  memory: 512  
03/27 16:07:42 - mmengine - INFO - Epoch(val)   [1][3600/4017]    eta: 0:02:28  time: 0.3546  data_time: 0.2982  memory: 512  
03/27 16:08:00 - mmengine - INFO - Epoch(val)   [1][3650/4017]    eta: 0:02:10  time: 0.3723  data_time: 0.3159  memory: 512  
03/27 16:08:18 - mmengine - INFO - Epoch(val)   [1][3700/4017]    eta: 0:01:52  time: 0.3585  data_time: 0.3041  memory: 512  
03/27 16:08:32 - mmengine - INFO - Epoch(val)   [1][3750/4017]    eta: 0:01:34  time: 0.2841  data_time: 0.2518  memory: 512  
03/27 16:08:46 - mmengine - INFO - Epoch(val)   [1][3800/4017]    eta: 0:01:16  time: 0.2664  data_time: 0.2394  memory: 512  
03/27 16:08:57 - mmengine - INFO - Epoch(val)   [1][3850/4017]    eta: 0:00:58  time: 0.2353  data_time: 0.2082  memory: 512  
03/27 16:09:11 - mmengine - INFO - Epoch(val)   [1][3900/4017]    eta: 0:00:41  time: 0.2762  data_time: 0.2421  memory: 512  
03/27 16:09:31 - mmengine - INFO - Epoch(val)   [1][3950/4017]    eta: 0:00:23  time: 0.3949  data_time: 0.3382  memory: 512  
03/27 16:09:52 - mmengine - INFO - Epoch(val)   [1][4000/4017]    eta: 0:00:05  time: 0.4129  data_time: 0.3557  memory: 512  
03/27 16:10:08 - mmengine - INFO - Evaluating bbox...
[1;34mwandb[0m: 
[1;34mwandb[0m: 🚀 View run [33mexp012[0m at: [34m[0m
[1;34mwandb[0m: Find logs at: [1;35mwork_dirs/exp012/20260327_142853/vis_data/wandb/run-20260327_142856-1ep39ryy/logs[0m
