/networkhome/WMGDS/souval_g/anaconda3/envs/mmdet12/lib/python3.10/site-packages/mmengine/optim/optimizer/zero_optimizer.py:11: DeprecationWarning: `TorchScript` support for functional optimizers is deprecated and will be removed in a future PyTorch release. Consider using the `torch.compile` optimizer instead.
  from torch.distributed.optim import \
/networkhome/WMGDS/souval_g/anaconda3/envs/mmdet12/lib/python3.10/site-packages/mmengine/optim/optimizer/zero_optimizer.py:11: DeprecationWarning: `TorchScript` support for functional optimizers is deprecated and will be removed in a future PyTorch release. Consider using the `torch.compile` optimizer instead.
  from torch.distributed.optim import \
/networkhome/WMGDS/souval_g/.local/lib/python3.10/site-packages/albumentations/__init__.py:28: UserWarning: A new version of Albumentations is available: '2.0.8' (you have '2.0.5'). Upgrade using: pip install -U albumentations. To disable automatic update checks, set the environment variable NO_ALBUMENTATIONS_UPDATE to 1.
  check_for_updates()
wandb: Currently logged in as: georgiasouval (georgiasouval-university-of-warwick) to https://api.wandb.ai. Use `wandb login --relogin` to force relogin
wandb: setting up run jj48z0vj
wandb: Tracking run with wandb version 0.22.1
wandb: Run data is saved locally in /networkhome/WMGDS/souval_g/neuRAWns_mmdet/work_dirs/exp002/20251023_201942/vis_data/wandb/run-20251023_201945-jj48z0vj
wandb: Run `wandb offline` to turn off syncing.
wandb: Syncing run exp002
wandb: ‚≠źÔłŹ View project at https://wandb.ai/georgiasouval-university-of-warwick/neuRAWns-mmdet-ROD
wandb: ūüöÄ View run at https://wandb.ai/georgiasouval-university-of-warwick/neuRAWns-mmdet-ROD/runs/jj48z0vj
wandb: updating run metadata
wandb: uploading output.log
wandb: 
wandb: Run history:
wandb:              acc ‚Ėá‚ĖĀ‚ĖÖ‚ĖÜ‚ĖÜ‚Ėá‚ĖÜ‚ĖÖ‚ĖÜ‚Ėá‚ĖÜ‚ĖÖ‚ĖÖ‚ĖÖ‚ĖÜ‚Ėá‚Ėá‚ĖÜ‚Ėá‚Ėá‚ĖÖ‚Ėá‚Ėá‚Ėą‚Ėá‚ĖÜ‚Ėá‚Ėá‚Ėá‚Ėá‚Ėá‚Ėá‚ĖÜ‚Ėą‚ĖÖ‚Ėá‚Ėá‚ĖÜ‚ĖÜ‚ĖÜ
wandb:    coco/bbox_mAP ‚ĖĀ‚ĖÉ‚ĖĄ‚ĖĄ‚ĖÖ‚ĖÖ‚ĖÖ‚ĖÜ‚Ėą‚Ėą‚Ėą‚Ėą‚Ėą‚Ėą‚Ėą‚Ėą‚Ėą‚Ėą‚Ėą‚Ėą‚Ėą‚Ėą‚Ėą
wandb: coco/bbox_mAP_50 ‚ĖĀ‚ĖÉ‚ĖÖ‚ĖÖ‚ĖÖ‚ĖÜ‚ĖÜ‚ĖÜ‚Ėą‚Ėą‚Ėą‚Ėą‚Ėą‚Ėą‚Ėą‚Ėą‚Ėą‚Ėą‚Ėą‚Ėą‚Ėą‚Ėą‚Ėą
wandb: coco/bbox_mAP_75 ‚ĖĀ‚ĖÉ‚ĖĄ‚ĖĄ‚ĖÖ‚ĖÖ‚ĖÖ‚ĖÜ‚Ėą‚Ėą‚Ėą‚Ėą‚Ėą‚Ėą‚Ėą‚Ėą‚Ėą‚Ėą‚Ėą‚Ėą‚Ėą‚Ėą‚Ėą
wandb:  coco/bbox_mAP_l ‚ĖĀ‚ĖÉ‚ĖĄ‚ĖĄ‚ĖÖ‚ĖÖ‚ĖÖ‚ĖÜ‚Ėą‚Ėą‚Ėą‚Ėą‚Ėą‚Ėą‚Ėą‚Ėą‚Ėą‚Ėą‚Ėą‚Ėą‚Ėą‚Ėą‚Ėą
wandb:  coco/bbox_mAP_m ‚ĖĀ‚ĖÉ‚ĖĄ‚ĖĄ‚ĖÖ‚ĖÖ‚ĖÜ‚ĖÖ‚Ėą‚Ėą‚Ėą‚Ėą‚Ėą‚Ėą‚Ėą‚Ėą‚Ėą‚Ėą‚Ėą‚Ėą‚Ėą‚Ėą‚Ėą
wandb:  coco/bbox_mAP_s ‚ĖĀ‚ĖĄ‚ĖĄ‚ĖĄ‚ĖĄ‚ĖÖ‚ĖÖ‚ĖÖ‚Ėá‚Ėá‚Ėá‚Ėá‚Ėá‚Ėá‚Ėą‚Ėą‚Ėą‚Ėą‚Ėą‚Ėą‚Ėą‚Ėą‚Ėą
wandb:        data_time ‚Ėą‚Ėą‚ĖÜ‚ĖÜ‚Ėą‚Ėą‚ĖÜ‚ĖÖ‚ĖĄ‚Ėá‚Ėá‚Ėá‚ĖĄ‚ĖÖ‚Ėá‚Ėá‚Ėá‚Ėá‚ĖÖ‚ĖĀ‚Ėá‚Ėá‚Ėá‚Ėą‚Ėá‚Ėą‚ĖÖ‚ĖÜ‚ĖĀ‚ĖĄ‚Ėá‚Ėá‚Ėą‚ĖÜ‚Ėą‚ĖÜ‚Ėá‚ĖÜ‚ĖÖ‚ĖÖ
wandb:            epoch ‚ĖĀ‚ĖĀ‚ĖĀ‚ĖĀ‚Ėā‚Ėā‚Ėā‚Ėā‚Ėā‚Ėā‚ĖÉ‚ĖÉ‚ĖÉ‚ĖÉ‚ĖÉ‚ĖÉ‚ĖÉ‚ĖÉ‚ĖÉ‚ĖĄ‚ĖĄ‚ĖĄ‚ĖĄ‚ĖĄ‚ĖĄ‚ĖÖ‚ĖÖ‚ĖÖ‚ĖÖ‚ĖÜ‚ĖÜ‚Ėá‚Ėá‚Ėá‚Ėá‚Ėá‚Ėą‚Ėą‚Ėą‚Ėą
wandb:        grad_norm ‚Ėą‚Ėá‚ĖÜ‚ĖÖ‚ĖĄ‚ĖÖ‚ĖĄ‚ĖÉ‚ĖÖ‚ĖĄ‚ĖĄ‚ĖÖ‚ĖÉ‚ĖĄ‚ĖĄ‚ĖĀ‚ĖĀ‚Ėā‚ĖÉ‚ĖÉ‚ĖÉ‚Ėā‚ĖÉ‚ĖĄ‚ĖÉ‚ĖÉ‚ĖÉ‚ĖÉ‚ĖĄ‚ĖÉ‚ĖĄ‚ĖÉ‚ĖÉ‚ĖĄ‚ĖÉ‚ĖÉ‚ĖÉ‚ĖĄ‚ĖĄ‚ĖĄ
wandb:               +9 ...
wandb: 
wandb: Run summary:
wandb:              acc 97.07031
wandb:    coco/bbox_mAP 0.397
wandb: coco/bbox_mAP_50 0.607
wandb: coco/bbox_mAP_75 0.432
wandb:  coco/bbox_mAP_l 0.639
wandb:  coco/bbox_mAP_m 0.38
wandb:  coco/bbox_mAP_s 0.047
wandb:        data_time 0.34972
wandb:            epoch 23
wandb:        grad_norm 1.62995
wandb:               +9 ...
wandb: 
wandb: ūüöÄ View run exp002 at: https://wandb.ai/georgiasouval-university-of-warwick/neuRAWns-mmdet-ROD/runs/jj48z0vj
wandb: ‚≠źÔłŹ View project at: https://wandb.ai/georgiasouval-university-of-warwick/neuRAWns-mmdet-ROD
wandb: Synced 5 W&B file(s), 0 media file(s), 3 artifact file(s) and 0 other file(s)
wandb: Find logs at: ./work_dirs/exp002/20251023_201942/vis_data/wandb/run-20251023_201945-jj48z0vj/logs
