=== Attempting Kerberos authentication ===
Password for souval_g@WMGDS.WMG.WARWICK.AC.UK: 
kinit exit status: 0
Ticket cache: FILE:/tmp/krb5cc_1922617598
Default principal: souval_g@WMGDS.WMG.WARWICK.AC.UK

Valid starting     Expires            Service principal
10/23/25 22:02:56  10/24/25 08:02:56  krbtgt/WMGDS.WMG.WARWICK.AC.UK@WMGDS.WMG.WARWICK.AC.UK
	renew until 10/30/25 21:02:56
=== Starting training ===
Training command is /networkhome/WMGDS/souval_g/anaconda3/envs/mmdet12/bin/python3.10 /networkhome/WMGDS/souval_g/mmdetection/mmdet/.mim/tools/train.py configs/raw_experiments/exp003.py --launcher none. 
Gina running this. =============================
10/23 22:03:15 - mmengine - INFO - 
------------------------------------------------------------
System environment:
    sys.platform: linux
    Python: 3.10.18 (main, Jun  5 2025, 13:14:17) [GCC 11.2.0]
    CUDA available: True
    MUSA available: False
    numpy_random_seed: 238980402
    GPU 0: NVIDIA L40
    CUDA_HOME: /usr/local/cuda
    NVCC: Cuda compilation tools, release 12.4, V12.4.131
    GCC: gcc (Ubuntu 11.4.0-1ubuntu1~22.04.2) 11.4.0
    PyTorch: 2.4.0+cu121
    PyTorch compiling details: PyTorch built with:
  - GCC 9.3
  - C++ Version: 201703
  - Intel(R) oneAPI Math Kernel Library Version 2022.2-Product Build 20220804 for Intel(R) 64 architecture applications
  - Intel(R) MKL-DNN v3.4.2 (Git Hash 1137e04ec0b5251ca2b4400a4fd3c667ce843d67)
  - OpenMP 201511 (a.k.a. OpenMP 4.5)
  - LAPACK is enabled (usually provided by MKL)
  - NNPACK is enabled
  - CPU capability usage: AVX512
  - CUDA Runtime 12.1
  - NVCC architecture flags: -gencode;arch=compute_50,code=sm_50;-gencode;arch=compute_60,code=sm_60;-gencode;arch=compute_70,code=sm_70;-gencode;arch=compute_75,code=sm_75;-gencode;arch=compute_80,code=sm_80;-gencode;arch=compute_86,code=sm_86;-gencode;arch=compute_90,code=sm_90
  - CuDNN 90.1  (built against CUDA 12.4)
  - Magma 2.6.1
  - Build settings: BLAS_INFO=mkl, BUILD_TYPE=Release, CUDA_VERSION=12.1, CUDNN_VERSION=9.1.0, CXX_COMPILER=/opt/rh/devtoolset-9/root/usr/bin/c++, CXX_FLAGS= -D_GLIBCXX_USE_CXX11_ABI=0 -fabi-version=11 -fvisibility-inlines-hidden -DUSE_PTHREADPOOL -DNDEBUG -DUSE_KINETO -DLIBKINETO_NOROCTRACER -DUSE_FBGEMM -DUSE_PYTORCH_QNNPACK -DUSE_XNNPACK -DSYMBOLICATE_MOBILE_DEBUG_HANDLE -O2 -fPIC -Wall -Wextra -Werror=return-type -Werror=non-virtual-dtor -Werror=bool-operation -Wnarrowing -Wno-missing-field-initializers -Wno-type-limits -Wno-array-bounds -Wno-unknown-pragmas -Wno-unused-parameter -Wno-unused-function -Wno-unused-result -Wno-strict-overflow -Wno-strict-aliasing -Wno-stringop-overflow -Wsuggest-override -Wno-psabi -Wno-error=pedantic -Wno-error=old-style-cast -Wno-missing-braces -fdiagnostics-color=always -faligned-new -Wno-unused-but-set-variable -Wno-maybe-uninitialized -fno-math-errno -fno-trapping-math -Werror=format -Wno-stringop-overflow, LAPACK_INFO=mkl, PERF_WITH_AVX=1, PERF_WITH_AVX2=1, PERF_WITH_AVX512=1, TORCH_VERSION=2.4.0, USE_CUDA=ON, USE_CUDNN=ON, USE_CUSPARSELT=1, USE_EXCEPTION_PTR=1, USE_GFLAGS=OFF, USE_GLOG=OFF, USE_GLOO=ON, USE_MKL=ON, USE_MKLDNN=ON, USE_MPI=OFF, USE_NCCL=1, USE_NNPACK=ON, USE_OPENMP=ON, USE_ROCM=OFF, USE_ROCM_KERNEL_ASSERT=OFF, 

    TorchVision: 0.19.0+cu121
    OpenCV: 4.11.0
    MMEngine: 0.10.7

Runtime environment:
    cudnn_benchmark: False
    mp_cfg: {'mp_start_method': 'fork', 'opencv_num_threads': 0}
    dist_cfg: {'backend': 'nccl'}
    seed: 238980402
    Distributed launcher: none
    Distributed training: False
    GPU number: 1
------------------------------------------------------------

10/23 22:03:15 - mmengine - INFO - Config:
DEBUG_MODE = True
auto_scale_lr = dict(base_batch_size=16, enable=False)
backend_args = None
classes = (
    'Car',
    'Cyclist',
    'Pedestrian',
    'Tram',
    'Truck',
)
custom_hooks = [
    dict(
        check_updates=True,
        debug_mode=True,
        priority='VERY_HIGH',
        type='FreezeDetectorHook'),
    dict(
        min_delta=0.001,
        monitor='coco/bbox_mAP',
        patience=10,
        rule='greater',
        type='EarlyStoppingHook'),
    dict(
        experiment_name='exp003',
        save_dir='sample_images',
        save_preprocessed=True,
        save_raw=True,
        type='SaveBatchImagesHook'),
]
custom_imports = dict(
    allow_failed_imports=False,
    imports=[
        'modules.raw_preprocessors',
        'modules.raw_backbones',
        'modules.hooks',
        'datasets.pipelines',
        'mmengine.hooks',
    ])
data_root = '/cifs/Shares/Raw_Bayer_Datasets/ROD/'
dataset_type = 'CocoDataset'
default_hooks = dict(
    checkpoint=dict(
        _scope_='mmdet',
        interval=1,
        max_keep_ckpts=2,
        rule='greater',
        save_best='coco/bbox_mAP',
        type='CheckpointHook'),
    logger=dict(_scope_='mmdet', interval=50, type='LoggerHook'),
    param_scheduler=dict(_scope_='mmdet', type='ParamSchedulerHook'),
    sampler_seed=dict(_scope_='mmdet', type='DistSamplerSeedHook'),
    timer=dict(_scope_='mmdet', type='IterTimerHook'),
    visualization=dict(_scope_='mmdet', type='DetVisualizationHook'))
default_scope = 'mmdet'
env_cfg = dict(
    cudnn_benchmark=False,
    dist_cfg=dict(backend='nccl'),
    mp_cfg=dict(mp_start_method='fork', opencv_num_threads=0))
launcher = 'none'
load_from = '/networkhome/WMGDS/souval_g/neuRAWns_mmdet/work_dirs/exp001_faster_rcnn_r50_fpn/best_coco_bbox_mAP_epoch_19.pth'
log_level = 'INFO'
log_processor = dict(
    _scope_='mmdet', by_epoch=True, type='LogProcessor', window_size=50)
model = dict(
    _scope_='mmdet',
    backbone=dict(
        debug_mode=True,
        depth=50,
        frozen_stages=1,
        init_cfg=dict(checkpoint='torchvision://resnet50', type='Pretrained'),
        norm_cfg=dict(requires_grad=True, type='BN'),
        norm_eval=True,
        num_stages=4,
        out_indices=(
            0,
            1,
            2,
            3,
        ),
        preprocess_cfg=dict(
            in_channels=4,
            norm_threshold=0.99,
            out_channels=3,
            type='Exp002ConvBN'),
        style='pytorch',
        type='RAWResNet'),
    data_preprocessor=dict(
        bgr_to_rgb=False,
        mean=None,
        pad_size_divisor=32,
        std=None,
        type='DetDataPreprocessor'),
    neck=dict(
        in_channels=[
            256,
            512,
            1024,
            2048,
        ],
        num_outs=5,
        out_channels=256,
        type='FPN'),
    roi_head=dict(
        bbox_head=dict(
            bbox_coder=dict(
                target_means=[
                    0.0,
                    0.0,
                    0.0,
                    0.0,
                ],
                target_stds=[
                    0.1,
                    0.1,
                    0.2,
                    0.2,
                ],
                type='DeltaXYWHBBoxCoder'),
            fc_out_channels=1024,
            in_channels=256,
            loss_bbox=dict(loss_weight=1.0, type='L1Loss'),
            loss_cls=dict(
                loss_weight=1.0, type='CrossEntropyLoss', use_sigmoid=False),
            num_classes=5,
            reg_class_agnostic=False,
            roi_feat_size=7,
            type='Shared2FCBBoxHead'),
        bbox_roi_extractor=dict(
            featmap_strides=[
                4,
                8,
                16,
                32,
            ],
            out_channels=256,
            roi_layer=dict(output_size=7, sampling_ratio=0, type='RoIAlign'),
            type='SingleRoIExtractor'),
        type='StandardRoIHead'),
    rpn_head=dict(
        anchor_generator=dict(
            ratios=[
                0.5,
                1.0,
                2.0,
            ],
            scales=[
                8,
            ],
            strides=[
                4,
                8,
                16,
                32,
                64,
            ],
            type='AnchorGenerator'),
        bbox_coder=dict(
            target_means=[
                0.0,
                0.0,
                0.0,
                0.0,
            ],
            target_stds=[
                1.0,
                1.0,
                1.0,
                1.0,
            ],
            type='DeltaXYWHBBoxCoder'),
        feat_channels=256,
        in_channels=256,
        loss_bbox=dict(loss_weight=1.0, type='L1Loss'),
        loss_cls=dict(
            loss_weight=1.0, type='CrossEntropyLoss', use_sigmoid=True),
        type='RPNHead'),
    test_cfg=dict(
        rcnn=dict(
            max_per_img=100,
            nms=dict(iou_threshold=0.5, type='nms'),
            score_thr=0.05),
        rpn=dict(
            max_per_img=1000,
            min_bbox_size=0,
            nms=dict(iou_threshold=0.7, type='nms'),
            nms_pre=1000)),
    train_cfg=dict(
        rcnn=dict(
            assigner=dict(
                ignore_iof_thr=-1,
                match_low_quality=False,
                min_pos_iou=0.5,
                neg_iou_thr=0.5,
                pos_iou_thr=0.5,
                type='MaxIoUAssigner'),
            debug=False,
            pos_weight=-1,
            sampler=dict(
                add_gt_as_proposals=True,
                neg_pos_ub=-1,
                num=512,
                pos_fraction=0.25,
                type='RandomSampler')),
        rpn=dict(
            allowed_border=-1,
            assigner=dict(
                ignore_iof_thr=-1,
                match_low_quality=True,
                min_pos_iou=0.3,
                neg_iou_thr=0.3,
                pos_iou_thr=0.7,
                type='MaxIoUAssigner'),
            debug=False,
            pos_weight=-1,
            sampler=dict(
                add_gt_as_proposals=False,
                neg_pos_ub=-1,
                num=256,
                pos_fraction=0.5,
                type='RandomSampler')),
        rpn_proposal=dict(
            max_per_img=1000,
            min_bbox_size=0,
            nms=dict(iou_threshold=0.7, type='nms'),
            nms_pre=2000)),
    type='FasterRCNN')
optim_wrapper = dict(
    _scope_='mmdet',
    clip_grad=dict(max_norm=35, norm_type=2),
    optimizer=dict(lr=0.02, momentum=0.9, type='SGD', weight_decay=0.0001),
    type='OptimWrapper')
param_scheduler = [
    dict(
        _scope_='mmdet',
        begin=0,
        by_epoch=False,
        end=500,
        start_factor=0.001,
        type='LinearLR'),
    dict(
        _scope_='mmdet',
        begin=0,
        by_epoch=True,
        end=12,
        gamma=0.1,
        milestones=[
            8,
            11,
        ],
        type='MultiStepLR'),
]
resume = False
test_cfg = dict(_scope_='mmdet', type='TestLoop')
test_dataloader = dict(
    batch_size=1,
    dataset=dict(
        _scope_='mmdet',
        ann_file='json_raw/test.json',
        backend_args=None,
        data_prefix=dict(img='raw/test/'),
        data_root='/cifs/Shares/Raw_Bayer_Datasets/ROD/',
        metainfo=dict(
            classes=(
                'Car',
                'Cyclist',
                'Pedestrian',
                'Tram',
                'Truck',
            )),
        pipeline=[
            dict(type='LoadRAWImageFromFile'),
            dict(keep_ratio=True, scale=(
                1333,
                800,
            ), type='Resize'),
            dict(type='PackDetInputs'),
        ],
        test_mode=True,
        type='CocoDataset'),
    drop_last=False,
    num_workers=1,
    persistent_workers=True,
    sampler=dict(_scope_='mmdet', shuffle=False, type='DefaultSampler'))
test_evaluator = dict(
    _scope_='mmdet',
    ann_file='/cifs/Shares/Raw_Bayer_Datasets/ROD/json_raw/test.json',
    backend_args=None,
    format_only=False,
    metric='bbox',
    type='CocoMetric')
test_pipeline = [
    dict(type='LoadRAWImageFromFile'),
    dict(keep_ratio=True, scale=(
        1333,
        800,
    ), type='Resize'),
    dict(type='PackDetInputs'),
]
train_cfg = dict(
    _scope_='mmdet',
    max_epochs=100,
    type='EpochBasedTrainLoop',
    val_interval=1)
train_dataloader = dict(
    batch_sampler=dict(_scope_='mmdet', type='AspectRatioBatchSampler'),
    batch_size=4,
    dataset=dict(
        _scope_='mmdet',
        ann_file='json_raw/train.json',
        backend_args=None,
        data_prefix=dict(img='raw/train/'),
        data_root='/cifs/Shares/Raw_Bayer_Datasets/ROD/',
        filter_cfg=dict(filter_empty_gt=True, min_size=32),
        metainfo=dict(
            classes=(
                'Car',
                'Cyclist',
                'Pedestrian',
                'Tram',
                'Truck',
            )),
        pipeline=[
            dict(type='LoadRAWImageFromFile'),
            dict(type='LoadAnnotations', with_bbox=True),
            dict(keep_ratio=True, scale=(
                1333,
                800,
            ), type='Resize'),
            dict(prob=0.5, type='RandomFlip'),
            dict(type='PackDetInputs'),
        ],
        type='CocoDataset'),
    num_workers=1,
    persistent_workers=True,
    sampler=dict(_scope_='mmdet', shuffle=True, type='DefaultSampler'))
train_pipeline = [
    dict(type='LoadRAWImageFromFile'),
    dict(type='LoadAnnotations', with_bbox=True),
    dict(keep_ratio=True, scale=(
        1333,
        800,
    ), type='Resize'),
    dict(prob=0.5, type='RandomFlip'),
    dict(type='PackDetInputs'),
]
val_cfg = dict(_scope_='mmdet', type='ValLoop')
val_dataloader = dict(
    batch_size=1,
    dataset=dict(
        _scope_='mmdet',
        ann_file='json_raw/val.json',
        backend_args=None,
        data_prefix=dict(img='raw/val/'),
        data_root='/cifs/Shares/Raw_Bayer_Datasets/ROD/',
        metainfo=dict(
            classes=(
                'Car',
                'Cyclist',
                'Pedestrian',
                'Tram',
                'Truck',
            )),
        pipeline=[
            dict(type='LoadRAWImageFromFile'),
            dict(keep_ratio=True, scale=(
                1333,
                800,
            ), type='Resize'),
            dict(type='PackDetInputs'),
        ],
        test_mode=True,
        type='CocoDataset'),
    drop_last=False,
    num_workers=1,
    persistent_workers=True,
    sampler=dict(_scope_='mmdet', shuffle=False, type='DefaultSampler'))
val_evaluator = dict(
    _scope_='mmdet',
    ann_file='/cifs/Shares/Raw_Bayer_Datasets/ROD/json_raw/val.json',
    backend_args=None,
    format_only=False,
    metric='bbox',
    type='CocoMetric')
vis_backends = [
    dict(type='LocalVisBackend'),
    dict(
        init_kwargs=dict(
            config=dict(
                architecture='faster-rcnn-r50',
                dataset='ROD',
                preprocessing='learning-based-frozen-detector'),
            name='exp003-frozen-detector',
            project='neuRAWns-mmdet-ROD'),
        type='WandbVisBackend'),
]
visualizer = dict(
    _scope_='mmdet',
    name='visualizer',
    type='DetLocalVisualizer',
    vis_backends=[
        dict(type='LocalVisBackend'),
        dict(
            init_kwargs=dict(
                config=dict(
                    architecture='faster-rcnn-r50',
                    dataset='ROD',
                    preprocessing='learning-based-frozen-detector'),
                name='exp003-frozen-detector',
                project='neuRAWns-mmdet-ROD'),
            type='WandbVisBackend'),
    ])
work_dir = './work_dirs/exp003'

10/23 22:03:21 - mmengine - INFO - Distributed training is not used, all SyncBatchNorm (SyncBN) layers in the model will be automatically reverted to BatchNormXd layers if they are used.
10/23 22:03:21 - mmengine - INFO - Hooks will be executed in the following order:
before_run:
(VERY_HIGH   ) RuntimeInfoHook                    
(BELOW_NORMAL) LoggerHook                         
(LOWEST      ) EarlyStoppingHook                  
 -------------------- 
before_train:
(VERY_HIGH   ) RuntimeInfoHook                    
(VERY_HIGH   ) FreezeDetectorHook                 
(NORMAL      ) IterTimerHook                      
(VERY_LOW    ) CheckpointHook                     
 -------------------- 
before_train_epoch:
(VERY_HIGH   ) RuntimeInfoHook                    
(NORMAL      ) IterTimerHook                      
(NORMAL      ) DistSamplerSeedHook                
(NORMAL      ) SaveBatchImagesHook                
 -------------------- 
before_train_iter:
(VERY_HIGH   ) RuntimeInfoHook                    
(NORMAL      ) IterTimerHook                      
 -------------------- 
after_train_iter:
(VERY_HIGH   ) RuntimeInfoHook                    
(NORMAL      ) IterTimerHook                      
(NORMAL      ) SaveBatchImagesHook                
(BELOW_NORMAL) LoggerHook                         
(LOW         ) ParamSchedulerHook                 
(VERY_LOW    ) CheckpointHook                     
 -------------------- 
after_train_epoch:
(VERY_HIGH   ) FreezeDetectorHook                 
(NORMAL      ) IterTimerHook                      
(LOW         ) ParamSchedulerHook                 
(VERY_LOW    ) CheckpointHook                     
 -------------------- 
before_val:
(VERY_HIGH   ) RuntimeInfoHook                    
 -------------------- 
before_val_epoch:
(NORMAL      ) IterTimerHook                      
 -------------------- 
before_val_iter:
(NORMAL      ) IterTimerHook                      
 -------------------- 
after_val_iter:
(NORMAL      ) IterTimerHook                      
(NORMAL      ) DetVisualizationHook               
(BELOW_NORMAL) LoggerHook                         
 -------------------- 
after_val_epoch:
(VERY_HIGH   ) RuntimeInfoHook                    
(NORMAL      ) IterTimerHook                      
(BELOW_NORMAL) LoggerHook                         
(LOW         ) ParamSchedulerHook                 
(VERY_LOW    ) CheckpointHook                     
(LOWEST      ) EarlyStoppingHook                  
 -------------------- 
after_val:
(VERY_HIGH   ) RuntimeInfoHook                    
 -------------------- 
after_train:
(VERY_HIGH   ) RuntimeInfoHook                    
(VERY_LOW    ) CheckpointHook                     
 -------------------- 
before_test:
(VERY_HIGH   ) RuntimeInfoHook                    
 -------------------- 
before_test_epoch:
(NORMAL      ) IterTimerHook                      
 -------------------- 
before_test_iter:
(NORMAL      ) IterTimerHook                      
 -------------------- 
after_test_iter:
(NORMAL      ) IterTimerHook                      
(NORMAL      ) DetVisualizationHook               
(BELOW_NORMAL) LoggerHook                         
 -------------------- 
after_test_epoch:
(VERY_HIGH   ) RuntimeInfoHook                    
(NORMAL      ) IterTimerHook                      
(BELOW_NORMAL) LoggerHook                         
 -------------------- 
after_test:
(VERY_HIGH   ) RuntimeInfoHook                    
 -------------------- 
after_run:
(BELOW_NORMAL) LoggerHook                         
 -------------------- 
loading annotations into memory...
Done (t=0.93s)
creating index...
index created!
loading annotations into memory...
Done (t=0.16s)
creating index...
index created!
loading annotations into memory...
Done (t=0.12s)
creating index...
index created!
10/23 22:03:24 - mmengine - INFO - load model from: torchvision://resnet50
10/23 22:03:24 - mmengine - INFO - Loads checkpoint by torchvision backend from path: torchvision://resnet50
10/23 22:03:25 - mmengine - WARNING - The model and loaded state dict do not match exactly

unexpected key in source state_dict: fc.weight, fc.bias

Loads checkpoint by local backend from path: /networkhome/WMGDS/souval_g/neuRAWns_mmdet/work_dirs/exp001_faster_rcnn_r50_fpn/best_coco_bbox_mAP_epoch_19.pth
The model and loaded state dict do not match exactly

unexpected key in source state_dict: backbone.conv1.weight, backbone.bn1.weight, backbone.bn1.bias, backbone.bn1.running_mean, backbone.bn1.running_var, backbone.bn1.num_batches_tracked, backbone.layer1.0.conv1.weight, backbone.layer1.0.bn1.weight, backbone.layer1.0.bn1.bias, backbone.layer1.0.bn1.running_mean, backbone.layer1.0.bn1.running_var, backbone.layer1.0.bn1.num_batches_tracked, backbone.layer1.0.conv2.weight, backbone.layer1.0.bn2.weight, backbone.layer1.0.bn2.bias, backbone.layer1.0.bn2.running_mean, backbone.layer1.0.bn2.running_var, backbone.layer1.0.bn2.num_batches_tracked, backbone.layer1.0.conv3.weight, backbone.layer1.0.bn3.weight, backbone.layer1.0.bn3.bias, backbone.layer1.0.bn3.running_mean, backbone.layer1.0.bn3.running_var, backbone.layer1.0.bn3.num_batches_tracked, backbone.layer1.0.downsample.0.weight, backbone.layer1.0.downsample.1.weight, backbone.layer1.0.downsample.1.bias, backbone.layer1.0.downsample.1.running_mean, backbone.layer1.0.downsample.1.running_var, backbone.layer1.0.downsample.1.num_batches_tracked, backbone.layer1.1.conv1.weight, backbone.layer1.1.bn1.weight, backbone.layer1.1.bn1.bias, backbone.layer1.1.bn1.running_mean, backbone.layer1.1.bn1.running_var, backbone.layer1.1.bn1.num_batches_tracked, backbone.layer1.1.conv2.weight, backbone.layer1.1.bn2.weight, backbone.layer1.1.bn2.bias, backbone.layer1.1.bn2.running_mean, backbone.layer1.1.bn2.running_var, backbone.layer1.1.bn2.num_batches_tracked, backbone.layer1.1.conv3.weight, backbone.layer1.1.bn3.weight, backbone.layer1.1.bn3.bias, backbone.layer1.1.bn3.running_mean, backbone.layer1.1.bn3.running_var, backbone.layer1.1.bn3.num_batches_tracked, backbone.layer1.2.conv1.weight, backbone.layer1.2.bn1.weight, backbone.layer1.2.bn1.bias, backbone.layer1.2.bn1.running_mean, backbone.layer1.2.bn1.running_var, backbone.layer1.2.bn1.num_batches_tracked, backbone.layer1.2.conv2.weight, backbone.layer1.2.bn2.weight, backbone.layer1.2.bn2.bias, backbone.layer1.2.bn2.running_mean, backbone.layer1.2.bn2.running_var, backbone.layer1.2.bn2.num_batches_tracked, backbone.layer1.2.conv3.weight, backbone.layer1.2.bn3.weight, backbone.layer1.2.bn3.bias, backbone.layer1.2.bn3.running_mean, backbone.layer1.2.bn3.running_var, backbone.layer1.2.bn3.num_batches_tracked, backbone.layer2.0.conv1.weight, backbone.layer2.0.bn1.weight, backbone.layer2.0.bn1.bias, backbone.layer2.0.bn1.running_mean, backbone.layer2.0.bn1.running_var, backbone.layer2.0.bn1.num_batches_tracked, backbone.layer2.0.conv2.weight, backbone.layer2.0.bn2.weight, backbone.layer2.0.bn2.bias, backbone.layer2.0.bn2.running_mean, backbone.layer2.0.bn2.running_var, backbone.layer2.0.bn2.num_batches_tracked, backbone.layer2.0.conv3.weight, backbone.layer2.0.bn3.weight, backbone.layer2.0.bn3.bias, backbone.layer2.0.bn3.running_mean, backbone.layer2.0.bn3.running_var, backbone.layer2.0.bn3.num_batches_tracked, backbone.layer2.0.downsample.0.weight, backbone.layer2.0.downsample.1.weight, backbone.layer2.0.downsample.1.bias, backbone.layer2.0.downsample.1.running_mean, backbone.layer2.0.downsample.1.running_var, backbone.layer2.0.downsample.1.num_batches_tracked, backbone.layer2.1.conv1.weight, backbone.layer2.1.bn1.weight, backbone.layer2.1.bn1.bias, backbone.layer2.1.bn1.running_mean, backbone.layer2.1.bn1.running_var, backbone.layer2.1.bn1.num_batches_tracked, backbone.layer2.1.conv2.weight, backbone.layer2.1.bn2.weight, backbone.layer2.1.bn2.bias, backbone.layer2.1.bn2.running_mean, backbone.layer2.1.bn2.running_var, backbone.layer2.1.bn2.num_batches_tracked, backbone.layer2.1.conv3.weight, backbone.layer2.1.bn3.weight, backbone.layer2.1.bn3.bias, backbone.layer2.1.bn3.running_mean, backbone.layer2.1.bn3.running_var, backbone.layer2.1.bn3.num_batches_tracked, backbone.layer2.2.conv1.weight, backbone.layer2.2.bn1.weight, backbone.layer2.2.bn1.bias, backbone.layer2.2.bn1.running_mean, backbone.layer2.2.bn1.running_var, backbone.layer2.2.bn1.num_batches_tracked, backbone.layer2.2.conv2.weight, backbone.layer2.2.bn2.weight, backbone.layer2.2.bn2.bias, backbone.layer2.2.bn2.running_mean, backbone.layer2.2.bn2.running_var, backbone.layer2.2.bn2.num_batches_tracked, backbone.layer2.2.conv3.weight, backbone.layer2.2.bn3.weight, backbone.layer2.2.bn3.bias, backbone.layer2.2.bn3.running_mean, backbone.layer2.2.bn3.running_var, backbone.layer2.2.bn3.num_batches_tracked, backbone.layer2.3.conv1.weight, backbone.layer2.3.bn1.weight, backbone.layer2.3.bn1.bias, backbone.layer2.3.bn1.running_mean, backbone.layer2.3.bn1.running_var, backbone.layer2.3.bn1.num_batches_tracked, backbone.layer2.3.conv2.weight, backbone.layer2.3.bn2.weight, backbone.layer2.3.bn2.bias, backbone.layer2.3.bn2.running_mean, backbone.layer2.3.bn2.running_var, backbone.layer2.3.bn2.num_batches_tracked, backbone.layer2.3.conv3.weight, backbone.layer2.3.bn3.weight, backbone.layer2.3.bn3.bias, backbone.layer2.3.bn3.running_mean, backbone.layer2.3.bn3.running_var, backbone.layer2.3.bn3.num_batches_tracked, backbone.layer3.0.conv1.weight, backbone.layer3.0.bn1.weight, backbone.layer3.0.bn1.bias, backbone.layer3.0.bn1.running_mean, backbone.layer3.0.bn1.running_var, backbone.layer3.0.bn1.num_batches_tracked, backbone.layer3.0.conv2.weight, backbone.layer3.0.bn2.weight, backbone.layer3.0.bn2.bias, backbone.layer3.0.bn2.running_mean, backbone.layer3.0.bn2.running_var, backbone.layer3.0.bn2.num_batches_tracked, backbone.layer3.0.conv3.weight, backbone.layer3.0.bn3.weight, backbone.layer3.0.bn3.bias, backbone.layer3.0.bn3.running_mean, backbone.layer3.0.bn3.running_var, backbone.layer3.0.bn3.num_batches_tracked, backbone.layer3.0.downsample.0.weight, backbone.layer3.0.downsample.1.weight, backbone.layer3.0.downsample.1.bias, backbone.layer3.0.downsample.1.running_mean, backbone.layer3.0.downsample.1.running_var, backbone.layer3.0.downsample.1.num_batches_tracked, backbone.layer3.1.conv1.weight, backbone.layer3.1.bn1.weight, backbone.layer3.1.bn1.bias, backbone.layer3.1.bn1.running_mean, backbone.layer3.1.bn1.running_var, backbone.layer3.1.bn1.num_batches_tracked, backbone.layer3.1.conv2.weight, backbone.layer3.1.bn2.weight, backbone.layer3.1.bn2.bias, backbone.layer3.1.bn2.running_mean, backbone.layer3.1.bn2.running_var, backbone.layer3.1.bn2.num_batches_tracked, backbone.layer3.1.conv3.weight, backbone.layer3.1.bn3.weight, backbone.layer3.1.bn3.bias, backbone.layer3.1.bn3.running_mean, backbone.layer3.1.bn3.running_var, backbone.layer3.1.bn3.num_batches_tracked, backbone.layer3.2.conv1.weight, backbone.layer3.2.bn1.weight, backbone.layer3.2.bn1.bias, backbone.layer3.2.bn1.running_mean, backbone.layer3.2.bn1.running_var, backbone.layer3.2.bn1.num_batches_tracked, backbone.layer3.2.conv2.weight, backbone.layer3.2.bn2.weight, backbone.layer3.2.bn2.bias, backbone.layer3.2.bn2.running_mean, backbone.layer3.2.bn2.running_var, backbone.layer3.2.bn2.num_batches_tracked, backbone.layer3.2.conv3.weight, backbone.layer3.2.bn3.weight, backbone.layer3.2.bn3.bias, backbone.layer3.2.bn3.running_mean, backbone.layer3.2.bn3.running_var, backbone.layer3.2.bn3.num_batches_tracked, backbone.layer3.3.conv1.weight, backbone.layer3.3.bn1.weight, backbone.layer3.3.bn1.bias, backbone.layer3.3.bn1.running_mean, backbone.layer3.3.bn1.running_var, backbone.layer3.3.bn1.num_batches_tracked, backbone.layer3.3.conv2.weight, backbone.layer3.3.bn2.weight, backbone.layer3.3.bn2.bias, backbone.layer3.3.bn2.running_mean, backbone.layer3.3.bn2.running_var, backbone.layer3.3.bn2.num_batches_tracked, backbone.layer3.3.conv3.weight, backbone.layer3.3.bn3.weight, backbone.layer3.3.bn3.bias, backbone.layer3.3.bn3.running_mean, backbone.layer3.3.bn3.running_var, backbone.layer3.3.bn3.num_batches_tracked, backbone.layer3.4.conv1.weight, backbone.layer3.4.bn1.weight, backbone.layer3.4.bn1.bias, backbone.layer3.4.bn1.running_mean, backbone.layer3.4.bn1.running_var, backbone.layer3.4.bn1.num_batches_tracked, backbone.layer3.4.conv2.weight, backbone.layer3.4.bn2.weight, backbone.layer3.4.bn2.bias, backbone.layer3.4.bn2.running_mean, backbone.layer3.4.bn2.running_var, backbone.layer3.4.bn2.num_batches_tracked, backbone.layer3.4.conv3.weight, backbone.layer3.4.bn3.weight, backbone.layer3.4.bn3.bias, backbone.layer3.4.bn3.running_mean, backbone.layer3.4.bn3.running_var, backbone.layer3.4.bn3.num_batches_tracked, backbone.layer3.5.conv1.weight, backbone.layer3.5.bn1.weight, backbone.layer3.5.bn1.bias, backbone.layer3.5.bn1.running_mean, backbone.layer3.5.bn1.running_var, backbone.layer3.5.bn1.num_batches_tracked, backbone.layer3.5.conv2.weight, backbone.layer3.5.bn2.weight, backbone.layer3.5.bn2.bias, backbone.layer3.5.bn2.running_mean, backbone.layer3.5.bn2.running_var, backbone.layer3.5.bn2.num_batches_tracked, backbone.layer3.5.conv3.weight, backbone.layer3.5.bn3.weight, backbone.layer3.5.bn3.bias, backbone.layer3.5.bn3.running_mean, backbone.layer3.5.bn3.running_var, backbone.layer3.5.bn3.num_batches_tracked, backbone.layer4.0.conv1.weight, backbone.layer4.0.bn1.weight, backbone.layer4.0.bn1.bias, backbone.layer4.0.bn1.running_mean, backbone.layer4.0.bn1.running_var, backbone.layer4.0.bn1.num_batches_tracked, backbone.layer4.0.conv2.weight, backbone.layer4.0.bn2.weight, backbone.layer4.0.bn2.bias, backbone.layer4.0.bn2.running_mean, backbone.layer4.0.bn2.running_var, backbone.layer4.0.bn2.num_batches_tracked, backbone.layer4.0.conv3.weight, backbone.layer4.0.bn3.weight, backbone.layer4.0.bn3.bias, backbone.layer4.0.bn3.running_mean, backbone.layer4.0.bn3.running_var, backbone.layer4.0.bn3.num_batches_tracked, backbone.layer4.0.downsample.0.weight, backbone.layer4.0.downsample.1.weight, backbone.layer4.0.downsample.1.bias, backbone.layer4.0.downsample.1.running_mean, backbone.layer4.0.downsample.1.running_var, backbone.layer4.0.downsample.1.num_batches_tracked, backbone.layer4.1.conv1.weight, backbone.layer4.1.bn1.weight, backbone.layer4.1.bn1.bias, backbone.layer4.1.bn1.running_mean, backbone.layer4.1.bn1.running_var, backbone.layer4.1.bn1.num_batches_tracked, backbone.layer4.1.conv2.weight, backbone.layer4.1.bn2.weight, backbone.layer4.1.bn2.bias, backbone.layer4.1.bn2.running_mean, backbone.layer4.1.bn2.running_var, backbone.layer4.1.bn2.num_batches_tracked, backbone.layer4.1.conv3.weight, backbone.layer4.1.bn3.weight, backbone.layer4.1.bn3.bias, backbone.layer4.1.bn3.running_mean, backbone.layer4.1.bn3.running_var, backbone.layer4.1.bn3.num_batches_tracked, backbone.layer4.2.conv1.weight, backbone.layer4.2.bn1.weight, backbone.layer4.2.bn1.bias, backbone.layer4.2.bn1.running_mean, backbone.layer4.2.bn1.running_var, backbone.layer4.2.bn1.num_batches_tracked, backbone.layer4.2.conv2.weight, backbone.layer4.2.bn2.weight, backbone.layer4.2.bn2.bias, backbone.layer4.2.bn2.running_mean, backbone.layer4.2.bn2.running_var, backbone.layer4.2.bn2.num_batches_tracked, backbone.layer4.2.conv3.weight, backbone.layer4.2.bn3.weight, backbone.layer4.2.bn3.bias, backbone.layer4.2.bn3.running_mean, backbone.layer4.2.bn3.running_var, backbone.layer4.2.bn3.num_batches_tracked

missing keys in source state_dict: backbone.preprocessor.output_scale, backbone.preprocessor.conv.weight, backbone.preprocessor.conv.bias, backbone.resnet.conv1.weight, backbone.resnet.bn1.weight, backbone.resnet.bn1.bias, backbone.resnet.bn1.running_mean, backbone.resnet.bn1.running_var, backbone.resnet.layer1.0.conv1.weight, backbone.resnet.layer1.0.bn1.weight, backbone.resnet.layer1.0.bn1.bias, backbone.resnet.layer1.0.bn1.running_mean, backbone.resnet.layer1.0.bn1.running_var, backbone.resnet.layer1.0.conv2.weight, backbone.resnet.layer1.0.bn2.weight, backbone.resnet.layer1.0.bn2.bias, backbone.resnet.layer1.0.bn2.running_mean, backbone.resnet.layer1.0.bn2.running_var, backbone.resnet.layer1.0.conv3.weight, backbone.resnet.layer1.0.bn3.weight, backbone.resnet.layer1.0.bn3.bias, backbone.resnet.layer1.0.bn3.running_mean, backbone.resnet.layer1.0.bn3.running_var, backbone.resnet.layer1.0.downsample.0.weight, backbone.resnet.layer1.0.downsample.1.weight, backbone.resnet.layer1.0.downsample.1.bias, backbone.resnet.layer1.0.downsample.1.running_mean, backbone.resnet.layer1.0.downsample.1.running_var, backbone.resnet.layer1.1.conv1.weight, backbone.resnet.layer1.1.bn1.weight, backbone.resnet.layer1.1.bn1.bias, backbone.resnet.layer1.1.bn1.running_mean, backbone.resnet.layer1.1.bn1.running_var, backbone.resnet.layer1.1.conv2.weight, backbone.resnet.layer1.1.bn2.weight, backbone.resnet.layer1.1.bn2.bias, backbone.resnet.layer1.1.bn2.running_mean, backbone.resnet.layer1.1.bn2.running_var, backbone.resnet.layer1.1.conv3.weight, backbone.resnet.layer1.1.bn3.weight, backbone.resnet.layer1.1.bn3.bias, backbone.resnet.layer1.1.bn3.running_mean, backbone.resnet.layer1.1.bn3.running_var, backbone.resnet.layer1.2.conv1.weight, backbone.resnet.layer1.2.bn1.weight, backbone.resnet.layer1.2.bn1.bias, backbone.resnet.layer1.2.bn1.running_mean, backbone.resnet.layer1.2.bn1.running_var, backbone.resnet.layer1.2.conv2.weight, backbone.resnet.layer1.2.bn2.weight, backbone.resnet.layer1.2.bn2.bias, backbone.resnet.layer1.2.bn2.running_mean, backbone.resnet.layer1.2.bn2.running_var, backbone.resnet.layer1.2.conv3.weight, backbone.resnet.layer1.2.bn3.weight, backbone.resnet.layer1.2.bn3.bias, backbone.resnet.layer1.2.bn3.running_mean, backbone.resnet.layer1.2.bn3.running_var, backbone.resnet.layer2.0.conv1.weight, backbone.resnet.layer2.0.bn1.weight, backbone.resnet.layer2.0.bn1.bias, backbone.resnet.layer2.0.bn1.running_mean, backbone.resnet.layer2.0.bn1.running_var, backbone.resnet.layer2.0.conv2.weight, backbone.resnet.layer2.0.bn2.weight, backbone.resnet.layer2.0.bn2.bias, backbone.resnet.layer2.0.bn2.running_mean, backbone.resnet.layer2.0.bn2.running_var, backbone.resnet.layer2.0.conv3.weight, backbone.resnet.layer2.0.bn3.weight, backbone.resnet.layer2.0.bn3.bias, backbone.resnet.layer2.0.bn3.running_mean, backbone.resnet.layer2.0.bn3.running_var, backbone.resnet.layer2.0.downsample.0.weight, backbone.resnet.layer2.0.downsample.1.weight, backbone.resnet.layer2.0.downsample.1.bias, backbone.resnet.layer2.0.downsample.1.running_mean, backbone.resnet.layer2.0.downsample.1.running_var, backbone.resnet.layer2.1.conv1.weight, backbone.resnet.layer2.1.bn1.weight, backbone.resnet.layer2.1.bn1.bias, backbone.resnet.layer2.1.bn1.running_mean, backbone.resnet.layer2.1.bn1.running_var, backbone.resnet.layer2.1.conv2.weight, backbone.resnet.layer2.1.bn2.weight, backbone.resnet.layer2.1.bn2.bias, backbone.resnet.layer2.1.bn2.running_mean, backbone.resnet.layer2.1.bn2.running_var, backbone.resnet.layer2.1.conv3.weight, backbone.resnet.layer2.1.bn3.weight, backbone.resnet.layer2.1.bn3.bias, backbone.resnet.layer2.1.bn3.running_mean, backbone.resnet.layer2.1.bn3.running_var, backbone.resnet.layer2.2.conv1.weight, backbone.resnet.layer2.2.bn1.weight, backbone.resnet.layer2.2.bn1.bias, backbone.resnet.layer2.2.bn1.running_mean, backbone.resnet.layer2.2.bn1.running_var, backbone.resnet.layer2.2.conv2.weight, backbone.resnet.layer2.2.bn2.weight, backbone.resnet.layer2.2.bn2.bias, backbone.resnet.layer2.2.bn2.running_mean, backbone.resnet.layer2.2.bn2.running_var, backbone.resnet.layer2.2.conv3.weight, backbone.resnet.layer2.2.bn3.weight, backbone.resnet.layer2.2.bn3.bias, backbone.resnet.layer2.2.bn3.running_mean, backbone.resnet.layer2.2.bn3.running_var, backbone.resnet.layer2.3.conv1.weight, backbone.resnet.layer2.3.bn1.weight, backbone.resnet.layer2.3.bn1.bias, backbone.resnet.layer2.3.bn1.running_mean, backbone.resnet.layer2.3.bn1.running_var, backbone.resnet.layer2.3.conv2.weight, backbone.resnet.layer2.3.bn2.weight, backbone.resnet.layer2.3.bn2.bias, backbone.resnet.layer2.3.bn2.running_mean, backbone.resnet.layer2.3.bn2.running_var, backbone.resnet.layer2.3.conv3.weight, backbone.resnet.layer2.3.bn3.weight, backbone.resnet.layer2.3.bn3.bias, backbone.resnet.layer2.3.bn3.running_mean, backbone.resnet.layer2.3.bn3.running_var, backbone.resnet.layer3.0.conv1.weight, backbone.resnet.layer3.0.bn1.weight, backbone.resnet.layer3.0.bn1.bias, backbone.resnet.layer3.0.bn1.running_mean, backbone.resnet.layer3.0.bn1.running_var, backbone.resnet.layer3.0.conv2.weight, backbone.resnet.layer3.0.bn2.weight, backbone.resnet.layer3.0.bn2.bias, backbone.resnet.layer3.0.bn2.running_mean, backbone.resnet.layer3.0.bn2.running_var, backbone.resnet.layer3.0.conv3.weight, backbone.resnet.layer3.0.bn3.weight, backbone.resnet.layer3.0.bn3.bias, backbone.resnet.layer3.0.bn3.running_mean, backbone.resnet.layer3.0.bn3.running_var, backbone.resnet.layer3.0.downsample.0.weight, backbone.resnet.layer3.0.downsample.1.weight, backbone.resnet.layer3.0.downsample.1.bias, backbone.resnet.layer3.0.downsample.1.running_mean, backbone.resnet.layer3.0.downsample.1.running_var, backbone.resnet.layer3.1.conv1.weight, backbone.resnet.layer3.1.bn1.weight, backbone.resnet.layer3.1.bn1.bias, backbone.resnet.layer3.1.bn1.running_mean, backbone.resnet.layer3.1.bn1.running_var, backbone.resnet.layer3.1.conv2.weight, backbone.resnet.layer3.1.bn2.weight, backbone.resnet.layer3.1.bn2.bias, backbone.resnet.layer3.1.bn2.running_mean, backbone.resnet.layer3.1.bn2.running_var, backbone.resnet.layer3.1.conv3.weight, backbone.resnet.layer3.1.bn3.weight, backbone.resnet.layer3.1.bn3.bias, backbone.resnet.layer3.1.bn3.running_mean, backbone.resnet.layer3.1.bn3.running_var, backbone.resnet.layer3.2.conv1.weight, backbone.resnet.layer3.2.bn1.weight, backbone.resnet.layer3.2.bn1.bias, backbone.resnet.layer3.2.bn1.running_mean, backbone.resnet.layer3.2.bn1.running_var, backbone.resnet.layer3.2.conv2.weight, backbone.resnet.layer3.2.bn2.weight, backbone.resnet.layer3.2.bn2.bias, backbone.resnet.layer3.2.bn2.running_mean, backbone.resnet.layer3.2.bn2.running_var, backbone.resnet.layer3.2.conv3.weight, backbone.resnet.layer3.2.bn3.weight, backbone.resnet.layer3.2.bn3.bias, backbone.resnet.layer3.2.bn3.running_mean, backbone.resnet.layer3.2.bn3.running_var, backbone.resnet.layer3.3.conv1.weight, backbone.resnet.layer3.3.bn1.weight, backbone.resnet.layer3.3.bn1.bias, backbone.resnet.layer3.3.bn1.running_mean, backbone.resnet.layer3.3.bn1.running_var, backbone.resnet.layer3.3.conv2.weight, backbone.resnet.layer3.3.bn2.weight, backbone.resnet.layer3.3.bn2.bias, backbone.resnet.layer3.3.bn2.running_mean, backbone.resnet.layer3.3.bn2.running_var, backbone.resnet.layer3.3.conv3.weight, backbone.resnet.layer3.3.bn3.weight, backbone.resnet.layer3.3.bn3.bias, backbone.resnet.layer3.3.bn3.running_mean, backbone.resnet.layer3.3.bn3.running_var, backbone.resnet.layer3.4.conv1.weight, backbone.resnet.layer3.4.bn1.weight, backbone.resnet.layer3.4.bn1.bias, backbone.resnet.layer3.4.bn1.running_mean, backbone.resnet.layer3.4.bn1.running_var, backbone.resnet.layer3.4.conv2.weight, backbone.resnet.layer3.4.bn2.weight, backbone.resnet.layer3.4.bn2.bias, backbone.resnet.layer3.4.bn2.running_mean, backbone.resnet.layer3.4.bn2.running_var, backbone.resnet.layer3.4.conv3.weight, backbone.resnet.layer3.4.bn3.weight, backbone.resnet.layer3.4.bn3.bias, backbone.resnet.layer3.4.bn3.running_mean, backbone.resnet.layer3.4.bn3.running_var, backbone.resnet.layer3.5.conv1.weight, backbone.resnet.layer3.5.bn1.weight, backbone.resnet.layer3.5.bn1.bias, backbone.resnet.layer3.5.bn1.running_mean, backbone.resnet.layer3.5.bn1.running_var, backbone.resnet.layer3.5.conv2.weight, backbone.resnet.layer3.5.bn2.weight, backbone.resnet.layer3.5.bn2.bias, backbone.resnet.layer3.5.bn2.running_mean, backbone.resnet.layer3.5.bn2.running_var, backbone.resnet.layer3.5.conv3.weight, backbone.resnet.layer3.5.bn3.weight, backbone.resnet.layer3.5.bn3.bias, backbone.resnet.layer3.5.bn3.running_mean, backbone.resnet.layer3.5.bn3.running_var, backbone.resnet.layer4.0.conv1.weight, backbone.resnet.layer4.0.bn1.weight, backbone.resnet.layer4.0.bn1.bias, backbone.resnet.layer4.0.bn1.running_mean, backbone.resnet.layer4.0.bn1.running_var, backbone.resnet.layer4.0.conv2.weight, backbone.resnet.layer4.0.bn2.weight, backbone.resnet.layer4.0.bn2.bias, backbone.resnet.layer4.0.bn2.running_mean, backbone.resnet.layer4.0.bn2.running_var, backbone.resnet.layer4.0.conv3.weight, backbone.resnet.layer4.0.bn3.weight, backbone.resnet.layer4.0.bn3.bias, backbone.resnet.layer4.0.bn3.running_mean, backbone.resnet.layer4.0.bn3.running_var, backbone.resnet.layer4.0.downsample.0.weight, backbone.resnet.layer4.0.downsample.1.weight, backbone.resnet.layer4.0.downsample.1.bias, backbone.resnet.layer4.0.downsample.1.running_mean, backbone.resnet.layer4.0.downsample.1.running_var, backbone.resnet.layer4.1.conv1.weight, backbone.resnet.layer4.1.bn1.weight, backbone.resnet.layer4.1.bn1.bias, backbone.resnet.layer4.1.bn1.running_mean, backbone.resnet.layer4.1.bn1.running_var, backbone.resnet.layer4.1.conv2.weight, backbone.resnet.layer4.1.bn2.weight, backbone.resnet.layer4.1.bn2.bias, backbone.resnet.layer4.1.bn2.running_mean, backbone.resnet.layer4.1.bn2.running_var, backbone.resnet.layer4.1.conv3.weight, backbone.resnet.layer4.1.bn3.weight, backbone.resnet.layer4.1.bn3.bias, backbone.resnet.layer4.1.bn3.running_mean, backbone.resnet.layer4.1.bn3.running_var, backbone.resnet.layer4.2.conv1.weight, backbone.resnet.layer4.2.bn1.weight, backbone.resnet.layer4.2.bn1.bias, backbone.resnet.layer4.2.bn1.running_mean, backbone.resnet.layer4.2.bn1.running_var, backbone.resnet.layer4.2.conv2.weight, backbone.resnet.layer4.2.bn2.weight, backbone.resnet.layer4.2.bn2.bias, backbone.resnet.layer4.2.bn2.running_mean, backbone.resnet.layer4.2.bn2.running_var, backbone.resnet.layer4.2.conv3.weight, backbone.resnet.layer4.2.bn3.weight, backbone.resnet.layer4.2.bn3.bias, backbone.resnet.layer4.2.bn3.running_mean, backbone.resnet.layer4.2.bn3.running_var

10/23 22:03:25 - mmengine - INFO - Load checkpoint from /networkhome/WMGDS/souval_g/neuRAWns_mmdet/work_dirs/exp001_faster_rcnn_r50_fpn/best_coco_bbox_mAP_epoch_19.pth
10/23 22:03:25 - mmengine - INFO - 
======================================================================
DETECTOR FREEZING COMPLETE
======================================================================
Total parameters:          41,368,985
Trainable parameters:             304
Frozen parameters:         41,368,681
Percentage trainable:        0.000735%
======================================================================

10/23 22:03:25 - mmengine - INFO - [DEBUG] Trainable modules:
10/23 22:03:25 - mmengine - INFO -   ✓ backbone.preprocessor.output_scale: 1 params, shape=()
10/23 22:03:25 - mmengine - INFO -   ✓ backbone.preprocessor.conv.weight: 300 params, shape=(3, 4, 5, 5)
10/23 22:03:25 - mmengine - INFO -   ✓ backbone.preprocessor.conv.bias: 3 params, shape=(3,)
10/23 22:03:25 - mmengine - INFO - 
[DEBUG] Storing initial weights...
10/23 22:03:25 - mmengine - INFO - [DEBUG] Weights stored for comparison.

10/23 22:03:25 - mmengine - INFO - [DEBUG] Weights stored for comparison.

10/23 22:03:25 - mmengine - INFO - [DEBUG] Weights stored for comparison.

10/23 22:03:25 - mmengine - WARNING - "FileClient" will be deprecated in future. Please use io functions in https://mmengine.readthedocs.io/en/latest/api/fileio.html#file-io
10/23 22:03:25 - mmengine - WARNING - "HardDiskBackend" is the alias of "LocalBackend" and the former will be deprecated in future.
10/23 22:03:25 - mmengine - INFO - Checkpoints will be saved to /networkhome/WMGDS/souval_g/neuRAWns_mmdet/work_dirs/exp003.

======================================================================
[DEBUG] RAW_ResNet Forward - First Batch
======================================================================
Input shape:  torch.Size([4, 1, 800, 1248])
Input range:  [0.0000, 15990553.0000]

After preprocessing:
Shape: torch.Size([4, 3, 400, 624])
Range: [0.0000, 2.6400]
Mean per channel: R=1.2629, G=1.3031, B=1.3131
Std per channel:  R=0.5535, G=0.5881, B=0.6174
Overall mean: 1.2930, Overall std: 0.5873

======================================================================
[1;34mwandb[0m: 
[1;34mwandb[0m: 🚀 View run [33mexp003-frozen-detector[0m at: [34m[0m
[1;34mwandb[0m: Find logs at: [1;35mwork_dirs/exp003/20251023_220314/vis_data/wandb/run-20251023_220318-qy5svci8/logs[0m
