/networkhome/WMGDS/souval_g/anaconda3/envs/mmdet12/lib/python3.10/site-packages/mmengine/optim/optimizer/zero_optimizer.py:11: DeprecationWarning: `TorchScript` support for functional optimizers is deprecated and will be removed in a future PyTorch release. Consider using the `torch.compile` optimizer instead.
  from torch.distributed.optim import \
/networkhome/WMGDS/souval_g/anaconda3/envs/mmdet12/lib/python3.10/site-packages/mmengine/optim/optimizer/zero_optimizer.py:11: DeprecationWarning: `TorchScript` support for functional optimizers is deprecated and will be removed in a future PyTorch release. Consider using the `torch.compile` optimizer instead.
  from torch.distributed.optim import \
/networkhome/WMGDS/souval_g/.local/lib/python3.10/site-packages/albumentations/__init__.py:28: UserWarning: A new version of Albumentations is available: '2.0.8' (you have '2.0.5'). Upgrade using: pip install -U albumentations. To disable automatic update checks, set the environment variable NO_ALBUMENTATIONS_UPDATE to 1.
  check_for_updates()
wandb: Currently logged in as: georgiasouval (georgiasouval-university-of-warwick) to https://api.wandb.ai. Use `wandb login --relogin` to force relogin
wandb: Tracking run with wandb version 0.22.1
wandb: Run data is saved locally in /networkhome/WMGDS/souval_g/neuRAWns_mmdet/work_dirs/exp001_faster_rcnn_r50_fpn/20251021_113204/vis_data/wandb/run-20251021_113209-f8c5t4cy
wandb: Run `wandb offline` to turn off syncing.
wandb: Syncing run exp001-baseline-faster-rcnn-r50
wandb: ⭐️ View project at https://wandb.ai/georgiasouval-university-of-warwick/neuRAWns-mmdet-ROD
wandb: 🚀 View run at https://wandb.ai/georgiasouval-university-of-warwick/neuRAWns-mmdet-ROD/runs/f8c5t4cy
wandb: updating run metadata
wandb: uploading history steps 2058-2058, summary, console lines 5313-5336
wandb: 
wandb: Run history:
wandb:              acc ▆▂▄▁▃▇▄▇▇▆▇▇▆▆▇▆▅▅▅▇▃█▇▇▅▇▇▄▇█▇▆▆▄▇▇█▆█▄
wandb:    coco/bbox_mAP ▁▃▄▅▅▆▆▆█████████████████████
wandb: coco/bbox_mAP_50 ▁▄▅▅▅▆▆▆█████████████████████
wandb: coco/bbox_mAP_75 ▁▃▄▅▅▆▆▆█████████████████████
wandb:  coco/bbox_mAP_l ▁▃▄▅▅▆▆▅█████████████████████
wandb:  coco/bbox_mAP_m ▁▃▄▅▅▆▆▆█████████████████████
wandb:  coco/bbox_mAP_s ▁▃▅▆▆▆▇▆█▇███████████████████
wandb:        data_time ▄▄▂▂▁▁▁▁▁▁▁▁▁▁▅▃▁▄▅▅▅▄▄▅▃▁▂▁▁▁▁█▅▄▂▁▄▄▄▂
wandb:            epoch ▁▁▁▁▂▂▂▂▂▃▃▃▃▃▃▄▄▄▄▄▅▅▅▅▅▆▆▆▆▆▆▆▇▇▇▇▇▇██
wandb:        grad_norm ██▅▅▄▄▄▃▃▄▃▄▃▂▅▁▂▂▃▂▁▁▂▃▃▃▂▂▃▂▂▃▂▂▃▂▂▂▄▂
wandb:               +9 ...
wandb: 
wandb: Run summary:
wandb:              acc 96.92383
wandb:    coco/bbox_mAP 0.456
wandb: coco/bbox_mAP_50 0.679
wandb: coco/bbox_mAP_75 0.507
wandb:  coco/bbox_mAP_l 0.688
wandb:  coco/bbox_mAP_m 0.468
wandb:  coco/bbox_mAP_s 0.077
wandb:        data_time 0.05896
wandb:            epoch 29
wandb:        grad_norm 1.51622
wandb:               +9 ...
wandb: 
wandb: 🚀 View run exp001-baseline-faster-rcnn-r50 at: https://wandb.ai/georgiasouval-university-of-warwick/neuRAWns-mmdet-ROD/runs/f8c5t4cy
wandb: ⭐️ View project at: https://wandb.ai/georgiasouval-university-of-warwick/neuRAWns-mmdet-ROD
wandb: Synced 5 W&B file(s), 0 media file(s), 1 artifact file(s) and 0 other file(s)
wandb: Find logs at: ./work_dirs/exp001_faster_rcnn_r50_fpn/20251021_113204/vis_data/wandb/run-20251021_113209-f8c5t4cy/logs
