=== Attempting Kerberos authentication ===
Password for souval_g@WMGDS.WMG.WARWICK.AC.UK: 
kinit exit status: 0
Ticket cache: FILE:/tmp/krb5cc_1922617598
Default principal: souval_g@WMGDS.WMG.WARWICK.AC.UK

Valid starting     Expires            Service principal
03/27/26 14:28:37  03/28/26 00:28:37  krbtgt/WMGDS.WMG.WARWICK.AC.UK@WMGDS.WMG.WARWICK.AC.UK
	renew until 04/03/26 15:28:37
=== Starting Kerberos renewal loop ===
Kerberos renewal loop started (PID: 923917)
=== Triggering CIFS mount ===
=== Starting exp013 ===
Training command is /networkhome/WMGDS/souval_g/anaconda3/envs/mmdet12/bin/python3.10 /networkhome/WMGDS/souval_g/mmdetection/mmdet/.mim/tools/train.py configs/learnable_process_singleDet/exp13_config.py --launcher none --work-dir work_dirs/exp013. 
Gina running this. =============================
03/27 14:29:15 - mmengine - INFO - 
------------------------------------------------------------
System environment:
    sys.platform: linux
    Python: 3.10.18 (main, Jun  5 2025, 13:14:17) [GCC 11.2.0]
    CUDA available: True
    MUSA available: False
    numpy_random_seed: 149245580
    GPU 0: NVIDIA L40
    CUDA_HOME: /usr/local/cuda
    NVCC: Cuda compilation tools, release 12.4, V12.4.131
    GCC: gcc (Ubuntu 11.4.0-1ubuntu1~22.04.3) 11.4.0
    PyTorch: 2.4.0+cu121
    PyTorch compiling details: PyTorch built with:
  - GCC 9.3
  - C++ Version: 201703
  - Intel(R) oneAPI Math Kernel Library Version 2025.0-Product Build 20241009 for Intel(R) 64 architecture applications
  - Intel(R) MKL-DNN v3.4.2 (Git Hash 1137e04ec0b5251ca2b4400a4fd3c667ce843d67)
  - OpenMP 201511 (a.k.a. OpenMP 4.5)
  - LAPACK is enabled (usually provided by MKL)
  - NNPACK is enabled
  - CPU capability usage: AVX512
  - CUDA Runtime 12.1
  - NVCC architecture flags: -gencode;arch=compute_50,code=sm_50;-gencode;arch=compute_60,code=sm_60;-gencode;arch=compute_70,code=sm_70;-gencode;arch=compute_75,code=sm_75;-gencode;arch=compute_80,code=sm_80;-gencode;arch=compute_86,code=sm_86;-gencode;arch=compute_90,code=sm_90
  - CuDNN 90.1  (built against CUDA 12.4)
  - Magma 2.6.1
  - Build settings: BLAS_INFO=mkl, BUILD_TYPE=Release, CUDA_VERSION=12.1, CUDNN_VERSION=9.1.0, CXX_COMPILER=/opt/rh/devtoolset-9/root/usr/bin/c++, CXX_FLAGS= -D_GLIBCXX_USE_CXX11_ABI=0 -fabi-version=11 -fvisibility-inlines-hidden -DUSE_PTHREADPOOL -DNDEBUG -DUSE_KINETO -DLIBKINETO_NOROCTRACER -DUSE_FBGEMM -DUSE_PYTORCH_QNNPACK -DUSE_XNNPACK -DSYMBOLICATE_MOBILE_DEBUG_HANDLE -O2 -fPIC -Wall -Wextra -Werror=return-type -Werror=non-virtual-dtor -Werror=bool-operation -Wnarrowing -Wno-missing-field-initializers -Wno-type-limits -Wno-array-bounds -Wno-unknown-pragmas -Wno-unused-parameter -Wno-unused-function -Wno-unused-result -Wno-strict-overflow -Wno-strict-aliasing -Wno-stringop-overflow -Wsuggest-override -Wno-psabi -Wno-error=pedantic -Wno-error=old-style-cast -Wno-missing-braces -fdiagnostics-color=always -faligned-new -Wno-unused-but-set-variable -Wno-maybe-uninitialized -fno-math-errno -fno-trapping-math -Werror=format -Wno-stringop-overflow, LAPACK_INFO=mkl, PERF_WITH_AVX=1, PERF_WITH_AVX2=1, PERF_WITH_AVX512=1, TORCH_VERSION=2.4.0, USE_CUDA=ON, USE_CUDNN=ON, USE_CUSPARSELT=1, USE_EXCEPTION_PTR=1, USE_GFLAGS=OFF, USE_GLOG=OFF, USE_GLOO=ON, USE_MKL=ON, USE_MKLDNN=ON, USE_MPI=OFF, USE_NCCL=1, USE_NNPACK=ON, USE_OPENMP=ON, USE_ROCM=OFF, USE_ROCM_KERNEL_ASSERT=OFF, 

    TorchVision: 0.19.0+cu121
    OpenCV: 4.11.0
    MMEngine: 0.10.7

Runtime environment:
    cudnn_benchmark: False
    mp_cfg: {'mp_start_method': 'fork', 'opencv_num_threads': 0}
    dist_cfg: {'backend': 'nccl'}
    seed: 149245580
    Distributed launcher: none
    Distributed training: False
    GPU number: 1
------------------------------------------------------------

03/27 14:29:15 - mmengine - INFO - Config:
DEBUG_MODE = True
auto_scale_lr = dict(base_batch_size=16, enable=False)
backend_args = None
classes = (
    'person',
    'bicycle',
    'car',
    'train',
    'truck',
)
custom_hooks = [
    dict(
        classes=(
            'person',
            'bicycle',
            'car',
            'train',
            'truck',
        ),
        priority='VERY_HIGH',
        type='ClassMappingValidationHook'),
    dict(
        check_updates=True,
        debug_mode=True,
        priority='VERY_HIGH',
        type='FreezeDetectorHook'),
    dict(
        min_delta=0.001,
        monitor='coco/bbox_mAP',
        patience=10,
        rule='greater',
        type='EarlyStoppingHook'),
    dict(
        experiment_name='exp013',
        save_dir='sample_images',
        save_preprocessed=True,
        save_raw=True,
        type='SaveBatchImagesHook'),
]
custom_imports = dict(
    allow_failed_imports=False,
    imports=[
        'modules.raw_preprocessors',
        'modules.raw_backbones',
        'modules.hooks',
        'datasets.pipelines',
        'mmengine.hooks',
    ])
data_root = '/cifs/Shares/WMGData/ROD/yolo/'
dataset_type = 'CocoDataset'
default_hooks = dict(
    checkpoint=dict(
        _scope_='mmdet',
        interval=1,
        max_keep_ckpts=2,
        rule='greater',
        save_best='coco/bbox_mAP',
        type='CheckpointHook'),
    logger=dict(_scope_='mmdet', interval=50, type='LoggerHook'),
    param_scheduler=dict(_scope_='mmdet', type='ParamSchedulerHook'),
    sampler_seed=dict(_scope_='mmdet', type='DistSamplerSeedHook'),
    timer=dict(_scope_='mmdet', type='IterTimerHook'),
    visualization=dict(_scope_='mmdet', type='DetVisualizationHook'))
default_scope = 'mmdet'
env_cfg = dict(
    cudnn_benchmark=False,
    dist_cfg=dict(backend='nccl'),
    mp_cfg=dict(mp_start_method='fork', opencv_num_threads=0))
exp_name = 'exp013'
img_scales = [
    (
        1333,
        800,
    ),
    (
        666,
        400,
    ),
    (
        2000,
        1200,
    ),
]
launcher = 'none'
load_from = 'https://download.openmmlab.com/mmdetection/v2.0/retinanet/retinanet_r50_fpn_1x_coco/retinanet_r50_fpn_1x_coco_20200130-c2398f9e.pth'
log_level = 'INFO'
log_processor = dict(
    _scope_='mmdet', by_epoch=True, type='LogProcessor', window_size=50)
model = dict(
    _scope_='mmdet',
    backbone=dict(
        debug_mode=True,
        depth=50,
        frozen_stages=1,
        init_cfg=dict(checkpoint='torchvision://resnet50', type='Pretrained'),
        norm_cfg=dict(requires_grad=True, type='BN'),
        norm_eval=True,
        num_stages=4,
        out_indices=(
            0,
            1,
            2,
            3,
        ),
        preprocess_cfg=dict(norm_threshold=0.99, type='Exp012Processor'),
        style='pytorch',
        type='RAWResNet'),
    bbox_head=dict(
        anchor_generator=dict(
            octave_base_scale=4,
            ratios=[
                0.5,
                1.0,
                2.0,
            ],
            scales_per_octave=3,
            strides=[
                8,
                16,
                32,
                64,
                128,
            ],
            type='AnchorGenerator'),
        bbox_coder=dict(
            target_means=[
                0.0,
                0.0,
                0.0,
                0.0,
            ],
            target_stds=[
                1.0,
                1.0,
                1.0,
                1.0,
            ],
            type='DeltaXYWHBBoxCoder'),
        feat_channels=256,
        in_channels=256,
        loss_bbox=dict(loss_weight=1.0, type='L1Loss'),
        loss_cls=dict(
            alpha=0.25,
            gamma=2.0,
            loss_weight=1.0,
            type='FocalLoss',
            use_sigmoid=True),
        num_classes=80,
        stacked_convs=4,
        type='RetinaHead'),
    data_preprocessor=dict(
        bgr_to_rgb=False,
        mean=[
            0.485,
            0.456,
            0.406,
        ],
        pad_size_divisor=32,
        std=[
            0.229,
            0.224,
            0.225,
        ],
        type='DetDataPreprocessor'),
    neck=dict(
        add_extra_convs='on_input',
        in_channels=[
            256,
            512,
            1024,
            2048,
        ],
        num_outs=5,
        out_channels=256,
        start_level=1,
        type='FPN'),
    test_cfg=dict(
        max_per_img=100,
        min_bbox_size=0,
        nms=dict(iou_threshold=0.5, type='nms'),
        nms_pre=1000,
        score_thr=0.05),
    train_cfg=dict(
        allowed_border=-1,
        assigner=dict(
            ignore_iof_thr=-1,
            min_pos_iou=0,
            neg_iou_thr=0.4,
            pos_iou_thr=0.5,
            type='MaxIoUAssigner'),
        debug=False,
        pos_weight=-1,
        sampler=dict(type='PseudoSampler')),
    type='RetinaNet')
optim_wrapper = dict(
    _scope_='mmdet',
    clip_grad=dict(max_norm=35, norm_type=2),
    optimizer=dict(lr=0.01, momentum=0.9, type='SGD', weight_decay=0.0001),
    type='OptimWrapper')
param_scheduler = [
    dict(
        _scope_='mmdet',
        begin=0,
        by_epoch=False,
        end=500,
        start_factor=0.001,
        type='LinearLR'),
    dict(
        _scope_='mmdet',
        begin=0,
        by_epoch=True,
        end=12,
        gamma=0.1,
        milestones=[
            8,
            11,
        ],
        type='MultiStepLR'),
]
resume = False
test_cfg = dict(_scope_='mmdet', type='TestLoop')
test_dataloader = dict(
    batch_size=1,
    dataset=dict(
        _scope_='mmdet',
        ann_file='raw/json_raw_coco_mapped/test.json',
        backend_args=None,
        data_prefix=dict(img='raw/images/test/'),
        data_root='/cifs/Shares/WMGData/ROD/yolo/',
        metainfo=dict(
            classes=(
                'person',
                'bicycle',
                'car',
                'train',
                'truck',
            )),
        pipeline=[
            dict(type='LoadRAWImageFromFile'),
            dict(type='PackBayer'),
            dict(keep_ratio=True, scale=(
                1333,
                800,
            ), type='Resize'),
            dict(type='PackDetInputs'),
        ],
        test_mode=True,
        type='CocoDataset'),
    drop_last=False,
    num_workers=1,
    persistent_workers=True,
    sampler=dict(_scope_='mmdet', shuffle=False, type='DefaultSampler'))
test_evaluator = dict(
    _scope_='mmdet',
    ann_file='/cifs/Shares/WMGData/ROD/yolo/raw/json_raw_coco_mapped/test.json',
    backend_args=None,
    classwise=True,
    format_only=False,
    metric='bbox',
    type='CocoMetric')
test_pipeline = [
    dict(type='LoadRAWImageFromFile'),
    dict(type='PackBayer'),
    dict(keep_ratio=True, scale=(
        1333,
        800,
    ), type='Resize'),
    dict(type='PackDetInputs'),
]
train_cfg = dict(
    _scope_='mmdet',
    max_epochs=100,
    type='EpochBasedTrainLoop',
    val_interval=1)
train_dataloader = dict(
    batch_sampler=dict(_scope_='mmdet', type='AspectRatioBatchSampler'),
    batch_size=2,
    dataset=dict(
        _scope_='mmdet',
        ann_file='raw/json_raw_coco_mapped/train.json',
        backend_args=None,
        data_prefix=dict(img='raw/images/train/'),
        data_root='/cifs/Shares/WMGData/ROD/yolo/',
        filter_cfg=dict(filter_empty_gt=True, min_size=32),
        metainfo=dict(
            classes=(
                'person',
                'bicycle',
                'car',
                'train',
                'truck',
            )),
        pipeline=[
            dict(type='LoadRAWImageFromFile'),
            dict(type='PackBayer'),
            dict(type='LoadAnnotations', with_bbox=True),
            dict(keep_ratio=True, scale=(
                1333,
                800,
            ), type='Resize'),
            dict(prob=0.5, type='RandomFlip'),
            dict(type='PackDetInputs'),
        ],
        type='CocoDataset'),
    num_workers=1,
    persistent_workers=True,
    sampler=dict(_scope_='mmdet', shuffle=True, type='DefaultSampler'))
train_pipeline = [
    dict(type='LoadRAWImageFromFile'),
    dict(type='PackBayer'),
    dict(type='LoadAnnotations', with_bbox=True),
    dict(keep_ratio=True, scale=(
        1333,
        800,
    ), type='Resize'),
    dict(prob=0.5, type='RandomFlip'),
    dict(type='PackDetInputs'),
]
tta_model = dict(
    _scope_='mmdet',
    tta_cfg=dict(max_per_img=100, nms=dict(iou_threshold=0.5, type='nms')),
    type='DetTTAModel')
tta_pipeline = [
    dict(_scope_='mmdet', backend_args=None, type='LoadImageFromFile'),
    dict(
        _scope_='mmdet',
        transforms=[
            [
                dict(keep_ratio=True, scale=(
                    1333,
                    800,
                ), type='Resize'),
                dict(keep_ratio=True, scale=(
                    666,
                    400,
                ), type='Resize'),
                dict(keep_ratio=True, scale=(
                    2000,
                    1200,
                ), type='Resize'),
            ],
            [
                dict(prob=1.0, type='RandomFlip'),
                dict(prob=0.0, type='RandomFlip'),
            ],
            [
                dict(type='LoadAnnotations', with_bbox=True),
            ],
            [
                dict(
                    meta_keys=(
                        'img_id',
                        'img_path',
                        'ori_shape',
                        'img_shape',
                        'scale_factor',
                        'flip',
                        'flip_direction',
                    ),
                    type='PackDetInputs'),
            ],
        ],
        type='TestTimeAug'),
]
val_cfg = dict(_scope_='mmdet', type='ValLoop')
val_dataloader = dict(
    batch_size=1,
    dataset=dict(
        _scope_='mmdet',
        ann_file='raw/json_raw_coco_mapped/val.json',
        backend_args=None,
        data_prefix=dict(img='raw/images/val/'),
        data_root='/cifs/Shares/WMGData/ROD/yolo/',
        metainfo=dict(
            classes=(
                'person',
                'bicycle',
                'car',
                'train',
                'truck',
            )),
        pipeline=[
            dict(type='LoadRAWImageFromFile'),
            dict(type='PackBayer'),
            dict(keep_ratio=True, scale=(
                1333,
                800,
            ), type='Resize'),
            dict(type='PackDetInputs'),
        ],
        test_mode=True,
        type='CocoDataset'),
    drop_last=False,
    num_workers=1,
    persistent_workers=True,
    sampler=dict(_scope_='mmdet', shuffle=False, type='DefaultSampler'))
val_evaluator = dict(
    _scope_='mmdet',
    ann_file='/cifs/Shares/WMGData/ROD/yolo/raw/json_raw_coco_mapped/val.json',
    backend_args=None,
    classwise=True,
    format_only=False,
    metric='bbox',
    type='CocoMetric')
vis_backends = [
    dict(type='LocalVisBackend'),
    dict(
        init_kwargs=dict(
            config=dict(
                architecture='retinanet-r50',
                dataset='ROD',
                preprocessing='learning-based-frozen-detector'),
            name='exp013',
            project='neuRAWns-mmdet-ROD'),
        type='WandbVisBackend'),
]
visualizer = dict(
    _scope_='mmdet',
    name='visualizer',
    type='DetLocalVisualizer',
    vis_backends=[
        dict(type='LocalVisBackend'),
        dict(
            init_kwargs=dict(
                config=dict(
                    architecture='retinanet-r50',
                    dataset='ROD',
                    preprocessing='learning-based-frozen-detector'),
                name='exp013',
                project='neuRAWns-mmdet-ROD'),
            type='WandbVisBackend'),
    ])
work_dir = 'work_dirs/exp013'

03/27 14:29:30 - mmengine - INFO - Distributed training is not used, all SyncBatchNorm (SyncBN) layers in the model will be automatically reverted to BatchNormXd layers if they are used.
03/27 14:29:30 - mmengine - INFO - Hooks will be executed in the following order:
before_run:
(VERY_HIGH   ) RuntimeInfoHook                    
(BELOW_NORMAL) LoggerHook                         
(LOWEST      ) EarlyStoppingHook                  
 -------------------- 
before_train:
(VERY_HIGH   ) RuntimeInfoHook                    
(VERY_HIGH   ) ClassMappingValidationHook         
(VERY_HIGH   ) FreezeDetectorHook                 
(NORMAL      ) IterTimerHook                      
(VERY_LOW    ) CheckpointHook                     
 -------------------- 
before_train_epoch:
(VERY_HIGH   ) RuntimeInfoHook                    
(NORMAL      ) IterTimerHook                      
(NORMAL      ) DistSamplerSeedHook                
(NORMAL      ) SaveBatchImagesHook                
 -------------------- 
before_train_iter:
(VERY_HIGH   ) RuntimeInfoHook                    
(NORMAL      ) IterTimerHook                      
 -------------------- 
after_train_iter:
(VERY_HIGH   ) RuntimeInfoHook                    
(NORMAL      ) IterTimerHook                      
(NORMAL      ) SaveBatchImagesHook                
(BELOW_NORMAL) LoggerHook                         
(LOW         ) ParamSchedulerHook                 
(VERY_LOW    ) CheckpointHook                     
 -------------------- 
after_train_epoch:
(VERY_HIGH   ) FreezeDetectorHook                 
(NORMAL      ) IterTimerHook                      
(LOW         ) ParamSchedulerHook                 
(VERY_LOW    ) CheckpointHook                     
 -------------------- 
before_val:
(VERY_HIGH   ) RuntimeInfoHook                    
 -------------------- 
before_val_epoch:
(NORMAL      ) IterTimerHook                      
 -------------------- 
before_val_iter:
(NORMAL      ) IterTimerHook                      
 -------------------- 
after_val_iter:
(NORMAL      ) IterTimerHook                      
(NORMAL      ) DetVisualizationHook               
(BELOW_NORMAL) LoggerHook                         
 -------------------- 
after_val_epoch:
(VERY_HIGH   ) RuntimeInfoHook                    
(NORMAL      ) IterTimerHook                      
(BELOW_NORMAL) LoggerHook                         
(LOW         ) ParamSchedulerHook                 
(VERY_LOW    ) CheckpointHook                     
(LOWEST      ) EarlyStoppingHook                  
 -------------------- 
after_val:
(VERY_HIGH   ) RuntimeInfoHook                    
 -------------------- 
after_train:
(VERY_HIGH   ) RuntimeInfoHook                    
(VERY_LOW    ) CheckpointHook                     
 -------------------- 
before_test:
(VERY_HIGH   ) RuntimeInfoHook                    
 -------------------- 
before_test_epoch:
(NORMAL      ) IterTimerHook                      
 -------------------- 
before_test_iter:
(NORMAL      ) IterTimerHook                      
 -------------------- 
after_test_iter:
(NORMAL      ) IterTimerHook                      
(NORMAL      ) DetVisualizationHook               
(BELOW_NORMAL) LoggerHook                         
 -------------------- 
after_test_epoch:
(VERY_HIGH   ) RuntimeInfoHook                    
(NORMAL      ) IterTimerHook                      
(BELOW_NORMAL) LoggerHook                         
 -------------------- 
after_test:
(VERY_HIGH   ) RuntimeInfoHook                    
 -------------------- 
after_run:
(BELOW_NORMAL) LoggerHook                         
 -------------------- 
loading annotations into memory...
Done (t=1.42s)
creating index...
index created!
loading annotations into memory...
Done (t=0.20s)
creating index...
index created!
loading annotations into memory...
Done (t=0.12s)
creating index...
index created!
03/27 14:29:35 - mmengine - INFO - load model from: torchvision://resnet50
03/27 14:29:35 - mmengine - INFO - Loads checkpoint by torchvision backend from path: torchvision://resnet50
03/27 14:29:36 - mmengine - WARNING - The model and loaded state dict do not match exactly

unexpected key in source state_dict: fc.weight, fc.bias

Loads checkpoint by http backend from path: https://download.openmmlab.com/mmdetection/v2.0/retinanet/retinanet_r50_fpn_1x_coco/retinanet_r50_fpn_1x_coco_20200130-c2398f9e.pth
The model and loaded state dict do not match exactly

missing keys in source state_dict: backbone.preprocessor.channel_gain, backbone.preprocessor.conv.weight, backbone.preprocessor.conv.bias

03/27 14:29:47 - mmengine - INFO - Load checkpoint from https://download.openmmlab.com/mmdetection/v2.0/retinanet/retinanet_r50_fpn_1x_coco/retinanet_r50_fpn_1x_coco_20200130-c2398f9e.pth

================================================================================
CLASS MAPPING VALIDATION - EXP004
================================================================================

[INFO] ROD → COCO Class Mapping:
  ROD annotations will be remapped to these COCO classes:
    ROD class 0 → COCO 'person'
    ROD class 1 → COCO 'bicycle'
    ROD class 2 → COCO 'car'
    ROD class 3 → COCO 'train'
    ROD class 4 → COCO 'truck'

[INFO] Total classes in config: 5

================================================================================

03/27 14:29:47 - mmengine - INFO - 
======================================================================
DETECTOR FREEZING COMPLETE
======================================================================
Total parameters:          37,968,725
Trainable parameters:              33
Frozen parameters:         37,968,692
Percentage trainable:        0.000087%
======================================================================

03/27 14:29:47 - mmengine - INFO - [DEBUG] Trainable modules:
03/27 14:29:47 - mmengine - INFO -   ✓ backbone.preprocessor.channel_gain: 3 params, shape=(3,)
03/27 14:29:47 - mmengine - INFO -   ✓ backbone.preprocessor.conv.weight: 27 params, shape=(3, 1, 3, 3)
03/27 14:29:47 - mmengine - INFO -   ✓ backbone.preprocessor.conv.bias: 3 params, shape=(3,)
03/27 14:29:47 - mmengine - INFO - 
[DEBUG] Storing initial weights...
03/27 14:29:47 - mmengine - INFO - [DEBUG] Weights stored for comparison.

03/27 14:29:47 - mmengine - INFO - [DEBUG] Weights stored for comparison.

03/27 14:29:47 - mmengine - INFO - [DEBUG] Weights stored for comparison.

03/27 14:29:47 - mmengine - WARNING - "FileClient" will be deprecated in future. Please use io functions in https://mmengine.readthedocs.io/en/latest/api/fileio.html#file-io
03/27 14:29:47 - mmengine - WARNING - "HardDiskBackend" is the alias of "LocalBackend" and the former will be deprecated in future.
03/27 14:29:47 - mmengine - INFO - Checkpoints will be saved to /networkhome/WMGDS/souval_g/neuRAWns_mmdet/work_dirs/exp013.

======================================================================
[DEBUG] RAW_ResNet Forward - First Batch
======================================================================
Input shape:  torch.Size([2, 3, 800, 1248])
Input range:  [-1.8044, 71386392.0000]
03/27 14:29:54 - mmengine - INFO - Saved 2 images from epoch 1 to sample_images/exp013/epoch_1
03/27 14:30:22 - mmengine - INFO - Epoch(train)   [1][  50/7008]  lr: 9.9098e-04  eta: 5 days, 14:48:13  time: 0.6925  data_time: 0.5499  memory: 4408  grad_norm: 0.2049  loss: inf  loss_cls: 2.0422  loss_bbox: inf
03/27 14:31:21 - mmengine - INFO - Epoch(train)   [1][ 100/7008]  lr: 1.9920e-03  eta: 7 days, 13:58:05  time: 1.1773  data_time: 1.0878  memory: 4405  grad_norm: 0.1964  loss: inf  loss_cls: 1.9944  loss_bbox: inf
03/27 14:31:49 - mmengine - INFO - Epoch(train)   [1][ 150/7008]  lr: 2.9930e-03  eta: 6 days, 14:08:39  time: 0.5679  data_time: 0.4779  memory: 4406  grad_norm: 0.1715  loss: inf  loss_cls: 2.0487  loss_bbox: inf
03/27 14:32:18 - mmengine - INFO - Epoch(train)   [1][ 200/7008]  lr: 3.9940e-03  eta: 6 days, 2:29:12  time: 0.5732  data_time: 0.4833  memory: 4461  grad_norm: 0.1616  loss: inf  loss_cls: 2.0361  loss_bbox: inf
03/27 14:32:47 - mmengine - INFO - Epoch(train)   [1][ 250/7008]  lr: 4.9950e-03  eta: 5 days, 19:27:22  time: 0.5723  data_time: 0.4823  memory: 4406  grad_norm: 0.1856  loss: inf  loss_cls: 2.0458  loss_bbox: inf
03/27 14:33:15 - mmengine - INFO - Epoch(train)   [1][ 300/7008]  lr: 5.9960e-03  eta: 5 days, 14:49:29  time: 0.5741  data_time: 0.4842  memory: 4406  grad_norm: 0.1823  loss: inf  loss_cls: 2.0375  loss_bbox: inf
03/27 14:33:43 - mmengine - INFO - Epoch(train)   [1][ 350/7008]  lr: 6.9970e-03  eta: 5 days, 11:11:51  time: 0.5627  data_time: 0.4712  memory: 4406  grad_norm: 0.1541  loss: inf  loss_cls: 2.0120  loss_bbox: inf
03/27 14:34:11 - mmengine - INFO - Epoch(train)   [1][ 400/7008]  lr: 7.9980e-03  eta: 5 days, 8:00:18  time: 0.5434  data_time: 0.4539  memory: 4407  grad_norm: 0.1669  loss: inf  loss_cls: 2.0231  loss_bbox: inf
03/27 14:34:39 - mmengine - INFO - Epoch(train)   [1][ 450/7008]  lr: 8.9990e-03  eta: 5 days, 6:14:18  time: 0.5766  data_time: 0.4867  memory: 4407  grad_norm: 0.1596  loss: inf  loss_cls: 2.0244  loss_bbox: inf
03/27 14:35:08 - mmengine - INFO - Epoch(train)   [1][ 500/7008]  lr: 1.0000e-02  eta: 5 days, 4:40:23  time: 0.5689  data_time: 0.4789  memory: 4406  grad_norm: 0.2257  loss: inf  loss_cls: 2.0185  loss_bbox: inf
03/27 14:35:37 - mmengine - INFO - Epoch(train)   [1][ 550/7008]  lr: 1.0000e-02  eta: 5 days, 3:43:23  time: 0.5877  data_time: 0.4975  memory: 4406  grad_norm: 0.2073  loss: inf  loss_cls: 1.9892  loss_bbox: inf
03/27 14:36:06 - mmengine - INFO - Epoch(train)   [1][ 600/7008]  lr: 1.0000e-02  eta: 5 days, 2:43:56  time: 0.5755  data_time: 0.4850  memory: 4407  grad_norm: 0.1594  loss: inf  loss_cls: 1.9933  loss_bbox: inf
03/27 14:36:36 - mmengine - INFO - Epoch(train)   [1][ 650/7008]  lr: 1.0000e-02  eta: 5 days, 2:22:43  time: 0.6080  data_time: 0.5186  memory: 4406  grad_norm: 0.1523  loss: inf  loss_cls: 2.0030  loss_bbox: inf
03/27 14:37:06 - mmengine - INFO - Epoch(train)   [1][ 700/7008]  lr: 1.0000e-02  eta: 5 days, 1:46:37  time: 0.5865  data_time: 0.4965  memory: 4406  grad_norm: 0.1434  loss: inf  loss_cls: 2.0021  loss_bbox: inf
03/27 14:37:35 - mmengine - INFO - Epoch(train)   [1][ 750/7008]  lr: 1.0000e-02  eta: 5 days, 1:16:59  time: 0.5888  data_time: 0.4996  memory: 4406  grad_norm: 0.1605  loss: inf  loss_cls: 2.0076  loss_bbox: inf
03/27 14:38:03 - mmengine - INFO - Epoch(train)   [1][ 800/7008]  lr: 1.0000e-02  eta: 5 days, 0:28:57  time: 0.5585  data_time: 0.4682  memory: 4405  grad_norm: 0.1425  loss: inf  loss_cls: 1.9763  loss_bbox: inf
03/27 14:38:33 - mmengine - INFO - Epoch(train)   [1][ 850/7008]  lr: 1.0000e-02  eta: 5 days, 0:10:30  time: 0.5935  data_time: 0.5043  memory: 4407  grad_norm: 0.1638  loss: inf  loss_cls: 2.0040  loss_bbox: inf
03/27 14:39:02 - mmengine - INFO - Epoch(train)   [1][ 900/7008]  lr: 1.0000e-02  eta: 4 days, 23:45:14  time: 0.5799  data_time: 0.4899  memory: 4406  grad_norm: 0.1472  loss: inf  loss_cls: 1.9942  loss_bbox: inf
03/27 14:39:33 - mmengine - INFO - Epoch(train)   [1][ 950/7008]  lr: 1.0000e-02  eta: 4 days, 23:53:11  time: 0.6298  data_time: 0.5403  memory: 4405  grad_norm: 0.1420  loss: inf  loss_cls: 1.9964  loss_bbox: inf
03/27 14:40:33 - mmengine - INFO - Exp name: exp13_config_20260327_142913
03/27 14:40:33 - mmengine - INFO - Epoch(train)   [1][1000/7008]  lr: 1.0000e-02  eta: 5 days, 5:33:09  time: 1.2005  data_time: 1.1102  memory: 4405  grad_norm: 0.1490  loss: inf  loss_cls: 1.9836  loss_bbox: inf
03/27 14:41:02 - mmengine - INFO - Epoch(train)   [1][1050/7008]  lr: 1.0000e-02  eta: 5 days, 4:52:30  time: 0.5737  data_time: 0.4839  memory: 4407  grad_norm: 0.1514  loss: inf  loss_cls: 1.9741  loss_bbox: inf
03/27 14:42:01 - mmengine - INFO - Epoch(train)   [1][1100/7008]  lr: 1.0000e-02  eta: 5 days, 9:36:26  time: 1.1791  data_time: 1.0894  memory: 4406  grad_norm: 0.1581  loss: inf  loss_cls: 1.9998  loss_bbox: inf
03/27 14:42:30 - mmengine - INFO - Epoch(train)   [1][1150/7008]  lr: 1.0000e-02  eta: 5 days, 8:49:01  time: 0.5744  data_time: 0.4842  memory: 4406  grad_norm: 0.1342  loss: inf  loss_cls: 1.9881  loss_bbox: inf
03/27 14:42:59 - mmengine - INFO - Epoch(train)   [1][1200/7008]  lr: 1.0000e-02  eta: 5 days, 8:10:52  time: 0.5854  data_time: 0.4967  memory: 4406  grad_norm: 0.1565  loss: inf  loss_cls: 1.9668  loss_bbox: inf
03/27 14:43:27 - mmengine - INFO - Epoch(train)   [1][1250/7008]  lr: 1.0000e-02  eta: 5 days, 7:27:24  time: 0.5676  data_time: 0.4773  memory: 4433  grad_norm: 0.1140  loss: inf  loss_cls: 1.9912  loss_bbox: inf
03/27 14:44:29 - mmengine - INFO - Epoch(train)   [1][1300/7008]  lr: 1.0000e-02  eta: 5 days, 11:43:02  time: 1.2272  data_time: 1.1374  memory: 4407  grad_norm: 0.1263  loss: inf  loss_cls: 1.9823  loss_bbox: inf
03/27 14:44:57 - mmengine - INFO - Epoch(train)   [1][1350/7008]  lr: 1.0000e-02  eta: 5 days, 10:55:00  time: 0.5679  data_time: 0.4786  memory: 4407  grad_norm: 0.1353  loss: inf  loss_cls: 1.9604  loss_bbox: inf
03/27 14:45:25 - mmengine - INFO - Epoch(train)   [1][1400/7008]  lr: 1.0000e-02  eta: 5 days, 10:09:53  time: 0.5668  data_time: 0.4775  memory: 4434  grad_norm: 0.1201  loss: inf  loss_cls: 1.9547  loss_bbox: inf
03/27 14:45:53 - mmengine - INFO - Epoch(train)   [1][1450/7008]  lr: 1.0000e-02  eta: 5 days, 9:24:44  time: 0.5590  data_time: 0.4693  memory: 4407  grad_norm: 0.1681  loss: inf  loss_cls: 1.9867  loss_bbox: inf
03/27 14:46:22 - mmengine - INFO - Epoch(train)   [1][1500/7008]  lr: 1.0000e-02  eta: 5 days, 8:46:45  time: 0.5699  data_time: 0.4804  memory: 4406  grad_norm: 0.1262  loss: inf  loss_cls: 1.9924  loss_bbox: inf
03/27 14:46:50 - mmengine - INFO - Epoch(train)   [1][1550/7008]  lr: 1.0000e-02  eta: 5 days, 8:08:01  time: 0.5614  data_time: 0.4710  memory: 4407  grad_norm: 0.1342  loss: inf  loss_cls: 1.9764  loss_bbox: inf
03/27 14:47:20 - mmengine - INFO - Epoch(train)   [1][1600/7008]  lr: 1.0000e-02  eta: 5 days, 7:47:33  time: 0.6050  data_time: 0.5144  memory: 4429  grad_norm: 0.1279  loss: inf  loss_cls: 1.9866  loss_bbox: inf
03/27 14:47:51 - mmengine - INFO - Epoch(train)   [1][1650/7008]  lr: 1.0000e-02  eta: 5 days, 7:29:05  time: 0.6073  data_time: 0.5177  memory: 4406  grad_norm: 0.1069  loss: inf  loss_cls: 1.9583  loss_bbox: inf
03/27 14:48:20 - mmengine - INFO - Epoch(train)   [1][1700/7008]  lr: 1.0000e-02  eta: 5 days, 7:06:31  time: 0.5922  data_time: 0.5020  memory: 4405  grad_norm: 0.1175  loss: inf  loss_cls: 1.9976  loss_bbox: inf
03/27 14:48:51 - mmengine - INFO - Epoch(train)   [1][1750/7008]  lr: 1.0000e-02  eta: 5 days, 6:50:17  time: 0.6074  data_time: 0.5190  memory: 4405  grad_norm: 0.1459  loss: inf  loss_cls: 1.9690  loss_bbox: inf
03/27 14:49:21 - mmengine - INFO - Epoch(train)   [1][1800/7008]  lr: 1.0000e-02  eta: 5 days, 6:35:27  time: 0.6091  data_time: 0.5190  memory: 4405  grad_norm: 0.1124  loss: inf  loss_cls: 1.9884  loss_bbox: inf
03/27 14:49:55 - mmengine - INFO - Epoch(train)   [1][1850/7008]  lr: 1.0000e-02  eta: 5 days, 6:40:39  time: 0.6702  data_time: 0.5801  memory: 4406  grad_norm: 0.1258  loss: inf  loss_cls: 1.9616  loss_bbox: inf
03/27 14:50:30 - mmengine - INFO - Epoch(train)   [1][1900/7008]  lr: 1.0000e-02  eta: 5 days, 7:00:35  time: 0.7193  data_time: 0.6294  memory: 4433  grad_norm: 0.1158  loss: inf  loss_cls: 1.9853  loss_bbox: inf
03/27 14:51:12 - mmengine - INFO - Epoch(train)   [1][1950/7008]  lr: 1.0000e-02  eta: 5 days, 7:50:34  time: 0.8234  data_time: 0.7333  memory: 4407  grad_norm: 0.1070  loss: inf  loss_cls: 1.9802  loss_bbox: inf
03/27 14:51:58 - mmengine - INFO - Exp name: exp13_config_20260327_142913
03/27 14:51:58 - mmengine - INFO - Epoch(train)   [1][2000/7008]  lr: 1.0000e-02  eta: 5 days, 9:10:26  time: 0.9347  data_time: 0.8444  memory: 4406  grad_norm: 0.1103  loss: inf  loss_cls: 1.9760  loss_bbox: inf
03/27 14:52:45 - mmengine - INFO - Epoch(train)   [1][2050/7008]  lr: 1.0000e-02  eta: 5 days, 10:23:25  time: 0.9244  data_time: 0.8351  memory: 4407  grad_norm: 0.1062  loss: inf  loss_cls: 1.9825  loss_bbox: inf
03/27 14:53:24 - mmengine - INFO - Epoch(train)   [1][2100/7008]  lr: 1.0000e-02  eta: 5 days, 10:52:16  time: 0.7778  data_time: 0.6883  memory: 4459  grad_norm: 0.1204  loss: inf  loss_cls: 1.9514  loss_bbox: inf
03/27 14:54:01 - mmengine - INFO - Epoch(train)   [1][2150/7008]  lr: 1.0000e-02  eta: 5 days, 11:10:26  time: 0.7435  data_time: 0.6532  memory: 4405  grad_norm: 0.1083  loss: inf  loss_cls: 1.9685  loss_bbox: inf
03/27 14:54:39 - mmengine - INFO - Epoch(train)   [1][2200/7008]  lr: 1.0000e-02  eta: 5 days, 11:34:53  time: 0.7704  data_time: 0.6813  memory: 4406  grad_norm: 0.0928  loss: inf  loss_cls: 1.9541  loss_bbox: inf
03/27 14:55:11 - mmengine - INFO - Epoch(train)   [1][2250/7008]  lr: 1.0000e-02  eta: 5 days, 11:22:35  time: 0.6327  data_time: 0.5441  memory: 4406  grad_norm: 0.1132  loss: inf  loss_cls: 1.9884  loss_bbox: inf
03/27 14:55:41 - mmengine - INFO - Epoch(train)   [1][2300/7008]  lr: 1.0000e-02  eta: 5 days, 11:05:06  time: 0.6102  data_time: 0.5195  memory: 4493  grad_norm: 0.1106  loss: inf  loss_cls: 1.9709  loss_bbox: inf
03/27 14:56:12 - mmengine - INFO - Epoch(train)   [1][2350/7008]  lr: 1.0000e-02  eta: 5 days, 10:49:36  time: 0.6153  data_time: 0.5235  memory: 4405  grad_norm: 0.1124  loss: inf  loss_cls: 1.9549  loss_bbox: inf
03/27 14:56:45 - mmengine - INFO - Epoch(train)   [1][2400/7008]  lr: 1.0000e-02  eta: 5 days, 10:42:59  time: 0.6493  data_time: 0.5581  memory: 4406  grad_norm: 0.1110  loss: inf  loss_cls: 1.9835  loss_bbox: inf
03/27 14:57:16 - mmengine - INFO - Epoch(train)   [1][2450/7008]  lr: 1.0000e-02  eta: 5 days, 10:29:44  time: 0.6204  data_time: 0.5304  memory: 4406  grad_norm: 0.0995  loss: inf  loss_cls: 1.9495  loss_bbox: inf
03/27 14:57:46 - mmengine - INFO - Epoch(train)   [1][2500/7008]  lr: 1.0000e-02  eta: 5 days, 10:15:00  time: 0.6118  data_time: 0.5230  memory: 4405  grad_norm: 0.1134  loss: inf  loss_cls: 1.9765  loss_bbox: inf
03/27 14:58:24 - mmengine - INFO - Epoch(train)   [1][2550/7008]  lr: 1.0000e-02  eta: 5 days, 10:32:46  time: 0.7518  data_time: 0.6632  memory: 4407  grad_norm: 0.1019  loss: inf  loss_cls: 1.9570  loss_bbox: inf
03/27 14:58:55 - mmengine - INFO - Epoch(train)   [1][2600/7008]  lr: 1.0000e-02  eta: 5 days, 10:21:33  time: 0.6254  data_time: 0.5362  memory: 4406  grad_norm: 0.0911  loss: inf  loss_cls: 1.9496  loss_bbox: inf
03/27 14:59:23 - mmengine - INFO - Epoch(train)   [1][2650/7008]  lr: 1.0000e-02  eta: 5 days, 9:55:07  time: 0.5543  data_time: 0.4668  memory: 4406  grad_norm: 0.1110  loss: inf  loss_cls: 1.9668  loss_bbox: inf
03/27 14:59:53 - mmengine - INFO - Epoch(train)   [1][2700/7008]  lr: 1.0000e-02  eta: 5 days, 9:39:34  time: 0.6003  data_time: 0.5110  memory: 4405  grad_norm: 0.1024  loss: inf  loss_cls: 1.9492  loss_bbox: inf
03/27 15:00:22 - mmengine - INFO - Epoch(train)   [1][2750/7008]  lr: 1.0000e-02  eta: 5 days, 9:20:58  time: 0.5833  data_time: 0.4955  memory: 4406  grad_norm: 0.0906  loss: inf  loss_cls: 1.9714  loss_bbox: inf
03/27 15:00:52 - mmengine - INFO - Epoch(train)   [1][2800/7008]  lr: 1.0000e-02  eta: 5 days, 9:05:20  time: 0.5945  data_time: 0.5089  memory: 4406  grad_norm: 0.0973  loss: inf  loss_cls: 1.9549  loss_bbox: inf
03/27 15:01:22 - mmengine - INFO - Epoch(train)   [1][2850/7008]  lr: 1.0000e-02  eta: 5 days, 8:52:09  time: 0.6039  data_time: 0.5146  memory: 4407  grad_norm: 0.0977  loss: inf  loss_cls: 1.9515  loss_bbox: inf
03/27 15:01:51 - mmengine - INFO - Epoch(train)   [1][2900/7008]  lr: 1.0000e-02  eta: 5 days, 8:35:44  time: 0.5856  data_time: 0.4966  memory: 4406  grad_norm: 0.0956  loss: inf  loss_cls: 1.9446  loss_bbox: inf
03/27 15:02:19 - mmengine - INFO - Epoch(train)   [1][2950/7008]  lr: 1.0000e-02  eta: 5 days, 8:12:31  time: 0.5484  data_time: 0.4606  memory: 4406  grad_norm: 0.0993  loss: inf  loss_cls: 1.9563  loss_bbox: inf
03/27 15:02:49 - mmengine - INFO - Exp name: exp13_config_20260327_142913
03/27 15:02:49 - mmengine - INFO - Epoch(train)   [1][3000/7008]  lr: 1.0000e-02  eta: 5 days, 8:01:30  time: 0.6073  data_time: 0.5185  memory: 4407  grad_norm: 0.0961  loss: inf  loss_cls: 1.9608  loss_bbox: inf
03/27 15:03:48 - mmengine - INFO - Epoch(train)   [1][3050/7008]  lr: 1.0000e-02  eta: 5 days, 9:40:26  time: 1.1823  data_time: 1.0934  memory: 4406  grad_norm: 0.1204  loss: inf  loss_cls: 1.9775  loss_bbox: inf
03/27 15:04:16 - mmengine - INFO - Epoch(train)   [1][3100/7008]  lr: 1.0000e-02  eta: 5 days, 9:18:37  time: 0.5557  data_time: 0.4667  memory: 4407  grad_norm: 0.1061  loss: inf  loss_cls: 1.9551  loss_bbox: inf
03/27 15:04:46 - mmengine - INFO - Epoch(train)   [1][3150/7008]  lr: 1.0000e-02  eta: 5 days, 9:07:24  time: 0.6095  data_time: 0.5202  memory: 4429  grad_norm: 0.1050  loss: inf  loss_cls: 1.9585  loss_bbox: inf
03/27 15:05:15 - mmengine - INFO - Epoch(train)   [1][3200/7008]  lr: 1.0000e-02  eta: 5 days, 8:50:44  time: 0.5776  data_time: 0.4886  memory: 4406  grad_norm: 0.1035  loss: inf  loss_cls: 1.9467  loss_bbox: inf
03/27 15:05:44 - mmengine - INFO - Epoch(train)   [1][3250/7008]  lr: 1.0000e-02  eta: 5 days, 8:34:36  time: 0.5778  data_time: 0.4888  memory: 4405  grad_norm: 0.1045  loss: inf  loss_cls: 1.9583  loss_bbox: inf
03/27 15:06:13 - mmengine - INFO - Epoch(train)   [1][3300/7008]  lr: 1.0000e-02  eta: 5 days, 8:20:26  time: 0.5862  data_time: 0.4975  memory: 4406  grad_norm: 0.1186  loss: inf  loss_cls: 1.9398  loss_bbox: inf
03/27 15:07:11 - mmengine - INFO - Epoch(train)   [1][3350/7008]  lr: 1.0000e-02  eta: 5 days, 9:44:50  time: 1.1521  data_time: 1.0627  memory: 4407  grad_norm: 0.0947  loss: inf  loss_cls: 1.9279  loss_bbox: inf
03/27 15:07:38 - mmengine - INFO - Epoch(train)   [1][3400/7008]  lr: 1.0000e-02  eta: 5 days, 9:21:07  time: 0.5342  data_time: 0.4453  memory: 4406  grad_norm: 0.1133  loss: inf  loss_cls: 1.9711  loss_bbox: inf
03/27 15:08:36 - mmengine - INFO - Epoch(train)   [1][3450/7008]  lr: 1.0000e-02  eta: 5 days, 10:45:32  time: 1.1721  data_time: 1.0822  memory: 4407  grad_norm: 0.1078  loss: inf  loss_cls: 1.9521  loss_bbox: inf
03/27 15:09:03 - mmengine - INFO - Epoch(train)   [1][3500/7008]  lr: 1.0000e-02  eta: 5 days, 10:22:04  time: 0.5371  data_time: 0.4462  memory: 4405  grad_norm: 0.1310  loss: inf  loss_cls: 1.9618  loss_bbox: inf
03/27 15:09:33 - mmengine - INFO - Epoch(train)   [1][3550/7008]  lr: 1.0000e-02  eta: 5 days, 10:09:22  time: 0.5989  data_time: 0.5092  memory: 4406  grad_norm: 0.1117  loss: inf  loss_cls: 1.9469  loss_bbox: inf
03/27 15:10:01 - mmengine - INFO - Epoch(train)   [1][3600/7008]  lr: 1.0000e-02  eta: 5 days, 9:49:18  time: 0.5512  data_time: 0.4620  memory: 4440  grad_norm: 0.1217  loss: inf  loss_cls: 1.9658  loss_bbox: inf
03/27 15:10:31 - mmengine - INFO - Epoch(train)   [1][3650/7008]  lr: 1.0000e-02  eta: 5 days, 9:38:59  time: 0.6090  data_time: 0.5197  memory: 4406  grad_norm: 0.0950  loss: inf  loss_cls: 1.9832  loss_bbox: inf
03/27 15:11:02 - mmengine - INFO - Epoch(train)   [1][3700/7008]  lr: 1.0000e-02  eta: 5 days, 9:30:52  time: 0.6214  data_time: 0.5314  memory: 4406  grad_norm: 0.1024  loss: inf  loss_cls: 1.9473  loss_bbox: inf
03/27 15:11:33 - mmengine - INFO - Epoch(train)   [1][3750/7008]  lr: 1.0000e-02  eta: 5 days, 9:22:35  time: 0.6189  data_time: 0.5290  memory: 4405  grad_norm: 0.1185  loss: inf  loss_cls: 1.9618  loss_bbox: inf
03/27 15:12:05 - mmengine - INFO - Epoch(train)   [1][3800/7008]  lr: 1.0000e-02  eta: 5 days, 9:16:32  time: 0.6323  data_time: 0.5416  memory: 4406  grad_norm: 0.1176  loss: inf  loss_cls: 1.9783  loss_bbox: inf
03/27 15:12:37 - mmengine - INFO - Epoch(train)   [1][3850/7008]  lr: 1.0000e-02  eta: 5 days, 9:12:24  time: 0.6440  data_time: 0.5537  memory: 4407  grad_norm: 0.1206  loss: inf  loss_cls: 1.9340  loss_bbox: inf
03/27 15:13:08 - mmengine - INFO - Epoch(train)   [1][3900/7008]  lr: 1.0000e-02  eta: 5 days, 9:04:38  time: 0.6190  data_time: 0.5290  memory: 4407  grad_norm: 0.1110  loss: inf  loss_cls: 1.9325  loss_bbox: inf
03/27 15:13:39 - mmengine - INFO - Epoch(train)   [1][3950/7008]  lr: 1.0000e-02  eta: 5 days, 8:56:21  time: 0.6142  data_time: 0.5240  memory: 4407  grad_norm: 0.0995  loss: inf  loss_cls: 1.9698  loss_bbox: inf
03/27 15:14:07 - mmengine - INFO - Exp name: exp13_config_20260327_142913
03/27 15:14:07 - mmengine - INFO - Epoch(train)   [1][4000/7008]  lr: 1.0000e-02  eta: 5 days, 8:41:08  time: 0.5652  data_time: 0.4747  memory: 4405  grad_norm: 0.0968  loss: inf  loss_cls: 1.9523  loss_bbox: inf
03/27 15:14:39 - mmengine - INFO - Epoch(train)   [1][4050/7008]  lr: 1.0000e-02  eta: 5 days, 8:37:51  time: 0.6458  data_time: 0.5557  memory: 4405  grad_norm: 0.1242  loss: inf  loss_cls: 1.9517  loss_bbox: inf
03/27 15:15:11 - mmengine - INFO - Epoch(train)   [1][4100/7008]  lr: 1.0000e-02  eta: 5 days, 8:33:11  time: 0.6356  data_time: 0.5454  memory: 4407  grad_norm: 0.1420  loss: inf  loss_cls: 1.9568  loss_bbox: inf
03/27 15:15:42 - mmengine - INFO - Epoch(train)   [1][4150/7008]  lr: 1.0000e-02  eta: 5 days, 8:27:10  time: 0.6251  data_time: 0.5345  memory: 4406  grad_norm: 0.1182  loss: inf  loss_cls: 1.9336  loss_bbox: inf
03/27 15:16:14 - mmengine - INFO - Epoch(train)   [1][4200/7008]  lr: 1.0000e-02  eta: 5 days, 8:21:53  time: 0.6296  data_time: 0.5388  memory: 4407  grad_norm: 0.1087  loss: inf  loss_cls: 1.9591  loss_bbox: inf
03/27 15:16:44 - mmengine - INFO - Epoch(train)   [1][4250/7008]  lr: 1.0000e-02  eta: 5 days, 8:14:02  time: 0.6100  data_time: 0.5206  memory: 4405  grad_norm: 0.1124  loss: inf  loss_cls: 1.9562  loss_bbox: inf
03/27 15:17:13 - mmengine - INFO - Epoch(train)   [1][4300/7008]  lr: 1.0000e-02  eta: 5 days, 8:01:40  time: 0.5751  data_time: 0.4854  memory: 4405  grad_norm: 0.1172  loss: inf  loss_cls: 1.9380  loss_bbox: inf
03/27 15:17:44 - mmengine - INFO - Epoch(train)   [1][4350/7008]  lr: 1.0000e-02  eta: 5 days, 7:56:33  time: 0.6275  data_time: 0.5377  memory: 4407  grad_norm: 0.1187  loss: inf  loss_cls: 1.9559  loss_bbox: inf
03/27 15:18:14 - mmengine - INFO - Epoch(train)   [1][4400/7008]  lr: 1.0000e-02  eta: 5 days, 7:47:23  time: 0.5961  data_time: 0.5060  memory: 4406  grad_norm: 0.1180  loss: inf  loss_cls: 1.9557  loss_bbox: inf
03/27 15:18:44 - mmengine - INFO - Epoch(train)   [1][4450/7008]  lr: 1.0000e-02  eta: 5 days, 7:39:23  time: 0.6034  data_time: 0.5157  memory: 4406  grad_norm: 0.1339  loss: inf  loss_cls: 1.9439  loss_bbox: inf
03/27 15:19:14 - mmengine - INFO - Epoch(train)   [1][4500/7008]  lr: 1.0000e-02  eta: 5 days, 7:31:17  time: 0.6014  data_time: 0.5109  memory: 4405  grad_norm: 0.1171  loss: inf  loss_cls: 1.9300  loss_bbox: inf
03/27 15:19:46 - mmengine - INFO - Epoch(train)   [1][4550/7008]  lr: 1.0000e-02  eta: 5 days, 7:26:47  time: 0.6283  data_time: 0.5377  memory: 4407  grad_norm: 0.1371  loss: inf  loss_cls: 1.9467  loss_bbox: inf
03/27 15:20:15 - mmengine - INFO - Epoch(train)   [1][4600/7008]  lr: 1.0000e-02  eta: 5 days, 7:16:20  time: 0.5805  data_time: 0.4906  memory: 4416  grad_norm: 0.2048  loss: inf  loss_cls: 1.9612  loss_bbox: inf
03/27 15:20:47 - mmengine - INFO - Epoch(train)   [1][4650/7008]  lr: 1.0000e-02  eta: 5 days, 7:13:45  time: 0.6418  data_time: 0.5516  memory: 4406  grad_norm: 0.2278  loss: inf  loss_cls: 1.9209  loss_bbox: inf
03/27 15:21:16 - mmengine - INFO - Epoch(train)   [1][4700/7008]  lr: 1.0000e-02  eta: 5 days, 7:04:18  time: 0.5858  data_time: 0.4961  memory: 4406  grad_norm: 0.1764  loss: inf  loss_cls: 1.9246  loss_bbox: inf
03/27 15:21:47 - mmengine - INFO - Epoch(train)   [1][4750/7008]  lr: 1.0000e-02  eta: 5 days, 6:59:19  time: 0.6208  data_time: 0.5309  memory: 4405  grad_norm: 0.2106  loss: inf  loss_cls: 1.9514  loss_bbox: inf
03/27 15:22:18 - mmengine - INFO - Epoch(train)   [1][4800/7008]  lr: 1.0000e-02  eta: 5 days, 6:53:52  time: 0.6163  data_time: 0.5261  memory: 4434  grad_norm: 0.1788  loss: inf  loss_cls: 1.9371  loss_bbox: inf
03/27 15:22:51 - mmengine - INFO - Epoch(train)   [1][4850/7008]  lr: 1.0000e-02  eta: 5 days, 6:54:25  time: 0.6656  data_time: 0.5756  memory: 4406  grad_norm: 0.2194  loss: inf  loss_cls: 1.9166  loss_bbox: inf
03/27 15:23:24 - mmengine - INFO - Epoch(train)   [1][4900/7008]  lr: 1.0000e-02  eta: 5 days, 6:53:19  time: 0.6517  data_time: 0.5615  memory: 4406  grad_norm: 0.2320  loss: inf  loss_cls: 1.9381  loss_bbox: inf
03/27 15:23:54 - mmengine - INFO - Epoch(train)   [1][4950/7008]  lr: 1.0000e-02  eta: 5 days, 6:47:02  time: 0.6075  data_time: 0.5178  memory: 4467  grad_norm: 0.2258  loss: inf  loss_cls: 1.9516  loss_bbox: inf
03/27 15:24:29 - mmengine - INFO - Exp name: exp13_config_20260327_142913
03/27 15:24:29 - mmengine - INFO - Epoch(train)   [1][5000/7008]  lr: 1.0000e-02  eta: 5 days, 6:51:50  time: 0.7021  data_time: 0.6125  memory: 4407  grad_norm: 0.1934  loss: inf  loss_cls: 1.9289  loss_bbox: inf
03/27 15:25:00 - mmengine - INFO - Epoch(train)   [1][5050/7008]  lr: 1.0000e-02  eta: 5 days, 6:45:15  time: 0.6039  data_time: 0.5134  memory: 4407  grad_norm: 0.2326  loss: inf  loss_cls: 1.9430  loss_bbox: inf
03/27 15:25:30 - mmengine - INFO - Epoch(train)   [1][5100/7008]  lr: 1.0000e-02  eta: 5 days, 6:40:12  time: 0.6162  data_time: 0.5260  memory: 4461  grad_norm: 0.2467  loss: inf  loss_cls: 1.9368  loss_bbox: inf
03/27 15:26:03 - mmengine - INFO - Epoch(train)   [1][5150/7008]  lr: 1.0000e-02  eta: 5 days, 6:38:19  time: 0.6436  data_time: 0.5531  memory: 4407  grad_norm: 0.2358  loss: inf  loss_cls: 1.9196  loss_bbox: inf
03/27 15:26:35 - mmengine - INFO - Epoch(train)   [1][5200/7008]  lr: 1.0000e-02  eta: 5 days, 6:37:33  time: 0.6533  data_time: 0.5631  memory: 4406  grad_norm: 0.1949  loss: inf  loss_cls: 1.9147  loss_bbox: inf
03/27 15:27:06 - mmengine - INFO - Epoch(train)   [1][5250/7008]  lr: 1.0000e-02  eta: 5 days, 6:31:20  time: 0.6040  data_time: 0.5138  memory: 4407  grad_norm: 0.2236  loss: inf  loss_cls: 1.9122  loss_bbox: inf
03/27 15:27:36 - mmengine - INFO - Epoch(train)   [1][5300/7008]  lr: 1.0000e-02  eta: 5 days, 6:26:07  time: 0.6122  data_time: 0.5214  memory: 4406  grad_norm: 0.2507  loss: inf  loss_cls: 1.9291  loss_bbox: inf
03/27 15:28:06 - mmengine - INFO - Epoch(train)   [1][5350/7008]  lr: 1.0000e-02  eta: 5 days, 6:19:25  time: 0.5976  data_time: 0.5068  memory: 4406  grad_norm: 0.2261  loss: inf  loss_cls: 1.9103  loss_bbox: inf
03/27 15:28:38 - mmengine - INFO - Epoch(train)   [1][5400/7008]  lr: 1.0000e-02  eta: 5 days, 6:17:15  time: 0.6387  data_time: 0.5478  memory: 4407  grad_norm: 0.2499  loss: inf  loss_cls: 1.9308  loss_bbox: inf
03/27 15:29:40 - mmengine - INFO - Epoch(train)   [1][5450/7008]  lr: 1.0000e-02  eta: 5 days, 7:18:14  time: 1.2326  data_time: 1.1418  memory: 4405  grad_norm: 0.1908  loss: inf  loss_cls: 1.9505  loss_bbox: inf
03/27 15:30:11 - mmengine - INFO - Epoch(train)   [1][5500/7008]  lr: 1.0000e-02  eta: 5 days, 7:14:09  time: 0.6255  data_time: 0.5363  memory: 4407  grad_norm: 0.2003  loss: inf  loss_cls: 1.9122  loss_bbox: inf
03/27 15:31:11 - mmengine - INFO - Epoch(train)   [1][5550/7008]  lr: 1.0000e-02  eta: 5 days, 8:10:14  time: 1.2012  data_time: 1.1111  memory: 4406  grad_norm: 0.2646  loss: inf  loss_cls: 1.9386  loss_bbox: inf
03/27 15:31:41 - mmengine - INFO - Epoch(train)   [1][5600/7008]  lr: 1.0000e-02  eta: 5 days, 8:03:11  time: 0.6010  data_time: 0.5105  memory: 4405  grad_norm: 0.2197  loss: inf  loss_cls: 1.9140  loss_bbox: inf
03/27 15:32:10 - mmengine - INFO - Epoch(train)   [1][5650/7008]  lr: 1.0000e-02  eta: 5 days, 7:54:12  time: 0.5808  data_time: 0.4908  memory: 4405  grad_norm: 0.2470  loss: inf  loss_cls: 1.9219  loss_bbox: inf
03/27 15:33:09 - mmengine - INFO - Epoch(train)   [1][5700/7008]  lr: 1.0000e-02  eta: 5 days, 8:45:17  time: 1.1705  data_time: 1.0806  memory: 4405  grad_norm: 0.2093  loss: inf  loss_cls: 1.9296  loss_bbox: inf
03/27 15:34:07 - mmengine - INFO - Epoch(train)   [1][5750/7008]  lr: 1.0000e-02  eta: 5 days, 9:34:36  time: 1.1619  data_time: 1.0716  memory: 4406  grad_norm: 0.2407  loss: inf  loss_cls: 1.9216  loss_bbox: inf
03/27 15:34:35 - mmengine - INFO - Epoch(train)   [1][5800/7008]  lr: 1.0000e-02  eta: 5 days, 9:23:25  time: 0.5648  data_time: 0.4749  memory: 4406  grad_norm: 0.1995  loss: inf  loss_cls: 1.9089  loss_bbox: inf
03/27 15:35:05 - mmengine - INFO - Epoch(train)   [1][5850/7008]  lr: 1.0000e-02  eta: 5 days, 9:16:28  time: 0.6056  data_time: 0.5153  memory: 4406  grad_norm: 0.1771  loss: inf  loss_cls: 1.9180  loss_bbox: inf
03/27 15:35:53 - mmengine - INFO - Epoch(train)   [1][5900/7008]  lr: 1.0000e-02  eta: 5 days, 9:44:20  time: 0.9593  data_time: 0.8695  memory: 4407  grad_norm: 0.1966  loss: inf  loss_cls: 1.9022  loss_bbox: inf
03/27 15:36:22 - mmengine - INFO - Epoch(train)   [1][5950/7008]  lr: 1.0000e-02  eta: 5 days, 9:35:05  time: 0.5828  data_time: 0.4924  memory: 4406  grad_norm: 0.1907  loss: inf  loss_cls: 1.9056  loss_bbox: inf
03/27 15:36:54 - mmengine - INFO - Exp name: exp13_config_20260327_142913
03/27 15:36:54 - mmengine - INFO - Epoch(train)   [1][6000/7008]  lr: 1.0000e-02  eta: 5 days, 9:30:46  time: 0.6324  data_time: 0.5423  memory: 4407  grad_norm: 0.1958  loss: inf  loss_cls: 1.9209  loss_bbox: inf
03/27 15:37:29 - mmengine - INFO - Epoch(train)   [1][6050/7008]  lr: 1.0000e-02  eta: 5 days, 9:33:00  time: 0.7003  data_time: 0.6104  memory: 4406  grad_norm: 0.1667  loss: inf  loss_cls: 1.9108  loss_bbox: inf
03/27 15:38:02 - mmengine - INFO - Epoch(train)   [1][6100/7008]  lr: 1.0000e-02  eta: 5 days, 9:31:50  time: 0.6649  data_time: 0.5757  memory: 4406  grad_norm: 0.1977  loss: inf  loss_cls: 1.9203  loss_bbox: inf
03/27 15:38:33 - mmengine - INFO - Epoch(train)   [1][6150/7008]  lr: 1.0000e-02  eta: 5 days, 9:26:39  time: 0.6222  data_time: 0.5323  memory: 4406  grad_norm: 0.2128  loss: inf  loss_cls: 1.8969  loss_bbox: inf
03/27 15:39:02 - mmengine - INFO - Epoch(train)   [1][6200/7008]  lr: 1.0000e-02  eta: 5 days, 9:17:23  time: 0.5775  data_time: 0.4879  memory: 4407  grad_norm: 0.1897  loss: inf  loss_cls: 1.9342  loss_bbox: inf
03/27 15:39:32 - mmengine - INFO - Epoch(train)   [1][6250/7008]  lr: 1.0000e-02  eta: 5 days, 9:10:17  time: 0.5995  data_time: 0.5100  memory: 4405  grad_norm: 0.1992  loss: inf  loss_cls: 1.8922  loss_bbox: inf
03/27 15:40:04 - mmengine - INFO - Epoch(train)   [1][6300/7008]  lr: 1.0000e-02  eta: 5 days, 9:07:08  time: 0.6413  data_time: 0.5521  memory: 4405  grad_norm: 0.2036  loss: inf  loss_cls: 1.9240  loss_bbox: inf
03/27 15:40:33 - mmengine - INFO - Epoch(train)   [1][6350/7008]  lr: 1.0000e-02  eta: 5 days, 8:57:32  time: 0.5699  data_time: 0.4808  memory: 4406  grad_norm: 0.1884  loss: inf  loss_cls: 1.9182  loss_bbox: inf
03/27 15:41:02 - mmengine - INFO - Epoch(train)   [1][6400/7008]  lr: 1.0000e-02  eta: 5 days, 8:48:41  time: 0.5769  data_time: 0.4882  memory: 4407  grad_norm: 0.2238  loss: inf  loss_cls: 1.8910  loss_bbox: inf
03/27 15:41:33 - mmengine - INFO - Epoch(train)   [1][6450/7008]  lr: 1.0000e-02  eta: 5 days, 8:44:07  time: 0.6230  data_time: 0.5333  memory: 4406  grad_norm: 0.2089  loss: inf  loss_cls: 1.9020  loss_bbox: inf
03/27 15:42:05 - mmengine - INFO - Epoch(train)   [1][6500/7008]  lr: 1.0000e-02  eta: 5 days, 8:41:06  time: 0.6399  data_time: 0.5497  memory: 4407  grad_norm: 0.1753  loss: inf  loss_cls: 1.9029  loss_bbox: inf
03/27 15:42:35 - mmengine - INFO - Epoch(train)   [1][6550/7008]  lr: 1.0000e-02  eta: 5 days, 8:34:41  time: 0.6009  data_time: 0.5106  memory: 4406  grad_norm: 0.2229  loss: inf  loss_cls: 1.9024  loss_bbox: inf
03/27 15:43:05 - mmengine - INFO - Epoch(train)   [1][6600/7008]  lr: 1.0000e-02  eta: 5 days, 8:28:10  time: 0.5986  data_time: 0.5087  memory: 4406  grad_norm: 0.1793  loss: inf  loss_cls: 1.9138  loss_bbox: inf
03/27 15:43:36 - mmengine - INFO - Epoch(train)   [1][6650/7008]  lr: 1.0000e-02  eta: 5 days, 8:24:41  time: 0.6326  data_time: 0.5420  memory: 4407  grad_norm: 0.1955  loss: inf  loss_cls: 1.9182  loss_bbox: inf
03/27 15:44:07 - mmengine - INFO - Epoch(train)   [1][6700/7008]  lr: 1.0000e-02  eta: 5 days, 8:19:29  time: 0.6122  data_time: 0.5223  memory: 4406  grad_norm: 0.1659  loss: inf  loss_cls: 1.9123  loss_bbox: inf
03/27 15:44:39 - mmengine - INFO - Epoch(train)   [1][6750/7008]  lr: 1.0000e-02  eta: 5 days, 8:16:12  time: 0.6337  data_time: 0.5440  memory: 4421  grad_norm: 0.1785  loss: inf  loss_cls: 1.9128  loss_bbox: inf
03/27 15:45:09 - mmengine - INFO - Epoch(train)   [1][6800/7008]  lr: 1.0000e-02  eta: 5 days, 8:11:20  time: 0.6146  data_time: 0.5249  memory: 4406  grad_norm: 0.1596  loss: inf  loss_cls: 1.8869  loss_bbox: inf
03/27 15:45:39 - mmengine - INFO - Epoch(train)   [1][6850/7008]  lr: 1.0000e-02  eta: 5 days, 8:05:04  time: 0.5973  data_time: 0.5070  memory: 4429  grad_norm: 0.1587  loss: inf  loss_cls: 1.8981  loss_bbox: inf
03/27 15:46:10 - mmengine - INFO - Epoch(train)   [1][6900/7008]  lr: 1.0000e-02  eta: 5 days, 8:00:28  time: 0.6161  data_time: 0.5262  memory: 4406  grad_norm: 0.1640  loss: inf  loss_cls: 1.8949  loss_bbox: inf
03/27 15:47:11 - mmengine - INFO - Epoch(train)   [1][6950/7008]  lr: 1.0000e-02  eta: 5 days, 8:46:27  time: 1.2236  data_time: 1.1337  memory: 4406  grad_norm: 0.1940  loss: inf  loss_cls: 1.8826  loss_bbox: inf
03/27 15:47:40 - mmengine - INFO - Exp name: exp13_config_20260327_142913
03/27 15:47:40 - mmengine - INFO - Epoch(train)   [1][7000/7008]  lr: 1.0000e-02  eta: 5 days, 8:37:54  time: 0.5713  data_time: 0.4813  memory: 4405  grad_norm: 0.1654  loss: inf  loss_cls: 1.8793  loss_bbox: inf
03/27 15:47:44 - mmengine - INFO - Exp name: exp13_config_20260327_142913
03/27 15:47:44 - mmengine - INFO - 
======================================================================
[DEBUG] Weight Update Check - Epoch 0
======================================================================

03/27 15:47:44 - mmengine - INFO - [DEBUG] Preprocessor (should CHANGE):
03/27 15:47:44 - mmengine - INFO -   channel_gain: diff=0.27625689 ✓ CHANGED
03/27 15:47:44 - mmengine - INFO -   conv.weight: diff=0.77765465 ✓ CHANGED
03/27 15:47:44 - mmengine - INFO -   conv.bias: diff=0.47599325 ✓ CHANGED
03/27 15:47:44 - mmengine - INFO - 
[DEBUG] Detector (should NOT CHANGE):
03/27 15:47:44 - mmengine - INFO -   conv1.weight: diff=0.00000000 ✓ FROZEN
03/27 15:47:44 - mmengine - INFO -   bn1.weight: diff=0.00000000 ✓ FROZEN
03/27 15:47:44 - mmengine - INFO - ======================================================================

03/27 15:47:44 - mmengine - INFO - Saving checkpoint at 1 epochs
03/27 15:47:58 - mmengine - INFO - Epoch(val)   [1][  50/4017]    eta: 0:16:33  time: 0.2504  data_time: 0.2188  memory: 4405  
03/27 15:48:10 - mmengine - INFO - Epoch(val)   [1][ 100/4017]    eta: 0:16:06  time: 0.2432  data_time: 0.2176  memory: 381  
03/27 15:48:22 - mmengine - INFO - Epoch(val)   [1][ 150/4017]    eta: 0:15:40  time: 0.2360  data_time: 0.2111  memory: 381  
03/27 15:48:33 - mmengine - INFO - Epoch(val)   [1][ 200/4017]    eta: 0:15:00  time: 0.2139  data_time: 0.1909  memory: 381  
03/27 15:48:44 - mmengine - INFO - Epoch(val)   [1][ 250/4017]    eta: 0:14:36  time: 0.2203  data_time: 0.1957  memory: 381  
03/27 15:48:55 - mmengine - INFO - Epoch(val)   [1][ 300/4017]    eta: 0:14:17  time: 0.2210  data_time: 0.1961  memory: 381  
03/27 15:49:06 - mmengine - INFO - Epoch(val)   [1][ 350/4017]    eta: 0:13:58  time: 0.2153  data_time: 0.1909  memory: 381  
03/27 15:49:17 - mmengine - INFO - Epoch(val)   [1][ 400/4017]    eta: 0:13:42  time: 0.2201  data_time: 0.1955  memory: 381  
03/27 15:49:28 - mmengine - INFO - Epoch(val)   [1][ 450/4017]    eta: 0:13:27  time: 0.2163  data_time: 0.1919  memory: 381  
03/27 15:49:39 - mmengine - INFO - Epoch(val)   [1][ 500/4017]    eta: 0:13:18  time: 0.2343  data_time: 0.2095  memory: 381  
03/27 15:49:51 - mmengine - INFO - Epoch(val)   [1][ 550/4017]    eta: 0:13:12  time: 0.2433  data_time: 0.2175  memory: 381  
03/27 15:50:04 - mmengine - INFO - Epoch(val)   [1][ 600/4017]    eta: 0:13:06  time: 0.2462  data_time: 0.2207  memory: 381  
03/27 15:50:16 - mmengine - INFO - Epoch(val)   [1][ 650/4017]    eta: 0:12:58  time: 0.2437  data_time: 0.2180  memory: 381  
03/27 15:50:58 - mmengine - INFO - Epoch(val)   [1][ 700/4017]    eta: 0:15:10  time: 0.8381  data_time: 0.8130  memory: 381  
03/27 15:51:10 - mmengine - INFO - Epoch(val)   [1][ 750/4017]    eta: 0:14:49  time: 0.2400  data_time: 0.2149  memory: 381  
03/27 15:51:21 - mmengine - INFO - Epoch(val)   [1][ 800/4017]    eta: 0:14:26  time: 0.2273  data_time: 0.2028  memory: 381  
03/27 15:51:33 - mmengine - INFO - Epoch(val)   [1][ 850/4017]    eta: 0:14:05  time: 0.2300  data_time: 0.2053  memory: 381  
03/27 15:52:14 - mmengine - INFO - Epoch(val)   [1][ 900/4017]    eta: 0:15:27  time: 0.8172  data_time: 0.7924  memory: 381  
03/27 15:52:25 - mmengine - INFO - Epoch(val)   [1][ 950/4017]    eta: 0:15:00  time: 0.2197  data_time: 0.1954  memory: 381  
03/27 15:52:37 - mmengine - INFO - Epoch(val)   [1][1000/4017]    eta: 0:14:37  time: 0.2433  data_time: 0.2179  memory: 381  
03/27 15:52:49 - mmengine - INFO - Epoch(val)   [1][1050/4017]    eta: 0:14:16  time: 0.2435  data_time: 0.2184  memory: 381  
03/27 15:53:30 - mmengine - INFO - Epoch(val)   [1][1100/4017]    eta: 0:15:13  time: 0.8265  data_time: 0.8020  memory: 381  
03/27 15:53:42 - mmengine - INFO - Epoch(val)   [1][1150/4017]    eta: 0:14:47  time: 0.2311  data_time: 0.2061  memory: 381  
03/27 15:53:53 - mmengine - INFO - Epoch(val)   [1][1200/4017]    eta: 0:14:22  time: 0.2254  data_time: 0.2006  memory: 381  
03/27 15:54:04 - mmengine - INFO - Epoch(val)   [1][1250/4017]    eta: 0:13:57  time: 0.2189  data_time: 0.1938  memory: 381  
03/27 15:54:15 - mmengine - INFO - Epoch(val)   [1][1300/4017]    eta: 0:13:33  time: 0.2188  data_time: 0.1936  memory: 381  
03/27 15:54:56 - mmengine - INFO - Epoch(val)   [1][1350/4017]    eta: 0:14:09  time: 0.8163  data_time: 0.7915  memory: 381  
03/27 15:55:06 - mmengine - INFO - Epoch(val)   [1][1400/4017]    eta: 0:13:43  time: 0.2080  data_time: 0.1833  memory: 381  
03/27 15:55:17 - mmengine - INFO - Epoch(val)   [1][1450/4017]    eta: 0:13:19  time: 0.2189  data_time: 0.1936  memory: 381  
03/27 15:55:29 - mmengine - INFO - Epoch(val)   [1][1500/4017]    eta: 0:12:57  time: 0.2341  data_time: 0.2089  memory: 381  
03/27 15:55:40 - mmengine - INFO - Epoch(val)   [1][1550/4017]    eta: 0:12:34  time: 0.2156  data_time: 0.1906  memory: 381  
03/27 15:55:51 - mmengine - INFO - Epoch(val)   [1][1600/4017]    eta: 0:12:13  time: 0.2325  data_time: 0.2066  memory: 381  
03/27 15:56:32 - mmengine - INFO - Epoch(val)   [1][1650/4017]    eta: 0:12:34  time: 0.8141  data_time: 0.7889  memory: 381  
03/27 15:56:43 - mmengine - INFO - Epoch(val)   [1][1700/4017]    eta: 0:12:11  time: 0.2101  data_time: 0.1843  memory: 381  
03/27 15:56:53 - mmengine - INFO - Epoch(val)   [1][1750/4017]    eta: 0:11:49  time: 0.2140  data_time: 0.1888  memory: 381  
03/27 15:57:04 - mmengine - INFO - Epoch(val)   [1][1800/4017]    eta: 0:11:27  time: 0.2158  data_time: 0.1908  memory: 381  
03/27 15:57:15 - mmengine - INFO - Epoch(val)   [1][1850/4017]    eta: 0:11:06  time: 0.2105  data_time: 0.1863  memory: 381  
03/27 15:57:55 - mmengine - INFO - Epoch(val)   [1][1900/4017]    eta: 0:11:19  time: 0.8150  data_time: 0.7901  memory: 381  
03/27 15:58:06 - mmengine - INFO - Epoch(val)   [1][1950/4017]    eta: 0:10:57  time: 0.2221  data_time: 0.1975  memory: 381  
03/27 15:58:17 - mmengine - INFO - Epoch(val)   [1][2000/4017]    eta: 0:10:36  time: 0.2156  data_time: 0.1910  memory: 381  
03/27 15:58:28 - mmengine - INFO - Epoch(val)   [1][2050/4017]    eta: 0:10:16  time: 0.2164  data_time: 0.1917  memory: 381  
03/27 15:59:09 - mmengine - INFO - Epoch(val)   [1][2100/4017]    eta: 0:10:23  time: 0.8127  data_time: 0.7879  memory: 381  
03/27 15:59:20 - mmengine - INFO - Epoch(val)   [1][2150/4017]    eta: 0:10:02  time: 0.2296  data_time: 0.2046  memory: 381  
03/27 15:59:31 - mmengine - INFO - Epoch(val)   [1][2200/4017]    eta: 0:09:41  time: 0.2082  data_time: 0.1837  memory: 381  
03/27 16:00:11 - mmengine - INFO - Epoch(val)   [1][2250/4017]    eta: 0:09:44  time: 0.8039  data_time: 0.7795  memory: 381  
03/27 16:00:21 - mmengine - INFO - Epoch(val)   [1][2300/4017]    eta: 0:09:23  time: 0.2107  data_time: 0.1861  memory: 381  
03/27 16:00:32 - mmengine - INFO - Epoch(val)   [1][2350/4017]    eta: 0:09:03  time: 0.2149  data_time: 0.1900  memory: 381  
03/27 16:01:13 - mmengine - INFO - Epoch(val)   [1][2400/4017]    eta: 0:09:03  time: 0.8194  data_time: 0.7941  memory: 381  
03/27 16:01:24 - mmengine - INFO - Epoch(val)   [1][2450/4017]    eta: 0:08:43  time: 0.2287  data_time: 0.2029  memory: 381  
03/27 16:02:23 - mmengine - INFO - Epoch(val)   [1][2500/4017]    eta: 0:08:52  time: 1.1635  data_time: 1.1383  memory: 381  
03/27 16:03:03 - mmengine - INFO - Epoch(val)   [1][2550/4017]    eta: 0:08:47  time: 0.8121  data_time: 0.7873  memory: 381  
03/27 16:03:14 - mmengine - INFO - Epoch(val)   [1][2600/4017]    eta: 0:08:25  time: 0.2078  data_time: 0.1833  memory: 381  
03/27 16:03:25 - mmengine - INFO - Epoch(val)   [1][2650/4017]    eta: 0:08:04  time: 0.2171  data_time: 0.1927  memory: 381  
03/27 16:03:35 - mmengine - INFO - Epoch(val)   [1][2700/4017]    eta: 0:07:43  time: 0.2163  data_time: 0.1915  memory: 381  
03/27 16:03:46 - mmengine - INFO - Epoch(val)   [1][2750/4017]    eta: 0:07:22  time: 0.2060  data_time: 0.1810  memory: 381  
03/27 16:03:56 - mmengine - INFO - Epoch(val)   [1][2800/4017]    eta: 0:07:01  time: 0.2055  data_time: 0.1807  memory: 381  
03/27 16:04:07 - mmengine - INFO - Epoch(val)   [1][2850/4017]    eta: 0:06:41  time: 0.2177  data_time: 0.1929  memory: 381  
03/27 16:04:18 - mmengine - INFO - Epoch(val)   [1][2900/4017]    eta: 0:06:21  time: 0.2145  data_time: 0.1893  memory: 381  
03/27 16:04:29 - mmengine - INFO - Epoch(val)   [1][2950/4017]    eta: 0:06:02  time: 0.2382  data_time: 0.2133  memory: 381  
03/27 16:04:40 - mmengine - INFO - Epoch(val)   [1][3000/4017]    eta: 0:05:43  time: 0.2156  data_time: 0.1912  memory: 381  
03/27 16:05:21 - mmengine - INFO - Epoch(val)   [1][3050/4017]    eta: 0:05:34  time: 0.8161  data_time: 0.7908  memory: 381  
03/27 16:05:32 - mmengine - INFO - Epoch(val)   [1][3100/4017]    eta: 0:05:15  time: 0.2112  data_time: 0.1865  memory: 381  
03/27 16:05:42 - mmengine - INFO - Epoch(val)   [1][3150/4017]    eta: 0:04:56  time: 0.2110  data_time: 0.1869  memory: 381  
03/27 16:05:53 - mmengine - INFO - Epoch(val)   [1][3200/4017]    eta: 0:04:37  time: 0.2256  data_time: 0.2008  memory: 381  
03/27 16:06:35 - mmengine - INFO - Epoch(val)   [1][3250/4017]    eta: 0:04:26  time: 0.8236  data_time: 0.7986  memory: 381  
03/27 16:06:45 - mmengine - INFO - Epoch(val)   [1][3300/4017]    eta: 0:04:07  time: 0.2144  data_time: 0.1899  memory: 381  
03/27 16:06:57 - mmengine - INFO - Epoch(val)   [1][3350/4017]    eta: 0:03:49  time: 0.2355  data_time: 0.2107  memory: 381  
03/27 16:07:08 - mmengine - INFO - Epoch(val)   [1][3400/4017]    eta: 0:03:30  time: 0.2121  data_time: 0.1873  memory: 381  
03/27 16:07:18 - mmengine - INFO - Epoch(val)   [1][3450/4017]    eta: 0:03:12  time: 0.2094  data_time: 0.1850  memory: 381  
03/27 16:07:29 - mmengine - INFO - Epoch(val)   [1][3500/4017]    eta: 0:02:54  time: 0.2173  data_time: 0.1923  memory: 381  
03/27 16:07:41 - mmengine - INFO - Epoch(val)   [1][3550/4017]    eta: 0:02:37  time: 0.2300  data_time: 0.2044  memory: 381  
03/27 16:08:38 - mmengine - INFO - Epoch(val)   [1][3600/4017]    eta: 0:02:25  time: 1.1454  data_time: 1.1200  memory: 381  
03/27 16:08:48 - mmengine - INFO - Epoch(val)   [1][3650/4017]    eta: 0:02:06  time: 0.2115  data_time: 0.1872  memory: 381  
03/27 16:08:59 - mmengine - INFO - Epoch(val)   [1][3700/4017]    eta: 0:01:49  time: 0.2122  data_time: 0.1878  memory: 381  
03/27 16:09:10 - mmengine - INFO - Epoch(val)   [1][3750/4017]    eta: 0:01:31  time: 0.2107  data_time: 0.1864  memory: 381  
03/27 16:09:20 - mmengine - INFO - Epoch(val)   [1][3800/4017]    eta: 0:01:13  time: 0.2081  data_time: 0.1836  memory: 381  
03/27 16:09:31 - mmengine - INFO - Epoch(val)   [1][3850/4017]    eta: 0:00:56  time: 0.2273  data_time: 0.2023  memory: 381  
03/27 16:09:42 - mmengine - INFO - Epoch(val)   [1][3900/4017]    eta: 0:00:39  time: 0.2131  data_time: 0.1885  memory: 381  
03/27 16:09:54 - mmengine - INFO - Epoch(val)   [1][3950/4017]    eta: 0:00:22  time: 0.2317  data_time: 0.2062  memory: 381  
03/27 16:10:05 - mmengine - INFO - Epoch(val)   [1][4000/4017]    eta: 0:00:05  time: 0.2173  data_time: 0.1918  memory: 381  
[1;34mwandb[0m: 
[1;34mwandb[0m: 🚀 View run [33mexp013[0m at: [34m[0m
[1;34mwandb[0m: Find logs at: [1;35mwork_dirs/exp013/20260327_142913/vis_data/wandb/run-20260327_142925-gmt33a21/logs[0m
