/networkhome/WMGDS/souval_g/.local/lib/python3.10/site-packages/albumentations/__init__.py:28: UserWarning: A new version of Albumentations is available: '2.0.8' (you have '2.0.5'). Upgrade using: pip install -U albumentations. To disable automatic update checks, set the environment variable NO_ALBUMENTATIONS_UPDATE to 1.
  check_for_updates()
wandb: Currently logged in as: georgiasouval (georgiasouval-university-of-warwick) to https://api.wandb.ai. Use `wandb login --relogin` to force relogin
wandb: setting up run 61kq8bw2
wandb: Tracking run with wandb version 0.22.1
wandb: Run data is saved locally in /networkhome/WMGDS/souval_g/neuRAWns_mmdet/work_dirs/exp14/20260530_114432/vis_data/wandb/run-20260530_114434-61kq8bw2
wandb: Run `wandb offline` to turn off syncing.
wandb: Syncing run exp14
wandb: ⭐️ View project at https://wandb.ai/georgiasouval-university-of-warwick/neuRAWns-mmdet-ROD-v2
wandb: 🚀 View run at https://wandb.ai/georgiasouval-university-of-warwick/neuRAWns-mmdet-ROD-v2/runs/61kq8bw2
/networkhome/WMGDS/souval_g/anaconda3/envs/mmdet12/lib/python3.10/site-packages/torch/utils/data/dataloader.py:424: UserWarning: This DataLoader will create 4 worker processes in total. Our suggested max number of worker in current system is 1, which is smaller than what this DataLoader is going to create. Please be aware that excessive worker creation might get DataLoader running slow or even freeze, lower the worker number to avoid potential slowness/freeze if necessary.
  self.check_worker_number_rationality()
/networkhome/WMGDS/souval_g/anaconda3/envs/mmdet12/lib/python3.10/site-packages/torch/utils/data/dataloader.py:424: UserWarning: This DataLoader will create 2 worker processes in total. Our suggested max number of worker in current system is 1, which is smaller than what this DataLoader is going to create. Please be aware that excessive worker creation might get DataLoader running slow or even freeze, lower the worker number to avoid potential slowness/freeze if necessary.
  self.check_worker_number_rationality()
/networkhome/WMGDS/souval_g/anaconda3/envs/mmdet12/lib/python3.10/site-packages/torch/utils/data/dataloader.py:432: UserWarning: This DataLoader will create 4 worker processes in total. Our suggested max number of worker in current system is 1, which is smaller than what this DataLoader is going to create. Please be aware that excessive worker creation might get DataLoader running slow or even freeze, lower the worker number to avoid potential slowness/freeze if necessary.
  self.check_worker_number_rationality()
/networkhome/WMGDS/souval_g/neuRAWns_mmdet/mmdetection/mmdet/models/layers/se_layer.py:158: FutureWarning: `torch.cuda.amp.autocast(args...)` is deprecated. Please use `torch.amp.autocast('cuda', args...)` instead.
  with torch.cuda.amp.autocast(enabled=False):
/networkhome/WMGDS/souval_g/neuRAWns_mmdet/mmdetection/mmdet/models/backbones/csp_darknet.py:118: FutureWarning: `torch.cuda.amp.autocast(args...)` is deprecated. Please use `torch.amp.autocast('cuda', args...)` instead.
  with torch.cuda.amp.autocast(enabled=False):
/networkhome/WMGDS/souval_g/anaconda3/envs/mmdet12/lib/python3.10/site-packages/torch/functional.py:505: UserWarning: torch.meshgrid: in an upcoming release, it will be required to pass the indexing argument. (Triggered internally at /pytorch/aten/src/ATen/native/TensorShape.cpp:4381.)
  return _VF.meshgrid(tensors, **kwargs)  # type: ignore[attr-defined]
/networkhome/WMGDS/souval_g/anaconda3/envs/mmdet12/lib/python3.10/site-packages/torch/utils/data/dataloader.py:432: UserWarning: This DataLoader will create 2 worker processes in total. Our suggested max number of worker in current system is 1, which is smaller than what this DataLoader is going to create. Please be aware that excessive worker creation might get DataLoader running slow or even freeze, lower the worker number to avoid potential slowness/freeze if necessary.
  self.check_worker_number_rationality()
/networkhome/WMGDS/souval_g/neuRAWns_mmdet/mmdetection/mmdet/models/layers/se_layer.py:158: FutureWarning: `torch.cuda.amp.autocast(args...)` is deprecated. Please use `torch.amp.autocast('cuda', args...)` instead.
  with torch.cuda.amp.autocast(enabled=False):
/networkhome/WMGDS/souval_g/neuRAWns_mmdet/mmdetection/mmdet/models/backbones/csp_darknet.py:118: FutureWarning: `torch.cuda.amp.autocast(args...)` is deprecated. Please use `torch.amp.autocast('cuda', args...)` instead.
  with torch.cuda.amp.autocast(enabled=False):
/networkhome/WMGDS/souval_g/neuRAWns_mmdet/mmdetection/mmdet/models/layers/se_layer.py:158: FutureWarning: `torch.cuda.amp.autocast(args...)` is deprecated. Please use `torch.amp.autocast('cuda', args...)` instead.
  with torch.cuda.amp.autocast(enabled=False):
/networkhome/WMGDS/souval_g/neuRAWns_mmdet/mmdetection/mmdet/models/backbones/csp_darknet.py:118: FutureWarning: `torch.cuda.amp.autocast(args...)` is deprecated. Please use `torch.amp.autocast('cuda', args...)` instead.
  with torch.cuda.amp.autocast(enabled=False):
/networkhome/WMGDS/souval_g/neuRAWns_mmdet/mmdetection/mmdet/models/layers/se_layer.py:158: FutureWarning: `torch.cuda.amp.autocast(args...)` is deprecated. Please use `torch.amp.autocast('cuda', args...)` instead.
  with torch.cuda.amp.autocast(enabled=False):
/networkhome/WMGDS/souval_g/neuRAWns_mmdet/mmdetection/mmdet/models/backbones/csp_darknet.py:118: FutureWarning: `torch.cuda.amp.autocast(args...)` is deprecated. Please use `torch.amp.autocast('cuda', args...)` instead.
  with torch.cuda.amp.autocast(enabled=False):
/networkhome/WMGDS/souval_g/neuRAWns_mmdet/mmdetection/mmdet/models/layers/se_layer.py:158: FutureWarning: `torch.cuda.amp.autocast(args...)` is deprecated. Please use `torch.amp.autocast('cuda', args...)` instead.
  with torch.cuda.amp.autocast(enabled=False):
/networkhome/WMGDS/souval_g/neuRAWns_mmdet/mmdetection/mmdet/models/backbones/csp_darknet.py:118: FutureWarning: `torch.cuda.amp.autocast(args...)` is deprecated. Please use `torch.amp.autocast('cuda', args...)` instead.
  with torch.cuda.amp.autocast(enabled=False):
/networkhome/WMGDS/souval_g/neuRAWns_mmdet/mmdetection/mmdet/models/layers/se_layer.py:158: FutureWarning: `torch.cuda.amp.autocast(args...)` is deprecated. Please use `torch.amp.autocast('cuda', args...)` instead.
  with torch.cuda.amp.autocast(enabled=False):
/networkhome/WMGDS/souval_g/neuRAWns_mmdet/mmdetection/mmdet/models/backbones/csp_darknet.py:118: FutureWarning: `torch.cuda.amp.autocast(args...)` is deprecated. Please use `torch.amp.autocast('cuda', args...)` instead.
  with torch.cuda.amp.autocast(enabled=False):
/networkhome/WMGDS/souval_g/neuRAWns_mmdet/mmdetection/mmdet/models/layers/se_layer.py:158: FutureWarning: `torch.cuda.amp.autocast(args...)` is deprecated. Please use `torch.amp.autocast('cuda', args...)` instead.
  with torch.cuda.amp.autocast(enabled=False):
/networkhome/WMGDS/souval_g/neuRAWns_mmdet/mmdetection/mmdet/models/backbones/csp_darknet.py:118: FutureWarning: `torch.cuda.amp.autocast(args...)` is deprecated. Please use `torch.amp.autocast('cuda', args...)` instead.
  with torch.cuda.amp.autocast(enabled=False):
/networkhome/WMGDS/souval_g/neuRAWns_mmdet/mmdetection/mmdet/models/layers/se_layer.py:158: FutureWarning: `torch.cuda.amp.autocast(args...)` is deprecated. Please use `torch.amp.autocast('cuda', args...)` instead.
  with torch.cuda.amp.autocast(enabled=False):
/networkhome/WMGDS/souval_g/neuRAWns_mmdet/mmdetection/mmdet/models/backbones/csp_darknet.py:118: FutureWarning: `torch.cuda.amp.autocast(args...)` is deprecated. Please use `torch.amp.autocast('cuda', args...)` instead.
  with torch.cuda.amp.autocast(enabled=False):
/networkhome/WMGDS/souval_g/neuRAWns_mmdet/mmdetection/mmdet/models/layers/se_layer.py:158: FutureWarning: `torch.cuda.amp.autocast(args...)` is deprecated. Please use `torch.amp.autocast('cuda', args...)` instead.
  with torch.cuda.amp.autocast(enabled=False):
/networkhome/WMGDS/souval_g/neuRAWns_mmdet/mmdetection/mmdet/models/backbones/csp_darknet.py:118: FutureWarning: `torch.cuda.amp.autocast(args...)` is deprecated. Please use `torch.amp.autocast('cuda', args...)` instead.
  with torch.cuda.amp.autocast(enabled=False):
/networkhome/WMGDS/souval_g/neuRAWns_mmdet/mmdetection/mmdet/models/layers/se_layer.py:158: FutureWarning: `torch.cuda.amp.autocast(args...)` is deprecated. Please use `torch.amp.autocast('cuda', args...)` instead.
  with torch.cuda.amp.autocast(enabled=False):
/networkhome/WMGDS/souval_g/neuRAWns_mmdet/mmdetection/mmdet/models/backbones/csp_darknet.py:118: FutureWarning: `torch.cuda.amp.autocast(args...)` is deprecated. Please use `torch.amp.autocast('cuda', args...)` instead.
  with torch.cuda.amp.autocast(enabled=False):
/networkhome/WMGDS/souval_g/neuRAWns_mmdet/mmdetection/mmdet/models/layers/se_layer.py:158: FutureWarning: `torch.cuda.amp.autocast(args...)` is deprecated. Please use `torch.amp.autocast('cuda', args...)` instead.
  with torch.cuda.amp.autocast(enabled=False):
/networkhome/WMGDS/souval_g/neuRAWns_mmdet/mmdetection/mmdet/models/backbones/csp_darknet.py:118: FutureWarning: `torch.cuda.amp.autocast(args...)` is deprecated. Please use `torch.amp.autocast('cuda', args...)` instead.
  with torch.cuda.amp.autocast(enabled=False):
/networkhome/WMGDS/souval_g/neuRAWns_mmdet/mmdetection/mmdet/models/layers/se_layer.py:158: FutureWarning: `torch.cuda.amp.autocast(args...)` is deprecated. Please use `torch.amp.autocast('cuda', args...)` instead.
  with torch.cuda.amp.autocast(enabled=False):
/networkhome/WMGDS/souval_g/neuRAWns_mmdet/mmdetection/mmdet/models/backbones/csp_darknet.py:118: FutureWarning: `torch.cuda.amp.autocast(args...)` is deprecated. Please use `torch.amp.autocast('cuda', args...)` instead.
  with torch.cuda.amp.autocast(enabled=False):
/networkhome/WMGDS/souval_g/neuRAWns_mmdet/mmdetection/mmdet/models/layers/se_layer.py:158: FutureWarning: `torch.cuda.amp.autocast(args...)` is deprecated. Please use `torch.amp.autocast('cuda', args...)` instead.
  with torch.cuda.amp.autocast(enabled=False):
/networkhome/WMGDS/souval_g/neuRAWns_mmdet/mmdetection/mmdet/models/backbones/csp_darknet.py:118: FutureWarning: `torch.cuda.amp.autocast(args...)` is deprecated. Please use `torch.amp.autocast('cuda', args...)` instead.
  with torch.cuda.amp.autocast(enabled=False):
/networkhome/WMGDS/souval_g/neuRAWns_mmdet/mmdetection/mmdet/models/layers/se_layer.py:158: FutureWarning: `torch.cuda.amp.autocast(args...)` is deprecated. Please use `torch.amp.autocast('cuda', args...)` instead.
  with torch.cuda.amp.autocast(enabled=False):
/networkhome/WMGDS/souval_g/neuRAWns_mmdet/mmdetection/mmdet/models/backbones/csp_darknet.py:118: FutureWarning: `torch.cuda.amp.autocast(args...)` is deprecated. Please use `torch.amp.autocast('cuda', args...)` instead.
  with torch.cuda.amp.autocast(enabled=False):
/networkhome/WMGDS/souval_g/neuRAWns_mmdet/mmdetection/mmdet/models/layers/se_layer.py:158: FutureWarning: `torch.cuda.amp.autocast(args...)` is deprecated. Please use `torch.amp.autocast('cuda', args...)` instead.
  with torch.cuda.amp.autocast(enabled=False):
/networkhome/WMGDS/souval_g/neuRAWns_mmdet/mmdetection/mmdet/models/backbones/csp_darknet.py:118: FutureWarning: `torch.cuda.amp.autocast(args...)` is deprecated. Please use `torch.amp.autocast('cuda', args...)` instead.
  with torch.cuda.amp.autocast(enabled=False):
/networkhome/WMGDS/souval_g/neuRAWns_mmdet/mmdetection/mmdet/models/layers/se_layer.py:158: FutureWarning: `torch.cuda.amp.autocast(args...)` is deprecated. Please use `torch.amp.autocast('cuda', args...)` instead.
  with torch.cuda.amp.autocast(enabled=False):
/networkhome/WMGDS/souval_g/neuRAWns_mmdet/mmdetection/mmdet/models/backbones/csp_darknet.py:118: FutureWarning: `torch.cuda.amp.autocast(args...)` is deprecated. Please use `torch.amp.autocast('cuda', args...)` instead.
  with torch.cuda.amp.autocast(enabled=False):
/networkhome/WMGDS/souval_g/neuRAWns_mmdet/mmdetection/mmdet/models/layers/se_layer.py:158: FutureWarning: `torch.cuda.amp.autocast(args...)` is deprecated. Please use `torch.amp.autocast('cuda', args...)` instead.
  with torch.cuda.amp.autocast(enabled=False):
/networkhome/WMGDS/souval_g/neuRAWns_mmdet/mmdetection/mmdet/models/backbones/csp_darknet.py:118: FutureWarning: `torch.cuda.amp.autocast(args...)` is deprecated. Please use `torch.amp.autocast('cuda', args...)` instead.
  with torch.cuda.amp.autocast(enabled=False):
/networkhome/WMGDS/souval_g/neuRAWns_mmdet/mmdetection/mmdet/models/layers/se_layer.py:158: FutureWarning: `torch.cuda.amp.autocast(args...)` is deprecated. Please use `torch.amp.autocast('cuda', args...)` instead.
  with torch.cuda.amp.autocast(enabled=False):
/networkhome/WMGDS/souval_g/neuRAWns_mmdet/mmdetection/mmdet/models/backbones/csp_darknet.py:118: FutureWarning: `torch.cuda.amp.autocast(args...)` is deprecated. Please use `torch.amp.autocast('cuda', args...)` instead.
  with torch.cuda.amp.autocast(enabled=False):
/networkhome/WMGDS/souval_g/neuRAWns_mmdet/mmdetection/mmdet/models/layers/se_layer.py:158: FutureWarning: `torch.cuda.amp.autocast(args...)` is deprecated. Please use `torch.amp.autocast('cuda', args...)` instead.
  with torch.cuda.amp.autocast(enabled=False):
/networkhome/WMGDS/souval_g/neuRAWns_mmdet/mmdetection/mmdet/models/backbones/csp_darknet.py:118: FutureWarning: `torch.cuda.amp.autocast(args...)` is deprecated. Please use `torch.amp.autocast('cuda', args...)` instead.
  with torch.cuda.amp.autocast(enabled=False):
/networkhome/WMGDS/souval_g/neuRAWns_mmdet/mmdetection/mmdet/models/layers/se_layer.py:158: FutureWarning: `torch.cuda.amp.autocast(args...)` is deprecated. Please use `torch.amp.autocast('cuda', args...)` instead.
  with torch.cuda.amp.autocast(enabled=False):
/networkhome/WMGDS/souval_g/neuRAWns_mmdet/mmdetection/mmdet/models/backbones/csp_darknet.py:118: FutureWarning: `torch.cuda.amp.autocast(args...)` is deprecated. Please use `torch.amp.autocast('cuda', args...)` instead.
  with torch.cuda.amp.autocast(enabled=False):
/networkhome/WMGDS/souval_g/neuRAWns_mmdet/mmdetection/mmdet/models/layers/se_layer.py:158: FutureWarning: `torch.cuda.amp.autocast(args...)` is deprecated. Please use `torch.amp.autocast('cuda', args...)` instead.
  with torch.cuda.amp.autocast(enabled=False):
/networkhome/WMGDS/souval_g/neuRAWns_mmdet/mmdetection/mmdet/models/backbones/csp_darknet.py:118: FutureWarning: `torch.cuda.amp.autocast(args...)` is deprecated. Please use `torch.amp.autocast('cuda', args...)` instead.
  with torch.cuda.amp.autocast(enabled=False):
wandb: updating run metadata
wandb: uploading history steps 2271-2271, summary, console lines 3375-3376
wandb: 
wandb: Run history:
wandb:          coco/bbox_mAP ▁▄▃▅▄█▄▅▅▅▄▅▅▃▆▅
wandb:       coco/bbox_mAP_50 ▁▄▃▆▄█▅▄▅▅▄▅▅▄▇▆
wandb:       coco/bbox_mAP_75 ▁▄▃▅▄█▃▄▅▅▄▅▅▃▆▅
wandb:        coco/bbox_mAP_l ▁▃▂▅▃█▃▄▅▄▄▅▄▃▇▄
wandb:        coco/bbox_mAP_m ▁▄▄▆▄█▄▄▅▅▃▅▅▄▆▇
wandb:        coco/bbox_mAP_s ▁▃▆▆▆█▃▃▆▃▁▃▃▃▃▆
wandb: coco/bicycle_precision ▁▁▁▁▁▁█▁▁▁▁▁█▁▁█
wandb:     coco/car_precision ▁▅▃▆▅█▄▄▆▅▃▄▄▃▇▅
wandb:  coco/person_precision █▃▆▆▂▄▁▂▃▃▂▃▃▅▅█
wandb:   coco/train_precision ▅▅▅▁▁▁▅▁▅▁▁▅▅▁▁█
wandb:                    +12 ...
wandb: 
wandb: Run summary:
wandb:          coco/bbox_mAP 0.102
wandb:       coco/bbox_mAP_50 0.169
wandb:       coco/bbox_mAP_75 0.105
wandb:        coco/bbox_mAP_l 0.275
wandb:        coco/bbox_mAP_m 0.171
wandb:        coco/bbox_mAP_s 0.044
wandb: coco/bicycle_precision 0.004
wandb:     coco/car_precision 0.305
wandb:  coco/person_precision 0.089
wandb:   coco/train_precision 0.003
wandb:                    +12 ...
wandb: 
wandb: 🚀 View run exp14 at: https://wandb.ai/georgiasouval-university-of-warwick/neuRAWns-mmdet-ROD-v2/runs/61kq8bw2
wandb: ⭐️ View project at: https://wandb.ai/georgiasouval-university-of-warwick/neuRAWns-mmdet-ROD-v2
wandb: Synced 5 W&B file(s), 0 media file(s), 1 artifact file(s) and 0 other file(s)
wandb: Find logs at: ./work_dirs/exp14/20260530_114432/vis_data/wandb/run-20260530_114434-61kq8bw2/logs
